<?xml version="1.0" encoding="UTF-8"?>
<testsuite name="com.umc_sjs.smallestShelter.SmallestShelterApplicationTests" tests="1" skipped="0" failures="0" errors="0" timestamp="2022-07-02T06:28:56" hostname="GANA-LAPTOP" time="0.485">
  <properties/>
  <testcase name="contextLoads()" classname="com.umc_sjs.smallestShelter.SmallestShelterApplicationTests" time="0.485"/>
  <system-out><![CDATA[15:28:51.708 [Test worker] DEBUG org.springframework.test.context.BootstrapUtils - Instantiating CacheAwareContextLoaderDelegate from class [org.springframework.test.context.cache.DefaultCacheAwareContextLoaderDelegate]
15:28:51.726 [Test worker] DEBUG org.springframework.test.context.BootstrapUtils - Instantiating BootstrapContext using constructor [public org.springframework.test.context.support.DefaultBootstrapContext(java.lang.Class,org.springframework.test.context.CacheAwareContextLoaderDelegate)]
15:28:51.767 [Test worker] DEBUG org.springframework.test.context.BootstrapUtils - Instantiating TestContextBootstrapper for test class [com.umc_sjs.smallestShelter.SmallestShelterApplicationTests] from class [org.springframework.boot.test.context.SpringBootTestContextBootstrapper]
15:28:51.785 [Test worker] INFO org.springframework.boot.test.context.SpringBootTestContextBootstrapper - Neither @ContextConfiguration nor @ContextHierarchy found for test class [com.umc_sjs.smallestShelter.SmallestShelterApplicationTests], using SpringBootContextLoader
15:28:51.789 [Test worker] DEBUG org.springframework.test.context.support.AbstractContextLoader - Did not detect default resource location for test class [com.umc_sjs.smallestShelter.SmallestShelterApplicationTests]: class path resource [com/umc_sjs/smallestShelter/SmallestShelterApplicationTests-context.xml] does not exist
15:28:51.790 [Test worker] DEBUG org.springframework.test.context.support.AbstractContextLoader - Did not detect default resource location for test class [com.umc_sjs.smallestShelter.SmallestShelterApplicationTests]: class path resource [com/umc_sjs/smallestShelter/SmallestShelterApplicationTestsContext.groovy] does not exist
15:28:51.790 [Test worker] INFO org.springframework.test.context.support.AbstractContextLoader - Could not detect default resource locations for test class [com.umc_sjs.smallestShelter.SmallestShelterApplicationTests]: no resource found for suffixes {-context.xml, Context.groovy}.
15:28:51.792 [Test worker] INFO org.springframework.test.context.support.AnnotationConfigContextLoaderUtils - Could not detect default configuration classes for test class [com.umc_sjs.smallestShelter.SmallestShelterApplicationTests]: SmallestShelterApplicationTests does not declare any static, non-private, non-final, nested classes annotated with @Configuration.
15:28:51.847 [Test worker] DEBUG org.springframework.test.context.support.ActiveProfilesUtils - Could not find an 'annotation declaring class' for annotation type [org.springframework.test.context.ActiveProfiles] and class [com.umc_sjs.smallestShelter.SmallestShelterApplicationTests]
15:28:51.921 [Test worker] DEBUG org.springframework.context.annotation.ClassPathScanningCandidateComponentProvider - Identified candidate component class: file [C:\git\smallest_shelter_back\smallestShelter\build\classes\java\main\com\umc_sjs\smallestShelter\SmallestShelterApplication.class]
15:28:51.922 [Test worker] INFO org.springframework.boot.test.context.SpringBootTestContextBootstrapper - Found @SpringBootConfiguration com.umc_sjs.smallestShelter.SmallestShelterApplication for test class com.umc_sjs.smallestShelter.SmallestShelterApplicationTests
15:28:52.067 [Test worker] DEBUG org.springframework.boot.test.context.SpringBootTestContextBootstrapper - @TestExecutionListeners is not present for class [com.umc_sjs.smallestShelter.SmallestShelterApplicationTests]: using defaults.
15:28:52.068 [Test worker] INFO org.springframework.boot.test.context.SpringBootTestContextBootstrapper - Loaded default TestExecutionListener class names from location [META-INF/spring.factories]: [org.springframework.boot.test.autoconfigure.restdocs.RestDocsTestExecutionListener, org.springframework.boot.test.autoconfigure.web.client.MockRestServiceServerResetTestExecutionListener, org.springframework.boot.test.autoconfigure.web.servlet.MockMvcPrintOnlyOnFailureTestExecutionListener, org.springframework.boot.test.autoconfigure.web.servlet.WebDriverTestExecutionListener, org.springframework.boot.test.autoconfigure.webservices.client.MockWebServiceServerTestExecutionListener, org.springframework.boot.test.mock.mockito.MockitoTestExecutionListener, org.springframework.boot.test.mock.mockito.ResetMocksTestExecutionListener, org.springframework.test.context.web.ServletTestExecutionListener, org.springframework.test.context.support.DirtiesContextBeforeModesTestExecutionListener, org.springframework.test.context.event.ApplicationEventsTestExecutionListener, org.springframework.test.context.support.DependencyInjectionTestExecutionListener, org.springframework.test.context.support.DirtiesContextTestExecutionListener, org.springframework.test.context.transaction.TransactionalTestExecutionListener, org.springframework.test.context.jdbc.SqlScriptsTestExecutionListener, org.springframework.test.context.event.EventPublishingTestExecutionListener]
15:28:52.094 [Test worker] INFO org.springframework.boot.test.context.SpringBootTestContextBootstrapper - Using TestExecutionListeners: [org.springframework.test.context.web.ServletTestExecutionListener@1e11bc55, org.springframework.test.context.support.DirtiesContextBeforeModesTestExecutionListener@7544a1e4, org.springframework.test.context.event.ApplicationEventsTestExecutionListener@70e0accd, org.springframework.boot.test.mock.mockito.MockitoTestExecutionListener@7957dc72, org.springframework.boot.test.autoconfigure.SpringBootDependencyInjectionTestExecutionListener@6ab72419, org.springframework.test.context.support.DirtiesContextTestExecutionListener@3aacf32a, org.springframework.test.context.transaction.TransactionalTestExecutionListener@4fdfa676, org.springframework.test.context.jdbc.SqlScriptsTestExecutionListener@82c57b3, org.springframework.test.context.event.EventPublishingTestExecutionListener@5be82d43, org.springframework.boot.test.autoconfigure.restdocs.RestDocsTestExecutionListener@600b0b7, org.springframework.boot.test.autoconfigure.web.client.MockRestServiceServerResetTestExecutionListener@345e5a17, org.springframework.boot.test.autoconfigure.web.servlet.MockMvcPrintOnlyOnFailureTestExecutionListener@5ea502e0, org.springframework.boot.test.autoconfigure.web.servlet.WebDriverTestExecutionListener@443dbe42, org.springframework.boot.test.autoconfigure.webservices.client.MockWebServiceServerTestExecutionListener@473b3b7a, org.springframework.boot.test.mock.mockito.ResetMocksTestExecutionListener@1734f68]
15:28:52.101 [Test worker] DEBUG org.springframework.test.context.support.AbstractDirtiesContextTestExecutionListener - Before test class: context [DefaultTestContext@2a7b6f69 testClass = SmallestShelterApplicationTests, testInstance = [null], testMethod = [null], testException = [null], mergedContextConfiguration = [WebMergedContextConfiguration@20312893 testClass = SmallestShelterApplicationTests, locations = '{}', classes = '{class com.umc_sjs.smallestShelter.SmallestShelterApplication}', contextInitializerClasses = '[]', activeProfiles = '{}', propertySourceLocations = '{}', propertySourceProperties = '{org.springframework.boot.test.context.SpringBootTestContextBootstrapper=true}', contextCustomizers = set[org.springframework.boot.test.autoconfigure.actuate.metrics.MetricsExportContextCustomizerFactory$DisableMetricExportContextCustomizer@45905bff, org.springframework.boot.test.autoconfigure.properties.PropertyMappingContextCustomizer@0, org.springframework.boot.test.autoconfigure.web.servlet.WebDriverContextCustomizerFactory$Customizer@7e22550a, org.springframework.boot.test.context.filter.ExcludeFilterContextCustomizer@5bc9ba1d, org.springframework.boot.test.json.DuplicateJsonObjectContextCustomizerFactory$DuplicateJsonObjectContextCustomizer@488eb7f2, org.springframework.boot.test.mock.mockito.MockitoContextCustomizer@0, org.springframework.boot.test.web.client.TestRestTemplateContextCustomizer@1af146, org.springframework.boot.test.context.SpringBootTestArgs@1, org.springframework.boot.test.context.SpringBootTestWebEnvironment@2eea88a1], resourceBasePath = 'src/main/webapp', contextLoader = 'org.springframework.boot.test.context.SpringBootContextLoader', parent = [null]], attributes = map['org.springframework.test.context.web.ServletTestExecutionListener.activateListener' -> true]], class annotated with @DirtiesContext [false] with mode [null].

  .   ____          _            __ _ _
 /\\ / ___'_ __ _ _(_)_ __  __ _ \ \ \ \
( ( )\___ | '_ | '_| | '_ \/ _` | \ \ \ \
 \\/  ___)| |_)| | | | | || (_| |  ) ) ) )
  '  |____| .__|_| |_|_| |_\__, | / / / /
 =========|_|==============|___/=/_/_/_/
 :: Spring Boot ::                (v2.6.9)

2022-07-02 15:28:52.572  INFO 23040 --- [    Test worker] c.u.s.SmallestShelterApplicationTests    : Starting SmallestShelterApplicationTests using Java 11.0.15 on GANA-LAPTOP with PID 23040 (started by Choi ga na in C:\git\smallest_shelter_back\smallestShelter)
2022-07-02 15:28:52.574  INFO 23040 --- [    Test worker] c.u.s.SmallestShelterApplicationTests    : No active profile set, falling back to 1 default profile: "default"
2022-07-02 15:28:53.391  INFO 23040 --- [    Test worker] .s.d.r.c.RepositoryConfigurationDelegate : Bootstrapping Spring Data JDBC repositories in DEFAULT mode.
2022-07-02 15:28:53.411  INFO 23040 --- [    Test worker] .s.d.r.c.RepositoryConfigurationDelegate : Finished Spring Data repository scanning in 14 ms. Found 0 JDBC repository interfaces.
빌드 성공
2022-07-02 15:28:54.988  INFO 23040 --- [    Test worker] com.zaxxer.hikari.HikariDataSource       : HikariPool-1 - Starting...
2022-07-02 15:28:55.781  INFO 23040 --- [    Test worker] com.zaxxer.hikari.HikariDataSource       : HikariPool-1 - Start completed.
2022-07-02 15:28:56.142  INFO 23040 --- [    Test worker] c.u.s.SmallestShelterApplicationTests    : Started SmallestShelterApplicationTests in 3.987 seconds (JVM running for 7.26)
]]></system-out>
  <system-err><![CDATA[]]></system-err>
</testsuite>
