<?xml version="1.0" encoding="UTF-8"?>
<testsuite name="com.umc_sjs.smallestShelter.SmallestShelterApplicationTests" tests="1" skipped="0" failures="0" errors="0" timestamp="2022-07-02T09:57:31" hostname="GANA-LAPTOP" time="0.642">
  <properties/>
  <testcase name="contextLoads()" classname="com.umc_sjs.smallestShelter.SmallestShelterApplicationTests" time="0.642"/>
  <system-out><![CDATA[18:57:26.953 [Test worker] DEBUG org.springframework.test.context.BootstrapUtils - Instantiating CacheAwareContextLoaderDelegate from class [org.springframework.test.context.cache.DefaultCacheAwareContextLoaderDelegate]
18:57:26.966 [Test worker] DEBUG org.springframework.test.context.BootstrapUtils - Instantiating BootstrapContext using constructor [public org.springframework.test.context.support.DefaultBootstrapContext(java.lang.Class,org.springframework.test.context.CacheAwareContextLoaderDelegate)]
18:57:27.014 [Test worker] DEBUG org.springframework.test.context.BootstrapUtils - Instantiating TestContextBootstrapper for test class [com.umc_sjs.smallestShelter.SmallestShelterApplicationTests] from class [org.springframework.boot.test.context.SpringBootTestContextBootstrapper]
18:57:27.034 [Test worker] INFO org.springframework.boot.test.context.SpringBootTestContextBootstrapper - Neither @ContextConfiguration nor @ContextHierarchy found for test class [com.umc_sjs.smallestShelter.SmallestShelterApplicationTests], using SpringBootContextLoader
18:57:27.040 [Test worker] DEBUG org.springframework.test.context.support.AbstractContextLoader - Did not detect default resource location for test class [com.umc_sjs.smallestShelter.SmallestShelterApplicationTests]: class path resource [com/umc_sjs/smallestShelter/SmallestShelterApplicationTests-context.xml] does not exist
18:57:27.042 [Test worker] DEBUG org.springframework.test.context.support.AbstractContextLoader - Did not detect default resource location for test class [com.umc_sjs.smallestShelter.SmallestShelterApplicationTests]: class path resource [com/umc_sjs/smallestShelter/SmallestShelterApplicationTestsContext.groovy] does not exist
18:57:27.043 [Test worker] INFO org.springframework.test.context.support.AbstractContextLoader - Could not detect default resource locations for test class [com.umc_sjs.smallestShelter.SmallestShelterApplicationTests]: no resource found for suffixes {-context.xml, Context.groovy}.
18:57:27.043 [Test worker] INFO org.springframework.test.context.support.AnnotationConfigContextLoaderUtils - Could not detect default configuration classes for test class [com.umc_sjs.smallestShelter.SmallestShelterApplicationTests]: SmallestShelterApplicationTests does not declare any static, non-private, non-final, nested classes annotated with @Configuration.
18:57:27.102 [Test worker] DEBUG org.springframework.test.context.support.ActiveProfilesUtils - Could not find an 'annotation declaring class' for annotation type [org.springframework.test.context.ActiveProfiles] and class [com.umc_sjs.smallestShelter.SmallestShelterApplicationTests]
18:57:27.190 [Test worker] DEBUG org.springframework.context.annotation.ClassPathScanningCandidateComponentProvider - Identified candidate component class: file [C:\git\smallest_shelter_back\smallestShelter\build\classes\java\main\com\umc_sjs\smallestShelter\SmallestShelterApplication.class]
18:57:27.193 [Test worker] INFO org.springframework.boot.test.context.SpringBootTestContextBootstrapper - Found @SpringBootConfiguration com.umc_sjs.smallestShelter.SmallestShelterApplication for test class com.umc_sjs.smallestShelter.SmallestShelterApplicationTests
18:57:27.332 [Test worker] DEBUG org.springframework.boot.test.context.SpringBootTestContextBootstrapper - @TestExecutionListeners is not present for class [com.umc_sjs.smallestShelter.SmallestShelterApplicationTests]: using defaults.
18:57:27.333 [Test worker] INFO org.springframework.boot.test.context.SpringBootTestContextBootstrapper - Loaded default TestExecutionListener class names from location [META-INF/spring.factories]: [org.springframework.boot.test.autoconfigure.restdocs.RestDocsTestExecutionListener, org.springframework.boot.test.autoconfigure.web.client.MockRestServiceServerResetTestExecutionListener, org.springframework.boot.test.autoconfigure.web.servlet.MockMvcPrintOnlyOnFailureTestExecutionListener, org.springframework.boot.test.autoconfigure.web.servlet.WebDriverTestExecutionListener, org.springframework.boot.test.autoconfigure.webservices.client.MockWebServiceServerTestExecutionListener, org.springframework.boot.test.mock.mockito.MockitoTestExecutionListener, org.springframework.boot.test.mock.mockito.ResetMocksTestExecutionListener, org.springframework.test.context.web.ServletTestExecutionListener, org.springframework.test.context.support.DirtiesContextBeforeModesTestExecutionListener, org.springframework.test.context.event.ApplicationEventsTestExecutionListener, org.springframework.test.context.support.DependencyInjectionTestExecutionListener, org.springframework.test.context.support.DirtiesContextTestExecutionListener, org.springframework.test.context.transaction.TransactionalTestExecutionListener, org.springframework.test.context.jdbc.SqlScriptsTestExecutionListener, org.springframework.test.context.event.EventPublishingTestExecutionListener]
18:57:27.354 [Test worker] INFO org.springframework.boot.test.context.SpringBootTestContextBootstrapper - Using TestExecutionListeners: [org.springframework.test.context.web.ServletTestExecutionListener@6ab72419, org.springframework.test.context.support.DirtiesContextBeforeModesTestExecutionListener@3aacf32a, org.springframework.test.context.event.ApplicationEventsTestExecutionListener@4fdfa676, org.springframework.boot.test.mock.mockito.MockitoTestExecutionListener@82c57b3, org.springframework.boot.test.autoconfigure.SpringBootDependencyInjectionTestExecutionListener@5be82d43, org.springframework.test.context.support.DirtiesContextTestExecutionListener@600b0b7, org.springframework.test.context.transaction.TransactionalTestExecutionListener@345e5a17, org.springframework.test.context.jdbc.SqlScriptsTestExecutionListener@5ea502e0, org.springframework.test.context.event.EventPublishingTestExecutionListener@443dbe42, org.springframework.boot.test.autoconfigure.restdocs.RestDocsTestExecutionListener@473b3b7a, org.springframework.boot.test.autoconfigure.web.client.MockRestServiceServerResetTestExecutionListener@1734f68, org.springframework.boot.test.autoconfigure.web.servlet.MockMvcPrintOnlyOnFailureTestExecutionListener@77b7ffa4, org.springframework.boot.test.autoconfigure.web.servlet.WebDriverTestExecutionListener@5ed190be, org.springframework.boot.test.autoconfigure.webservices.client.MockWebServiceServerTestExecutionListener@402f80f5, org.springframework.boot.test.mock.mockito.ResetMocksTestExecutionListener@5bbc9f97]
18:57:27.366 [Test worker] DEBUG org.springframework.test.context.support.AbstractDirtiesContextTestExecutionListener - Before test class: context [DefaultTestContext@7db0565c testClass = SmallestShelterApplicationTests, testInstance = [null], testMethod = [null], testException = [null], mergedContextConfiguration = [WebMergedContextConfiguration@54ec8cc9 testClass = SmallestShelterApplicationTests, locations = '{}', classes = '{class com.umc_sjs.smallestShelter.SmallestShelterApplication}', contextInitializerClasses = '[]', activeProfiles = '{}', propertySourceLocations = '{}', propertySourceProperties = '{org.springframework.boot.test.context.SpringBootTestContextBootstrapper=true}', contextCustomizers = set[org.springframework.boot.test.autoconfigure.actuate.metrics.MetricsExportContextCustomizerFactory$DisableMetricExportContextCustomizer@2ccca26f, org.springframework.boot.test.autoconfigure.properties.PropertyMappingContextCustomizer@0, org.springframework.boot.test.autoconfigure.web.servlet.WebDriverContextCustomizerFactory$Customizer@5a7005d, org.springframework.boot.test.context.filter.ExcludeFilterContextCustomizer@5e81e5ac, org.springframework.boot.test.json.DuplicateJsonObjectContextCustomizerFactory$DuplicateJsonObjectContextCustomizer@3e7634b9, org.springframework.boot.test.mock.mockito.MockitoContextCustomizer@0, org.springframework.boot.test.web.client.TestRestTemplateContextCustomizer@72758afa, org.springframework.boot.test.context.SpringBootTestArgs@1, org.springframework.boot.test.context.SpringBootTestWebEnvironment@78fa769e], resourceBasePath = 'src/main/webapp', contextLoader = 'org.springframework.boot.test.context.SpringBootContextLoader', parent = [null]], attributes = map['org.springframework.test.context.web.ServletTestExecutionListener.activateListener' -> true]], class annotated with @DirtiesContext [false] with mode [null].

  .   ____          _            __ _ _
 /\\ / ___'_ __ _ _(_)_ __  __ _ \ \ \ \
( ( )\___ | '_ | '_| | '_ \/ _` | \ \ \ \
 \\/  ___)| |_)| | | | | || (_| |  ) ) ) )
  '  |____| .__|_| |_|_| |_\__, | / / / /
 =========|_|==============|___/=/_/_/_/
 :: Spring Boot ::                (v2.6.9)

2022-07-02 18:57:27.856  INFO 28484 --- [    Test worker] c.u.s.SmallestShelterApplicationTests    : Starting SmallestShelterApplicationTests using Java 11.0.15 on GANA-LAPTOP with PID 28484 (started by Choi ga na in C:\git\smallest_shelter_back\smallestShelter)
2022-07-02 18:57:27.858  INFO 28484 --- [    Test worker] c.u.s.SmallestShelterApplicationTests    : No active profile set, falling back to 1 default profile: "default"
2022-07-02 18:57:28.809  INFO 28484 --- [    Test worker] .s.d.r.c.RepositoryConfigurationDelegate : Bootstrapping Spring Data JDBC repositories in DEFAULT mode.
2022-07-02 18:57:28.832  INFO 28484 --- [    Test worker] .s.d.r.c.RepositoryConfigurationDelegate : Finished Spring Data repository scanning in 17 ms. Found 0 JDBC repository interfaces.
빌드 성공
최종 경로: C:\git\smallest_shelter_back\imgSJS\
2022-07-02 18:57:30.599  INFO 28484 --- [    Test worker] com.zaxxer.hikari.HikariDataSource       : HikariPool-1 - Starting...
2022-07-02 18:57:31.255  INFO 28484 --- [    Test worker] com.zaxxer.hikari.HikariDataSource       : HikariPool-1 - Start completed.
2022-07-02 18:57:31.496  INFO 28484 --- [    Test worker] c.u.s.SmallestShelterApplicationTests    : Started SmallestShelterApplicationTests in 4.081 seconds (JVM running for 6.919)
]]></system-out>
  <system-err><![CDATA[]]></system-err>
</testsuite>
