<?xml version="1.0" encoding="UTF-8"?>
<testsuite name="j2kb.ponicon.scrap.category.CategoryServiceTest" tests="2" skipped="0" failures="0" errors="0" timestamp="2022-10-04T21:10:43" hostname="GANA-LAPTOP" time="0.401">
  <properties/>
  <testcase name="categorySave기능이 제대로 동작하는지 확인" classname="j2kb.ponicon.scrap.category.CategoryServiceTest" time="0.392"/>
  <testcase name="categories 기능 테스트" classname="j2kb.ponicon.scrap.category.CategoryServiceTest" time="0.008"/>
  <system-out><![CDATA[]]></system-out>
  <system-err><![CDATA[]]></system-err>
</testsuite>
