<?xml version="1.0" encoding="UTF-8"?>
<testsuite name="j2kb.ponicon.scrap.ScrapApplicationTests" tests="1" skipped="0" failures="0" errors="0" timestamp="2022-10-06T07:06:36" hostname="GANA-LAPTOP" time="0.253">
  <properties/>
  <testcase name="contextLoads()" classname="j2kb.ponicon.scrap.ScrapApplicationTests" time="0.253"/>
  <system-out><![CDATA[16:06:22.268 [Test worker] DEBUG org.springframework.test.context.BootstrapUtils - Instantiating CacheAwareContextLoaderDelegate from class [org.springframework.test.context.cache.DefaultCacheAwareContextLoaderDelegate]
16:06:22.283 [Test worker] DEBUG org.springframework.test.context.BootstrapUtils - Instantiating BootstrapContext using constructor [public org.springframework.test.context.support.DefaultBootstrapContext(java.lang.Class,org.springframework.test.context.CacheAwareContextLoaderDelegate)]
16:06:22.362 [Test worker] DEBUG org.springframework.test.context.BootstrapUtils - Instantiating TestContextBootstrapper for test class [j2kb.ponicon.scrap.ScrapApplicationTests] from class [org.springframework.boot.test.context.SpringBootTestContextBootstrapper]
16:06:22.378 [Test worker] INFO org.springframework.boot.test.context.SpringBootTestContextBootstrapper - Neither @ContextConfiguration nor @ContextHierarchy found for test class [j2kb.ponicon.scrap.ScrapApplicationTests], using SpringBootContextLoader
16:06:22.393 [Test worker] DEBUG org.springframework.test.context.support.AbstractContextLoader - Did not detect default resource location for test class [j2kb.ponicon.scrap.ScrapApplicationTests]: class path resource [j2kb/ponicon/scrap/ScrapApplicationTests-context.xml] does not exist
16:06:22.393 [Test worker] DEBUG org.springframework.test.context.support.AbstractContextLoader - Did not detect default resource location for test class [j2kb.ponicon.scrap.ScrapApplicationTests]: class path resource [j2kb/ponicon/scrap/ScrapApplicationTestsContext.groovy] does not exist
16:06:22.393 [Test worker] INFO org.springframework.test.context.support.AbstractContextLoader - Could not detect default resource locations for test class [j2kb.ponicon.scrap.ScrapApplicationTests]: no resource found for suffixes {-context.xml, Context.groovy}.
16:06:22.393 [Test worker] INFO org.springframework.test.context.support.AnnotationConfigContextLoaderUtils - Could not detect default configuration classes for test class [j2kb.ponicon.scrap.ScrapApplicationTests]: ScrapApplicationTests does not declare any static, non-private, non-final, nested classes annotated with @Configuration.
16:06:22.492 [Test worker] DEBUG org.springframework.test.context.support.ActiveProfilesUtils - Could not find an 'annotation declaring class' for annotation type [org.springframework.test.context.ActiveProfiles] and class [j2kb.ponicon.scrap.ScrapApplicationTests]
16:06:22.613 [Test worker] DEBUG org.springframework.context.annotation.ClassPathScanningCandidateComponentProvider - Identified candidate component class: file [C:\git\scrap-server_J2KB\build\classes\java\main\j2kb\ponicon\scrap\ScrapApplication.class]
16:06:22.644 [Test worker] INFO org.springframework.boot.test.context.SpringBootTestContextBootstrapper - Found @SpringBootConfiguration j2kb.ponicon.scrap.ScrapApplication for test class j2kb.ponicon.scrap.ScrapApplicationTests
16:06:22.863 [Test worker] DEBUG org.springframework.boot.test.context.SpringBootTestContextBootstrapper - @TestExecutionListeners is not present for class [j2kb.ponicon.scrap.ScrapApplicationTests]: using defaults.
16:06:22.863 [Test worker] INFO org.springframework.boot.test.context.SpringBootTestContextBootstrapper - Loaded default TestExecutionListener class names from location [META-INF/spring.factories]: [org.springframework.boot.test.autoconfigure.restdocs.RestDocsTestExecutionListener, org.springframework.boot.test.autoconfigure.web.client.MockRestServiceServerResetTestExecutionListener, org.springframework.boot.test.autoconfigure.web.servlet.MockMvcPrintOnlyOnFailureTestExecutionListener, org.springframework.boot.test.autoconfigure.web.servlet.WebDriverTestExecutionListener, org.springframework.boot.test.autoconfigure.webservices.client.MockWebServiceServerTestExecutionListener, org.springframework.boot.test.mock.mockito.MockitoTestExecutionListener, org.springframework.boot.test.mock.mockito.ResetMocksTestExecutionListener, org.springframework.test.context.web.ServletTestExecutionListener, org.springframework.test.context.support.DirtiesContextBeforeModesTestExecutionListener, org.springframework.test.context.event.ApplicationEventsTestExecutionListener, org.springframework.test.context.support.DependencyInjectionTestExecutionListener, org.springframework.test.context.support.DirtiesContextTestExecutionListener, org.springframework.test.context.transaction.TransactionalTestExecutionListener, org.springframework.test.context.jdbc.SqlScriptsTestExecutionListener, org.springframework.test.context.event.EventPublishingTestExecutionListener]
16:06:22.910 [Test worker] INFO org.springframework.boot.test.context.SpringBootTestContextBootstrapper - Using TestExecutionListeners: [org.springframework.test.context.web.ServletTestExecutionListener@79f227a9, org.springframework.test.context.support.DirtiesContextBeforeModesTestExecutionListener@6ca320ab, org.springframework.test.context.event.ApplicationEventsTestExecutionListener@50d68830, org.springframework.boot.test.mock.mockito.MockitoTestExecutionListener@1e53135d, org.springframework.boot.test.autoconfigure.SpringBootDependencyInjectionTestExecutionListener@7674a051, org.springframework.test.context.support.DirtiesContextTestExecutionListener@3a7704c, org.springframework.test.context.transaction.TransactionalTestExecutionListener@6754ef00, org.springframework.test.context.jdbc.SqlScriptsTestExecutionListener@619bd14c, org.springframework.test.context.event.EventPublishingTestExecutionListener@323e8306, org.springframework.boot.test.autoconfigure.restdocs.RestDocsTestExecutionListener@a23a01d, org.springframework.boot.test.autoconfigure.web.client.MockRestServiceServerResetTestExecutionListener@4acf72b6, org.springframework.boot.test.autoconfigure.web.servlet.MockMvcPrintOnlyOnFailureTestExecutionListener@7561db12, org.springframework.boot.test.autoconfigure.web.servlet.WebDriverTestExecutionListener@3301500b, org.springframework.boot.test.autoconfigure.webservices.client.MockWebServiceServerTestExecutionListener@24b52d3e, org.springframework.boot.test.mock.mockito.ResetMocksTestExecutionListener@15deb1dc]
16:06:22.910 [Test worker] DEBUG org.springframework.test.context.support.AbstractDirtiesContextTestExecutionListener - Before test class: context [DefaultTestContext@54a3ab8f testClass = ScrapApplicationTests, testInstance = [null], testMethod = [null], testException = [null], mergedContextConfiguration = [WebMergedContextConfiguration@1968a49c testClass = ScrapApplicationTests, locations = '{}', classes = '{class j2kb.ponicon.scrap.ScrapApplication}', contextInitializerClasses = '[]', activeProfiles = '{}', propertySourceLocations = '{}', propertySourceProperties = '{org.springframework.boot.test.context.SpringBootTestContextBootstrapper=true}', contextCustomizers = set[org.springframework.boot.test.autoconfigure.actuate.metrics.MetricsExportContextCustomizerFactory$DisableMetricExportContextCustomizer@67ab1c47, org.springframework.boot.test.autoconfigure.properties.PropertyMappingContextCustomizer@0, org.springframework.boot.test.autoconfigure.web.servlet.WebDriverContextCustomizerFactory$Customizer@60d1a32f, org.springframework.boot.test.context.filter.ExcludeFilterContextCustomizer@40c80397, org.springframework.boot.test.json.DuplicateJsonObjectContextCustomizerFactory$DuplicateJsonObjectContextCustomizer@7c2b6087, org.springframework.boot.test.mock.mockito.MockitoContextCustomizer@0, org.springframework.boot.test.web.client.TestRestTemplateContextCustomizer@1080b026, org.springframework.boot.test.context.SpringBootTestArgs@1, org.springframework.boot.test.context.SpringBootTestWebEnvironment@24c22fe], resourceBasePath = 'src/main/webapp', contextLoader = 'org.springframework.boot.test.context.SpringBootContextLoader', parent = [null]], attributes = map['org.springframework.test.context.web.ServletTestExecutionListener.activateListener' -> true]], class annotated with @DirtiesContext [false] with mode [null].

  .   ____          _            __ _ _
 /\\ / ___'_ __ _ _(_)_ __  __ _ \ \ \ \
( ( )\___ | '_ | '_| | '_ \/ _` | \ \ \ \
 \\/  ___)| |_)| | | | | || (_| |  ) ) ) )
  '  |____| .__|_| |_|_| |_\__, | / / / /
 =========|_|==============|___/=/_/_/_/
 :: Spring Boot ::                (v2.7.3)

2022-10-06 16:06:23.755  INFO 7956 --- [    Test worker] j.ponicon.scrap.ScrapApplicationTests    : Starting ScrapApplicationTests using Java 11.0.15 on GANA-LAPTOP with PID 7956 (started by Choi ga na in C:\git\scrap-server_J2KB)
2022-10-06 16:06:23.755  INFO 7956 --- [    Test worker] j.ponicon.scrap.ScrapApplicationTests    : The following 1 profile is active: "prod"
2022-10-06 16:06:26.047  INFO 7956 --- [    Test worker] .s.d.r.c.RepositoryConfigurationDelegate : Bootstrapping Spring Data JPA repositories in DEFAULT mode.
2022-10-06 16:06:26.297  INFO 7956 --- [    Test worker] .s.d.r.c.RepositoryConfigurationDelegate : Finished Spring Data repository scanning in 237 ms. Found 4 JPA repository interfaces.
2022-10-06 16:06:27.580  INFO 7956 --- [    Test worker] o.hibernate.jpa.internal.util.LogHelper  : HHH000204: Processing PersistenceUnitInfo [name: default]
2022-10-06 16:06:27.737  INFO 7956 --- [    Test worker] org.hibernate.Version                    : HHH000412: Hibernate ORM core version 5.6.10.Final
2022-10-06 16:06:28.174  INFO 7956 --- [    Test worker] o.hibernate.annotations.common.Version   : HCANN000001: Hibernate Commons Annotations {5.1.2.Final}
2022-10-06 16:06:28.472  INFO 7956 --- [    Test worker] com.zaxxer.hikari.HikariDataSource       : HikariPool-1 - Starting...
2022-10-06 16:06:29.378  INFO 7956 --- [    Test worker] com.zaxxer.hikari.HikariDataSource       : HikariPool-1 - Start completed.
2022-10-06 16:06:29.519  INFO 7956 --- [    Test worker] org.hibernate.dialect.Dialect            : HHH000400: Using dialect: org.hibernate.dialect.MySQL8Dialect
2022-10-06 16:06:31.482  INFO 7956 --- [    Test worker] o.h.e.t.j.p.i.JtaPlatformInitiator       : HHH000490: Using JtaPlatform implementation: [org.hibernate.engine.transaction.jta.platform.internal.NoJtaPlatform]
2022-10-06 16:06:31.497  INFO 7956 --- [    Test worker] j.LocalContainerEntityManagerFactoryBean : Initialized JPA EntityManagerFactory for persistence unit 'default'
2022-10-06 16:06:33.295  WARN 7956 --- [    Test worker] JpaBaseConfiguration$JpaWebConfiguration : spring.jpa.open-in-view is enabled by default. Therefore, database queries may be performed during view rendering. Explicitly configure spring.jpa.open-in-view to disable this warning
2022-10-06 16:06:34.025  INFO 7956 --- [    Test worker] pertySourcedRequestMappingHandlerMapping : Mapped URL path [/v2/api-docs] onto method [springfox.documentation.swagger2.web.Swagger2Controller#getDocumentation(String, HttpServletRequest)]
2022-10-06 16:06:35.549  INFO 7956 --- [    Test worker] d.s.w.p.DocumentationPluginsBootstrapper : Context refreshed
2022-10-06 16:06:35.612  INFO 7956 --- [    Test worker] d.s.w.p.DocumentationPluginsBootstrapper : Found 1 custom documentation plugin(s)
2022-10-06 16:06:35.706  INFO 7956 --- [    Test worker] s.d.s.w.s.ApiListingReferenceScanner     : Scanning for api listing references
2022-10-06 16:06:36.157  INFO 7956 --- [    Test worker] j.ponicon.scrap.ScrapApplicationTests    : Started ScrapApplicationTests in 13.159 seconds (JVM running for 18.23)
]]></system-out>
  <system-err><![CDATA[]]></system-err>
</testsuite>
