<?xml version="1.0" encoding="UTF-8"?>
<testsuite name="j2kb.ponicon.scrap.utils.RegexServiceTest" tests="3" skipped="0" failures="0" errors="0" timestamp="2022-09-29T12:25:58" hostname="GANA-LAPTOP" time="0.024">
  <properties/>
  <testcase name="정규표현식 이름" classname="j2kb.ponicon.scrap.utils.RegexServiceTest" time="0.01"/>
  <testcase name="정규표현식 아이디" classname="j2kb.ponicon.scrap.utils.RegexServiceTest" time="0.005"/>
  <testcase name="정규표현식 비번" classname="j2kb.ponicon.scrap.utils.RegexServiceTest" time="0.005"/>
  <system-out><![CDATA[result = true
result = true
result = true
result = false
result = true
result = true
result = false
result = false
result = true
result = true
result = false
result = false
result = true
result = true
result = true
]]></system-out>
  <system-err><![CDATA[]]></system-err>
</testsuite>
