<?xml version="1.0" encoding="UTF-8"?>
<testsuite name="j2kb.ponicon.scrap.mypage.MyPageServiceTest" tests="1" skipped="0" failures="0" errors="0" timestamp="2023-03-18T16:52:11" hostname="GANA-LAPTOP" time="0.031">
  <properties/>
  <testcase name="userInfo()" classname="j2kb.ponicon.scrap.mypage.MyPageServiceTest" time="0.031"/>
  <system-out><![CDATA[01:52:11.391 [Test worker] DEBUG org.springframework.test.util.ReflectionTestUtils - Setting field 'id' of type [null] on target object [j2kb.ponicon.scrap.domain.User@1e58512c] or target class [class j2kb.ponicon.scrap.domain.User] to value [1]
]]></system-out>
  <system-err><![CDATA[]]></system-err>
</testsuite>
