<?xml version="1.0" encoding="UTF-8"?>
<testsuite name="j2kb.ponicon.scrap.data.LinkServiceTest" tests="2" skipped="0" failures="0" errors="0" timestamp="2022-10-04T21:10:43" hostname="GANA-LAPTOP" time="0.717">
  <properties/>
  <testcase name="links()" classname="j2kb.ponicon.scrap.data.LinkServiceTest" time="0.005"/>
  <testcase name="linkSave기능이 제대로 동작하는지 확인" classname="j2kb.ponicon.scrap.data.LinkServiceTest" time="0.712"/>
  <system-out><![CDATA[2022-10-05 06:10:44.541  INFO 22312 --- [    Test worker] j2kb.ponicon.scrap.data.LinkServiceImpl  : page=j2kb.ponicon.scrap.data.lib.OpenGraph@8551ee6
2022-10-05 06:10:44.541  INFO 22312 --- [    Test worker] j2kb.ponicon.scrap.data.LinkServiceImpl  : propertyName=title
2022-10-05 06:10:44.541  INFO 22312 --- [    Test worker] j2kb.ponicon.scrap.data.LinkServiceImpl  : page=j2kb.ponicon.scrap.data.lib.OpenGraph@8551ee6
2022-10-05 06:10:44.541  INFO 22312 --- [    Test worker] j2kb.ponicon.scrap.data.LinkServiceImpl  : propertyName=image
2022-10-05 06:10:44.542  INFO 22312 --- [    Test worker] j2kb.ponicon.scrap.data.LinkServiceImpl  : page=j2kb.ponicon.scrap.data.lib.OpenGraph@8551ee6
2022-10-05 06:10:44.542  INFO 22312 --- [    Test worker] j2kb.ponicon.scrap.data.LinkServiceImpl  : propertyName=url
2022-10-05 06:10:44.542  INFO 22312 --- [    Test worker] j2kb.ponicon.scrap.data.LinkServiceImpl  : page=j2kb.ponicon.scrap.data.lib.OpenGraph@8551ee6
2022-10-05 06:10:44.542  INFO 22312 --- [    Test worker] j2kb.ponicon.scrap.data.LinkServiceImpl  : propertyName=url
2022-10-05 06:10:44.542  INFO 22312 --- [    Test worker] j2kb.ponicon.scrap.data.LinkServiceImpl  : j2kb.ponicon.scrap.data.dto.PostDataSaveReq@11b26693
]]></system-out>
  <system-err><![CDATA[]]></system-err>
</testsuite>
