<?xml version="1.0" encoding="UTF-8"?>
<testsuite name="j2kb.ponicon.scrap.ScrapApplicationTests" tests="1" skipped="0" failures="0" errors="0" timestamp="2022-09-15T10:21:50" hostname="GANA-LAPTOP" time="0.126">
  <properties/>
  <testcase name="contextLoads()" classname="j2kb.ponicon.scrap.ScrapApplicationTests" time="0.126"/>
  <system-out><![CDATA[19:21:38.641 [Test worker] DEBUG org.springframework.test.context.BootstrapUtils - Instantiating CacheAwareContextLoaderDelegate from class [org.springframework.test.context.cache.DefaultCacheAwareContextLoaderDelegate]
19:21:38.666 [Test worker] DEBUG org.springframework.test.context.BootstrapUtils - Instantiating BootstrapContext using constructor [public org.springframework.test.context.support.DefaultBootstrapContext(java.lang.Class,org.springframework.test.context.CacheAwareContextLoaderDelegate)]
19:21:38.717 [Test worker] DEBUG org.springframework.test.context.BootstrapUtils - Instantiating TestContextBootstrapper for test class [j2kb.ponicon.scrap.ScrapApplicationTests] from class [org.springframework.boot.test.context.SpringBootTestContextBootstrapper]
19:21:38.730 [Test worker] INFO org.springframework.boot.test.context.SpringBootTestContextBootstrapper - Neither @ContextConfiguration nor @ContextHierarchy found for test class [j2kb.ponicon.scrap.ScrapApplicationTests], using SpringBootContextLoader
19:21:38.740 [Test worker] DEBUG org.springframework.test.context.support.AbstractContextLoader - Did not detect default resource location for test class [j2kb.ponicon.scrap.ScrapApplicationTests]: class path resource [j2kb/ponicon/scrap/ScrapApplicationTests-context.xml] does not exist
19:21:38.742 [Test worker] DEBUG org.springframework.test.context.support.AbstractContextLoader - Did not detect default resource location for test class [j2kb.ponicon.scrap.ScrapApplicationTests]: class path resource [j2kb/ponicon/scrap/ScrapApplicationTestsContext.groovy] does not exist
19:21:38.742 [Test worker] INFO org.springframework.test.context.support.AbstractContextLoader - Could not detect default resource locations for test class [j2kb.ponicon.scrap.ScrapApplicationTests]: no resource found for suffixes {-context.xml, Context.groovy}.
19:21:38.742 [Test worker] INFO org.springframework.test.context.support.AnnotationConfigContextLoaderUtils - Could not detect default configuration classes for test class [j2kb.ponicon.scrap.ScrapApplicationTests]: ScrapApplicationTests does not declare any static, non-private, non-final, nested classes annotated with @Configuration.
19:21:38.792 [Test worker] DEBUG org.springframework.test.context.support.ActiveProfilesUtils - Could not find an 'annotation declaring class' for annotation type [org.springframework.test.context.ActiveProfiles] and class [j2kb.ponicon.scrap.ScrapApplicationTests]
19:21:38.862 [Test worker] DEBUG org.springframework.context.annotation.ClassPathScanningCandidateComponentProvider - Identified candidate component class: file [C:\git\scrap-server_J2KB\build\classes\java\main\j2kb\ponicon\scrap\ScrapApplication.class]
19:21:38.938 [Test worker] INFO org.springframework.boot.test.context.SpringBootTestContextBootstrapper - Found @SpringBootConfiguration j2kb.ponicon.scrap.ScrapApplication for test class j2kb.ponicon.scrap.ScrapApplicationTests
19:21:39.082 [Test worker] DEBUG org.springframework.boot.test.context.SpringBootTestContextBootstrapper - @TestExecutionListeners is not present for class [j2kb.ponicon.scrap.ScrapApplicationTests]: using defaults.
19:21:39.085 [Test worker] INFO org.springframework.boot.test.context.SpringBootTestContextBootstrapper - Loaded default TestExecutionListener class names from location [META-INF/spring.factories]: [org.springframework.boot.test.autoconfigure.restdocs.RestDocsTestExecutionListener, org.springframework.boot.test.autoconfigure.web.client.MockRestServiceServerResetTestExecutionListener, org.springframework.boot.test.autoconfigure.web.servlet.MockMvcPrintOnlyOnFailureTestExecutionListener, org.springframework.boot.test.autoconfigure.web.servlet.WebDriverTestExecutionListener, org.springframework.boot.test.autoconfigure.webservices.client.MockWebServiceServerTestExecutionListener, org.springframework.boot.test.mock.mockito.MockitoTestExecutionListener, org.springframework.boot.test.mock.mockito.ResetMocksTestExecutionListener, org.springframework.test.context.web.ServletTestExecutionListener, org.springframework.test.context.support.DirtiesContextBeforeModesTestExecutionListener, org.springframework.test.context.event.ApplicationEventsTestExecutionListener, org.springframework.test.context.support.DependencyInjectionTestExecutionListener, org.springframework.test.context.support.DirtiesContextTestExecutionListener, org.springframework.test.context.transaction.TransactionalTestExecutionListener, org.springframework.test.context.jdbc.SqlScriptsTestExecutionListener, org.springframework.test.context.event.EventPublishingTestExecutionListener]
19:21:39.114 [Test worker] INFO org.springframework.boot.test.context.SpringBootTestContextBootstrapper - Using TestExecutionListeners: [org.springframework.test.context.web.ServletTestExecutionListener@1bc53649, org.springframework.test.context.support.DirtiesContextBeforeModesTestExecutionListener@88d6f9b, org.springframework.test.context.event.ApplicationEventsTestExecutionListener@47d93e0d, org.springframework.boot.test.mock.mockito.MockitoTestExecutionListener@475b7792, org.springframework.boot.test.autoconfigure.SpringBootDependencyInjectionTestExecutionListener@751e664e, org.springframework.test.context.support.DirtiesContextTestExecutionListener@160c3ec1, org.springframework.test.context.transaction.TransactionalTestExecutionListener@182b435b, org.springframework.test.context.jdbc.SqlScriptsTestExecutionListener@4d0402b, org.springframework.test.context.event.EventPublishingTestExecutionListener@2fa7ae9, org.springframework.boot.test.autoconfigure.restdocs.RestDocsTestExecutionListener@7577b641, org.springframework.boot.test.autoconfigure.web.client.MockRestServiceServerResetTestExecutionListener@3704122f, org.springframework.boot.test.autoconfigure.web.servlet.MockMvcPrintOnlyOnFailureTestExecutionListener@3153ddfc, org.springframework.boot.test.autoconfigure.web.servlet.WebDriverTestExecutionListener@60afd40d, org.springframework.boot.test.autoconfigure.webservices.client.MockWebServiceServerTestExecutionListener@28a2a3e7, org.springframework.boot.test.mock.mockito.ResetMocksTestExecutionListener@3f2049b6]
19:21:39.122 [Test worker] DEBUG org.springframework.test.context.support.AbstractDirtiesContextTestExecutionListener - Before test class: context [DefaultTestContext@18e8473e testClass = ScrapApplicationTests, testInstance = [null], testMethod = [null], testException = [null], mergedContextConfiguration = [WebMergedContextConfiguration@5a2f016d testClass = ScrapApplicationTests, locations = '{}', classes = '{class j2kb.ponicon.scrap.ScrapApplication}', contextInitializerClasses = '[]', activeProfiles = '{}', propertySourceLocations = '{}', propertySourceProperties = '{org.springframework.boot.test.context.SpringBootTestContextBootstrapper=true}', contextCustomizers = set[org.springframework.boot.test.autoconfigure.actuate.metrics.MetricsExportContextCustomizerFactory$DisableMetricExportContextCustomizer@40cb698e, org.springframework.boot.test.autoconfigure.properties.PropertyMappingContextCustomizer@0, org.springframework.boot.test.autoconfigure.web.servlet.WebDriverContextCustomizerFactory$Customizer@2262b621, org.springframework.boot.test.context.filter.ExcludeFilterContextCustomizer@25e2a451, org.springframework.boot.test.json.DuplicateJsonObjectContextCustomizerFactory$DuplicateJsonObjectContextCustomizer@63b1d4fa, org.springframework.boot.test.mock.mockito.MockitoContextCustomizer@0, org.springframework.boot.test.web.client.TestRestTemplateContextCustomizer@24b6b8f6, org.springframework.boot.test.context.SpringBootTestArgs@1, org.springframework.boot.test.context.SpringBootTestWebEnvironment@6f8e8894], resourceBasePath = 'src/main/webapp', contextLoader = 'org.springframework.boot.test.context.SpringBootContextLoader', parent = [null]], attributes = map['org.springframework.test.context.web.ServletTestExecutionListener.activateListener' -> true]], class annotated with @DirtiesContext [false] with mode [null].

  .   ____          _            __ _ _
 /\\ / ___'_ __ _ _(_)_ __  __ _ \ \ \ \
( ( )\___ | '_ | '_| | '_ \/ _` | \ \ \ \
 \\/  ___)| |_)| | | | | || (_| |  ) ) ) )
  '  |____| .__|_| |_|_| |_\__, | / / / /
 =========|_|==============|___/=/_/_/_/
 :: Spring Boot ::                (v2.7.3)

2022-09-15 19:21:39.799  INFO 6164 --- [    Test worker] j.ponicon.scrap.ScrapApplicationTests    : Starting ScrapApplicationTests using Java 11.0.15 on GANA-LAPTOP with PID 6164 (started by Choi ga na in C:\git\scrap-server_J2KB)
2022-09-15 19:21:39.801  INFO 6164 --- [    Test worker] j.ponicon.scrap.ScrapApplicationTests    : No active profile set, falling back to 1 default profile: "default"
2022-09-15 19:21:41.037  INFO 6164 --- [    Test worker] .s.d.r.c.RepositoryConfigurationDelegate : Bootstrapping Spring Data JPA repositories in DEFAULT mode.
2022-09-15 19:21:41.177  INFO 6164 --- [    Test worker] .s.d.r.c.RepositoryConfigurationDelegate : Finished Spring Data repository scanning in 111 ms. Found 3 JPA repository interfaces.
2022-09-15 19:21:42.261  INFO 6164 --- [    Test worker] o.hibernate.jpa.internal.util.LogHelper  : HHH000204: Processing PersistenceUnitInfo [name: default]
2022-09-15 19:21:42.408  INFO 6164 --- [    Test worker] org.hibernate.Version                    : HHH000412: Hibernate ORM core version 5.6.10.Final
2022-09-15 19:21:42.707  INFO 6164 --- [    Test worker] o.hibernate.annotations.common.Version   : HCANN000001: Hibernate Commons Annotations {5.1.2.Final}
2022-09-15 19:21:42.897  INFO 6164 --- [    Test worker] com.zaxxer.hikari.HikariDataSource       : HikariPool-1 - Starting...
2022-09-15 19:21:45.192  INFO 6164 --- [    Test worker] com.zaxxer.hikari.HikariDataSource       : HikariPool-1 - Start completed.
2022-09-15 19:21:45.270  INFO 6164 --- [    Test worker] org.hibernate.dialect.Dialect            : HHH000400: Using dialect: org.hibernate.dialect.MySQL8Dialect
2022-09-15 19:21:48.487  INFO 6164 --- [    Test worker] o.h.e.t.j.p.i.JtaPlatformInitiator       : HHH000490: Using JtaPlatform implementation: [org.hibernate.engine.transaction.jta.platform.internal.NoJtaPlatform]
2022-09-15 19:21:48.525  INFO 6164 --- [    Test worker] j.LocalContainerEntityManagerFactoryBean : Initialized JPA EntityManagerFactory for persistence unit 'default'
2022-09-15 19:21:49.550  WARN 6164 --- [    Test worker] JpaBaseConfiguration$JpaWebConfiguration : spring.jpa.open-in-view is enabled by default. Therefore, database queries may be performed during view rendering. Explicitly configure spring.jpa.open-in-view to disable this warning
2022-09-15 19:21:50.524  INFO 6164 --- [    Test worker] j.ponicon.scrap.ScrapApplicationTests    : Started ScrapApplicationTests in 11.358 seconds (JVM running for 16.173)
]]></system-out>
  <system-err><![CDATA[]]></system-err>
</testsuite>
