<?xml version="1.0" encoding="UTF-8"?>
<testsuite name="j2kb.ponicon.scrap.mypage.MyPageServiceTest" tests="1" skipped="0" failures="0" errors="0" timestamp="2023-04-07T03:15:15" hostname="GANA-LAPTOP" time="0.049">
  <properties/>
  <testcase name="userInfo()" classname="j2kb.ponicon.scrap.mypage.MyPageServiceTest" time="0.049"/>
  <system-out><![CDATA[12:15:15.459 [Test worker] DEBUG org.springframework.test.util.ReflectionTestUtils - Setting field 'id' of type [null] on target object [j2kb.ponicon.scrap.domain.User@146dcfe6] or target class [class j2kb.ponicon.scrap.domain.User] to value [1]
]]></system-out>
  <system-err><![CDATA[]]></system-err>
</testsuite>
