<?xml version="1.0" encoding="UTF-8"?>
<testsuite name="j2kb.ponicon.scrap.JavaTest" tests="1" skipped="0" failures="0" errors="0" timestamp="2023-03-18T16:05:02" hostname="GANA-LAPTOP" time="0.023">
  <properties/>
  <testcase name="checkLongValue()" classname="j2kb.ponicon.scrap.JavaTest" time="0.023"/>
  <system-out><![CDATA[ture
]]></system-out>
  <system-err><![CDATA[]]></system-err>
</testsuite>
