<?xml version="1.0" encoding="UTF-8"?>
<testsuite name="j2kb.ponicon.scrap.config.JasyptConfigTest" tests="1" skipped="0" failures="0" errors="0" timestamp="2023-03-18T16:52:10" hostname="GANA-LAPTOP" time="1.276">
  <properties/>
  <testcase name="jasypt()" classname="j2kb.ponicon.scrap.config.JasyptConfigTest" time="1.276"/>
  <system-out><![CDATA[encryptUrl : nMQE2H1l8RhhHA4rVvXedw==
encryptUsername : xWzN2qvCOkgxN8PfTKsACw==
encryptPassword : PHUkqvqjs60TyNHrL37HcaMGKw7JDSRl
]]></system-out>
  <system-err><![CDATA[]]></system-err>
</testsuite>
