<?xml version="1.0" encoding="UTF-8"?>
<testsuite name="j2kb.ponicon.scrap.mypage.MyPageServiceTest" tests="1" skipped="0" failures="0" errors="0" timestamp="2022-10-04T21:10:44" hostname="GANA-LAPTOP" time="0.028">
  <properties/>
  <testcase name="userInfo기능이 제대로 동작하는지 확인" classname="j2kb.ponicon.scrap.mypage.MyPageServiceTest" time="0.028"/>
  <system-out><![CDATA[]]></system-out>
  <system-err><![CDATA[]]></system-err>
</testsuite>
