<?xml version="1.0" encoding="UTF-8"?>
<testsuite name="j2kb.ponicon.scrap.config.JasyptConfigTest" tests="1" skipped="0" failures="0" errors="0" timestamp="2023-04-07T03:15:13" hostname="GANA-LAPTOP" time="1.553">
  <properties/>
  <testcase name="jasypt()" classname="j2kb.ponicon.scrap.config.JasyptConfigTest" time="1.553"/>
  <system-out><![CDATA[encryptUrl : BAB5q7KbYe15V3YU6WNbnQ==
encryptUsername : 3AuzG0+ZaIJANcQQfJQYaQ==
encryptPassword : zlm7Vw27Isp134Uqhx7IEOLkpRAJ4cKg
]]></system-out>
  <system-err><![CDATA[]]></system-err>
</testsuite>
