<?xml version="1.0" encoding="UTF-8"?>
<testsuite name="j2kb.ponicon.scrap.data.LinkServiceTest" tests="2" skipped="0" failures="0" errors="0" timestamp="2023-04-07T03:15:15" hostname="GANA-LAPTOP" time="0.014">
  <properties/>
  <testcase name="links()" classname="j2kb.ponicon.scrap.data.LinkServiceTest" time="0.012"/>
  <testcase name="linkSave()" classname="j2kb.ponicon.scrap.data.LinkServiceTest" time="0.001"/>
  <system-out><![CDATA[12:15:15.395 [Test worker] DEBUG org.springframework.test.util.ReflectionTestUtils - Setting field 'id' of type [null] on target object [j2kb.ponicon.scrap.domain.User@6884f0d9] or target class [class j2kb.ponicon.scrap.domain.User] to value [1]
12:15:15.395 [Test worker] DEBUG org.springframework.test.util.ReflectionTestUtils - Setting field 'id' of type [null] on target object [j2kb.ponicon.scrap.domain.Category@49ec6a9f] or target class [class j2kb.ponicon.scrap.domain.Category] to value [1]
]]></system-out>
  <system-err><![CDATA[]]></system-err>
</testsuite>
