<?xml version="1.0" encoding="UTF-8"?>
<testsuite name="j2kb.ponicon.scrap.data.LinkServiceTest" tests="2" skipped="0" failures="0" errors="0" timestamp="2023-03-18T16:52:11" hostname="GANA-LAPTOP" time="0.01">
  <properties/>
  <testcase name="links()" classname="j2kb.ponicon.scrap.data.LinkServiceTest" time="0.009"/>
  <testcase name="linkSave()" classname="j2kb.ponicon.scrap.data.LinkServiceTest" time="0.001"/>
  <system-out><![CDATA[01:52:11.350 [Test worker] DEBUG org.springframework.test.util.ReflectionTestUtils - Setting field 'id' of type [null] on target object [j2kb.ponicon.scrap.domain.User@782be4eb] or target class [class j2kb.ponicon.scrap.domain.User] to value [1]
01:52:11.350 [Test worker] DEBUG org.springframework.test.util.ReflectionTestUtils - Setting field 'id' of type [null] on target object [j2kb.ponicon.scrap.domain.Category@38792286] or target class [class j2kb.ponicon.scrap.domain.Category] to value [1]
]]></system-out>
  <system-err><![CDATA[]]></system-err>
</testsuite>
