<?xml version="1.0" encoding="UTF-8"?>
<testsuite name="j2kb.ponicon.scrap.ScrapApplicationTests" tests="1" skipped="0" failures="0" errors="0" timestamp="2022-10-25T06:30:28" hostname="GANA-LAPTOP" time="0.124">
  <properties/>
  <testcase name="contextLoads()" classname="j2kb.ponicon.scrap.ScrapApplicationTests" time="0.124"/>
  <system-out><![CDATA[]]></system-out>
  <system-err><![CDATA[]]></system-err>
</testsuite>
