<?xml version="1.0" encoding="UTF-8"?>
<testsuite name="umc_sjs.smallestShelter.SmallestShelterApplicationTests" tests="1" skipped="0" failures="0" errors="0" timestamp="2022-08-19T10:22:14" hostname="GANA-LAPTOP" time="0.474">
  <properties/>
  <testcase name="contextLoads()" classname="umc_sjs.smallestShelter.SmallestShelterApplicationTests" time="0.474"/>
  <system-out><![CDATA[19:21:49.552 [Test worker] DEBUG org.springframework.test.context.BootstrapUtils - Instantiating CacheAwareContextLoaderDelegate from class [org.springframework.test.context.cache.DefaultCacheAwareContextLoaderDelegate]
19:21:49.553 [Test worker] DEBUG org.springframework.test.context.BootstrapUtils - Instantiating BootstrapContext using constructor [public org.springframework.test.context.support.DefaultBootstrapContext(java.lang.Class,org.springframework.test.context.CacheAwareContextLoaderDelegate)]
19:21:49.554 [Test worker] DEBUG org.springframework.test.context.BootstrapUtils - Instantiating TestContextBootstrapper for test class [umc_sjs.smallestShelter.SmallestShelterApplicationTests] from class [org.springframework.boot.test.context.SpringBootTestContextBootstrapper]
19:21:49.554 [Test worker] INFO org.springframework.boot.test.context.SpringBootTestContextBootstrapper - Neither @ContextConfiguration nor @ContextHierarchy found for test class [umc_sjs.smallestShelter.SmallestShelterApplicationTests], using SpringBootContextLoader
19:21:49.556 [Test worker] DEBUG org.springframework.test.context.support.AbstractContextLoader - Did not detect default resource location for test class [umc_sjs.smallestShelter.SmallestShelterApplicationTests]: class path resource [umc_sjs/smallestShelter/SmallestShelterApplicationTests-context.xml] does not exist
19:21:49.557 [Test worker] DEBUG org.springframework.test.context.support.AbstractContextLoader - Did not detect default resource location for test class [umc_sjs.smallestShelter.SmallestShelterApplicationTests]: class path resource [umc_sjs/smallestShelter/SmallestShelterApplicationTestsContext.groovy] does not exist
19:21:49.558 [Test worker] INFO org.springframework.test.context.support.AbstractContextLoader - Could not detect default resource locations for test class [umc_sjs.smallestShelter.SmallestShelterApplicationTests]: no resource found for suffixes {-context.xml, Context.groovy}.
19:21:49.558 [Test worker] INFO org.springframework.test.context.support.AnnotationConfigContextLoaderUtils - Could not detect default configuration classes for test class [umc_sjs.smallestShelter.SmallestShelterApplicationTests]: SmallestShelterApplicationTests does not declare any static, non-private, non-final, nested classes annotated with @Configuration.
19:21:49.562 [Test worker] DEBUG org.springframework.test.context.support.ActiveProfilesUtils - Could not find an 'annotation declaring class' for annotation type [org.springframework.test.context.ActiveProfiles] and class [umc_sjs.smallestShelter.SmallestShelterApplicationTests]
19:21:49.563 [Test worker] INFO org.springframework.boot.test.context.SpringBootTestContextBootstrapper - Found @SpringBootConfiguration umc_sjs.smallestShelter.SmallestShelterApplication for test class umc_sjs.smallestShelter.SmallestShelterApplicationTests
19:21:49.566 [Test worker] DEBUG org.springframework.boot.test.context.SpringBootTestContextBootstrapper - @TestExecutionListeners is not present for class [umc_sjs.smallestShelter.SmallestShelterApplicationTests]: using defaults.
19:21:49.567 [Test worker] INFO org.springframework.boot.test.context.SpringBootTestContextBootstrapper - Loaded default TestExecutionListener class names from location [META-INF/spring.factories]: [org.springframework.security.test.context.support.WithSecurityContextTestExecutionListener, org.springframework.security.test.context.support.ReactorContextTestExecutionListener, org.springframework.boot.test.autoconfigure.restdocs.RestDocsTestExecutionListener, org.springframework.boot.test.autoconfigure.web.client.MockRestServiceServerResetTestExecutionListener, org.springframework.boot.test.autoconfigure.web.servlet.MockMvcPrintOnlyOnFailureTestExecutionListener, org.springframework.boot.test.autoconfigure.web.servlet.WebDriverTestExecutionListener, org.springframework.boot.test.autoconfigure.webservices.client.MockWebServiceServerTestExecutionListener, org.springframework.boot.test.mock.mockito.MockitoTestExecutionListener, org.springframework.boot.test.mock.mockito.ResetMocksTestExecutionListener, org.springframework.test.context.web.ServletTestExecutionListener, org.springframework.test.context.support.DirtiesContextBeforeModesTestExecutionListener, org.springframework.test.context.event.ApplicationEventsTestExecutionListener, org.springframework.test.context.support.DependencyInjectionTestExecutionListener, org.springframework.test.context.support.DirtiesContextTestExecutionListener, org.springframework.test.context.transaction.TransactionalTestExecutionListener, org.springframework.test.context.jdbc.SqlScriptsTestExecutionListener, org.springframework.test.context.event.EventPublishingTestExecutionListener]
19:21:49.569 [Test worker] INFO org.springframework.boot.test.context.SpringBootTestContextBootstrapper - Using TestExecutionListeners: [org.springframework.test.context.web.ServletTestExecutionListener@6d868997, org.springframework.test.context.support.DirtiesContextBeforeModesTestExecutionListener@2c383e33, org.springframework.test.context.event.ApplicationEventsTestExecutionListener@74a195a4, org.springframework.boot.test.mock.mockito.MockitoTestExecutionListener@76304b46, org.springframework.boot.test.autoconfigure.SpringBootDependencyInjectionTestExecutionListener@2fa3be26, org.springframework.test.context.support.DirtiesContextTestExecutionListener@4287d447, org.springframework.test.context.transaction.TransactionalTestExecutionListener@3af37506, org.springframework.test.context.jdbc.SqlScriptsTestExecutionListener@4e6d7365, org.springframework.security.test.context.support.WithSecurityContextTestExecutionListener@7c0da600, org.springframework.test.context.event.EventPublishingTestExecutionListener@d4602a, org.springframework.security.test.context.support.ReactorContextTestExecutionListener@21ae6e73, org.springframework.boot.test.autoconfigure.restdocs.RestDocsTestExecutionListener@47dd778, org.springframework.boot.test.autoconfigure.web.client.MockRestServiceServerResetTestExecutionListener@15515c51, org.springframework.boot.test.autoconfigure.web.servlet.MockMvcPrintOnlyOnFailureTestExecutionListener@36a7abe1, org.springframework.boot.test.autoconfigure.web.servlet.WebDriverTestExecutionListener@64a896b0, org.springframework.boot.test.autoconfigure.webservices.client.MockWebServiceServerTestExecutionListener@e044b4a, org.springframework.boot.test.mock.mockito.ResetMocksTestExecutionListener@11a82d0f]
19:21:49.577 [Test worker] DEBUG org.springframework.test.context.support.AbstractDirtiesContextTestExecutionListener - Before test class: context [DefaultTestContext@7a356a0d testClass = SmallestShelterApplicationTests, testInstance = [null], testMethod = [null], testException = [null], mergedContextConfiguration = [WebMergedContextConfiguration@c827db testClass = SmallestShelterApplicationTests, locations = '{}', classes = '{class umc_sjs.smallestShelter.SmallestShelterApplication}', contextInitializerClasses = '[]', activeProfiles = '{}', propertySourceLocations = '{}', propertySourceProperties = '{org.springframework.boot.test.context.SpringBootTestContextBootstrapper=true}', contextCustomizers = set[org.springframework.boot.test.autoconfigure.actuate.metrics.MetricsExportContextCustomizerFactory$DisableMetricExportContextCustomizer@201b6b6f, org.springframework.boot.test.autoconfigure.properties.PropertyMappingContextCustomizer@0, org.springframework.boot.test.autoconfigure.web.servlet.WebDriverContextCustomizerFactory$Customizer@18230356, org.springframework.boot.test.context.filter.ExcludeFilterContextCustomizer@60d1a32f, org.springframework.boot.test.json.DuplicateJsonObjectContextCustomizerFactory$DuplicateJsonObjectContextCustomizer@40c80397, org.springframework.boot.test.mock.mockito.MockitoContextCustomizer@0, org.springframework.boot.test.web.client.TestRestTemplateContextCustomizer@47db5fa5, org.springframework.boot.test.context.SpringBootTestArgs@1, org.springframework.boot.test.context.SpringBootTestWebEnvironment@1890516e], resourceBasePath = 'src/main/webapp', contextLoader = 'org.springframework.boot.test.context.SpringBootContextLoader', parent = [null]], attributes = map['org.springframework.test.context.web.ServletTestExecutionListener.activateListener' -> true]], class annotated with @DirtiesContext [false] with mode [null].

  .   ____          _            __ _ _
 /\\ / ___'_ __ _ _(_)_ __  __ _ \ \ \ \
( ( )\___ | '_ | '_| | '_ \/ _` | \ \ \ \
 \\/  ___)| |_)| | | | | || (_| |  ) ) ) )
  '  |____| .__|_| |_|_| |_\__, | / / / /
 =========|_|==============|___/=/_/_/_/
 :: Spring Boot ::                (v2.7.1)

2022-08-19 19:21:50.437  INFO 25652 --- [    Test worker] u.s.SmallestShelterApplicationTests      : Starting SmallestShelterApplicationTests using Java 11.0.15 on GANA-LAPTOP with PID 25652 (started by Choi ga na in C:\git\smallest-shelter-back)
2022-08-19 19:21:50.440  INFO 25652 --- [    Test worker] u.s.SmallestShelterApplicationTests      : No active profile set, falling back to 1 default profile: "default"
2022-08-19 19:21:52.765  INFO 25652 --- [    Test worker] .s.d.r.c.RepositoryConfigurationDelegate : Bootstrapping Spring Data JPA repositories in DEFAULT mode.
2022-08-19 19:21:53.122  INFO 25652 --- [    Test worker] .s.d.r.c.RepositoryConfigurationDelegate : Finished Spring Data repository scanning in 327 ms. Found 2 JPA repository interfaces.
2022-08-19 19:21:55.158  INFO 25652 --- [    Test worker] o.hibernate.jpa.internal.util.LogHelper  : HHH000204: Processing PersistenceUnitInfo [name: default]
2022-08-19 19:21:55.376  INFO 25652 --- [    Test worker] org.hibernate.Version                    : HHH000412: Hibernate ORM core version 5.6.9.Final
2022-08-19 19:21:56.112  INFO 25652 --- [    Test worker] o.hibernate.annotations.common.Version   : HCANN000001: Hibernate Commons Annotations {5.1.2.Final}
2022-08-19 19:21:56.525  INFO 25652 --- [    Test worker] com.zaxxer.hikari.HikariDataSource       : HikariPool-1 - Starting...
2022-08-19 19:21:58.414  INFO 25652 --- [    Test worker] com.zaxxer.hikari.HikariDataSource       : HikariPool-1 - Start completed.
2022-08-19 19:21:58.650  INFO 25652 --- [    Test worker] org.hibernate.dialect.Dialect            : HHH000400: Using dialect: org.hibernate.dialect.MySQL8Dialect
2022-08-19 19:22:05.500  INFO 25652 --- [    Test worker] o.h.e.t.j.p.i.JtaPlatformInitiator       : HHH000490: Using JtaPlatform implementation: [org.hibernate.engine.transaction.jta.platform.internal.NoJtaPlatform]
2022-08-19 19:22:05.532  INFO 25652 --- [    Test worker] j.LocalContainerEntityManagerFactoryBean : Initialized JPA EntityManagerFactory for persistence unit 'default'
2022-08-19 19:22:10.726  INFO 25652 --- [    Test worker] o.s.s.web.DefaultSecurityFilterChain     : Will secure any request with [org.springframework.security.web.session.DisableEncodeUrlFilter@452a32f2, org.springframework.security.web.context.request.async.WebAsyncManagerIntegrationFilter@2db75e32, org.springframework.security.web.context.SecurityContextPersistenceFilter@ab3b54, org.springframework.security.web.header.HeaderWriterFilter@47f4dc8d, org.springframework.web.filter.CorsFilter@77acc95a, org.springframework.security.web.authentication.logout.LogoutFilter@69a031a4, umc_sjs.smallestShelter.config.jwt.JwtAuthenticationFilter@1f2d0ca2, umc_sjs.smallestShelter.config.jwt.JwtAuthorizationFilter@e353e1d, org.springframework.security.web.savedrequest.RequestCacheAwareFilter@6e70861, org.springframework.security.web.servletapi.SecurityContextHolderAwareRequestFilter@5fcff272, org.springframework.security.web.authentication.AnonymousAuthenticationFilter@1a1c308b, org.springframework.security.web.session.SessionManagementFilter@1a3272e0, org.springframework.security.web.access.ExceptionTranslationFilter@48614fb3, org.springframework.security.web.access.intercept.FilterSecurityInterceptor@643fed50]
2022-08-19 19:22:11.878  WARN 25652 --- [    Test worker] JpaBaseConfiguration$JpaWebConfiguration : spring.jpa.open-in-view is enabled by default. Therefore, database queries may be performed during view rendering. Explicitly configure spring.jpa.open-in-view to disable this warning
2022-08-19 19:22:12.966  INFO 25652 --- [    Test worker] o.s.b.a.w.s.WelcomePageHandlerMapping    : Adding welcome page: class path resource [static/index.html]
2022-08-19 19:22:14.153  INFO 25652 --- [    Test worker] u.s.SmallestShelterApplicationTests      : Started SmallestShelterApplicationTests in 24.5 seconds (JVM running for 30.029)
]]></system-out>
  <system-err><![CDATA[]]></system-err>
</testsuite>
