<?xml version="1.0" encoding="UTF-8"?>
<testsuite name="study.gana.transaction.TranControllerTest" tests="10" skipped="0" failures="0" errors="0" timestamp="2022-12-21T08:42:44" hostname="GANA-LAPTOP" time="0.727">
  <properties/>
  <testcase name="런타임 예외난걸 서비스에 잡았으나 어노테이션에 롤백하라고 명시" classname="study.gana.transaction.TranControllerTest" time="0.197"/>
  <testcase name="정상 저장" classname="study.gana.transaction.TranControllerTest" time="0.049"/>
  <testcase name="런타임 예외난걸 서비스에 잡음" classname="study.gana.transaction.TranControllerTest" time="0.041"/>
  <testcase name="예외난걸 서비스에서 잡음" classname="study.gana.transaction.TranControllerTest" time="0.041"/>
  <testcase name="런타임 예외난걸 컨트롤러에서 잡음: 롤백o" classname="study.gana.transaction.TranControllerTest" time="0.05"/>
  <testcase name="런타임 예외난걸 아무데서도 잡지 않음" classname="study.gana.transaction.TranControllerTest" time="0.065"/>
  <testcase name="한 트랜잭션 안에서 런타임예외난걸 다른 트랜잭션에서 잡음" classname="study.gana.transaction.TranControllerTest" time="0.135"/>
  <testcase name="예외난걸 컨트롤러에서 잡음" classname="study.gana.transaction.TranControllerTest" time="0.04"/>
  <testcase name="한 트랜잭션 안에서 런타임예외난걸 다른 트랜잭션에서 잡지 않고 컨트롤러에서 잡음" classname="study.gana.transaction.TranControllerTest" time="0.053"/>
  <testcase name="한 트랜잭션 안에서 런타인예외난걸 잡고, 그 메소드를 다른 트랜잭션에서 실행시키면?" classname="study.gana.transaction.TranControllerTest" time="0.044"/>
  <system-out><![CDATA[2022-12-21 17:42:44.864  INFO 17088 --- [    Test worker] .b.t.c.SpringBootTestContextBootstrapper : Neither @ContextConfiguration nor @ContextHierarchy found for test class [study.gana.transaction.TranControllerTest], using SpringBootContextLoader
2022-12-21 17:42:44.864  INFO 17088 --- [    Test worker] o.s.t.c.support.AbstractContextLoader    : Could not detect default resource locations for test class [study.gana.transaction.TranControllerTest]: no resource found for suffixes {-context.xml, Context.groovy}.
2022-12-21 17:42:44.864  INFO 17088 --- [    Test worker] t.c.s.AnnotationConfigContextLoaderUtils : Could not detect default configuration classes for test class [study.gana.transaction.TranControllerTest]: TranControllerTest does not declare any static, non-private, non-final, nested classes annotated with @Configuration.
2022-12-21 17:42:44.910  INFO 17088 --- [    Test worker] .b.t.c.SpringBootTestContextBootstrapper : Found @SpringBootConfiguration study.gana.GanaApplication for test class study.gana.transaction.TranControllerTest
2022-12-21 17:42:44.917  INFO 17088 --- [    Test worker] .b.t.c.SpringBootTestContextBootstrapper : Loaded default TestExecutionListener class names from location [META-INF/spring.factories]: [org.springframework.boot.test.autoconfigure.restdocs.RestDocsTestExecutionListener, org.springframework.boot.test.autoconfigure.web.client.MockRestServiceServerResetTestExecutionListener, org.springframework.boot.test.autoconfigure.web.servlet.MockMvcPrintOnlyOnFailureTestExecutionListener, org.springframework.boot.test.autoconfigure.web.servlet.WebDriverTestExecutionListener, org.springframework.boot.test.autoconfigure.webservices.client.MockWebServiceServerTestExecutionListener, org.springframework.boot.test.mock.mockito.MockitoTestExecutionListener, org.springframework.boot.test.mock.mockito.ResetMocksTestExecutionListener, org.springframework.test.context.web.ServletTestExecutionListener, org.springframework.test.context.support.DirtiesContextBeforeModesTestExecutionListener, org.springframework.test.context.event.ApplicationEventsTestExecutionListener, org.springframework.test.context.support.DependencyInjectionTestExecutionListener, org.springframework.test.context.support.DirtiesContextTestExecutionListener, org.springframework.test.context.transaction.TransactionalTestExecutionListener, org.springframework.test.context.jdbc.SqlScriptsTestExecutionListener, org.springframework.test.context.event.EventPublishingTestExecutionListener]
2022-12-21 17:42:44.917  INFO 17088 --- [    Test worker] .b.t.c.SpringBootTestContextBootstrapper : Using TestExecutionListeners: [org.springframework.test.context.web.ServletTestExecutionListener@3fe1b278, org.springframework.test.context.support.DirtiesContextBeforeModesTestExecutionListener@3678f32e, org.springframework.test.context.event.ApplicationEventsTestExecutionListener@678c0310, org.springframework.boot.test.mock.mockito.MockitoTestExecutionListener@7e113065, org.springframework.boot.test.autoconfigure.SpringBootDependencyInjectionTestExecutionListener@4cd13fad, org.springframework.test.context.support.DirtiesContextTestExecutionListener@3d41449a, org.springframework.test.context.transaction.TransactionalTestExecutionListener@3a5244a1, org.springframework.test.context.jdbc.SqlScriptsTestExecutionListener@4d37c996, org.springframework.test.context.event.EventPublishingTestExecutionListener@85eabca, org.springframework.boot.test.autoconfigure.restdocs.RestDocsTestExecutionListener@3f8c4bcf, org.springframework.boot.test.autoconfigure.web.client.MockRestServiceServerResetTestExecutionListener@175377d3, org.springframework.boot.test.autoconfigure.web.servlet.MockMvcPrintOnlyOnFailureTestExecutionListener@645b67d6, org.springframework.boot.test.autoconfigure.web.servlet.WebDriverTestExecutionListener@1926806c, org.springframework.boot.test.autoconfigure.webservices.client.MockWebServiceServerTestExecutionListener@44a972b4, org.springframework.boot.test.mock.mockito.ResetMocksTestExecutionListener@4848681d]
서비스에서 유저 저장: 런타임_캐치_어노테이션설정
레파지토리에서 유저 저장
2022-12-21 17:42:45.035 DEBUG 17088 --- [    Test worker] org.hibernate.SQL                        : 
    insert 
    into
        jpa_user
        (name) 
    values
        (?)
Hibernate: 
    insert 
    into
        jpa_user
        (name) 
    values
        (?)
2022-12-21 17:42:45.051 TRACE 17088 --- [    Test worker] o.h.type.descriptor.sql.BasicBinder      : binding parameter [1] as [VARCHAR] - [런타임_캐치_어노테이션설정]
서비스에서 예외 처리: 레포지토리에서 런타임예외 발생!
서비스에서 유저 저장: 정상 저장
레파지토리에서 유저 저장
2022-12-21 17:42:45.129 DEBUG 17088 --- [    Test worker] org.hibernate.SQL                        : 
    insert 
    into
        jpa_user
        (name) 
    values
        (?)
Hibernate: 
    insert 
    into
        jpa_user
        (name) 
    values
        (?)
2022-12-21 17:42:45.129 TRACE 17088 --- [    Test worker] o.h.type.descriptor.sql.BasicBinder      : binding parameter [1] as [VARCHAR] - [정상 저장]
레파지토리에서 유저 저장 끝
서비스에서 유저 저장 끝: 정상 저장
서비스에서 유저 저장: 런타임_캐치
레파지토리에서 유저 저장
2022-12-21 17:42:45.176 DEBUG 17088 --- [    Test worker] org.hibernate.SQL                        : 
    insert 
    into
        jpa_user
        (name) 
    values
        (?)
Hibernate: 
    insert 
    into
        jpa_user
        (name) 
    values
        (?)
2022-12-21 17:42:45.176 TRACE 17088 --- [    Test worker] o.h.type.descriptor.sql.BasicBinder      : binding parameter [1] as [VARCHAR] - [런타임_캐치]
서비스에서 예외 처리: 레포지토리에서 런타임예외 발생!
서비스에서 유저 저장: 예외_캐치
레파지토리에서 유저 저장
2022-12-21 17:42:45.223 DEBUG 17088 --- [    Test worker] org.hibernate.SQL                        : 
    insert 
    into
        jpa_user
        (name) 
    values
        (?)
Hibernate: 
    insert 
    into
        jpa_user
        (name) 
    values
        (?)
2022-12-21 17:42:45.223 TRACE 17088 --- [    Test worker] o.h.type.descriptor.sql.BasicBinder      : binding parameter [1] as [VARCHAR] - [예외_캐치]
서비스에서 예외 처리: 레파지토리에서 예외 발생!
서비스에서 유저 저장: 런타임
레파지토리에서 유저 저장
2022-12-21 17:42:45.265 DEBUG 17088 --- [    Test worker] org.hibernate.SQL                        : 
    insert 
    into
        jpa_user
        (name) 
    values
        (?)
Hibernate: 
    insert 
    into
        jpa_user
        (name) 
    values
        (?)
2022-12-21 17:42:45.265 TRACE 17088 --- [    Test worker] o.h.type.descriptor.sql.BasicBinder      : binding parameter [1] as [VARCHAR] - [런타임]
컨트롤러에서 예외처리: 레포지토리에서 런타임예외 발생!
서비스에서 유저 저장: 런타임
레파지토리에서 유저 저장
2022-12-21 17:42:45.332 DEBUG 17088 --- [    Test worker] org.hibernate.SQL                        : 
    insert 
    into
        jpa_user
        (name) 
    values
        (?)
Hibernate: 
    insert 
    into
        jpa_user
        (name) 
    values
        (?)
2022-12-21 17:42:45.332 TRACE 17088 --- [    Test worker] o.h.type.descriptor.sql.BasicBinder      : binding parameter [1] as [VARCHAR] - [런타임]
서비스에서 유저 저장: 런타임
레파지토리에서 유저 저장
2022-12-21 17:42:45.380 DEBUG 17088 --- [    Test worker] org.hibernate.SQL                        : 
    insert 
    into
        jpa_user
        (name) 
    values
        (?)
Hibernate: 
    insert 
    into
        jpa_user
        (name) 
    values
        (?)
2022-12-21 17:42:45.395 TRACE 17088 --- [    Test worker] o.h.type.descriptor.sql.BasicBinder      : binding parameter [1] as [VARCHAR] - [런타임]
서비스에서 예외 처리: 레포지토리에서 런타임예외 발생!
코드 정상 실행 됨
서비스에서 유저 저장: 예외
레파지토리에서 유저 저장
2022-12-21 17:42:45.505 DEBUG 17088 --- [    Test worker] org.hibernate.SQL                        : 
    insert 
    into
        jpa_user
        (name) 
    values
        (?)
Hibernate: 
    insert 
    into
        jpa_user
        (name) 
    values
        (?)
2022-12-21 17:42:45.520 TRACE 17088 --- [    Test worker] o.h.type.descriptor.sql.BasicBinder      : binding parameter [1] as [VARCHAR] - [예외]
컨트롤러에서 예외처리: 레파지토리에서 예외 발생!
서비스에서 유저 저장: 런타임
레파지토리에서 유저 저장
2022-12-21 17:42:45.552 DEBUG 17088 --- [    Test worker] org.hibernate.SQL                        : 
    insert 
    into
        jpa_user
        (name) 
    values
        (?)
Hibernate: 
    insert 
    into
        jpa_user
        (name) 
    values
        (?)
2022-12-21 17:42:45.552 TRACE 17088 --- [    Test worker] o.h.type.descriptor.sql.BasicBinder      : binding parameter [1] as [VARCHAR] - [런타임]
컨트롤러에서 예외처리: 레포지토리에서 런타임예외 발생!
서비스에서 유저 저장: 런타임_캐치
레파지토리에서 유저 저장
2022-12-21 17:42:45.614 DEBUG 17088 --- [    Test worker] org.hibernate.SQL                        : 
    insert 
    into
        jpa_user
        (name) 
    values
        (?)
Hibernate: 
    insert 
    into
        jpa_user
        (name) 
    values
        (?)
2022-12-21 17:42:45.614 TRACE 17088 --- [    Test worker] o.h.type.descriptor.sql.BasicBinder      : binding parameter [1] as [VARCHAR] - [런타임_캐치]
서비스에서 예외 처리: 레포지토리에서 런타임예외 발생!
코드 정상 실행 됨
]]></system-out>
  <system-err><![CDATA[]]></system-err>
</testsuite>
