<?xml version="1.0" encoding="UTF-8"?>
<testsuite name="smu.som.yut.YutApplicationTests" tests="1" skipped="0" failures="0" errors="0" timestamp="2023-11-03T07:21:08" hostname="GANA-LAPTOP" time="0.484">
  <properties/>
  <testcase name="contextLoads()" classname="smu.som.yut.YutApplicationTests" time="0.484"/>
  <system-out><![CDATA[16:20:53.460 [Test worker] DEBUG org.springframework.test.context.BootstrapUtils - Instantiating CacheAwareContextLoaderDelegate from class [org.springframework.test.context.cache.DefaultCacheAwareContextLoaderDelegate]
16:20:53.487 [Test worker] DEBUG org.springframework.test.context.BootstrapUtils - Instantiating BootstrapContext using constructor [public org.springframework.test.context.support.DefaultBootstrapContext(java.lang.Class,org.springframework.test.context.CacheAwareContextLoaderDelegate)]
16:20:53.561 [Test worker] DEBUG org.springframework.test.context.BootstrapUtils - Instantiating TestContextBootstrapper for test class [smu.som.yut.YutApplicationTests] from class [org.springframework.boot.test.context.SpringBootTestContextBootstrapper]
16:20:53.585 [Test worker] INFO org.springframework.boot.test.context.SpringBootTestContextBootstrapper - Neither @ContextConfiguration nor @ContextHierarchy found for test class [smu.som.yut.YutApplicationTests], using SpringBootContextLoader
16:20:53.592 [Test worker] DEBUG org.springframework.test.context.support.AbstractContextLoader - Did not detect default resource location for test class [smu.som.yut.YutApplicationTests]: class path resource [smu/som/yut/YutApplicationTests-context.xml] does not exist
16:20:53.593 [Test worker] DEBUG org.springframework.test.context.support.AbstractContextLoader - Did not detect default resource location for test class [smu.som.yut.YutApplicationTests]: class path resource [smu/som/yut/YutApplicationTestsContext.groovy] does not exist
16:20:53.593 [Test worker] INFO org.springframework.test.context.support.AbstractContextLoader - Could not detect default resource locations for test class [smu.som.yut.YutApplicationTests]: no resource found for suffixes {-context.xml, Context.groovy}.
16:20:53.594 [Test worker] INFO org.springframework.test.context.support.AnnotationConfigContextLoaderUtils - Could not detect default configuration classes for test class [smu.som.yut.YutApplicationTests]: YutApplicationTests does not declare any static, non-private, non-final, nested classes annotated with @Configuration.
16:20:53.694 [Test worker] DEBUG org.springframework.test.context.support.ActiveProfilesUtils - Could not find an 'annotation declaring class' for annotation type [org.springframework.test.context.ActiveProfiles] and class [smu.som.yut.YutApplicationTests]
16:20:53.823 [Test worker] DEBUG org.springframework.context.annotation.ClassPathScanningCandidateComponentProvider - Identified candidate component class: file [C:\git\SOM-Backend-java\build\classes\java\main\smu\som\yut\YutApplication.class]
16:20:53.827 [Test worker] INFO org.springframework.boot.test.context.SpringBootTestContextBootstrapper - Found @SpringBootConfiguration smu.som.yut.YutApplication for test class smu.som.yut.YutApplicationTests
16:20:54.117 [Test worker] DEBUG org.springframework.boot.test.context.SpringBootTestContextBootstrapper - @TestExecutionListeners is not present for class [smu.som.yut.YutApplicationTests]: using defaults.
16:20:54.118 [Test worker] INFO org.springframework.boot.test.context.SpringBootTestContextBootstrapper - Loaded default TestExecutionListener class names from location [META-INF/spring.factories]: [org.springframework.boot.test.autoconfigure.restdocs.RestDocsTestExecutionListener, org.springframework.boot.test.autoconfigure.web.client.MockRestServiceServerResetTestExecutionListener, org.springframework.boot.test.autoconfigure.web.servlet.MockMvcPrintOnlyOnFailureTestExecutionListener, org.springframework.boot.test.autoconfigure.web.servlet.WebDriverTestExecutionListener, org.springframework.boot.test.autoconfigure.webservices.client.MockWebServiceServerTestExecutionListener, org.springframework.boot.test.mock.mockito.MockitoTestExecutionListener, org.springframework.boot.test.mock.mockito.ResetMocksTestExecutionListener, org.springframework.test.context.web.ServletTestExecutionListener, org.springframework.test.context.support.DirtiesContextBeforeModesTestExecutionListener, org.springframework.test.context.event.ApplicationEventsTestExecutionListener, org.springframework.test.context.support.DependencyInjectionTestExecutionListener, org.springframework.test.context.support.DirtiesContextTestExecutionListener, org.springframework.test.context.transaction.TransactionalTestExecutionListener, org.springframework.test.context.jdbc.SqlScriptsTestExecutionListener, org.springframework.test.context.event.EventPublishingTestExecutionListener]
16:20:54.167 [Test worker] INFO org.springframework.boot.test.context.SpringBootTestContextBootstrapper - Using TestExecutionListeners: [org.springframework.test.context.web.ServletTestExecutionListener@2a2da905, org.springframework.test.context.support.DirtiesContextBeforeModesTestExecutionListener@24f360b2, org.springframework.test.context.event.ApplicationEventsTestExecutionListener@60cf80e7, org.springframework.boot.test.mock.mockito.MockitoTestExecutionListener@302fec27, org.springframework.boot.test.autoconfigure.SpringBootDependencyInjectionTestExecutionListener@770d0ea6, org.springframework.test.context.support.DirtiesContextTestExecutionListener@48c40605, org.springframework.test.context.transaction.TransactionalTestExecutionListener@54107f42, org.springframework.test.context.jdbc.SqlScriptsTestExecutionListener@1b11ef33, org.springframework.test.context.event.EventPublishingTestExecutionListener@476aac9, org.springframework.boot.test.autoconfigure.restdocs.RestDocsTestExecutionListener@6cea706c, org.springframework.boot.test.autoconfigure.web.client.MockRestServiceServerResetTestExecutionListener@3bd7f8dc, org.springframework.boot.test.autoconfigure.web.servlet.MockMvcPrintOnlyOnFailureTestExecutionListener@2f2bf0e2, org.springframework.boot.test.autoconfigure.web.servlet.WebDriverTestExecutionListener@1eba372c, org.springframework.boot.test.autoconfigure.webservices.client.MockWebServiceServerTestExecutionListener@21ec5d87, org.springframework.boot.test.mock.mockito.ResetMocksTestExecutionListener@25f9407e]
16:20:54.174 [Test worker] DEBUG org.springframework.test.context.support.AbstractDirtiesContextTestExecutionListener - Before test class: context [DefaultTestContext@7a56812e testClass = YutApplicationTests, testInstance = [null], testMethod = [null], testException = [null], mergedContextConfiguration = [WebMergedContextConfiguration@2a76b80a testClass = YutApplicationTests, locations = '{}', classes = '{class smu.som.yut.YutApplication}', contextInitializerClasses = '[]', activeProfiles = '{}', propertySourceLocations = '{}', propertySourceProperties = '{org.springframework.boot.test.context.SpringBootTestContextBootstrapper=true}', contextCustomizers = set[org.springframework.boot.test.autoconfigure.actuate.metrics.MetricsExportContextCustomizerFactory$DisableMetricExportContextCustomizer@495fac5f, org.springframework.boot.test.autoconfigure.properties.PropertyMappingContextCustomizer@0, org.springframework.boot.test.autoconfigure.web.servlet.WebDriverContextCustomizerFactory$Customizer@74c79fa2, org.springframework.boot.test.context.filter.ExcludeFilterContextCustomizer@5cde6747, org.springframework.boot.test.json.DuplicateJsonObjectContextCustomizerFactory$DuplicateJsonObjectContextCustomizer@614df0a4, org.springframework.boot.test.mock.mockito.MockitoContextCustomizer@0, org.springframework.boot.test.web.client.TestRestTemplateContextCustomizer@ff684e1, org.springframework.boot.test.context.SpringBootTestArgs@1, org.springframework.boot.test.context.SpringBootTestWebEnvironment@4b0d79fc], resourceBasePath = 'src/main/webapp', contextLoader = 'org.springframework.boot.test.context.SpringBootContextLoader', parent = [null]], attributes = map['org.springframework.test.context.web.ServletTestExecutionListener.activateListener' -> true]], class annotated with @DirtiesContext [false] with mode [null].
16:20:54.290 [Test worker] INFO org.springframework.boot.devtools.restart.RestartApplicationListener - Restart disabled due to context in which it is running

  .   ____          _            __ _ _
 /\\ / ___'_ __ _ _(_)_ __  __ _ \ \ \ \
( ( )\___ | '_ | '_| | '_ \/ _` | \ \ \ \
 \\/  ___)| |_)| | | | | || (_| |  ) ) ) )
  '  |____| .__|_| |_|_| |_\__, | / / / /
 =========|_|==============|___/=/_/_/_/
 :: Spring Boot ::               (v2.7.17)

2023-11-03 16:20:55.124  INFO 18328 --- [    Test worker] smu.som.yut.YutApplicationTests          : Starting YutApplicationTests using Java 17.0.8 on GANA-LAPTOP with PID 18328 (started by Choi ga na in C:\git\SOM-Backend-java)
2023-11-03 16:20:55.126  INFO 18328 --- [    Test worker] smu.som.yut.YutApplicationTests          : No active profile set, falling back to 1 default profile: "local"
2023-11-03 16:20:57.619  INFO 18328 --- [    Test worker] .s.d.r.c.RepositoryConfigurationDelegate : Bootstrapping Spring Data JPA repositories in DEFAULT mode.
2023-11-03 16:20:57.969  INFO 18328 --- [    Test worker] .s.d.r.c.RepositoryConfigurationDelegate : Finished Spring Data repository scanning in 309 ms. Found 6 JPA repository interfaces.
2023-11-03 16:20:59.708  INFO 18328 --- [    Test worker] o.hibernate.jpa.internal.util.LogHelper  : HHH000204: Processing PersistenceUnitInfo [name: default]
2023-11-03 16:20:59.900  INFO 18328 --- [    Test worker] org.hibernate.Version                    : HHH000412: Hibernate ORM core version 5.6.15.Final
2023-11-03 16:21:00.335  INFO 18328 --- [    Test worker] o.hibernate.annotations.common.Version   : HCANN000001: Hibernate Commons Annotations {5.1.2.Final}
2023-11-03 16:21:00.583  INFO 18328 --- [    Test worker] com.zaxxer.hikari.HikariDataSource       : HikariPool-1 - Starting...
2023-11-03 16:21:01.400  INFO 18328 --- [    Test worker] com.zaxxer.hikari.HikariDataSource       : HikariPool-1 - Start completed.
2023-11-03 16:21:01.443  INFO 18328 --- [    Test worker] org.hibernate.dialect.Dialect            : HHH000400: Using dialect: org.hibernate.dialect.MySQL8Dialect
2023-11-03 16:21:02.991  INFO 18328 --- [    Test worker] o.h.e.t.j.p.i.JtaPlatformInitiator       : HHH000490: Using JtaPlatform implementation: [org.hibernate.engine.transaction.jta.platform.internal.NoJtaPlatform]
2023-11-03 16:21:03.013  INFO 18328 --- [    Test worker] j.LocalContainerEntityManagerFactoryBean : Initialized JPA EntityManagerFactory for persistence unit 'default'
2023-11-03 16:21:05.302  WARN 18328 --- [    Test worker] JpaBaseConfiguration$JpaWebConfiguration : spring.jpa.open-in-view is enabled by default. Therefore, database queries may be performed during view rendering. Explicitly configure spring.jpa.open-in-view to disable this warning
2023-11-03 16:21:06.214  INFO 18328 --- [    Test worker] o.s.s.web.DefaultSecurityFilterChain     : Will secure any request with [org.springframework.security.web.session.DisableEncodeUrlFilter@349686e8, org.springframework.security.web.context.request.async.WebAsyncManagerIntegrationFilter@5c3e7128, org.springframework.security.web.context.SecurityContextPersistenceFilter@75693526, org.springframework.security.web.header.HeaderWriterFilter@735b1ad2, org.springframework.web.filter.CorsFilter@5ce03a9d, org.springframework.security.web.authentication.logout.LogoutFilter@5d3d5242, smu.som.yut.filter.JwtAuthenticationFilter@10c67c1c, org.springframework.security.web.savedrequest.RequestCacheAwareFilter@160d68b8, org.springframework.security.web.servletapi.SecurityContextHolderAwareRequestFilter@2af1bf5a, org.springframework.security.web.authentication.AnonymousAuthenticationFilter@1067192a, org.springframework.security.web.session.SessionManagementFilter@d15f031, org.springframework.security.web.access.ExceptionTranslationFilter@511ad0dd, org.springframework.security.web.access.intercept.FilterSecurityInterceptor@3d5e3f58]
2023-11-03 16:21:06.233  WARN 18328 --- [    Test worker] o.s.s.c.a.web.builders.WebSecurity       : You are asking Spring Security to ignore Ant [pattern='/api/auth/signin']. This is not recommended -- please use permitAll via HttpSecurity#authorizeHttpRequests instead.
2023-11-03 16:21:06.234  INFO 18328 --- [    Test worker] o.s.s.web.DefaultSecurityFilterChain     : Will not secure Ant [pattern='/api/auth/signin']
2023-11-03 16:21:06.235  WARN 18328 --- [    Test worker] o.s.s.c.a.web.builders.WebSecurity       : You are asking Spring Security to ignore Ant [pattern='/api/auth/refresh']. This is not recommended -- please use permitAll via HttpSecurity#authorizeHttpRequests instead.
2023-11-03 16:21:06.235  INFO 18328 --- [    Test worker] o.s.s.web.DefaultSecurityFilterChain     : Will not secure Ant [pattern='/api/auth/refresh']
2023-11-03 16:21:06.235  WARN 18328 --- [    Test worker] o.s.s.c.a.web.builders.WebSecurity       : You are asking Spring Security to ignore Ant [pattern='/api/auth/signup']. This is not recommended -- please use permitAll via HttpSecurity#authorizeHttpRequests instead.
2023-11-03 16:21:06.235  INFO 18328 --- [    Test worker] o.s.s.web.DefaultSecurityFilterChain     : Will not secure Ant [pattern='/api/auth/signup']
2023-11-03 16:21:06.235  WARN 18328 --- [    Test worker] o.s.s.c.a.web.builders.WebSecurity       : You are asking Spring Security to ignore Ant [pattern='/api/questions']. This is not recommended -- please use permitAll via HttpSecurity#authorizeHttpRequests instead.
2023-11-03 16:21:06.236  INFO 18328 --- [    Test worker] o.s.s.web.DefaultSecurityFilterChain     : Will not secure Ant [pattern='/api/questions']
2023-11-03 16:21:06.236  WARN 18328 --- [    Test worker] o.s.s.c.a.web.builders.WebSecurity       : You are asking Spring Security to ignore Ant [pattern='/api/question/**']. This is not recommended -- please use permitAll via HttpSecurity#authorizeHttpRequests instead.
2023-11-03 16:21:06.236  INFO 18328 --- [    Test worker] o.s.s.web.DefaultSecurityFilterChain     : Will not secure Ant [pattern='/api/question/**']
2023-11-03 16:21:06.236  WARN 18328 --- [    Test worker] o.s.s.c.a.web.builders.WebSecurity       : You are asking Spring Security to ignore Ant [pattern='/admin/**']. This is not recommended -- please use permitAll via HttpSecurity#authorizeHttpRequests instead.
2023-11-03 16:21:06.237  INFO 18328 --- [    Test worker] o.s.s.web.DefaultSecurityFilterChain     : Will not secure Ant [pattern='/admin/**']
2023-11-03 16:21:06.237  WARN 18328 --- [    Test worker] o.s.s.c.a.web.builders.WebSecurity       : You are asking Spring Security to ignore Ant [pattern='/**']. This is not recommended -- please use permitAll via HttpSecurity#authorizeHttpRequests instead.
2023-11-03 16:21:06.237  INFO 18328 --- [    Test worker] o.s.s.web.DefaultSecurityFilterChain     : Will not secure Ant [pattern='/**']
2023-11-03 16:21:06.238  WARN 18328 --- [    Test worker] o.s.s.c.a.web.builders.WebSecurity       : You are asking Spring Security to ignore Ant [pattern='/css/**']. This is not recommended -- please use permitAll via HttpSecurity#authorizeHttpRequests instead.
2023-11-03 16:21:06.238  INFO 18328 --- [    Test worker] o.s.s.web.DefaultSecurityFilterChain     : Will not secure Ant [pattern='/css/**']
2023-11-03 16:21:06.238  WARN 18328 --- [    Test worker] o.s.s.c.a.web.builders.WebSecurity       : You are asking Spring Security to ignore Ant [pattern='/js/**']. This is not recommended -- please use permitAll via HttpSecurity#authorizeHttpRequests instead.
2023-11-03 16:21:06.239  INFO 18328 --- [    Test worker] o.s.s.web.DefaultSecurityFilterChain     : Will not secure Ant [pattern='/js/**']
2023-11-03 16:21:06.239  WARN 18328 --- [    Test worker] o.s.s.c.a.web.builders.WebSecurity       : You are asking Spring Security to ignore Ant [pattern='/images/**']. This is not recommended -- please use permitAll via HttpSecurity#authorizeHttpRequests instead.
2023-11-03 16:21:06.239  INFO 18328 --- [    Test worker] o.s.s.web.DefaultSecurityFilterChain     : Will not secure Ant [pattern='/images/**']
2023-11-03 16:21:06.239  WARN 18328 --- [    Test worker] o.s.s.c.a.web.builders.WebSecurity       : You are asking Spring Security to ignore Ant [pattern='/chat/room']. This is not recommended -- please use permitAll via HttpSecurity#authorizeHttpRequests instead.
2023-11-03 16:21:06.240  INFO 18328 --- [    Test worker] o.s.s.web.DefaultSecurityFilterChain     : Will not secure Ant [pattern='/chat/room']
2023-11-03 16:21:06.240  WARN 18328 --- [    Test worker] o.s.s.c.a.web.builders.WebSecurity       : You are asking Spring Security to ignore Ant [pattern='/ws/chat/**']. This is not recommended -- please use permitAll via HttpSecurity#authorizeHttpRequests instead.
2023-11-03 16:21:06.240  INFO 18328 --- [    Test worker] o.s.s.web.DefaultSecurityFilterChain     : Will not secure Ant [pattern='/ws/chat/**']
2023-11-03 16:21:06.240  WARN 18328 --- [    Test worker] o.s.s.c.a.web.builders.WebSecurity       : You are asking Spring Security to ignore Ant [pattern='/queue/**']. This is not recommended -- please use permitAll via HttpSecurity#authorizeHttpRequests instead.
2023-11-03 16:21:06.240  INFO 18328 --- [    Test worker] o.s.s.web.DefaultSecurityFilterChain     : Will not secure Ant [pattern='/queue/**']
2023-11-03 16:21:06.240  WARN 18328 --- [    Test worker] o.s.s.c.a.web.builders.WebSecurity       : You are asking Spring Security to ignore Ant [pattern='/topic/**']. This is not recommended -- please use permitAll via HttpSecurity#authorizeHttpRequests instead.
2023-11-03 16:21:06.240  INFO 18328 --- [    Test worker] o.s.s.web.DefaultSecurityFilterChain     : Will not secure Ant [pattern='/topic/**']
2023-11-03 16:21:06.240  WARN 18328 --- [    Test worker] o.s.s.c.a.web.builders.WebSecurity       : You are asking Spring Security to ignore Ant [pattern='/app/**']. This is not recommended -- please use permitAll via HttpSecurity#authorizeHttpRequests instead.
2023-11-03 16:21:06.240  INFO 18328 --- [    Test worker] o.s.s.web.DefaultSecurityFilterChain     : Will not secure Ant [pattern='/app/**']
2023-11-03 16:21:06.240  WARN 18328 --- [    Test worker] o.s.s.c.a.web.builders.WebSecurity       : You are asking Spring Security to ignore Ant [pattern='/rooms']. This is not recommended -- please use permitAll via HttpSecurity#authorizeHttpRequests instead.
2023-11-03 16:21:06.241  INFO 18328 --- [    Test worker] o.s.s.web.DefaultSecurityFilterChain     : Will not secure Ant [pattern='/rooms']
2023-11-03 16:21:06.241  WARN 18328 --- [    Test worker] o.s.s.c.a.web.builders.WebSecurity       : You are asking Spring Security to ignore Ant [pattern='/room/**']. This is not recommended -- please use permitAll via HttpSecurity#authorizeHttpRequests instead.
2023-11-03 16:21:06.241  INFO 18328 --- [    Test worker] o.s.s.web.DefaultSecurityFilterChain     : Will not secure Ant [pattern='/room/**']
2023-11-03 16:21:06.241  WARN 18328 --- [    Test worker] o.s.s.c.a.web.builders.WebSecurity       : You are asking Spring Security to ignore Ant [pattern='/**']. This is not recommended -- please use permitAll via HttpSecurity#authorizeHttpRequests instead.
2023-11-03 16:21:06.241  INFO 18328 --- [    Test worker] o.s.s.web.DefaultSecurityFilterChain     : Will not secure Ant [pattern='/**']
2023-11-03 16:21:06.241  WARN 18328 --- [    Test worker] o.s.s.c.a.web.builders.WebSecurity       : You are asking Spring Security to ignore Ant [pattern='/templates/**']. This is not recommended -- please use permitAll via HttpSecurity#authorizeHttpRequests instead.
2023-11-03 16:21:06.243  INFO 18328 --- [    Test worker] o.s.s.web.DefaultSecurityFilterChain     : Will not secure Ant [pattern='/templates/**']
2023-11-03 16:21:06.243  WARN 18328 --- [    Test worker] o.s.s.c.a.web.builders.WebSecurity       : You are asking Spring Security to ignore Ant [pattern='room/enter/**']. This is not recommended -- please use permitAll via HttpSecurity#authorizeHttpRequests instead.
2023-11-03 16:21:06.243  INFO 18328 --- [    Test worker] o.s.s.web.DefaultSecurityFilterChain     : Will not secure Ant [pattern='room/enter/**']
2023-11-03 16:21:06.243  WARN 18328 --- [    Test worker] o.s.s.c.a.web.builders.WebSecurity       : You are asking Spring Security to ignore Ant [pattern='/chat/**']. This is not recommended -- please use permitAll via HttpSecurity#authorizeHttpRequests instead.
2023-11-03 16:21:06.243  INFO 18328 --- [    Test worker] o.s.s.web.DefaultSecurityFilterChain     : Will not secure Ant [pattern='/chat/**']
2023-11-03 16:21:06.244  WARN 18328 --- [    Test worker] o.s.s.c.a.web.builders.WebSecurity       : You are asking Spring Security to ignore Ant [pattern='/app/chat/message']. This is not recommended -- please use permitAll via HttpSecurity#authorizeHttpRequests instead.
2023-11-03 16:21:06.244  INFO 18328 --- [    Test worker] o.s.s.web.DefaultSecurityFilterChain     : Will not secure Ant [pattern='/app/chat/message']
2023-11-03 16:21:07.171  INFO 18328 --- [    Test worker] o.s.b.a.w.s.WelcomePageHandlerMapping    : Adding welcome page: class path resource [static/index.html]
2023-11-03 16:21:08.715  INFO 18328 --- [    Test worker] o.s.m.s.b.SimpleBrokerMessageHandler     : Starting...
2023-11-03 16:21:08.716  INFO 18328 --- [    Test worker] o.s.m.s.b.SimpleBrokerMessageHandler     : BrokerAvailabilityEvent[available=true, SimpleBrokerMessageHandler [org.springframework.messaging.simp.broker.DefaultSubscriptionRegistry@63fcc21]]
2023-11-03 16:21:08.719  INFO 18328 --- [    Test worker] o.s.m.s.b.SimpleBrokerMessageHandler     : Started.
2023-11-03 16:21:08.748  INFO 18328 --- [    Test worker] smu.som.yut.YutApplicationTests          : Started YutApplicationTests in 14.482 seconds (JVM running for 17.977)
]]></system-out>
  <system-err><![CDATA[]]></system-err>
</testsuite>
