<?xml version="1.0" encoding="UTF-8"?>
<testsuite name="umc.gridge.gtc.repository.UserRepositoryTest" tests="1" skipped="0" failures="0" errors="0" timestamp="2022-08-07T14:29:08" hostname="GANA-LAPTOP" time="0.313">
  <properties/>
  <testcase name="중복된_유저O()" classname="umc.gridge.gtc.repository.UserRepositoryTest" time="0.313"/>
  <system-out><![CDATA[2022-08-07 23:29:08.115  INFO 1960 --- [    Test worker] .b.t.c.SpringBootTestContextBootstrapper : Neither @ContextConfiguration nor @ContextHierarchy found for test class [umc.gridge.gtc.repository.UserRepositoryTest], using SpringBootContextLoader
2022-08-07 23:29:08.117  INFO 1960 --- [    Test worker] o.s.t.c.support.AbstractContextLoader    : Could not detect default resource locations for test class [umc.gridge.gtc.repository.UserRepositoryTest]: no resource found for suffixes {-context.xml, Context.groovy}.
2022-08-07 23:29:08.117  INFO 1960 --- [    Test worker] t.c.s.AnnotationConfigContextLoaderUtils : Could not detect default configuration classes for test class [umc.gridge.gtc.repository.UserRepositoryTest]: UserRepositoryTest does not declare any static, non-private, non-final, nested classes annotated with @Configuration.
2022-08-07 23:29:08.135  INFO 1960 --- [    Test worker] .b.t.c.SpringBootTestContextBootstrapper : Found @SpringBootConfiguration umc.gridge.gtc.GtcApplication for test class umc.gridge.gtc.repository.UserRepositoryTest
2022-08-07 23:29:08.139  INFO 1960 --- [    Test worker] .b.t.c.SpringBootTestContextBootstrapper : Loaded default TestExecutionListener class names from location [META-INF/spring.factories]: [org.springframework.boot.test.autoconfigure.restdocs.RestDocsTestExecutionListener, org.springframework.boot.test.autoconfigure.web.client.MockRestServiceServerResetTestExecutionListener, org.springframework.boot.test.autoconfigure.web.servlet.MockMvcPrintOnlyOnFailureTestExecutionListener, org.springframework.boot.test.autoconfigure.web.servlet.WebDriverTestExecutionListener, org.springframework.boot.test.autoconfigure.webservices.client.MockWebServiceServerTestExecutionListener, org.springframework.boot.test.mock.mockito.MockitoTestExecutionListener, org.springframework.boot.test.mock.mockito.ResetMocksTestExecutionListener, org.springframework.test.context.web.ServletTestExecutionListener, org.springframework.test.context.support.DirtiesContextBeforeModesTestExecutionListener, org.springframework.test.context.event.ApplicationEventsTestExecutionListener, org.springframework.test.context.support.DependencyInjectionTestExecutionListener, org.springframework.test.context.support.DirtiesContextTestExecutionListener, org.springframework.test.context.transaction.TransactionalTestExecutionListener, org.springframework.test.context.jdbc.SqlScriptsTestExecutionListener, org.springframework.test.context.event.EventPublishingTestExecutionListener]
2022-08-07 23:29:08.140  INFO 1960 --- [    Test worker] .b.t.c.SpringBootTestContextBootstrapper : Using TestExecutionListeners: [org.springframework.test.context.web.ServletTestExecutionListener@5c7b504, org.springframework.test.context.support.DirtiesContextBeforeModesTestExecutionListener@772589ed, org.springframework.test.context.event.ApplicationEventsTestExecutionListener@4619854a, org.springframework.boot.test.mock.mockito.MockitoTestExecutionListener@c040c8d, org.springframework.boot.test.autoconfigure.SpringBootDependencyInjectionTestExecutionListener@3453f79c, org.springframework.test.context.support.DirtiesContextTestExecutionListener@6f627a1a, org.springframework.test.context.transaction.TransactionalTestExecutionListener@655b9169, org.springframework.test.context.jdbc.SqlScriptsTestExecutionListener@4917992b, org.springframework.test.context.event.EventPublishingTestExecutionListener@62536882, org.springframework.boot.test.autoconfigure.restdocs.RestDocsTestExecutionListener@1e9d6c78, org.springframework.boot.test.autoconfigure.web.client.MockRestServiceServerResetTestExecutionListener@27f4761b, org.springframework.boot.test.autoconfigure.web.servlet.MockMvcPrintOnlyOnFailureTestExecutionListener@52df6d0f, org.springframework.boot.test.autoconfigure.web.servlet.WebDriverTestExecutionListener@2bb118ae, org.springframework.boot.test.autoconfigure.webservices.client.MockWebServiceServerTestExecutionListener@5e3a5f0c, org.springframework.boot.test.mock.mockito.ResetMocksTestExecutionListener@5afaae7e]
2022-08-07 23:29:08.155  INFO 1960 --- [    Test worker] o.s.t.c.transaction.TransactionContext   : Began transaction (1) for test context [DefaultTestContext@50331591 testClass = UserRepositoryTest, testInstance = umc.gridge.gtc.repository.UserRepositoryTest@5cfde2a4, testMethod = 중복된_유저O@UserRepositoryTest, testException = [null], mergedContextConfiguration = [WebMergedContextConfiguration@53fb3e1b testClass = UserRepositoryTest, locations = '{}', classes = '{class umc.gridge.gtc.GtcApplication}', contextInitializerClasses = '[]', activeProfiles = '{}', propertySourceLocations = '{}', propertySourceProperties = '{org.springframework.boot.test.context.SpringBootTestContextBootstrapper=true}', contextCustomizers = set[org.springframework.boot.test.autoconfigure.actuate.metrics.MetricsExportContextCustomizerFactory$DisableMetricExportContextCustomizer@40c80397, org.springframework.boot.test.autoconfigure.properties.PropertyMappingContextCustomizer@0, org.springframework.boot.test.autoconfigure.web.servlet.WebDriverContextCustomizerFactory$Customizer@1fdfafd2, org.springframework.boot.test.context.filter.ExcludeFilterContextCustomizer@5c87bfe2, org.springframework.boot.test.json.DuplicateJsonObjectContextCustomizerFactory$DuplicateJsonObjectContextCustomizer@4cc6fa2a, org.springframework.boot.test.mock.mockito.MockitoContextCustomizer@0, org.springframework.boot.test.web.client.TestRestTemplateContextCustomizer@3dddefd8, org.springframework.boot.test.context.SpringBootTestArgs@1, org.springframework.boot.test.context.SpringBootTestWebEnvironment@2415fc55], resourceBasePath = 'src/main/webapp', contextLoader = 'org.springframework.boot.test.context.SpringBootContextLoader', parent = [null]], attributes = map['org.springframework.test.context.web.ServletTestExecutionListener.activateListener' -> true, 'org.springframework.test.context.web.ServletTestExecutionListener.populatedRequestContextHolder' -> true, 'org.springframework.test.context.web.ServletTestExecutionListener.resetRequestContextHolder' -> true, 'org.springframework.test.context.event.ApplicationEventsTestExecutionListener.recordApplicationEvents' -> false]]; transaction manager [org.springframework.orm.jpa.JpaTransactionManager@49c37918]; rollback [false]
2022-08-07 23:29:08.376 DEBUG 1960 --- [    Test worker] org.hibernate.SQL                        : 
    select
        user0_.user_idx as user_idx1_5_,
        user0_.birth as birth2_5_,
        user0_.created_at as created_3_5_,
        user0_.introduction as introduc4_5_,
        user0_.name as name5_5_,
        user0_.num_of_follower as num_of_f6_5_,
        user0_.num_of_following as num_of_f7_5_,
        user0_.num_of_posts as num_of_p8_5_,
        user0_.password as password9_5_,
        user0_.phone as phone10_5_,
        user0_.profile_img_url as profile11_5_,
        user0_.user_name as user_na12_5_,
        user0_.website as website13_5_ 
    from
        user user0_ 
    where
        user0_.user_name=?
2022-08-07 23:29:08.382 TRACE 1960 --- [    Test worker] o.h.type.descriptor.sql.BasicBinder      : binding parameter [1] as [VARCHAR] - [gana0303]
2022-08-07 23:29:08.395 TRACE 1960 --- [    Test worker] o.h.type.descriptor.sql.BasicExtractor   : extracted value ([user_idx1_5_] : [BIGINT]) - [1]
2022-08-07 23:29:08.406 TRACE 1960 --- [    Test worker] o.h.type.descriptor.sql.BasicExtractor   : extracted value ([birth2_5_] : [DATE]) - [2001-03-03]
2022-08-07 23:29:08.409 TRACE 1960 --- [    Test worker] o.h.type.descriptor.sql.BasicExtractor   : extracted value ([created_3_5_] : [TIMESTAMP]) - [2022-08-07T22:23:24]
2022-08-07 23:29:08.410 TRACE 1960 --- [    Test worker] o.h.type.descriptor.sql.BasicExtractor   : extracted value ([introduc4_5_] : [VARCHAR]) - [null]
2022-08-07 23:29:08.410 TRACE 1960 --- [    Test worker] o.h.type.descriptor.sql.BasicExtractor   : extracted value ([name5_5_] : [VARCHAR]) - [최가나]
2022-08-07 23:29:08.411 TRACE 1960 --- [    Test worker] o.h.type.descriptor.sql.BasicExtractor   : extracted value ([num_of_f6_5_] : [INTEGER]) - [2]
2022-08-07 23:29:08.411 TRACE 1960 --- [    Test worker] o.h.type.descriptor.sql.BasicExtractor   : extracted value ([num_of_f7_5_] : [INTEGER]) - [2]
2022-08-07 23:29:08.412 TRACE 1960 --- [    Test worker] o.h.type.descriptor.sql.BasicExtractor   : extracted value ([num_of_p8_5_] : [INTEGER]) - [2]
2022-08-07 23:29:08.412 TRACE 1960 --- [    Test worker] o.h.type.descriptor.sql.BasicExtractor   : extracted value ([password9_5_] : [VARCHAR]) - [cab5f2e58037363d35912e14c7712d27de0f637eabfb6d79d1a533bae66104e6]
2022-08-07 23:29:08.412 TRACE 1960 --- [    Test worker] o.h.type.descriptor.sql.BasicExtractor   : extracted value ([phone10_5_] : [VARCHAR]) - [01071383165]
2022-08-07 23:29:08.412 TRACE 1960 --- [    Test worker] o.h.type.descriptor.sql.BasicExtractor   : extracted value ([profile11_5_] : [VARCHAR]) - [null]
2022-08-07 23:29:08.412 TRACE 1960 --- [    Test worker] o.h.type.descriptor.sql.BasicExtractor   : extracted value ([user_na12_5_] : [VARCHAR]) - [gana0303]
2022-08-07 23:29:08.412 TRACE 1960 --- [    Test worker] o.h.type.descriptor.sql.BasicExtractor   : extracted value ([website13_5_] : [VARCHAR]) - [null]
2022-08-07 23:29:08.458  INFO 1960 --- [    Test worker] o.s.t.c.transaction.TransactionContext   : Committed transaction for test: [DefaultTestContext@50331591 testClass = UserRepositoryTest, testInstance = umc.gridge.gtc.repository.UserRepositoryTest@5cfde2a4, testMethod = 중복된_유저O@UserRepositoryTest, testException = [null], mergedContextConfiguration = [WebMergedContextConfiguration@53fb3e1b testClass = UserRepositoryTest, locations = '{}', classes = '{class umc.gridge.gtc.GtcApplication}', contextInitializerClasses = '[]', activeProfiles = '{}', propertySourceLocations = '{}', propertySourceProperties = '{org.springframework.boot.test.context.SpringBootTestContextBootstrapper=true}', contextCustomizers = set[org.springframework.boot.test.autoconfigure.actuate.metrics.MetricsExportContextCustomizerFactory$DisableMetricExportContextCustomizer@40c80397, org.springframework.boot.test.autoconfigure.properties.PropertyMappingContextCustomizer@0, org.springframework.boot.test.autoconfigure.web.servlet.WebDriverContextCustomizerFactory$Customizer@1fdfafd2, org.springframework.boot.test.context.filter.ExcludeFilterContextCustomizer@5c87bfe2, org.springframework.boot.test.json.DuplicateJsonObjectContextCustomizerFactory$DuplicateJsonObjectContextCustomizer@4cc6fa2a, org.springframework.boot.test.mock.mockito.MockitoContextCustomizer@0, org.springframework.boot.test.web.client.TestRestTemplateContextCustomizer@3dddefd8, org.springframework.boot.test.context.SpringBootTestArgs@1, org.springframework.boot.test.context.SpringBootTestWebEnvironment@2415fc55], resourceBasePath = 'src/main/webapp', contextLoader = 'org.springframework.boot.test.context.SpringBootContextLoader', parent = [null]], attributes = map['org.springframework.test.context.web.ServletTestExecutionListener.activateListener' -> true, 'org.springframework.test.context.web.ServletTestExecutionListener.populatedRequestContextHolder' -> true, 'org.springframework.test.context.web.ServletTestExecutionListener.resetRequestContextHolder' -> true, 'org.springframework.test.context.event.ApplicationEventsTestExecutionListener.recordApplicationEvents' -> false]]
]]></system-out>
  <system-err><![CDATA[]]></system-err>
</testsuite>
