<?xml version="1.0" encoding="UTF-8"?>
<testsuite name="umc.gridge.gtc.GtcApplicationTests" tests="1" skipped="0" failures="0" errors="0" timestamp="2022-08-07T14:29:07" hostname="GANA-LAPTOP" time="0.379">
  <properties/>
  <testcase name="contextLoads()" classname="umc.gridge.gtc.GtcApplicationTests" time="0.379"/>
  <system-out><![CDATA[23:28:59.176 [Test worker] DEBUG org.springframework.test.context.BootstrapUtils - Instantiating CacheAwareContextLoaderDelegate from class [org.springframework.test.context.cache.DefaultCacheAwareContextLoaderDelegate]
23:28:59.193 [Test worker] DEBUG org.springframework.test.context.BootstrapUtils - Instantiating BootstrapContext using constructor [public org.springframework.test.context.support.DefaultBootstrapContext(java.lang.Class,org.springframework.test.context.CacheAwareContextLoaderDelegate)]
23:28:59.245 [Test worker] DEBUG org.springframework.test.context.BootstrapUtils - Instantiating TestContextBootstrapper for test class [umc.gridge.gtc.GtcApplicationTests] from class [org.springframework.boot.test.context.SpringBootTestContextBootstrapper]
23:28:59.263 [Test worker] INFO org.springframework.boot.test.context.SpringBootTestContextBootstrapper - Neither @ContextConfiguration nor @ContextHierarchy found for test class [umc.gridge.gtc.GtcApplicationTests], using SpringBootContextLoader
23:28:59.270 [Test worker] DEBUG org.springframework.test.context.support.AbstractContextLoader - Did not detect default resource location for test class [umc.gridge.gtc.GtcApplicationTests]: class path resource [umc/gridge/gtc/GtcApplicationTests-context.xml] does not exist
23:28:59.271 [Test worker] DEBUG org.springframework.test.context.support.AbstractContextLoader - Did not detect default resource location for test class [umc.gridge.gtc.GtcApplicationTests]: class path resource [umc/gridge/gtc/GtcApplicationTestsContext.groovy] does not exist
23:28:59.272 [Test worker] INFO org.springframework.test.context.support.AbstractContextLoader - Could not detect default resource locations for test class [umc.gridge.gtc.GtcApplicationTests]: no resource found for suffixes {-context.xml, Context.groovy}.
23:28:59.273 [Test worker] INFO org.springframework.test.context.support.AnnotationConfigContextLoaderUtils - Could not detect default configuration classes for test class [umc.gridge.gtc.GtcApplicationTests]: GtcApplicationTests does not declare any static, non-private, non-final, nested classes annotated with @Configuration.
23:28:59.344 [Test worker] DEBUG org.springframework.test.context.support.ActiveProfilesUtils - Could not find an 'annotation declaring class' for annotation type [org.springframework.test.context.ActiveProfiles] and class [umc.gridge.gtc.GtcApplicationTests]
23:28:59.451 [Test worker] DEBUG org.springframework.context.annotation.ClassPathScanningCandidateComponentProvider - Identified candidate component class: file [C:\git\umc_gridge-test\build\classes\java\main\umc\gridge\gtc\GtcApplication.class]
23:28:59.472 [Test worker] INFO org.springframework.boot.test.context.SpringBootTestContextBootstrapper - Found @SpringBootConfiguration umc.gridge.gtc.GtcApplication for test class umc.gridge.gtc.GtcApplicationTests
23:28:59.632 [Test worker] DEBUG org.springframework.boot.test.context.SpringBootTestContextBootstrapper - @TestExecutionListeners is not present for class [umc.gridge.gtc.GtcApplicationTests]: using defaults.
23:28:59.632 [Test worker] INFO org.springframework.boot.test.context.SpringBootTestContextBootstrapper - Loaded default TestExecutionListener class names from location [META-INF/spring.factories]: [org.springframework.boot.test.autoconfigure.restdocs.RestDocsTestExecutionListener, org.springframework.boot.test.autoconfigure.web.client.MockRestServiceServerResetTestExecutionListener, org.springframework.boot.test.autoconfigure.web.servlet.MockMvcPrintOnlyOnFailureTestExecutionListener, org.springframework.boot.test.autoconfigure.web.servlet.WebDriverTestExecutionListener, org.springframework.boot.test.autoconfigure.webservices.client.MockWebServiceServerTestExecutionListener, org.springframework.boot.test.mock.mockito.MockitoTestExecutionListener, org.springframework.boot.test.mock.mockito.ResetMocksTestExecutionListener, org.springframework.test.context.web.ServletTestExecutionListener, org.springframework.test.context.support.DirtiesContextBeforeModesTestExecutionListener, org.springframework.test.context.event.ApplicationEventsTestExecutionListener, org.springframework.test.context.support.DependencyInjectionTestExecutionListener, org.springframework.test.context.support.DirtiesContextTestExecutionListener, org.springframework.test.context.transaction.TransactionalTestExecutionListener, org.springframework.test.context.jdbc.SqlScriptsTestExecutionListener, org.springframework.test.context.event.EventPublishingTestExecutionListener]
23:28:59.656 [Test worker] INFO org.springframework.boot.test.context.SpringBootTestContextBootstrapper - Using TestExecutionListeners: [org.springframework.test.context.web.ServletTestExecutionListener@70f43b45, org.springframework.test.context.support.DirtiesContextBeforeModesTestExecutionListener@26d10f2e, org.springframework.test.context.event.ApplicationEventsTestExecutionListener@10ad20cb, org.springframework.boot.test.mock.mockito.MockitoTestExecutionListener@7dd712e8, org.springframework.boot.test.autoconfigure.SpringBootDependencyInjectionTestExecutionListener@2c282004, org.springframework.test.context.support.DirtiesContextTestExecutionListener@22ee2d0, org.springframework.test.context.transaction.TransactionalTestExecutionListener@7bfc3126, org.springframework.test.context.jdbc.SqlScriptsTestExecutionListener@3e792ce3, org.springframework.test.context.event.EventPublishingTestExecutionListener@53bc1328, org.springframework.boot.test.autoconfigure.restdocs.RestDocsTestExecutionListener@26f143ed, org.springframework.boot.test.autoconfigure.web.client.MockRestServiceServerResetTestExecutionListener@3c1e3314, org.springframework.boot.test.autoconfigure.web.servlet.MockMvcPrintOnlyOnFailureTestExecutionListener@4b770e40, org.springframework.boot.test.autoconfigure.web.servlet.WebDriverTestExecutionListener@78e16155, org.springframework.boot.test.autoconfigure.webservices.client.MockWebServiceServerTestExecutionListener@54a3ab8f, org.springframework.boot.test.mock.mockito.ResetMocksTestExecutionListener@1968a49c]
23:28:59.662 [Test worker] DEBUG org.springframework.test.context.support.AbstractDirtiesContextTestExecutionListener - Before test class: context [DefaultTestContext@7e8e8651 testClass = GtcApplicationTests, testInstance = [null], testMethod = [null], testException = [null], mergedContextConfiguration = [WebMergedContextConfiguration@49ef32e0 testClass = GtcApplicationTests, locations = '{}', classes = '{class umc.gridge.gtc.GtcApplication}', contextInitializerClasses = '[]', activeProfiles = '{}', propertySourceLocations = '{}', propertySourceProperties = '{org.springframework.boot.test.context.SpringBootTestContextBootstrapper=true}', contextCustomizers = set[org.springframework.boot.test.autoconfigure.actuate.metrics.MetricsExportContextCustomizerFactory$DisableMetricExportContextCustomizer@40c80397, org.springframework.boot.test.autoconfigure.properties.PropertyMappingContextCustomizer@0, org.springframework.boot.test.autoconfigure.web.servlet.WebDriverContextCustomizerFactory$Customizer@1fdfafd2, org.springframework.boot.test.context.filter.ExcludeFilterContextCustomizer@5c87bfe2, org.springframework.boot.test.json.DuplicateJsonObjectContextCustomizerFactory$DuplicateJsonObjectContextCustomizer@4cc6fa2a, org.springframework.boot.test.mock.mockito.MockitoContextCustomizer@0, org.springframework.boot.test.web.client.TestRestTemplateContextCustomizer@3dddefd8, org.springframework.boot.test.context.SpringBootTestArgs@1, org.springframework.boot.test.context.SpringBootTestWebEnvironment@2415fc55], resourceBasePath = 'src/main/webapp', contextLoader = 'org.springframework.boot.test.context.SpringBootContextLoader', parent = [null]], attributes = map['org.springframework.test.context.web.ServletTestExecutionListener.activateListener' -> true]], class annotated with @DirtiesContext [false] with mode [null].

  .   ____          _            __ _ _
 /\\ / ___'_ __ _ _(_)_ __  __ _ \ \ \ \
( ( )\___ | '_ | '_| | '_ \/ _` | \ \ \ \
 \\/  ___)| |_)| | | | | || (_| |  ) ) ) )
  '  |____| .__|_| |_|_| |_\__, | / / / /
 =========|_|==============|___/=/_/_/_/
 :: Spring Boot ::                (v2.7.2)

2022-08-07 23:29:00.277  INFO 1960 --- [    Test worker] umc.gridge.gtc.GtcApplicationTests       : Starting GtcApplicationTests using Java 11.0.15 on GANA-LAPTOP with PID 1960 (started by Choi ga na in C:\git\umc_gridge-test)
2022-08-07 23:29:00.279  INFO 1960 --- [    Test worker] umc.gridge.gtc.GtcApplicationTests       : No active profile set, falling back to 1 default profile: "default"
2022-08-07 23:29:01.585  INFO 1960 --- [    Test worker] .s.d.r.c.RepositoryConfigurationDelegate : Multiple Spring Data modules found, entering strict repository configuration mode
2022-08-07 23:29:01.588  INFO 1960 --- [    Test worker] .s.d.r.c.RepositoryConfigurationDelegate : Bootstrapping Spring Data JDBC repositories in DEFAULT mode.
2022-08-07 23:29:01.631  INFO 1960 --- [    Test worker] .s.d.r.c.RepositoryConfigurationDelegate : Finished Spring Data repository scanning in 36 ms. Found 0 JDBC repository interfaces.
2022-08-07 23:29:01.646  INFO 1960 --- [    Test worker] .s.d.r.c.RepositoryConfigurationDelegate : Multiple Spring Data modules found, entering strict repository configuration mode
2022-08-07 23:29:01.649  INFO 1960 --- [    Test worker] .s.d.r.c.RepositoryConfigurationDelegate : Bootstrapping Spring Data JPA repositories in DEFAULT mode.
2022-08-07 23:29:01.686  INFO 1960 --- [    Test worker] .s.d.r.c.RepositoryConfigurationDelegate : Finished Spring Data repository scanning in 31 ms. Found 0 JPA repository interfaces.
2022-08-07 23:29:02.633  INFO 1960 --- [    Test worker] o.hibernate.jpa.internal.util.LogHelper  : HHH000204: Processing PersistenceUnitInfo [name: default]
2022-08-07 23:29:02.755  INFO 1960 --- [    Test worker] org.hibernate.Version                    : HHH000412: Hibernate ORM core version 5.6.10.Final
2022-08-07 23:29:03.097  INFO 1960 --- [    Test worker] o.hibernate.annotations.common.Version   : HCANN000001: Hibernate Commons Annotations {5.1.2.Final}
2022-08-07 23:29:03.157 DEBUG 1960 --- [    Test worker] org.hibernate.type.BasicTypeRegistry     : Adding type registration boolean -> org.hibernate.type.BooleanType@46612bfc
2022-08-07 23:29:03.157 DEBUG 1960 --- [    Test worker] org.hibernate.type.BasicTypeRegistry     : Adding type registration boolean -> org.hibernate.type.BooleanType@46612bfc
2022-08-07 23:29:03.157 DEBUG 1960 --- [    Test worker] org.hibernate.type.BasicTypeRegistry     : Adding type registration java.lang.Boolean -> org.hibernate.type.BooleanType@46612bfc
2022-08-07 23:29:03.158 DEBUG 1960 --- [    Test worker] org.hibernate.type.BasicTypeRegistry     : Adding type registration numeric_boolean -> org.hibernate.type.NumericBooleanType@15369d73
2022-08-07 23:29:03.159 DEBUG 1960 --- [    Test worker] org.hibernate.type.BasicTypeRegistry     : Adding type registration true_false -> org.hibernate.type.TrueFalseType@28daf506
2022-08-07 23:29:03.159 DEBUG 1960 --- [    Test worker] org.hibernate.type.BasicTypeRegistry     : Adding type registration yes_no -> org.hibernate.type.YesNoType@2e4eda17
2022-08-07 23:29:03.161 DEBUG 1960 --- [    Test worker] org.hibernate.type.BasicTypeRegistry     : Adding type registration byte -> org.hibernate.type.ByteType@7af1d072
2022-08-07 23:29:03.161 DEBUG 1960 --- [    Test worker] org.hibernate.type.BasicTypeRegistry     : Adding type registration byte -> org.hibernate.type.ByteType@7af1d072
2022-08-07 23:29:03.161 DEBUG 1960 --- [    Test worker] org.hibernate.type.BasicTypeRegistry     : Adding type registration java.lang.Byte -> org.hibernate.type.ByteType@7af1d072
2022-08-07 23:29:03.163 DEBUG 1960 --- [    Test worker] org.hibernate.type.BasicTypeRegistry     : Adding type registration character -> org.hibernate.type.CharacterType@59b492ec
2022-08-07 23:29:03.164 DEBUG 1960 --- [    Test worker] org.hibernate.type.BasicTypeRegistry     : Adding type registration char -> org.hibernate.type.CharacterType@59b492ec
2022-08-07 23:29:03.164 DEBUG 1960 --- [    Test worker] org.hibernate.type.BasicTypeRegistry     : Adding type registration java.lang.Character -> org.hibernate.type.CharacterType@59b492ec
2022-08-07 23:29:03.165 DEBUG 1960 --- [    Test worker] org.hibernate.type.BasicTypeRegistry     : Adding type registration short -> org.hibernate.type.ShortType@1894fa9f
2022-08-07 23:29:03.166 DEBUG 1960 --- [    Test worker] org.hibernate.type.BasicTypeRegistry     : Adding type registration short -> org.hibernate.type.ShortType@1894fa9f
2022-08-07 23:29:03.166 DEBUG 1960 --- [    Test worker] org.hibernate.type.BasicTypeRegistry     : Adding type registration java.lang.Short -> org.hibernate.type.ShortType@1894fa9f
2022-08-07 23:29:03.168 DEBUG 1960 --- [    Test worker] org.hibernate.type.BasicTypeRegistry     : Adding type registration integer -> org.hibernate.type.IntegerType@33d230ce
2022-08-07 23:29:03.168 DEBUG 1960 --- [    Test worker] org.hibernate.type.BasicTypeRegistry     : Adding type registration int -> org.hibernate.type.IntegerType@33d230ce
2022-08-07 23:29:03.168 DEBUG 1960 --- [    Test worker] org.hibernate.type.BasicTypeRegistry     : Adding type registration java.lang.Integer -> org.hibernate.type.IntegerType@33d230ce
2022-08-07 23:29:03.169 DEBUG 1960 --- [    Test worker] org.hibernate.type.BasicTypeRegistry     : Adding type registration long -> org.hibernate.type.LongType@62e73ab6
2022-08-07 23:29:03.170 DEBUG 1960 --- [    Test worker] org.hibernate.type.BasicTypeRegistry     : Adding type registration long -> org.hibernate.type.LongType@62e73ab6
2022-08-07 23:29:03.170 DEBUG 1960 --- [    Test worker] org.hibernate.type.BasicTypeRegistry     : Adding type registration java.lang.Long -> org.hibernate.type.LongType@62e73ab6
2022-08-07 23:29:03.171 DEBUG 1960 --- [    Test worker] org.hibernate.type.BasicTypeRegistry     : Adding type registration float -> org.hibernate.type.FloatType@681de87f
2022-08-07 23:29:03.171 DEBUG 1960 --- [    Test worker] org.hibernate.type.BasicTypeRegistry     : Adding type registration float -> org.hibernate.type.FloatType@681de87f
2022-08-07 23:29:03.172 DEBUG 1960 --- [    Test worker] org.hibernate.type.BasicTypeRegistry     : Adding type registration java.lang.Float -> org.hibernate.type.FloatType@681de87f
2022-08-07 23:29:03.173 DEBUG 1960 --- [    Test worker] org.hibernate.type.BasicTypeRegistry     : Adding type registration double -> org.hibernate.type.DoubleType@4e974b9e
2022-08-07 23:29:03.173 DEBUG 1960 --- [    Test worker] org.hibernate.type.BasicTypeRegistry     : Adding type registration double -> org.hibernate.type.DoubleType@4e974b9e
2022-08-07 23:29:03.173 DEBUG 1960 --- [    Test worker] org.hibernate.type.BasicTypeRegistry     : Adding type registration java.lang.Double -> org.hibernate.type.DoubleType@4e974b9e
2022-08-07 23:29:03.175 DEBUG 1960 --- [    Test worker] org.hibernate.type.BasicTypeRegistry     : Adding type registration big_decimal -> org.hibernate.type.BigDecimalType@250967f1
2022-08-07 23:29:03.175 DEBUG 1960 --- [    Test worker] org.hibernate.type.BasicTypeRegistry     : Adding type registration java.math.BigDecimal -> org.hibernate.type.BigDecimalType@250967f1
2022-08-07 23:29:03.176 DEBUG 1960 --- [    Test worker] org.hibernate.type.BasicTypeRegistry     : Adding type registration big_integer -> org.hibernate.type.BigIntegerType@274fdea6
2022-08-07 23:29:03.177 DEBUG 1960 --- [    Test worker] org.hibernate.type.BasicTypeRegistry     : Adding type registration java.math.BigInteger -> org.hibernate.type.BigIntegerType@274fdea6
2022-08-07 23:29:03.178 DEBUG 1960 --- [    Test worker] org.hibernate.type.BasicTypeRegistry     : Adding type registration string -> org.hibernate.type.StringType@3cc3f13e
2022-08-07 23:29:03.178 DEBUG 1960 --- [    Test worker] org.hibernate.type.BasicTypeRegistry     : Adding type registration java.lang.String -> org.hibernate.type.StringType@3cc3f13e
2022-08-07 23:29:03.178 DEBUG 1960 --- [    Test worker] org.hibernate.type.BasicTypeRegistry     : Adding type registration nstring -> org.hibernate.type.StringNVarcharType@6793f752
2022-08-07 23:29:03.179 DEBUG 1960 --- [    Test worker] org.hibernate.type.BasicTypeRegistry     : Adding type registration ncharacter -> org.hibernate.type.CharacterNCharType@307af381
2022-08-07 23:29:03.181 DEBUG 1960 --- [    Test worker] org.hibernate.type.BasicTypeRegistry     : Adding type registration url -> org.hibernate.type.UrlType@58c42c8c
2022-08-07 23:29:03.181 DEBUG 1960 --- [    Test worker] org.hibernate.type.BasicTypeRegistry     : Adding type registration java.net.URL -> org.hibernate.type.UrlType@58c42c8c
2022-08-07 23:29:03.182 DEBUG 1960 --- [    Test worker] org.hibernate.type.BasicTypeRegistry     : Adding type registration Duration -> org.hibernate.type.DurationType@935d3f9
2022-08-07 23:29:03.183 DEBUG 1960 --- [    Test worker] org.hibernate.type.BasicTypeRegistry     : Adding type registration java.time.Duration -> org.hibernate.type.DurationType@935d3f9
2022-08-07 23:29:03.185 DEBUG 1960 --- [    Test worker] org.hibernate.type.BasicTypeRegistry     : Adding type registration Instant -> org.hibernate.type.InstantType@12567179
2022-08-07 23:29:03.185 DEBUG 1960 --- [    Test worker] org.hibernate.type.BasicTypeRegistry     : Adding type registration java.time.Instant -> org.hibernate.type.InstantType@12567179
2022-08-07 23:29:03.186 DEBUG 1960 --- [    Test worker] org.hibernate.type.BasicTypeRegistry     : Adding type registration LocalDateTime -> org.hibernate.type.LocalDateTimeType@13ef7fa1
2022-08-07 23:29:03.187 DEBUG 1960 --- [    Test worker] org.hibernate.type.BasicTypeRegistry     : Adding type registration java.time.LocalDateTime -> org.hibernate.type.LocalDateTimeType@13ef7fa1
2022-08-07 23:29:03.188 DEBUG 1960 --- [    Test worker] org.hibernate.type.BasicTypeRegistry     : Adding type registration LocalDate -> org.hibernate.type.LocalDateType@e26a3df
2022-08-07 23:29:03.189 DEBUG 1960 --- [    Test worker] org.hibernate.type.BasicTypeRegistry     : Adding type registration java.time.LocalDate -> org.hibernate.type.LocalDateType@e26a3df
2022-08-07 23:29:03.190 DEBUG 1960 --- [    Test worker] org.hibernate.type.BasicTypeRegistry     : Adding type registration LocalTime -> org.hibernate.type.LocalTimeType@6d969330
2022-08-07 23:29:03.190 DEBUG 1960 --- [    Test worker] org.hibernate.type.BasicTypeRegistry     : Adding type registration java.time.LocalTime -> org.hibernate.type.LocalTimeType@6d969330
2022-08-07 23:29:03.193 DEBUG 1960 --- [    Test worker] org.hibernate.type.BasicTypeRegistry     : Adding type registration OffsetDateTime -> org.hibernate.type.OffsetDateTimeType@7d66a126
2022-08-07 23:29:03.193 DEBUG 1960 --- [    Test worker] org.hibernate.type.BasicTypeRegistry     : Adding type registration java.time.OffsetDateTime -> org.hibernate.type.OffsetDateTimeType@7d66a126
2022-08-07 23:29:03.194 DEBUG 1960 --- [    Test worker] org.hibernate.type.BasicTypeRegistry     : Adding type registration OffsetTime -> org.hibernate.type.OffsetTimeType@307c59ea
2022-08-07 23:29:03.194 DEBUG 1960 --- [    Test worker] org.hibernate.type.BasicTypeRegistry     : Adding type registration java.time.OffsetTime -> org.hibernate.type.OffsetTimeType@307c59ea
2022-08-07 23:29:03.197 DEBUG 1960 --- [    Test worker] org.hibernate.type.BasicTypeRegistry     : Adding type registration ZonedDateTime -> org.hibernate.type.ZonedDateTimeType@554566a8
2022-08-07 23:29:03.197 DEBUG 1960 --- [    Test worker] org.hibernate.type.BasicTypeRegistry     : Adding type registration java.time.ZonedDateTime -> org.hibernate.type.ZonedDateTimeType@554566a8
2022-08-07 23:29:03.199 DEBUG 1960 --- [    Test worker] org.hibernate.type.BasicTypeRegistry     : Adding type registration date -> org.hibernate.type.DateType@eaf8427
2022-08-07 23:29:03.199 DEBUG 1960 --- [    Test worker] org.hibernate.type.BasicTypeRegistry     : Adding type registration java.sql.Date -> org.hibernate.type.DateType@eaf8427
2022-08-07 23:29:03.201 DEBUG 1960 --- [    Test worker] org.hibernate.type.BasicTypeRegistry     : Adding type registration time -> org.hibernate.type.TimeType@4e4395c
2022-08-07 23:29:03.201 DEBUG 1960 --- [    Test worker] org.hibernate.type.BasicTypeRegistry     : Adding type registration java.sql.Time -> org.hibernate.type.TimeType@4e4395c
2022-08-07 23:29:03.202 DEBUG 1960 --- [    Test worker] org.hibernate.type.BasicTypeRegistry     : Adding type registration timestamp -> org.hibernate.type.TimestampType@1600a8a2
2022-08-07 23:29:03.202 DEBUG 1960 --- [    Test worker] org.hibernate.type.BasicTypeRegistry     : Adding type registration java.sql.Timestamp -> org.hibernate.type.TimestampType@1600a8a2
2022-08-07 23:29:03.202 DEBUG 1960 --- [    Test worker] org.hibernate.type.BasicTypeRegistry     : Adding type registration java.util.Date -> org.hibernate.type.TimestampType@1600a8a2
2022-08-07 23:29:03.206 DEBUG 1960 --- [    Test worker] org.hibernate.type.BasicTypeRegistry     : Adding type registration dbtimestamp -> org.hibernate.type.DbTimestampType@7b95bdb0
2022-08-07 23:29:03.207 DEBUG 1960 --- [    Test worker] org.hibernate.type.BasicTypeRegistry     : Adding type registration calendar -> org.hibernate.type.CalendarType@350ff014
2022-08-07 23:29:03.207 DEBUG 1960 --- [    Test worker] org.hibernate.type.BasicTypeRegistry     : Adding type registration java.util.Calendar -> org.hibernate.type.CalendarType@350ff014
2022-08-07 23:29:03.207 DEBUG 1960 --- [    Test worker] org.hibernate.type.BasicTypeRegistry     : Adding type registration java.util.GregorianCalendar -> org.hibernate.type.CalendarType@350ff014
2022-08-07 23:29:03.208 DEBUG 1960 --- [    Test worker] org.hibernate.type.BasicTypeRegistry     : Adding type registration calendar_date -> org.hibernate.type.CalendarDateType@4af7dd6a
2022-08-07 23:29:03.210 DEBUG 1960 --- [    Test worker] org.hibernate.type.BasicTypeRegistry     : Adding type registration calendar_time -> org.hibernate.type.CalendarTimeType@5618fc1f
2022-08-07 23:29:03.211 DEBUG 1960 --- [    Test worker] org.hibernate.type.BasicTypeRegistry     : Adding type registration locale -> org.hibernate.type.LocaleType@34d9df9f
2022-08-07 23:29:03.212 DEBUG 1960 --- [    Test worker] org.hibernate.type.BasicTypeRegistry     : Adding type registration java.util.Locale -> org.hibernate.type.LocaleType@34d9df9f
2022-08-07 23:29:03.213 DEBUG 1960 --- [    Test worker] org.hibernate.type.BasicTypeRegistry     : Adding type registration currency -> org.hibernate.type.CurrencyType@7b91d9f
2022-08-07 23:29:03.213 DEBUG 1960 --- [    Test worker] org.hibernate.type.BasicTypeRegistry     : Adding type registration java.util.Currency -> org.hibernate.type.CurrencyType@7b91d9f
2022-08-07 23:29:03.215 DEBUG 1960 --- [    Test worker] org.hibernate.type.BasicTypeRegistry     : Adding type registration timezone -> org.hibernate.type.TimeZoneType@2e3f324e
2022-08-07 23:29:03.215 DEBUG 1960 --- [    Test worker] org.hibernate.type.BasicTypeRegistry     : Adding type registration java.util.TimeZone -> org.hibernate.type.TimeZoneType@2e3f324e
2022-08-07 23:29:03.216 DEBUG 1960 --- [    Test worker] org.hibernate.type.BasicTypeRegistry     : Adding type registration class -> org.hibernate.type.ClassType@2a136383
2022-08-07 23:29:03.217 DEBUG 1960 --- [    Test worker] org.hibernate.type.BasicTypeRegistry     : Adding type registration java.lang.Class -> org.hibernate.type.ClassType@2a136383
2022-08-07 23:29:03.218 DEBUG 1960 --- [    Test worker] org.hibernate.type.BasicTypeRegistry     : Adding type registration uuid-binary -> org.hibernate.type.UUIDBinaryType@25567581
2022-08-07 23:29:03.218 DEBUG 1960 --- [    Test worker] org.hibernate.type.BasicTypeRegistry     : Adding type registration java.util.UUID -> org.hibernate.type.UUIDBinaryType@25567581
2022-08-07 23:29:03.219 DEBUG 1960 --- [    Test worker] org.hibernate.type.BasicTypeRegistry     : Adding type registration uuid-char -> org.hibernate.type.UUIDCharType@5da6b13d
2022-08-07 23:29:03.220 DEBUG 1960 --- [    Test worker] org.hibernate.type.BasicTypeRegistry     : Adding type registration binary -> org.hibernate.type.BinaryType@36551e97
2022-08-07 23:29:03.221 DEBUG 1960 --- [    Test worker] org.hibernate.type.BasicTypeRegistry     : Adding type registration byte[] -> org.hibernate.type.BinaryType@36551e97
2022-08-07 23:29:03.221 DEBUG 1960 --- [    Test worker] org.hibernate.type.BasicTypeRegistry     : Adding type registration [B -> org.hibernate.type.BinaryType@36551e97
2022-08-07 23:29:03.222 DEBUG 1960 --- [    Test worker] org.hibernate.type.BasicTypeRegistry     : Adding type registration wrapper-binary -> org.hibernate.type.WrapperBinaryType@4ae280da
2022-08-07 23:29:03.222 DEBUG 1960 --- [    Test worker] org.hibernate.type.BasicTypeRegistry     : Adding type registration Byte[] -> org.hibernate.type.WrapperBinaryType@4ae280da
2022-08-07 23:29:03.222 DEBUG 1960 --- [    Test worker] org.hibernate.type.BasicTypeRegistry     : Adding type registration [Ljava.lang.Byte; -> org.hibernate.type.WrapperBinaryType@4ae280da
2022-08-07 23:29:03.224 DEBUG 1960 --- [    Test worker] org.hibernate.type.BasicTypeRegistry     : Adding type registration row_version -> org.hibernate.type.RowVersionType@421ead7e
2022-08-07 23:29:03.224 DEBUG 1960 --- [    Test worker] org.hibernate.type.BasicTypeRegistry     : Adding type registration image -> org.hibernate.type.ImageType@6826b70f
2022-08-07 23:29:03.226 DEBUG 1960 --- [    Test worker] org.hibernate.type.BasicTypeRegistry     : Adding type registration characters -> org.hibernate.type.CharArrayType@1cee2e10
2022-08-07 23:29:03.226 DEBUG 1960 --- [    Test worker] org.hibernate.type.BasicTypeRegistry     : Adding type registration char[] -> org.hibernate.type.CharArrayType@1cee2e10
2022-08-07 23:29:03.226 DEBUG 1960 --- [    Test worker] org.hibernate.type.BasicTypeRegistry     : Adding type registration [C -> org.hibernate.type.CharArrayType@1cee2e10
2022-08-07 23:29:03.227 DEBUG 1960 --- [    Test worker] org.hibernate.type.BasicTypeRegistry     : Adding type registration wrapper-characters -> org.hibernate.type.CharacterArrayType@c5e69a5
2022-08-07 23:29:03.228 DEBUG 1960 --- [    Test worker] org.hibernate.type.BasicTypeRegistry     : Adding type registration [Ljava.lang.Character; -> org.hibernate.type.CharacterArrayType@c5e69a5
2022-08-07 23:29:03.228 DEBUG 1960 --- [    Test worker] org.hibernate.type.BasicTypeRegistry     : Adding type registration Character[] -> org.hibernate.type.CharacterArrayType@c5e69a5
2022-08-07 23:29:03.228 DEBUG 1960 --- [    Test worker] org.hibernate.type.BasicTypeRegistry     : Adding type registration text -> org.hibernate.type.TextType@6682e6a5
2022-08-07 23:29:03.229 DEBUG 1960 --- [    Test worker] org.hibernate.type.BasicTypeRegistry     : Adding type registration ntext -> org.hibernate.type.NTextType@d84b3a2
2022-08-07 23:29:03.232 DEBUG 1960 --- [    Test worker] org.hibernate.type.BasicTypeRegistry     : Adding type registration blob -> org.hibernate.type.BlobType@28b458e6
2022-08-07 23:29:03.232 DEBUG 1960 --- [    Test worker] org.hibernate.type.BasicTypeRegistry     : Adding type registration java.sql.Blob -> org.hibernate.type.BlobType@28b458e6
2022-08-07 23:29:03.233 DEBUG 1960 --- [    Test worker] org.hibernate.type.BasicTypeRegistry     : Adding type registration materialized_blob -> org.hibernate.type.MaterializedBlobType@7d47dfed
2022-08-07 23:29:03.235 DEBUG 1960 --- [    Test worker] org.hibernate.type.BasicTypeRegistry     : Adding type registration clob -> org.hibernate.type.ClobType@2b01c689
2022-08-07 23:29:03.235 DEBUG 1960 --- [    Test worker] org.hibernate.type.BasicTypeRegistry     : Adding type registration java.sql.Clob -> org.hibernate.type.ClobType@2b01c689
2022-08-07 23:29:03.237 DEBUG 1960 --- [    Test worker] org.hibernate.type.BasicTypeRegistry     : Adding type registration nclob -> org.hibernate.type.NClobType@44dd0d38
2022-08-07 23:29:03.237 DEBUG 1960 --- [    Test worker] org.hibernate.type.BasicTypeRegistry     : Adding type registration java.sql.NClob -> org.hibernate.type.NClobType@44dd0d38
2022-08-07 23:29:03.238 DEBUG 1960 --- [    Test worker] org.hibernate.type.BasicTypeRegistry     : Adding type registration materialized_clob -> org.hibernate.type.MaterializedClobType@60b616c8
2022-08-07 23:29:03.239 DEBUG 1960 --- [    Test worker] org.hibernate.type.BasicTypeRegistry     : Adding type registration materialized_nclob -> org.hibernate.type.MaterializedNClobType@7b8aebd0
2022-08-07 23:29:03.241 DEBUG 1960 --- [    Test worker] org.hibernate.type.BasicTypeRegistry     : Adding type registration serializable -> org.hibernate.type.SerializableType@ee96866
2022-08-07 23:29:03.247 DEBUG 1960 --- [    Test worker] org.hibernate.type.BasicTypeRegistry     : Adding type registration object -> org.hibernate.type.ObjectType@d6b532f
2022-08-07 23:29:03.247 DEBUG 1960 --- [    Test worker] org.hibernate.type.BasicTypeRegistry     : Adding type registration java.lang.Object -> org.hibernate.type.ObjectType@d6b532f
2022-08-07 23:29:03.248 DEBUG 1960 --- [    Test worker] org.hibernate.type.BasicTypeRegistry     : Adding type registration imm_date -> org.hibernate.type.AdaptedImmutableType@28e7bb31
2022-08-07 23:29:03.248 DEBUG 1960 --- [    Test worker] org.hibernate.type.BasicTypeRegistry     : Adding type registration imm_time -> org.hibernate.type.AdaptedImmutableType@6fe04f2a
2022-08-07 23:29:03.248 DEBUG 1960 --- [    Test worker] org.hibernate.type.BasicTypeRegistry     : Adding type registration imm_timestamp -> org.hibernate.type.AdaptedImmutableType@1f758e4f
2022-08-07 23:29:03.248 DEBUG 1960 --- [    Test worker] org.hibernate.type.BasicTypeRegistry     : Adding type registration imm_dbtimestamp -> org.hibernate.type.AdaptedImmutableType@733534f9
2022-08-07 23:29:03.249 DEBUG 1960 --- [    Test worker] org.hibernate.type.BasicTypeRegistry     : Adding type registration imm_calendar -> org.hibernate.type.AdaptedImmutableType@661e279d
2022-08-07 23:29:03.249 DEBUG 1960 --- [    Test worker] org.hibernate.type.BasicTypeRegistry     : Adding type registration imm_calendar_date -> org.hibernate.type.AdaptedImmutableType@beabd6b
2022-08-07 23:29:03.249 DEBUG 1960 --- [    Test worker] org.hibernate.type.BasicTypeRegistry     : Adding type registration imm_binary -> org.hibernate.type.AdaptedImmutableType@38de5daf
2022-08-07 23:29:03.249 DEBUG 1960 --- [    Test worker] org.hibernate.type.BasicTypeRegistry     : Adding type registration imm_serializable -> org.hibernate.type.AdaptedImmutableType@621624b1
2022-08-07 23:29:03.331  INFO 1960 --- [    Test worker] com.zaxxer.hikari.HikariDataSource       : HikariPool-1 - Starting...
2022-08-07 23:29:03.970  INFO 1960 --- [    Test worker] com.zaxxer.hikari.HikariDataSource       : HikariPool-1 - Start completed.
2022-08-07 23:29:04.035  INFO 1960 --- [    Test worker] org.hibernate.dialect.Dialect            : HHH000400: Using dialect: org.hibernate.dialect.MySQL8Dialect
2022-08-07 23:29:04.098 DEBUG 1960 --- [    Test worker] o.h.type.spi.TypeConfiguration$Scope     : Scoping TypeConfiguration [org.hibernate.type.spi.TypeConfiguration@4f581211] to MetadataBuildingContext [org.hibernate.boot.internal.MetadataBuildingContextRootImpl@e0847a9]
2022-08-07 23:29:04.670 DEBUG 1960 --- [    Test worker] o.h.type.spi.TypeConfiguration$Scope     : Scoping TypeConfiguration [org.hibernate.type.spi.TypeConfiguration@4f581211] to SessionFactoryImpl [org.hibernate.internal.SessionFactoryImpl@39342614]
2022-08-07 23:29:05.731  INFO 1960 --- [    Test worker] o.h.e.t.j.p.i.JtaPlatformInitiator       : HHH000490: Using JtaPlatform implementation: [org.hibernate.engine.transaction.jta.platform.internal.NoJtaPlatform]
2022-08-07 23:29:05.745 TRACE 1960 --- [    Test worker] o.h.type.spi.TypeConfiguration$Scope     : Handling #sessionFactoryCreated from [org.hibernate.internal.SessionFactoryImpl@39342614] for TypeConfiguration
2022-08-07 23:29:05.748  INFO 1960 --- [    Test worker] j.LocalContainerEntityManagerFactoryBean : Initialized JPA EntityManagerFactory for persistence unit 'default'
2022-08-07 23:29:06.268  WARN 1960 --- [    Test worker] JpaBaseConfiguration$JpaWebConfiguration : spring.jpa.open-in-view is enabled by default. Therefore, database queries may be performed during view rendering. Explicitly configure spring.jpa.open-in-view to disable this warning
2022-08-07 23:29:07.669  INFO 1960 --- [    Test worker] umc.gridge.gtc.GtcApplicationTests       : Started GtcApplicationTests in 7.956 seconds (JVM running for 11.161)
2022-08-07 23:29:07.845  INFO 1960 --- [    Test worker] o.s.t.c.transaction.TransactionContext   : Began transaction (1) for test context [DefaultTestContext@7e8e8651 testClass = GtcApplicationTests, testInstance = umc.gridge.gtc.GtcApplicationTests@706c2726, testMethod = contextLoads@GtcApplicationTests, testException = [null], mergedContextConfiguration = [WebMergedContextConfiguration@49ef32e0 testClass = GtcApplicationTests, locations = '{}', classes = '{class umc.gridge.gtc.GtcApplication}', contextInitializerClasses = '[]', activeProfiles = '{}', propertySourceLocations = '{}', propertySourceProperties = '{org.springframework.boot.test.context.SpringBootTestContextBootstrapper=true}', contextCustomizers = set[org.springframework.boot.test.autoconfigure.actuate.metrics.MetricsExportContextCustomizerFactory$DisableMetricExportContextCustomizer@40c80397, org.springframework.boot.test.autoconfigure.properties.PropertyMappingContextCustomizer@0, org.springframework.boot.test.autoconfigure.web.servlet.WebDriverContextCustomizerFactory$Customizer@1fdfafd2, org.springframework.boot.test.context.filter.ExcludeFilterContextCustomizer@5c87bfe2, org.springframework.boot.test.json.DuplicateJsonObjectContextCustomizerFactory$DuplicateJsonObjectContextCustomizer@4cc6fa2a, org.springframework.boot.test.mock.mockito.MockitoContextCustomizer@0, org.springframework.boot.test.web.client.TestRestTemplateContextCustomizer@3dddefd8, org.springframework.boot.test.context.SpringBootTestArgs@1, org.springframework.boot.test.context.SpringBootTestWebEnvironment@2415fc55], resourceBasePath = 'src/main/webapp', contextLoader = 'org.springframework.boot.test.context.SpringBootContextLoader', parent = [null]], attributes = map['org.springframework.test.context.web.ServletTestExecutionListener.activateListener' -> true, 'org.springframework.test.context.web.ServletTestExecutionListener.populatedRequestContextHolder' -> true, 'org.springframework.test.context.web.ServletTestExecutionListener.resetRequestContextHolder' -> true, 'org.springframework.test.context.event.ApplicationEventsTestExecutionListener.recordApplicationEvents' -> false]]; transaction manager [org.springframework.orm.jpa.JpaTransactionManager@49c37918]; rollback [false]
2022-08-07 23:29:08.073  INFO 1960 --- [    Test worker] o.s.t.c.transaction.TransactionContext   : Committed transaction for test: [DefaultTestContext@7e8e8651 testClass = GtcApplicationTests, testInstance = umc.gridge.gtc.GtcApplicationTests@706c2726, testMethod = contextLoads@GtcApplicationTests, testException = [null], mergedContextConfiguration = [WebMergedContextConfiguration@49ef32e0 testClass = GtcApplicationTests, locations = '{}', classes = '{class umc.gridge.gtc.GtcApplication}', contextInitializerClasses = '[]', activeProfiles = '{}', propertySourceLocations = '{}', propertySourceProperties = '{org.springframework.boot.test.context.SpringBootTestContextBootstrapper=true}', contextCustomizers = set[org.springframework.boot.test.autoconfigure.actuate.metrics.MetricsExportContextCustomizerFactory$DisableMetricExportContextCustomizer@40c80397, org.springframework.boot.test.autoconfigure.properties.PropertyMappingContextCustomizer@0, org.springframework.boot.test.autoconfigure.web.servlet.WebDriverContextCustomizerFactory$Customizer@1fdfafd2, org.springframework.boot.test.context.filter.ExcludeFilterContextCustomizer@5c87bfe2, org.springframework.boot.test.json.DuplicateJsonObjectContextCustomizerFactory$DuplicateJsonObjectContextCustomizer@4cc6fa2a, org.springframework.boot.test.mock.mockito.MockitoContextCustomizer@0, org.springframework.boot.test.web.client.TestRestTemplateContextCustomizer@3dddefd8, org.springframework.boot.test.context.SpringBootTestArgs@1, org.springframework.boot.test.context.SpringBootTestWebEnvironment@2415fc55], resourceBasePath = 'src/main/webapp', contextLoader = 'org.springframework.boot.test.context.SpringBootContextLoader', parent = [null]], attributes = map['org.springframework.test.context.web.ServletTestExecutionListener.activateListener' -> true, 'org.springframework.test.context.web.ServletTestExecutionListener.populatedRequestContextHolder' -> true, 'org.springframework.test.context.web.ServletTestExecutionListener.resetRequestContextHolder' -> true, 'org.springframework.test.context.event.ApplicationEventsTestExecutionListener.recordApplicationEvents' -> false]]
]]></system-out>
  <system-err><![CDATA[]]></system-err>
</testsuite>
