<?xml version="1.0" encoding="UTF-8"?>
<testsuite name="hackathon.jackpot.JackpotApplicationTests" tests="1" skipped="0" failures="0" errors="0" timestamp="2022-07-09T15:11:30" hostname="GANA-LAPTOP" time="0.632">
  <properties/>
  <testcase name="contextLoads()" classname="hackathon.jackpot.JackpotApplicationTests" time="0.632"/>
  <system-out><![CDATA[00:11:23.692 [Test worker] DEBUG org.springframework.test.context.BootstrapUtils - Instantiating CacheAwareContextLoaderDelegate from class [org.springframework.test.context.cache.DefaultCacheAwareContextLoaderDelegate]
00:11:23.715 [Test worker] DEBUG org.springframework.test.context.BootstrapUtils - Instantiating BootstrapContext using constructor [public org.springframework.test.context.support.DefaultBootstrapContext(java.lang.Class,org.springframework.test.context.CacheAwareContextLoaderDelegate)]
00:11:23.762 [Test worker] DEBUG org.springframework.test.context.BootstrapUtils - Instantiating TestContextBootstrapper for test class [hackathon.jackpot.JackpotApplicationTests] from class [org.springframework.boot.test.context.SpringBootTestContextBootstrapper]
00:11:23.780 [Test worker] INFO org.springframework.boot.test.context.SpringBootTestContextBootstrapper - Neither @ContextConfiguration nor @ContextHierarchy found for test class [hackathon.jackpot.JackpotApplicationTests], using SpringBootContextLoader
00:11:23.788 [Test worker] DEBUG org.springframework.test.context.support.AbstractContextLoader - Did not detect default resource location for test class [hackathon.jackpot.JackpotApplicationTests]: class path resource [hackathon/jackpot/JackpotApplicationTests-context.xml] does not exist
00:11:23.789 [Test worker] DEBUG org.springframework.test.context.support.AbstractContextLoader - Did not detect default resource location for test class [hackathon.jackpot.JackpotApplicationTests]: class path resource [hackathon/jackpot/JackpotApplicationTestsContext.groovy] does not exist
00:11:23.789 [Test worker] INFO org.springframework.test.context.support.AbstractContextLoader - Could not detect default resource locations for test class [hackathon.jackpot.JackpotApplicationTests]: no resource found for suffixes {-context.xml, Context.groovy}.
00:11:23.790 [Test worker] INFO org.springframework.test.context.support.AnnotationConfigContextLoaderUtils - Could not detect default configuration classes for test class [hackathon.jackpot.JackpotApplicationTests]: JackpotApplicationTests does not declare any static, non-private, non-final, nested classes annotated with @Configuration.
00:11:23.855 [Test worker] DEBUG org.springframework.test.context.support.ActiveProfilesUtils - Could not find an 'annotation declaring class' for annotation type [org.springframework.test.context.ActiveProfiles] and class [hackathon.jackpot.JackpotApplicationTests]
00:11:23.942 [Test worker] DEBUG org.springframework.context.annotation.ClassPathScanningCandidateComponentProvider - Identified candidate component class: file [C:\git\jackpot\jackpotBack\build\classes\java\main\hackathon\jackpot\JackpotApplication.class]
00:11:23.945 [Test worker] INFO org.springframework.boot.test.context.SpringBootTestContextBootstrapper - Found @SpringBootConfiguration hackathon.jackpot.JackpotApplication for test class hackathon.jackpot.JackpotApplicationTests
00:11:24.090 [Test worker] DEBUG org.springframework.boot.test.context.SpringBootTestContextBootstrapper - @TestExecutionListeners is not present for class [hackathon.jackpot.JackpotApplicationTests]: using defaults.
00:11:24.094 [Test worker] INFO org.springframework.boot.test.context.SpringBootTestContextBootstrapper - Loaded default TestExecutionListener class names from location [META-INF/spring.factories]: [org.springframework.boot.test.autoconfigure.restdocs.RestDocsTestExecutionListener, org.springframework.boot.test.autoconfigure.web.client.MockRestServiceServerResetTestExecutionListener, org.springframework.boot.test.autoconfigure.web.servlet.MockMvcPrintOnlyOnFailureTestExecutionListener, org.springframework.boot.test.autoconfigure.web.servlet.WebDriverTestExecutionListener, org.springframework.boot.test.autoconfigure.webservices.client.MockWebServiceServerTestExecutionListener, org.springframework.boot.test.mock.mockito.MockitoTestExecutionListener, org.springframework.boot.test.mock.mockito.ResetMocksTestExecutionListener, org.springframework.test.context.web.ServletTestExecutionListener, org.springframework.test.context.support.DirtiesContextBeforeModesTestExecutionListener, org.springframework.test.context.event.ApplicationEventsTestExecutionListener, org.springframework.test.context.support.DependencyInjectionTestExecutionListener, org.springframework.test.context.support.DirtiesContextTestExecutionListener, org.springframework.test.context.transaction.TransactionalTestExecutionListener, org.springframework.test.context.jdbc.SqlScriptsTestExecutionListener, org.springframework.test.context.event.EventPublishingTestExecutionListener]
00:11:24.128 [Test worker] INFO org.springframework.boot.test.context.SpringBootTestContextBootstrapper - Using TestExecutionListeners: [org.springframework.test.context.web.ServletTestExecutionListener@7db0565c, org.springframework.test.context.support.DirtiesContextBeforeModesTestExecutionListener@54ec8cc9, org.springframework.test.context.event.ApplicationEventsTestExecutionListener@52eacb4b, org.springframework.boot.test.mock.mockito.MockitoTestExecutionListener@5528a42c, org.springframework.boot.test.autoconfigure.SpringBootDependencyInjectionTestExecutionListener@2a551a63, org.springframework.test.context.support.DirtiesContextTestExecutionListener@1a6f5124, org.springframework.test.context.transaction.TransactionalTestExecutionListener@1edb61b1, org.springframework.test.context.jdbc.SqlScriptsTestExecutionListener@ec2bf82, org.springframework.test.context.event.EventPublishingTestExecutionListener@cc62a3b, org.springframework.boot.test.autoconfigure.restdocs.RestDocsTestExecutionListener@6cc0bcf6, org.springframework.boot.test.autoconfigure.web.client.MockRestServiceServerResetTestExecutionListener@29539e36, org.springframework.boot.test.autoconfigure.web.servlet.MockMvcPrintOnlyOnFailureTestExecutionListener@32f61a31, org.springframework.boot.test.autoconfigure.web.servlet.WebDriverTestExecutionListener@f5c79a6, org.springframework.boot.test.autoconfigure.webservices.client.MockWebServiceServerTestExecutionListener@669253b7, org.springframework.boot.test.mock.mockito.ResetMocksTestExecutionListener@5305c37d]
00:11:24.137 [Test worker] DEBUG org.springframework.test.context.support.AbstractDirtiesContextTestExecutionListener - Before test class: context [DefaultTestContext@2d35442b testClass = JackpotApplicationTests, testInstance = [null], testMethod = [null], testException = [null], mergedContextConfiguration = [WebMergedContextConfiguration@27f9e982 testClass = JackpotApplicationTests, locations = '{}', classes = '{class hackathon.jackpot.JackpotApplication}', contextInitializerClasses = '[]', activeProfiles = '{}', propertySourceLocations = '{}', propertySourceProperties = '{org.springframework.boot.test.context.SpringBootTestContextBootstrapper=true}', contextCustomizers = set[org.springframework.boot.test.autoconfigure.actuate.metrics.MetricsExportContextCustomizerFactory$DisableMetricExportContextCustomizer@77a98a6a, org.springframework.boot.test.autoconfigure.properties.PropertyMappingContextCustomizer@0, org.springframework.boot.test.autoconfigure.web.servlet.WebDriverContextCustomizerFactory$Customizer@4b20ca2b, org.springframework.boot.test.context.filter.ExcludeFilterContextCustomizer@2a8d39c4, org.springframework.boot.test.json.DuplicateJsonObjectContextCustomizerFactory$DuplicateJsonObjectContextCustomizer@7fc6de5b, org.springframework.boot.test.mock.mockito.MockitoContextCustomizer@0, org.springframework.boot.test.web.client.TestRestTemplateContextCustomizer@62163b39, org.springframework.boot.test.context.SpringBootTestArgs@1, org.springframework.boot.test.context.SpringBootTestWebEnvironment@222a59e6], resourceBasePath = 'src/main/webapp', contextLoader = 'org.springframework.boot.test.context.SpringBootContextLoader', parent = [null]], attributes = map['org.springframework.test.context.web.ServletTestExecutionListener.activateListener' -> true]], class annotated with @DirtiesContext [false] with mode [null].

  .   ____          _            __ _ _
 /\\ / ___'_ __ _ _(_)_ __  __ _ \ \ \ \
( ( )\___ | '_ | '_| | '_ \/ _` | \ \ \ \
 \\/  ___)| |_)| | | | | || (_| |  ) ) ) )
  '  |____| .__|_| |_|_| |_\__, | / / / /
 =========|_|==============|___/=/_/_/_/
 :: Spring Boot ::                (v2.7.1)

2022-07-10 00:11:24.659  INFO 22640 --- [    Test worker] h.jackpot.JackpotApplicationTests        : Starting JackpotApplicationTests using Java 11.0.15 on GANA-LAPTOP with PID 22640 (started by Choi ga na in C:\git\jackpot\jackpotBack)
2022-07-10 00:11:24.660  INFO 22640 --- [    Test worker] h.jackpot.JackpotApplicationTests        : No active profile set, falling back to 1 default profile: "default"
2022-07-10 00:11:25.795  INFO 22640 --- [    Test worker] .s.d.r.c.RepositoryConfigurationDelegate : Bootstrapping Spring Data JDBC repositories in DEFAULT mode.
2022-07-10 00:11:25.828  INFO 22640 --- [    Test worker] .s.d.r.c.RepositoryConfigurationDelegate : Finished Spring Data repository scanning in 26 ms. Found 0 JDBC repository interfaces.
C:\git\jackpot\jackpotBack
최종 경로: C:\git\jackpot\imgHKT\
2022-07-10 00:11:29.044  INFO 22640 --- [    Test worker] com.zaxxer.hikari.HikariDataSource       : HikariPool-1 - Starting...
2022-07-10 00:11:29.860  INFO 22640 --- [    Test worker] com.zaxxer.hikari.HikariDataSource       : HikariPool-1 - Start completed.
2022-07-10 00:11:30.134  INFO 22640 --- [    Test worker] h.jackpot.JackpotApplicationTests        : Started JackpotApplicationTests in 5.943 seconds (JVM running for 9.207)
]]></system-out>
  <system-err><![CDATA[]]></system-err>
</testsuite>
