<?xml version="1.0" encoding="UTF-8"?>
<testsuite name="umc_sjs.smallestShelter.SmallestShelterApplicationTests" tests="1" skipped="0" failures="0" errors="0" timestamp="2022-08-01T10:41:31" hostname="GANA-LAPTOP" time="0.013">
  <properties/>
  <testcase name="contextLoads()" classname="umc_sjs.smallestShelter.SmallestShelterApplicationTests" time="0.013"/>
  <system-out><![CDATA[2022-08-01 19:41:31.417  INFO 20012 --- [    Test worker] .b.t.c.SpringBootTestContextBootstrapper : Neither @ContextConfiguration nor @ContextHierarchy found for test class [umc_sjs.smallestShelter.SmallestShelterApplicationTests], using SpringBootContextLoader
2022-08-01 19:41:31.417  INFO 20012 --- [    Test worker] o.s.t.c.support.AbstractContextLoader    : Could not detect default resource locations for test class [umc_sjs.smallestShelter.SmallestShelterApplicationTests]: no resource found for suffixes {-context.xml, Context.groovy}.
2022-08-01 19:41:31.417  INFO 20012 --- [    Test worker] t.c.s.AnnotationConfigContextLoaderUtils : Could not detect default configuration classes for test class [umc_sjs.smallestShelter.SmallestShelterApplicationTests]: SmallestShelterApplicationTests does not declare any static, non-private, non-final, nested classes annotated with @Configuration.
2022-08-01 19:41:31.432  INFO 20012 --- [    Test worker] .b.t.c.SpringBootTestContextBootstrapper : Found @SpringBootConfiguration umc_sjs.smallestShelter.SmallestShelterApplication for test class umc_sjs.smallestShelter.SmallestShelterApplicationTests
2022-08-01 19:41:31.432  INFO 20012 --- [    Test worker] .b.t.c.SpringBootTestContextBootstrapper : Loaded default TestExecutionListener class names from location [META-INF/spring.factories]: [org.springframework.security.test.context.support.WithSecurityContextTestExecutionListener, org.springframework.security.test.context.support.ReactorContextTestExecutionListener, org.springframework.boot.test.autoconfigure.restdocs.RestDocsTestExecutionListener, org.springframework.boot.test.autoconfigure.web.client.MockRestServiceServerResetTestExecutionListener, org.springframework.boot.test.autoconfigure.web.servlet.MockMvcPrintOnlyOnFailureTestExecutionListener, org.springframework.boot.test.autoconfigure.web.servlet.WebDriverTestExecutionListener, org.springframework.boot.test.autoconfigure.webservices.client.MockWebServiceServerTestExecutionListener, org.springframework.boot.test.mock.mockito.MockitoTestExecutionListener, org.springframework.boot.test.mock.mockito.ResetMocksTestExecutionListener, org.springframework.test.context.web.ServletTestExecutionListener, org.springframework.test.context.support.DirtiesContextBeforeModesTestExecutionListener, org.springframework.test.context.event.ApplicationEventsTestExecutionListener, org.springframework.test.context.support.DependencyInjectionTestExecutionListener, org.springframework.test.context.support.DirtiesContextTestExecutionListener, org.springframework.test.context.transaction.TransactionalTestExecutionListener, org.springframework.test.context.jdbc.SqlScriptsTestExecutionListener, org.springframework.test.context.event.EventPublishingTestExecutionListener]
2022-08-01 19:41:31.448  INFO 20012 --- [    Test worker] .b.t.c.SpringBootTestContextBootstrapper : Using TestExecutionListeners: [org.springframework.test.context.web.ServletTestExecutionListener@12115c28, org.springframework.test.context.support.DirtiesContextBeforeModesTestExecutionListener@cc3fc5c, org.springframework.test.context.event.ApplicationEventsTestExecutionListener@2aac60b, org.springframework.boot.test.mock.mockito.MockitoTestExecutionListener@173602c0, org.springframework.boot.test.autoconfigure.SpringBootDependencyInjectionTestExecutionListener@fdeec12, org.springframework.test.context.support.DirtiesContextTestExecutionListener@1cecd0a9, org.springframework.test.context.transaction.TransactionalTestExecutionListener@4822d7a1, org.springframework.test.context.jdbc.SqlScriptsTestExecutionListener@6fa5fc67, org.springframework.security.test.context.support.WithSecurityContextTestExecutionListener@17e323fd, org.springframework.test.context.event.EventPublishingTestExecutionListener@6df0d030, org.springframework.security.test.context.support.ReactorContextTestExecutionListener@33319df0, org.springframework.boot.test.autoconfigure.restdocs.RestDocsTestExecutionListener@73b71935, org.springframework.boot.test.autoconfigure.web.client.MockRestServiceServerResetTestExecutionListener@7d453075, org.springframework.boot.test.autoconfigure.web.servlet.MockMvcPrintOnlyOnFailureTestExecutionListener@16df0ebd, org.springframework.boot.test.autoconfigure.web.servlet.WebDriverTestExecutionListener@29becf8b, org.springframework.boot.test.autoconfigure.webservices.client.MockWebServiceServerTestExecutionListener@628b1538, org.springframework.boot.test.mock.mockito.ResetMocksTestExecutionListener@36995784]
]]></system-out>
  <system-err><![CDATA[]]></system-err>
</testsuite>
