<?xml version="1.0" encoding="UTF-8"?>
<testsuite name="umc_sjs.smallestShelter.SmallestShelterApplicationTests" tests="1" skipped="0" failures="0" errors="0" timestamp="2022-09-02T10:28:27" hostname="GANA-LAPTOP" time="0.45">
  <properties/>
  <testcase name="contextLoads()" classname="umc_sjs.smallestShelter.SmallestShelterApplicationTests" time="0.45"/>
  <system-out><![CDATA[19:28:12.161 [Test worker] DEBUG org.springframework.test.context.BootstrapUtils - Instantiating CacheAwareContextLoaderDelegate from class [org.springframework.test.context.cache.DefaultCacheAwareContextLoaderDelegate]
19:28:12.162 [Test worker] DEBUG org.springframework.test.context.BootstrapUtils - Instantiating BootstrapContext using constructor [public org.springframework.test.context.support.DefaultBootstrapContext(java.lang.Class,org.springframework.test.context.CacheAwareContextLoaderDelegate)]
19:28:12.163 [Test worker] DEBUG org.springframework.test.context.BootstrapUtils - Instantiating TestContextBootstrapper for test class [umc_sjs.smallestShelter.SmallestShelterApplicationTests] from class [org.springframework.boot.test.context.SpringBootTestContextBootstrapper]
19:28:12.164 [Test worker] INFO org.springframework.boot.test.context.SpringBootTestContextBootstrapper - Neither @ContextConfiguration nor @ContextHierarchy found for test class [umc_sjs.smallestShelter.SmallestShelterApplicationTests], using SpringBootContextLoader
19:28:12.165 [Test worker] DEBUG org.springframework.test.context.support.AbstractContextLoader - Did not detect default resource location for test class [umc_sjs.smallestShelter.SmallestShelterApplicationTests]: class path resource [umc_sjs/smallestShelter/SmallestShelterApplicationTests-context.xml] does not exist
19:28:12.166 [Test worker] DEBUG org.springframework.test.context.support.AbstractContextLoader - Did not detect default resource location for test class [umc_sjs.smallestShelter.SmallestShelterApplicationTests]: class path resource [umc_sjs/smallestShelter/SmallestShelterApplicationTestsContext.groovy] does not exist
19:28:12.167 [Test worker] INFO org.springframework.test.context.support.AbstractContextLoader - Could not detect default resource locations for test class [umc_sjs.smallestShelter.SmallestShelterApplicationTests]: no resource found for suffixes {-context.xml, Context.groovy}.
19:28:12.167 [Test worker] INFO org.springframework.test.context.support.AnnotationConfigContextLoaderUtils - Could not detect default configuration classes for test class [umc_sjs.smallestShelter.SmallestShelterApplicationTests]: SmallestShelterApplicationTests does not declare any static, non-private, non-final, nested classes annotated with @Configuration.
19:28:12.170 [Test worker] DEBUG org.springframework.test.context.support.ActiveProfilesUtils - Could not find an 'annotation declaring class' for annotation type [org.springframework.test.context.ActiveProfiles] and class [umc_sjs.smallestShelter.SmallestShelterApplicationTests]
19:28:12.171 [Test worker] INFO org.springframework.boot.test.context.SpringBootTestContextBootstrapper - Found @SpringBootConfiguration umc_sjs.smallestShelter.SmallestShelterApplication for test class umc_sjs.smallestShelter.SmallestShelterApplicationTests
19:28:12.176 [Test worker] DEBUG org.springframework.boot.test.context.SpringBootTestContextBootstrapper - @TestExecutionListeners is not present for class [umc_sjs.smallestShelter.SmallestShelterApplicationTests]: using defaults.
19:28:12.176 [Test worker] INFO org.springframework.boot.test.context.SpringBootTestContextBootstrapper - Loaded default TestExecutionListener class names from location [META-INF/spring.factories]: [org.springframework.security.test.context.support.WithSecurityContextTestExecutionListener, org.springframework.security.test.context.support.ReactorContextTestExecutionListener, org.springframework.boot.test.autoconfigure.restdocs.RestDocsTestExecutionListener, org.springframework.boot.test.autoconfigure.web.client.MockRestServiceServerResetTestExecutionListener, org.springframework.boot.test.autoconfigure.web.servlet.MockMvcPrintOnlyOnFailureTestExecutionListener, org.springframework.boot.test.autoconfigure.web.servlet.WebDriverTestExecutionListener, org.springframework.boot.test.autoconfigure.webservices.client.MockWebServiceServerTestExecutionListener, org.springframework.boot.test.mock.mockito.MockitoTestExecutionListener, org.springframework.boot.test.mock.mockito.ResetMocksTestExecutionListener, org.springframework.test.context.web.ServletTestExecutionListener, org.springframework.test.context.support.DirtiesContextBeforeModesTestExecutionListener, org.springframework.test.context.event.ApplicationEventsTestExecutionListener, org.springframework.test.context.support.DependencyInjectionTestExecutionListener, org.springframework.test.context.support.DirtiesContextTestExecutionListener, org.springframework.test.context.transaction.TransactionalTestExecutionListener, org.springframework.test.context.jdbc.SqlScriptsTestExecutionListener, org.springframework.test.context.event.EventPublishingTestExecutionListener]
19:28:12.179 [Test worker] INFO org.springframework.boot.test.context.SpringBootTestContextBootstrapper - Using TestExecutionListeners: [org.springframework.test.context.web.ServletTestExecutionListener@74a195a4, org.springframework.test.context.support.DirtiesContextBeforeModesTestExecutionListener@76304b46, org.springframework.test.context.event.ApplicationEventsTestExecutionListener@2fa3be26, org.springframework.boot.test.mock.mockito.MockitoTestExecutionListener@4287d447, org.springframework.boot.test.autoconfigure.SpringBootDependencyInjectionTestExecutionListener@3af37506, org.springframework.test.context.support.DirtiesContextTestExecutionListener@4e6d7365, org.springframework.test.context.transaction.TransactionalTestExecutionListener@7c0da600, org.springframework.test.context.jdbc.SqlScriptsTestExecutionListener@d4602a, org.springframework.security.test.context.support.WithSecurityContextTestExecutionListener@21ae6e73, org.springframework.test.context.event.EventPublishingTestExecutionListener@47dd778, org.springframework.security.test.context.support.ReactorContextTestExecutionListener@15515c51, org.springframework.boot.test.autoconfigure.restdocs.RestDocsTestExecutionListener@36a7abe1, org.springframework.boot.test.autoconfigure.web.client.MockRestServiceServerResetTestExecutionListener@64a896b0, org.springframework.boot.test.autoconfigure.web.servlet.MockMvcPrintOnlyOnFailureTestExecutionListener@e044b4a, org.springframework.boot.test.autoconfigure.web.servlet.WebDriverTestExecutionListener@11a82d0f, org.springframework.boot.test.autoconfigure.webservices.client.MockWebServiceServerTestExecutionListener@1adb7478, org.springframework.boot.test.mock.mockito.ResetMocksTestExecutionListener@3ae66c85]
19:28:12.186 [Test worker] DEBUG org.springframework.test.context.support.AbstractDirtiesContextTestExecutionListener - Before test class: context [DefaultTestContext@377c68c6 testClass = SmallestShelterApplicationTests, testInstance = [null], testMethod = [null], testException = [null], mergedContextConfiguration = [WebMergedContextConfiguration@538cd0f2 testClass = SmallestShelterApplicationTests, locations = '{}', classes = '{class umc_sjs.smallestShelter.SmallestShelterApplication}', contextInitializerClasses = '[]', activeProfiles = '{}', propertySourceLocations = '{}', propertySourceProperties = '{org.springframework.boot.test.context.SpringBootTestContextBootstrapper=true}', contextCustomizers = set[org.springframework.boot.test.autoconfigure.actuate.metrics.MetricsExportContextCustomizerFactory$DisableMetricExportContextCustomizer@183e8023, org.springframework.boot.test.autoconfigure.properties.PropertyMappingContextCustomizer@0, org.springframework.boot.test.autoconfigure.web.servlet.WebDriverContextCustomizerFactory$Customizer@56bca85b, org.springframework.boot.test.context.filter.ExcludeFilterContextCustomizer@22b53226, org.springframework.boot.test.json.DuplicateJsonObjectContextCustomizerFactory$DuplicateJsonObjectContextCustomizer@ea9b7c6, org.springframework.boot.test.mock.mockito.MockitoContextCustomizer@0, org.springframework.boot.test.web.client.TestRestTemplateContextCustomizer@41813449, org.springframework.boot.test.context.SpringBootTestArgs@1, org.springframework.boot.test.context.SpringBootTestWebEnvironment@1890516e], resourceBasePath = 'src/main/webapp', contextLoader = 'org.springframework.boot.test.context.SpringBootContextLoader', parent = [null]], attributes = map['org.springframework.test.context.web.ServletTestExecutionListener.activateListener' -> true]], class annotated with @DirtiesContext [false] with mode [null].

  .   ____          _            __ _ _
 /\\ / ___'_ __ _ _(_)_ __  __ _ \ \ \ \
( ( )\___ | '_ | '_| | '_ \/ _` | \ \ \ \
 \\/  ___)| |_)| | | | | || (_| |  ) ) ) )
  '  |____| .__|_| |_|_| |_\__, | / / / /
 =========|_|==============|___/=/_/_/_/
 :: Spring Boot ::                (v2.7.1)

2022-09-02 19:28:13.105  INFO 17684 --- [    Test worker] u.s.SmallestShelterApplicationTests      : Starting SmallestShelterApplicationTests using Java 11.0.15 on GANA-LAPTOP with PID 17684 (started by Choi ga na in C:\git\smallest-shelter-back)
2022-09-02 19:28:13.108  INFO 17684 --- [    Test worker] u.s.SmallestShelterApplicationTests      : No active profile set, falling back to 1 default profile: "default"
2022-09-02 19:28:15.249  INFO 17684 --- [    Test worker] .s.d.r.c.RepositoryConfigurationDelegate : Bootstrapping Spring Data JPA repositories in DEFAULT mode.
2022-09-02 19:28:15.525  INFO 17684 --- [    Test worker] .s.d.r.c.RepositoryConfigurationDelegate : Finished Spring Data repository scanning in 254 ms. Found 2 JPA repository interfaces.
2022-09-02 19:28:16.925  INFO 17684 --- [    Test worker] o.hibernate.jpa.internal.util.LogHelper  : HHH000204: Processing PersistenceUnitInfo [name: default]
2022-09-02 19:28:17.068  INFO 17684 --- [    Test worker] org.hibernate.Version                    : HHH000412: Hibernate ORM core version 5.6.9.Final
2022-09-02 19:28:17.554  INFO 17684 --- [    Test worker] o.hibernate.annotations.common.Version   : HCANN000001: Hibernate Commons Annotations {5.1.2.Final}
2022-09-02 19:28:17.858  INFO 17684 --- [    Test worker] com.zaxxer.hikari.HikariDataSource       : HikariPool-1 - Starting...
2022-09-02 19:28:18.776  INFO 17684 --- [    Test worker] com.zaxxer.hikari.HikariDataSource       : HikariPool-1 - Start completed.
2022-09-02 19:28:18.866  INFO 17684 --- [    Test worker] org.hibernate.dialect.Dialect            : HHH000400: Using dialect: org.hibernate.dialect.MySQL8Dialect
2022-09-02 19:28:21.322  INFO 17684 --- [    Test worker] o.h.e.t.j.p.i.JtaPlatformInitiator       : HHH000490: Using JtaPlatform implementation: [org.hibernate.engine.transaction.jta.platform.internal.NoJtaPlatform]
2022-09-02 19:28:21.365  INFO 17684 --- [    Test worker] j.LocalContainerEntityManagerFactoryBean : Initialized JPA EntityManagerFactory for persistence unit 'default'
2022-09-02 19:28:23.690  INFO 17684 --- [    Test worker] o.s.s.web.DefaultSecurityFilterChain     : Will secure any request with [org.springframework.security.web.session.DisableEncodeUrlFilter@1a1c308b, org.springframework.security.web.context.request.async.WebAsyncManagerIntegrationFilter@d4dbb34, org.springframework.security.web.context.SecurityContextPersistenceFilter@613f48de, org.springframework.security.web.header.HeaderWriterFilter@7e1ae693, org.springframework.web.filter.CorsFilter@f7b7720, org.springframework.security.web.authentication.logout.LogoutFilter@818a514, umc_sjs.smallestShelter.config.jwt.JwtAuthenticationFilter@7af2ee23, umc_sjs.smallestShelter.config.jwt.JwtExceptionFilter@5d10e2b6, umc_sjs.smallestShelter.config.jwt.JwtAuthorizationFilter@267309f7, org.springframework.security.web.savedrequest.RequestCacheAwareFilter@6e21c6ed, org.springframework.security.web.servletapi.SecurityContextHolderAwareRequestFilter@75c30a4f, org.springframework.security.web.authentication.AnonymousAuthenticationFilter@46878216, org.springframework.security.web.session.SessionManagementFilter@1773faf8, org.springframework.security.web.access.ExceptionTranslationFilter@85b9f9c, org.springframework.security.web.access.intercept.FilterSecurityInterceptor@2330c995]
2022-09-02 19:28:24.343  WARN 17684 --- [    Test worker] JpaBaseConfiguration$JpaWebConfiguration : spring.jpa.open-in-view is enabled by default. Therefore, database queries may be performed during view rendering. Explicitly configure spring.jpa.open-in-view to disable this warning
2022-09-02 19:28:25.101  INFO 17684 --- [    Test worker] o.s.b.a.w.s.WelcomePageHandlerMapping    : Adding welcome page: class path resource [static/index.html]
2022-09-02 19:28:27.781  INFO 17684 --- [    Test worker] u.s.SmallestShelterApplicationTests      : Started SmallestShelterApplicationTests in 15.519 seconds (JVM running for 20.889)
]]></system-out>
  <system-err><![CDATA[]]></system-err>
</testsuite>
