<?xml version="1.0" encoding="UTF-8"?>
<testsuite name="umc_sjs.smallestShelter.controller.PostControllerTest" tests="15" skipped="0" failures="0" errors="0" timestamp="2022-08-12T11:58:47" hostname="GANA-LAPTOP" time="3.523">
  <properties/>
  <testcase name="게시글조회_X_일치하지않는동물idx()" classname="umc_sjs.smallestShelter.controller.PostControllerTest" time="0.675"/>
  <testcase name="게시글생성X 이미지 없음" classname="umc_sjs.smallestShelter.controller.PostControllerTest" time="0.248"/>
  <testcase name="게시글생성()" classname="umc_sjs.smallestShelter.controller.PostControllerTest" time="0.418"/>
  <testcase name="게시글조회()" classname="umc_sjs.smallestShelter.controller.PostControllerTest" time="0.358"/>
  <testcase name="게시물삭제()" classname="umc_sjs.smallestShelter.controller.PostControllerTest" time="0.187"/>
  <testcase name="게시물수정()" classname="umc_sjs.smallestShelter.controller.PostControllerTest" time="0.118"/>
  <testcase name="게시글조회_x_없는게시물조회()" classname="umc_sjs.smallestShelter.controller.PostControllerTest" time="0.106"/>
  <testcase name="게시물삭제_x_일치하지않는동물idx()" classname="umc_sjs.smallestShelter.controller.PostControllerTest" time="0.13"/>
  <testcase name="게시글생성_X_이미지없음_null()" classname="umc_sjs.smallestShelter.controller.PostControllerTest" time="0.201"/>
  <testcase name="게시물수정_x_없는게시물()" classname="umc_sjs.smallestShelter.controller.PostControllerTest" time="0.277"/>
  <testcase name="게시물수정_x_이미지없음()" classname="umc_sjs.smallestShelter.controller.PostControllerTest" time="0.086"/>
  <testcase name="게시물수정_x_이미지없음_null()" classname="umc_sjs.smallestShelter.controller.PostControllerTest" time="0.213"/>
  <testcase name="게시글삭제_x_없는게시물()" classname="umc_sjs.smallestShelter.controller.PostControllerTest" time="0.207"/>
  <testcase name="게시글생성_X_없는동물()" classname="umc_sjs.smallestShelter.controller.PostControllerTest" time="0.172"/>
  <testcase name="게시물수정_x_일치하지않는동물idx()" classname="umc_sjs.smallestShelter.controller.PostControllerTest" time="0.109"/>
  <system-out><![CDATA[2022-08-12 20:58:47.624  INFO 16152 --- [    Test worker] .b.t.c.SpringBootTestContextBootstrapper : Neither @ContextConfiguration nor @ContextHierarchy found for test class [umc_sjs.smallestShelter.controller.PostControllerTest], using SpringBootContextLoader
2022-08-12 20:58:47.625  INFO 16152 --- [    Test worker] o.s.t.c.support.AbstractContextLoader    : Could not detect default resource locations for test class [umc_sjs.smallestShelter.controller.PostControllerTest]: no resource found for suffixes {-context.xml, Context.groovy}.
2022-08-12 20:58:47.626  INFO 16152 --- [    Test worker] t.c.s.AnnotationConfigContextLoaderUtils : Could not detect default configuration classes for test class [umc_sjs.smallestShelter.controller.PostControllerTest]: PostControllerTest does not declare any static, non-private, non-final, nested classes annotated with @Configuration.
2022-08-12 20:58:47.643  INFO 16152 --- [    Test worker] .b.t.c.SpringBootTestContextBootstrapper : Found @SpringBootConfiguration umc_sjs.smallestShelter.SmallestShelterApplication for test class umc_sjs.smallestShelter.controller.PostControllerTest
2022-08-12 20:58:47.645  INFO 16152 --- [    Test worker] .b.t.c.SpringBootTestContextBootstrapper : Loaded default TestExecutionListener class names from location [META-INF/spring.factories]: [org.springframework.security.test.context.support.WithSecurityContextTestExecutionListener, org.springframework.security.test.context.support.ReactorContextTestExecutionListener, org.springframework.boot.test.autoconfigure.restdocs.RestDocsTestExecutionListener, org.springframework.boot.test.autoconfigure.web.client.MockRestServiceServerResetTestExecutionListener, org.springframework.boot.test.autoconfigure.web.servlet.MockMvcPrintOnlyOnFailureTestExecutionListener, org.springframework.boot.test.autoconfigure.web.servlet.WebDriverTestExecutionListener, org.springframework.boot.test.autoconfigure.webservices.client.MockWebServiceServerTestExecutionListener, org.springframework.boot.test.mock.mockito.MockitoTestExecutionListener, org.springframework.boot.test.mock.mockito.ResetMocksTestExecutionListener, org.springframework.test.context.web.ServletTestExecutionListener, org.springframework.test.context.support.DirtiesContextBeforeModesTestExecutionListener, org.springframework.test.context.event.ApplicationEventsTestExecutionListener, org.springframework.test.context.support.DependencyInjectionTestExecutionListener, org.springframework.test.context.support.DirtiesContextTestExecutionListener, org.springframework.test.context.transaction.TransactionalTestExecutionListener, org.springframework.test.context.jdbc.SqlScriptsTestExecutionListener, org.springframework.test.context.event.EventPublishingTestExecutionListener]
2022-08-12 20:58:47.645  INFO 16152 --- [    Test worker] .b.t.c.SpringBootTestContextBootstrapper : Using TestExecutionListeners: [org.springframework.test.context.web.ServletTestExecutionListener@f5b81f4, org.springframework.test.context.support.DirtiesContextBeforeModesTestExecutionListener@4c020e58, org.springframework.test.context.event.ApplicationEventsTestExecutionListener@67887bf2, org.springframework.boot.test.mock.mockito.MockitoTestExecutionListener@3ce2c454, org.springframework.boot.test.autoconfigure.SpringBootDependencyInjectionTestExecutionListener@6f65b61d, org.springframework.test.context.support.DirtiesContextTestExecutionListener@33c91567, org.springframework.test.context.transaction.TransactionalTestExecutionListener@17baaf07, org.springframework.test.context.jdbc.SqlScriptsTestExecutionListener@3d5009c0, org.springframework.security.test.context.support.WithSecurityContextTestExecutionListener@7f478529, org.springframework.test.context.event.EventPublishingTestExecutionListener@45ed58b, org.springframework.security.test.context.support.ReactorContextTestExecutionListener@465e9090, org.springframework.boot.test.autoconfigure.restdocs.RestDocsTestExecutionListener@7bfd8f92, org.springframework.boot.test.autoconfigure.web.client.MockRestServiceServerResetTestExecutionListener@38503309, org.springframework.boot.test.autoconfigure.web.servlet.MockMvcPrintOnlyOnFailureTestExecutionListener@4ad04b05, org.springframework.boot.test.autoconfigure.web.servlet.WebDriverTestExecutionListener@78b888df, org.springframework.boot.test.autoconfigure.webservices.client.MockWebServiceServerTestExecutionListener@6f2e0945, org.springframework.boot.test.mock.mockito.ResetMocksTestExecutionListener@565fa7d2]
2022-08-12 20:58:47.689  INFO 16152 --- [    Test worker] o.s.t.c.transaction.TransactionContext   : Began transaction (1) for test context [DefaultTestContext@4b4a3114 testClass = PostControllerTest, testInstance = umc_sjs.smallestShelter.controller.PostControllerTest@4af5c14c, testMethod = 게시글조회_X_일치하지않는동물idx@PostControllerTest, testException = [null], mergedContextConfiguration = [WebMergedContextConfiguration@74d4f542 testClass = PostControllerTest, locations = '{}', classes = '{class umc_sjs.smallestShelter.SmallestShelterApplication}', contextInitializerClasses = '[]', activeProfiles = '{}', propertySourceLocations = '{}', propertySourceProperties = '{org.springframework.boot.test.context.SpringBootTestContextBootstrapper=true}', contextCustomizers = set[org.springframework.boot.test.autoconfigure.actuate.metrics.MetricsExportContextCustomizerFactory$DisableMetricExportContextCustomizer@201b6b6f, org.springframework.boot.test.autoconfigure.properties.PropertyMappingContextCustomizer@0, org.springframework.boot.test.autoconfigure.web.servlet.WebDriverContextCustomizerFactory$Customizer@18230356, org.springframework.boot.test.context.filter.ExcludeFilterContextCustomizer@60d1a32f, org.springframework.boot.test.json.DuplicateJsonObjectContextCustomizerFactory$DuplicateJsonObjectContextCustomizer@40c80397, org.springframework.boot.test.mock.mockito.MockitoContextCustomizer@0, org.springframework.boot.test.web.client.TestRestTemplateContextCustomizer@47db5fa5, org.springframework.boot.test.context.SpringBootTestArgs@1, org.springframework.boot.test.context.SpringBootTestWebEnvironment@1890516e], resourceBasePath = 'src/main/webapp', contextLoader = 'org.springframework.boot.test.context.SpringBootContextLoader', parent = [null]], attributes = map['org.springframework.test.context.web.ServletTestExecutionListener.activateListener' -> true, 'org.springframework.test.context.web.ServletTestExecutionListener.populatedRequestContextHolder' -> true, 'org.springframework.test.context.web.ServletTestExecutionListener.resetRequestContextHolder' -> true, 'org.springframework.test.context.event.ApplicationEventsTestExecutionListener.recordApplicationEvents' -> false]]; transaction manager [org.springframework.orm.jpa.JpaTransactionManager@3ed4c822]; rollback [true]
2022-08-12 20:58:47.867 DEBUG 16152 --- [    Test worker] org.hibernate.SQL                        : 
    select
        animal0_.animal_idx as animal_i1_0_,
        animal0_.is_guessed as is_guess2_0_,
        animal0_.month as month3_0_,
        animal0_.year as year4_0_,
        animal0_.bark as bark5_0_,
        animal0_.bite as bite6_0_,
        animal0_.create_date as create_d7_0_,
        animal0_.gender as gender8_0_,
        animal0_.is_adopted as is_adopt9_0_,
        animal0_.main_img_url as main_im10_0_,
        animal0_.name as name11_0_,
        animal0_.separation as separat12_0_,
        animal0_.socialization as sociali13_0_,
        animal0_.species as species14_0_,
        animal0_.toilet as toilet15_0_,
        animal0_.upload_user_idx as upload_16_0_ 
    from
        animal animal0_
2022-08-12 20:58:48.108 DEBUG 16152 --- [    Test worker] org.hibernate.SQL                        : 
    select
        post0_.post_idx as post_idx1_3_,
        post0_.animal_idx as animal_i5_3_,
        post0_.content as content2_3_,
        post0_.create_date as create_d3_3_,
        post0_.img_url as img_url4_3_ 
    from
        post post0_
2022-08-12 20:58:48.174 DEBUG 16152 --- [    Test worker] org.hibernate.SQL                        : 
    select
        post0_.post_idx as post_idx1_3_0_,
        animal1_.animal_idx as animal_i1_0_1_,
        post0_.animal_idx as animal_i5_3_0_,
        post0_.content as content2_3_0_,
        post0_.create_date as create_d3_3_0_,
        post0_.img_url as img_url4_3_0_,
        animal1_.is_guessed as is_guess2_0_1_,
        animal1_.month as month3_0_1_,
        animal1_.year as year4_0_1_,
        animal1_.bark as bark5_0_1_,
        animal1_.bite as bite6_0_1_,
        animal1_.create_date as create_d7_0_1_,
        animal1_.gender as gender8_0_1_,
        animal1_.is_adopted as is_adopt9_0_1_,
        animal1_.main_img_url as main_im10_0_1_,
        animal1_.name as name11_0_1_,
        animal1_.separation as separat12_0_1_,
        animal1_.socialization as sociali13_0_1_,
        animal1_.species as species14_0_1_,
        animal1_.toilet as toilet15_0_1_,
        animal1_.upload_user_idx as upload_16_0_1_ 
    from
        post post0_ 
    left outer join
        animal animal1_ 
            on post0_.animal_idx=animal1_.animal_idx 
    where
        post0_.post_idx=?
해당 동물의 게시물의 아닙니다: idx 불일치
2022-08-12 20:58:48.333  INFO 16152 --- [    Test worker] o.s.t.c.transaction.TransactionContext   : Rolled back transaction for test: [DefaultTestContext@4b4a3114 testClass = PostControllerTest, testInstance = umc_sjs.smallestShelter.controller.PostControllerTest@4af5c14c, testMethod = 게시글조회_X_일치하지않는동물idx@PostControllerTest, testException = [null], mergedContextConfiguration = [WebMergedContextConfiguration@74d4f542 testClass = PostControllerTest, locations = '{}', classes = '{class umc_sjs.smallestShelter.SmallestShelterApplication}', contextInitializerClasses = '[]', activeProfiles = '{}', propertySourceLocations = '{}', propertySourceProperties = '{org.springframework.boot.test.context.SpringBootTestContextBootstrapper=true}', contextCustomizers = set[org.springframework.boot.test.autoconfigure.actuate.metrics.MetricsExportContextCustomizerFactory$DisableMetricExportContextCustomizer@201b6b6f, org.springframework.boot.test.autoconfigure.properties.PropertyMappingContextCustomizer@0, org.springframework.boot.test.autoconfigure.web.servlet.WebDriverContextCustomizerFactory$Customizer@18230356, org.springframework.boot.test.context.filter.ExcludeFilterContextCustomizer@60d1a32f, org.springframework.boot.test.json.DuplicateJsonObjectContextCustomizerFactory$DuplicateJsonObjectContextCustomizer@40c80397, org.springframework.boot.test.mock.mockito.MockitoContextCustomizer@0, org.springframework.boot.test.web.client.TestRestTemplateContextCustomizer@47db5fa5, org.springframework.boot.test.context.SpringBootTestArgs@1, org.springframework.boot.test.context.SpringBootTestWebEnvironment@1890516e], resourceBasePath = 'src/main/webapp', contextLoader = 'org.springframework.boot.test.context.SpringBootContextLoader', parent = [null]], attributes = map['org.springframework.test.context.web.ServletTestExecutionListener.activateListener' -> true, 'org.springframework.test.context.web.ServletTestExecutionListener.populatedRequestContextHolder' -> true, 'org.springframework.test.context.web.ServletTestExecutionListener.resetRequestContextHolder' -> true, 'org.springframework.test.context.event.ApplicationEventsTestExecutionListener.recordApplicationEvents' -> false]]
2022-08-12 20:58:48.337  INFO 16152 --- [    Test worker] o.s.t.c.transaction.TransactionContext   : Began transaction (1) for test context [DefaultTestContext@4b4a3114 testClass = PostControllerTest, testInstance = umc_sjs.smallestShelter.controller.PostControllerTest@554a4d18, testMethod = 게시글생성_X_이미지없음@PostControllerTest, testException = [null], mergedContextConfiguration = [WebMergedContextConfiguration@74d4f542 testClass = PostControllerTest, locations = '{}', classes = '{class umc_sjs.smallestShelter.SmallestShelterApplication}', contextInitializerClasses = '[]', activeProfiles = '{}', propertySourceLocations = '{}', propertySourceProperties = '{org.springframework.boot.test.context.SpringBootTestContextBootstrapper=true}', contextCustomizers = set[org.springframework.boot.test.autoconfigure.actuate.metrics.MetricsExportContextCustomizerFactory$DisableMetricExportContextCustomizer@201b6b6f, org.springframework.boot.test.autoconfigure.properties.PropertyMappingContextCustomizer@0, org.springframework.boot.test.autoconfigure.web.servlet.WebDriverContextCustomizerFactory$Customizer@18230356, org.springframework.boot.test.context.filter.ExcludeFilterContextCustomizer@60d1a32f, org.springframework.boot.test.json.DuplicateJsonObjectContextCustomizerFactory$DuplicateJsonObjectContextCustomizer@40c80397, org.springframework.boot.test.mock.mockito.MockitoContextCustomizer@0, org.springframework.boot.test.web.client.TestRestTemplateContextCustomizer@47db5fa5, org.springframework.boot.test.context.SpringBootTestArgs@1, org.springframework.boot.test.context.SpringBootTestWebEnvironment@1890516e], resourceBasePath = 'src/main/webapp', contextLoader = 'org.springframework.boot.test.context.SpringBootContextLoader', parent = [null]], attributes = map['org.springframework.test.context.web.ServletTestExecutionListener.activateListener' -> true, 'org.springframework.test.context.web.ServletTestExecutionListener.populatedRequestContextHolder' -> true, 'org.springframework.test.context.web.ServletTestExecutionListener.resetRequestContextHolder' -> true, 'org.springframework.test.context.event.ApplicationEventsTestExecutionListener.recordApplicationEvents' -> false]]; transaction manager [org.springframework.orm.jpa.JpaTransactionManager@3ed4c822]; rollback [true]
2022-08-12 20:58:48.343 DEBUG 16152 --- [    Test worker] org.hibernate.SQL                        : 
    select
        animal0_.animal_idx as animal_i1_0_,
        animal0_.is_guessed as is_guess2_0_,
        animal0_.month as month3_0_,
        animal0_.year as year4_0_,
        animal0_.bark as bark5_0_,
        animal0_.bite as bite6_0_,
        animal0_.create_date as create_d7_0_,
        animal0_.gender as gender8_0_,
        animal0_.is_adopted as is_adopt9_0_,
        animal0_.main_img_url as main_im10_0_,
        animal0_.name as name11_0_,
        animal0_.separation as separat12_0_,
        animal0_.socialization as sociali13_0_,
        animal0_.species as species14_0_,
        animal0_.toilet as toilet15_0_,
        animal0_.upload_user_idx as upload_16_0_ 
    from
        animal animal0_
2022-08-12 20:58:48.502 DEBUG 16152 --- [    Test worker] org.hibernate.SQL                        : 
    select
        post0_.post_idx as post_idx1_3_,
        post0_.animal_idx as animal_i5_3_,
        post0_.content as content2_3_,
        post0_.create_date as create_d3_3_,
        post0_.img_url as img_url4_3_ 
    from
        post post0_
게시물에 이미지가 없습니다
2022-08-12 20:58:48.582  INFO 16152 --- [    Test worker] o.s.t.c.transaction.TransactionContext   : Rolled back transaction for test: [DefaultTestContext@4b4a3114 testClass = PostControllerTest, testInstance = umc_sjs.smallestShelter.controller.PostControllerTest@554a4d18, testMethod = 게시글생성_X_이미지없음@PostControllerTest, testException = [null], mergedContextConfiguration = [WebMergedContextConfiguration@74d4f542 testClass = PostControllerTest, locations = '{}', classes = '{class umc_sjs.smallestShelter.SmallestShelterApplication}', contextInitializerClasses = '[]', activeProfiles = '{}', propertySourceLocations = '{}', propertySourceProperties = '{org.springframework.boot.test.context.SpringBootTestContextBootstrapper=true}', contextCustomizers = set[org.springframework.boot.test.autoconfigure.actuate.metrics.MetricsExportContextCustomizerFactory$DisableMetricExportContextCustomizer@201b6b6f, org.springframework.boot.test.autoconfigure.properties.PropertyMappingContextCustomizer@0, org.springframework.boot.test.autoconfigure.web.servlet.WebDriverContextCustomizerFactory$Customizer@18230356, org.springframework.boot.test.context.filter.ExcludeFilterContextCustomizer@60d1a32f, org.springframework.boot.test.json.DuplicateJsonObjectContextCustomizerFactory$DuplicateJsonObjectContextCustomizer@40c80397, org.springframework.boot.test.mock.mockito.MockitoContextCustomizer@0, org.springframework.boot.test.web.client.TestRestTemplateContextCustomizer@47db5fa5, org.springframework.boot.test.context.SpringBootTestArgs@1, org.springframework.boot.test.context.SpringBootTestWebEnvironment@1890516e], resourceBasePath = 'src/main/webapp', contextLoader = 'org.springframework.boot.test.context.SpringBootContextLoader', parent = [null]], attributes = map['org.springframework.test.context.web.ServletTestExecutionListener.activateListener' -> true, 'org.springframework.test.context.web.ServletTestExecutionListener.populatedRequestContextHolder' -> true, 'org.springframework.test.context.web.ServletTestExecutionListener.resetRequestContextHolder' -> true, 'org.springframework.test.context.event.ApplicationEventsTestExecutionListener.recordApplicationEvents' -> false]]
2022-08-12 20:58:48.603  INFO 16152 --- [    Test worker] o.s.t.c.transaction.TransactionContext   : Began transaction (1) for test context [DefaultTestContext@4b4a3114 testClass = PostControllerTest, testInstance = umc_sjs.smallestShelter.controller.PostControllerTest@197bf5ef, testMethod = 게시글생성@PostControllerTest, testException = [null], mergedContextConfiguration = [WebMergedContextConfiguration@74d4f542 testClass = PostControllerTest, locations = '{}', classes = '{class umc_sjs.smallestShelter.SmallestShelterApplication}', contextInitializerClasses = '[]', activeProfiles = '{}', propertySourceLocations = '{}', propertySourceProperties = '{org.springframework.boot.test.context.SpringBootTestContextBootstrapper=true}', contextCustomizers = set[org.springframework.boot.test.autoconfigure.actuate.metrics.MetricsExportContextCustomizerFactory$DisableMetricExportContextCustomizer@201b6b6f, org.springframework.boot.test.autoconfigure.properties.PropertyMappingContextCustomizer@0, org.springframework.boot.test.autoconfigure.web.servlet.WebDriverContextCustomizerFactory$Customizer@18230356, org.springframework.boot.test.context.filter.ExcludeFilterContextCustomizer@60d1a32f, org.springframework.boot.test.json.DuplicateJsonObjectContextCustomizerFactory$DuplicateJsonObjectContextCustomizer@40c80397, org.springframework.boot.test.mock.mockito.MockitoContextCustomizer@0, org.springframework.boot.test.web.client.TestRestTemplateContextCustomizer@47db5fa5, org.springframework.boot.test.context.SpringBootTestArgs@1, org.springframework.boot.test.context.SpringBootTestWebEnvironment@1890516e], resourceBasePath = 'src/main/webapp', contextLoader = 'org.springframework.boot.test.context.SpringBootContextLoader', parent = [null]], attributes = map['org.springframework.test.context.web.ServletTestExecutionListener.activateListener' -> true, 'org.springframework.test.context.web.ServletTestExecutionListener.populatedRequestContextHolder' -> true, 'org.springframework.test.context.web.ServletTestExecutionListener.resetRequestContextHolder' -> true, 'org.springframework.test.context.event.ApplicationEventsTestExecutionListener.recordApplicationEvents' -> false]]; transaction manager [org.springframework.orm.jpa.JpaTransactionManager@3ed4c822]; rollback [true]
2022-08-12 20:58:48.606 DEBUG 16152 --- [    Test worker] org.hibernate.SQL                        : 
    select
        animal0_.animal_idx as animal_i1_0_,
        animal0_.is_guessed as is_guess2_0_,
        animal0_.month as month3_0_,
        animal0_.year as year4_0_,
        animal0_.bark as bark5_0_,
        animal0_.bite as bite6_0_,
        animal0_.create_date as create_d7_0_,
        animal0_.gender as gender8_0_,
        animal0_.is_adopted as is_adopt9_0_,
        animal0_.main_img_url as main_im10_0_,
        animal0_.name as name11_0_,
        animal0_.separation as separat12_0_,
        animal0_.socialization as sociali13_0_,
        animal0_.species as species14_0_,
        animal0_.toilet as toilet15_0_,
        animal0_.upload_user_idx as upload_16_0_ 
    from
        animal animal0_
2022-08-12 20:58:48.901 DEBUG 16152 --- [    Test worker] org.hibernate.SQL                        : 
    select
        post0_.post_idx as post_idx1_3_,
        post0_.animal_idx as animal_i5_3_,
        post0_.content as content2_3_,
        post0_.create_date as create_d3_3_,
        post0_.img_url as img_url4_3_ 
    from
        post post0_
2022-08-12 20:58:48.943 DEBUG 16152 --- [    Test worker] org.hibernate.SQL                        : 
    select
        animal0_.animal_idx as animal_i1_0_0_,
        illnesslis1_.illness_idx as illness_1_2_1_,
        animal0_.is_guessed as is_guess2_0_0_,
        animal0_.month as month3_0_0_,
        animal0_.year as year4_0_0_,
        animal0_.bark as bark5_0_0_,
        animal0_.bite as bite6_0_0_,
        animal0_.create_date as create_d7_0_0_,
        animal0_.gender as gender8_0_0_,
        animal0_.is_adopted as is_adopt9_0_0_,
        animal0_.main_img_url as main_im10_0_0_,
        animal0_.name as name11_0_0_,
        animal0_.separation as separat12_0_0_,
        animal0_.socialization as sociali13_0_0_,
        animal0_.species as species14_0_0_,
        animal0_.toilet as toilet15_0_0_,
        animal0_.upload_user_idx as upload_16_0_0_,
        illnesslis1_.animal_idx as animal_i3_2_1_,
        illnesslis1_.name as name2_2_1_,
        illnesslis1_.animal_idx as animal_i3_2_0__,
        illnesslis1_.illness_idx as illness_1_2_0__ 
    from
        animal animal0_ 
    left outer join
        illness illnesslis1_ 
            on animal0_.animal_idx=illnesslis1_.animal_idx 
    where
        animal0_.animal_idx=?
2022-08-12 20:58:48.957 DEBUG 16152 --- [    Test worker] org.hibernate.SQL                        : 
    insert 
    into
        post
        (animal_idx, content, create_date, img_url) 
    values
        (?, ?, ?, ?)
2022-08-12 20:58:49.001  INFO 16152 --- [    Test worker] o.h.c.i.AbstractPersistentCollection     : HHH000496: Detaching an uninitialized collection with queued operations from a session: [umc_sjs.smallestShelter.domain.Animal.postList#1]
2022-08-12 20:58:49.001  INFO 16152 --- [    Test worker] o.s.t.c.transaction.TransactionContext   : Rolled back transaction for test: [DefaultTestContext@4b4a3114 testClass = PostControllerTest, testInstance = umc_sjs.smallestShelter.controller.PostControllerTest@197bf5ef, testMethod = 게시글생성@PostControllerTest, testException = [null], mergedContextConfiguration = [WebMergedContextConfiguration@74d4f542 testClass = PostControllerTest, locations = '{}', classes = '{class umc_sjs.smallestShelter.SmallestShelterApplication}', contextInitializerClasses = '[]', activeProfiles = '{}', propertySourceLocations = '{}', propertySourceProperties = '{org.springframework.boot.test.context.SpringBootTestContextBootstrapper=true}', contextCustomizers = set[org.springframework.boot.test.autoconfigure.actuate.metrics.MetricsExportContextCustomizerFactory$DisableMetricExportContextCustomizer@201b6b6f, org.springframework.boot.test.autoconfigure.properties.PropertyMappingContextCustomizer@0, org.springframework.boot.test.autoconfigure.web.servlet.WebDriverContextCustomizerFactory$Customizer@18230356, org.springframework.boot.test.context.filter.ExcludeFilterContextCustomizer@60d1a32f, org.springframework.boot.test.json.DuplicateJsonObjectContextCustomizerFactory$DuplicateJsonObjectContextCustomizer@40c80397, org.springframework.boot.test.mock.mockito.MockitoContextCustomizer@0, org.springframework.boot.test.web.client.TestRestTemplateContextCustomizer@47db5fa5, org.springframework.boot.test.context.SpringBootTestArgs@1, org.springframework.boot.test.context.SpringBootTestWebEnvironment@1890516e], resourceBasePath = 'src/main/webapp', contextLoader = 'org.springframework.boot.test.context.SpringBootContextLoader', parent = [null]], attributes = map['org.springframework.test.context.web.ServletTestExecutionListener.activateListener' -> true, 'org.springframework.test.context.web.ServletTestExecutionListener.populatedRequestContextHolder' -> true, 'org.springframework.test.context.web.ServletTestExecutionListener.resetRequestContextHolder' -> true, 'org.springframework.test.context.event.ApplicationEventsTestExecutionListener.recordApplicationEvents' -> false]]
2022-08-12 20:58:49.006  INFO 16152 --- [    Test worker] o.s.t.c.transaction.TransactionContext   : Began transaction (1) for test context [DefaultTestContext@4b4a3114 testClass = PostControllerTest, testInstance = umc_sjs.smallestShelter.controller.PostControllerTest@2640f5ea, testMethod = 게시글조회@PostControllerTest, testException = [null], mergedContextConfiguration = [WebMergedContextConfiguration@74d4f542 testClass = PostControllerTest, locations = '{}', classes = '{class umc_sjs.smallestShelter.SmallestShelterApplication}', contextInitializerClasses = '[]', activeProfiles = '{}', propertySourceLocations = '{}', propertySourceProperties = '{org.springframework.boot.test.context.SpringBootTestContextBootstrapper=true}', contextCustomizers = set[org.springframework.boot.test.autoconfigure.actuate.metrics.MetricsExportContextCustomizerFactory$DisableMetricExportContextCustomizer@201b6b6f, org.springframework.boot.test.autoconfigure.properties.PropertyMappingContextCustomizer@0, org.springframework.boot.test.autoconfigure.web.servlet.WebDriverContextCustomizerFactory$Customizer@18230356, org.springframework.boot.test.context.filter.ExcludeFilterContextCustomizer@60d1a32f, org.springframework.boot.test.json.DuplicateJsonObjectContextCustomizerFactory$DuplicateJsonObjectContextCustomizer@40c80397, org.springframework.boot.test.mock.mockito.MockitoContextCustomizer@0, org.springframework.boot.test.web.client.TestRestTemplateContextCustomizer@47db5fa5, org.springframework.boot.test.context.SpringBootTestArgs@1, org.springframework.boot.test.context.SpringBootTestWebEnvironment@1890516e], resourceBasePath = 'src/main/webapp', contextLoader = 'org.springframework.boot.test.context.SpringBootContextLoader', parent = [null]], attributes = map['org.springframework.test.context.web.ServletTestExecutionListener.activateListener' -> true, 'org.springframework.test.context.web.ServletTestExecutionListener.populatedRequestContextHolder' -> true, 'org.springframework.test.context.web.ServletTestExecutionListener.resetRequestContextHolder' -> true, 'org.springframework.test.context.event.ApplicationEventsTestExecutionListener.recordApplicationEvents' -> false]]; transaction manager [org.springframework.orm.jpa.JpaTransactionManager@3ed4c822]; rollback [true]
2022-08-12 20:58:49.013 DEBUG 16152 --- [    Test worker] org.hibernate.SQL                        : 
    select
        animal0_.animal_idx as animal_i1_0_,
        animal0_.is_guessed as is_guess2_0_,
        animal0_.month as month3_0_,
        animal0_.year as year4_0_,
        animal0_.bark as bark5_0_,
        animal0_.bite as bite6_0_,
        animal0_.create_date as create_d7_0_,
        animal0_.gender as gender8_0_,
        animal0_.is_adopted as is_adopt9_0_,
        animal0_.main_img_url as main_im10_0_,
        animal0_.name as name11_0_,
        animal0_.separation as separat12_0_,
        animal0_.socialization as sociali13_0_,
        animal0_.species as species14_0_,
        animal0_.toilet as toilet15_0_,
        animal0_.upload_user_idx as upload_16_0_ 
    from
        animal animal0_
2022-08-12 20:58:49.247 DEBUG 16152 --- [    Test worker] org.hibernate.SQL                        : 
    select
        post0_.post_idx as post_idx1_3_,
        post0_.animal_idx as animal_i5_3_,
        post0_.content as content2_3_,
        post0_.create_date as create_d3_3_,
        post0_.img_url as img_url4_3_ 
    from
        post post0_
2022-08-12 20:58:49.266 DEBUG 16152 --- [    Test worker] org.hibernate.SQL                        : 
    select
        post0_.post_idx as post_idx1_3_0_,
        animal1_.animal_idx as animal_i1_0_1_,
        post0_.animal_idx as animal_i5_3_0_,
        post0_.content as content2_3_0_,
        post0_.create_date as create_d3_3_0_,
        post0_.img_url as img_url4_3_0_,
        animal1_.is_guessed as is_guess2_0_1_,
        animal1_.month as month3_0_1_,
        animal1_.year as year4_0_1_,
        animal1_.bark as bark5_0_1_,
        animal1_.bite as bite6_0_1_,
        animal1_.create_date as create_d7_0_1_,
        animal1_.gender as gender8_0_1_,
        animal1_.is_adopted as is_adopt9_0_1_,
        animal1_.main_img_url as main_im10_0_1_,
        animal1_.name as name11_0_1_,
        animal1_.separation as separat12_0_1_,
        animal1_.socialization as sociali13_0_1_,
        animal1_.species as species14_0_1_,
        animal1_.toilet as toilet15_0_1_,
        animal1_.upload_user_idx as upload_16_0_1_ 
    from
        post post0_ 
    left outer join
        animal animal1_ 
            on post0_.animal_idx=animal1_.animal_idx 
    where
        post0_.post_idx=?
2022-08-12 20:58:49.361  INFO 16152 --- [    Test worker] o.s.t.c.transaction.TransactionContext   : Rolled back transaction for test: [DefaultTestContext@4b4a3114 testClass = PostControllerTest, testInstance = umc_sjs.smallestShelter.controller.PostControllerTest@2640f5ea, testMethod = 게시글조회@PostControllerTest, testException = [null], mergedContextConfiguration = [WebMergedContextConfiguration@74d4f542 testClass = PostControllerTest, locations = '{}', classes = '{class umc_sjs.smallestShelter.SmallestShelterApplication}', contextInitializerClasses = '[]', activeProfiles = '{}', propertySourceLocations = '{}', propertySourceProperties = '{org.springframework.boot.test.context.SpringBootTestContextBootstrapper=true}', contextCustomizers = set[org.springframework.boot.test.autoconfigure.actuate.metrics.MetricsExportContextCustomizerFactory$DisableMetricExportContextCustomizer@201b6b6f, org.springframework.boot.test.autoconfigure.properties.PropertyMappingContextCustomizer@0, org.springframework.boot.test.autoconfigure.web.servlet.WebDriverContextCustomizerFactory$Customizer@18230356, org.springframework.boot.test.context.filter.ExcludeFilterContextCustomizer@60d1a32f, org.springframework.boot.test.json.DuplicateJsonObjectContextCustomizerFactory$DuplicateJsonObjectContextCustomizer@40c80397, org.springframework.boot.test.mock.mockito.MockitoContextCustomizer@0, org.springframework.boot.test.web.client.TestRestTemplateContextCustomizer@47db5fa5, org.springframework.boot.test.context.SpringBootTestArgs@1, org.springframework.boot.test.context.SpringBootTestWebEnvironment@1890516e], resourceBasePath = 'src/main/webapp', contextLoader = 'org.springframework.boot.test.context.SpringBootContextLoader', parent = [null]], attributes = map['org.springframework.test.context.web.ServletTestExecutionListener.activateListener' -> true, 'org.springframework.test.context.web.ServletTestExecutionListener.populatedRequestContextHolder' -> true, 'org.springframework.test.context.web.ServletTestExecutionListener.resetRequestContextHolder' -> true, 'org.springframework.test.context.event.ApplicationEventsTestExecutionListener.recordApplicationEvents' -> false]]
2022-08-12 20:58:49.367  INFO 16152 --- [    Test worker] o.s.t.c.transaction.TransactionContext   : Began transaction (1) for test context [DefaultTestContext@4b4a3114 testClass = PostControllerTest, testInstance = umc_sjs.smallestShelter.controller.PostControllerTest@6a0ca728, testMethod = 게시물삭제@PostControllerTest, testException = [null], mergedContextConfiguration = [WebMergedContextConfiguration@74d4f542 testClass = PostControllerTest, locations = '{}', classes = '{class umc_sjs.smallestShelter.SmallestShelterApplication}', contextInitializerClasses = '[]', activeProfiles = '{}', propertySourceLocations = '{}', propertySourceProperties = '{org.springframework.boot.test.context.SpringBootTestContextBootstrapper=true}', contextCustomizers = set[org.springframework.boot.test.autoconfigure.actuate.metrics.MetricsExportContextCustomizerFactory$DisableMetricExportContextCustomizer@201b6b6f, org.springframework.boot.test.autoconfigure.properties.PropertyMappingContextCustomizer@0, org.springframework.boot.test.autoconfigure.web.servlet.WebDriverContextCustomizerFactory$Customizer@18230356, org.springframework.boot.test.context.filter.ExcludeFilterContextCustomizer@60d1a32f, org.springframework.boot.test.json.DuplicateJsonObjectContextCustomizerFactory$DuplicateJsonObjectContextCustomizer@40c80397, org.springframework.boot.test.mock.mockito.MockitoContextCustomizer@0, org.springframework.boot.test.web.client.TestRestTemplateContextCustomizer@47db5fa5, org.springframework.boot.test.context.SpringBootTestArgs@1, org.springframework.boot.test.context.SpringBootTestWebEnvironment@1890516e], resourceBasePath = 'src/main/webapp', contextLoader = 'org.springframework.boot.test.context.SpringBootContextLoader', parent = [null]], attributes = map['org.springframework.test.context.web.ServletTestExecutionListener.activateListener' -> true, 'org.springframework.test.context.web.ServletTestExecutionListener.populatedRequestContextHolder' -> true, 'org.springframework.test.context.web.ServletTestExecutionListener.resetRequestContextHolder' -> true, 'org.springframework.test.context.event.ApplicationEventsTestExecutionListener.recordApplicationEvents' -> false]]; transaction manager [org.springframework.orm.jpa.JpaTransactionManager@3ed4c822]; rollback [true]
2022-08-12 20:58:49.371 DEBUG 16152 --- [    Test worker] org.hibernate.SQL                        : 
    select
        animal0_.animal_idx as animal_i1_0_,
        animal0_.is_guessed as is_guess2_0_,
        animal0_.month as month3_0_,
        animal0_.year as year4_0_,
        animal0_.bark as bark5_0_,
        animal0_.bite as bite6_0_,
        animal0_.create_date as create_d7_0_,
        animal0_.gender as gender8_0_,
        animal0_.is_adopted as is_adopt9_0_,
        animal0_.main_img_url as main_im10_0_,
        animal0_.name as name11_0_,
        animal0_.separation as separat12_0_,
        animal0_.socialization as sociali13_0_,
        animal0_.species as species14_0_,
        animal0_.toilet as toilet15_0_,
        animal0_.upload_user_idx as upload_16_0_ 
    from
        animal animal0_
2022-08-12 20:58:49.407 DEBUG 16152 --- [    Test worker] org.hibernate.SQL                        : 
    select
        post0_.post_idx as post_idx1_3_,
        post0_.animal_idx as animal_i5_3_,
        post0_.content as content2_3_,
        post0_.create_date as create_d3_3_,
        post0_.img_url as img_url4_3_ 
    from
        post post0_
2022-08-12 20:58:49.451 DEBUG 16152 --- [    Test worker] org.hibernate.SQL                        : 
    select
        animal0_.animal_idx as animal_i1_0_0_,
        illnesslis1_.illness_idx as illness_1_2_1_,
        animal0_.is_guessed as is_guess2_0_0_,
        animal0_.month as month3_0_0_,
        animal0_.year as year4_0_0_,
        animal0_.bark as bark5_0_0_,
        animal0_.bite as bite6_0_0_,
        animal0_.create_date as create_d7_0_0_,
        animal0_.gender as gender8_0_0_,
        animal0_.is_adopted as is_adopt9_0_0_,
        animal0_.main_img_url as main_im10_0_0_,
        animal0_.name as name11_0_0_,
        animal0_.separation as separat12_0_0_,
        animal0_.socialization as sociali13_0_0_,
        animal0_.species as species14_0_0_,
        animal0_.toilet as toilet15_0_0_,
        animal0_.upload_user_idx as upload_16_0_0_,
        illnesslis1_.animal_idx as animal_i3_2_1_,
        illnesslis1_.name as name2_2_1_,
        illnesslis1_.animal_idx as animal_i3_2_0__,
        illnesslis1_.illness_idx as illness_1_2_0__ 
    from
        animal animal0_ 
    left outer join
        illness illnesslis1_ 
            on animal0_.animal_idx=illnesslis1_.animal_idx 
    where
        animal0_.animal_idx=?
2022-08-12 20:58:49.468 DEBUG 16152 --- [    Test worker] org.hibernate.SQL                        : 
    insert 
    into
        post
        (animal_idx, content, create_date, img_url) 
    values
        (?, ?, ?, ?)
2022-08-12 20:58:49.494 DEBUG 16152 --- [    Test worker] org.hibernate.SQL                        : 
    select
        post0_.post_idx as post_idx1_3_0_,
        animal1_.animal_idx as animal_i1_0_1_,
        post0_.animal_idx as animal_i5_3_0_,
        post0_.content as content2_3_0_,
        post0_.create_date as create_d3_3_0_,
        post0_.img_url as img_url4_3_0_,
        animal1_.is_guessed as is_guess2_0_1_,
        animal1_.month as month3_0_1_,
        animal1_.year as year4_0_1_,
        animal1_.bark as bark5_0_1_,
        animal1_.bite as bite6_0_1_,
        animal1_.create_date as create_d7_0_1_,
        animal1_.gender as gender8_0_1_,
        animal1_.is_adopted as is_adopt9_0_1_,
        animal1_.main_img_url as main_im10_0_1_,
        animal1_.name as name11_0_1_,
        animal1_.separation as separat12_0_1_,
        animal1_.socialization as sociali13_0_1_,
        animal1_.species as species14_0_1_,
        animal1_.toilet as toilet15_0_1_,
        animal1_.upload_user_idx as upload_16_0_1_ 
    from
        post post0_ 
    left outer join
        animal animal1_ 
            on post0_.animal_idx=animal1_.animal_idx 
    where
        post0_.post_idx=?
요청에 성공하였습니다.
2022-08-12 20:58:49.550  INFO 16152 --- [    Test worker] o.s.t.c.transaction.TransactionContext   : Rolled back transaction for test: [DefaultTestContext@4b4a3114 testClass = PostControllerTest, testInstance = umc_sjs.smallestShelter.controller.PostControllerTest@6a0ca728, testMethod = 게시물삭제@PostControllerTest, testException = [null], mergedContextConfiguration = [WebMergedContextConfiguration@74d4f542 testClass = PostControllerTest, locations = '{}', classes = '{class umc_sjs.smallestShelter.SmallestShelterApplication}', contextInitializerClasses = '[]', activeProfiles = '{}', propertySourceLocations = '{}', propertySourceProperties = '{org.springframework.boot.test.context.SpringBootTestContextBootstrapper=true}', contextCustomizers = set[org.springframework.boot.test.autoconfigure.actuate.metrics.MetricsExportContextCustomizerFactory$DisableMetricExportContextCustomizer@201b6b6f, org.springframework.boot.test.autoconfigure.properties.PropertyMappingContextCustomizer@0, org.springframework.boot.test.autoconfigure.web.servlet.WebDriverContextCustomizerFactory$Customizer@18230356, org.springframework.boot.test.context.filter.ExcludeFilterContextCustomizer@60d1a32f, org.springframework.boot.test.json.DuplicateJsonObjectContextCustomizerFactory$DuplicateJsonObjectContextCustomizer@40c80397, org.springframework.boot.test.mock.mockito.MockitoContextCustomizer@0, org.springframework.boot.test.web.client.TestRestTemplateContextCustomizer@47db5fa5, org.springframework.boot.test.context.SpringBootTestArgs@1, org.springframework.boot.test.context.SpringBootTestWebEnvironment@1890516e], resourceBasePath = 'src/main/webapp', contextLoader = 'org.springframework.boot.test.context.SpringBootContextLoader', parent = [null]], attributes = map['org.springframework.test.context.web.ServletTestExecutionListener.activateListener' -> true, 'org.springframework.test.context.web.ServletTestExecutionListener.populatedRequestContextHolder' -> true, 'org.springframework.test.context.web.ServletTestExecutionListener.resetRequestContextHolder' -> true, 'org.springframework.test.context.event.ApplicationEventsTestExecutionListener.recordApplicationEvents' -> false]]
2022-08-12 20:58:49.570  INFO 16152 --- [    Test worker] o.s.t.c.transaction.TransactionContext   : Began transaction (1) for test context [DefaultTestContext@4b4a3114 testClass = PostControllerTest, testInstance = umc_sjs.smallestShelter.controller.PostControllerTest@26ab3c1b, testMethod = 게시물수정@PostControllerTest, testException = [null], mergedContextConfiguration = [WebMergedContextConfiguration@74d4f542 testClass = PostControllerTest, locations = '{}', classes = '{class umc_sjs.smallestShelter.SmallestShelterApplication}', contextInitializerClasses = '[]', activeProfiles = '{}', propertySourceLocations = '{}', propertySourceProperties = '{org.springframework.boot.test.context.SpringBootTestContextBootstrapper=true}', contextCustomizers = set[org.springframework.boot.test.autoconfigure.actuate.metrics.MetricsExportContextCustomizerFactory$DisableMetricExportContextCustomizer@201b6b6f, org.springframework.boot.test.autoconfigure.properties.PropertyMappingContextCustomizer@0, org.springframework.boot.test.autoconfigure.web.servlet.WebDriverContextCustomizerFactory$Customizer@18230356, org.springframework.boot.test.context.filter.ExcludeFilterContextCustomizer@60d1a32f, org.springframework.boot.test.json.DuplicateJsonObjectContextCustomizerFactory$DuplicateJsonObjectContextCustomizer@40c80397, org.springframework.boot.test.mock.mockito.MockitoContextCustomizer@0, org.springframework.boot.test.web.client.TestRestTemplateContextCustomizer@47db5fa5, org.springframework.boot.test.context.SpringBootTestArgs@1, org.springframework.boot.test.context.SpringBootTestWebEnvironment@1890516e], resourceBasePath = 'src/main/webapp', contextLoader = 'org.springframework.boot.test.context.SpringBootContextLoader', parent = [null]], attributes = map['org.springframework.test.context.web.ServletTestExecutionListener.activateListener' -> true, 'org.springframework.test.context.web.ServletTestExecutionListener.populatedRequestContextHolder' -> true, 'org.springframework.test.context.web.ServletTestExecutionListener.resetRequestContextHolder' -> true, 'org.springframework.test.context.event.ApplicationEventsTestExecutionListener.recordApplicationEvents' -> false]]; transaction manager [org.springframework.orm.jpa.JpaTransactionManager@3ed4c822]; rollback [true]
2022-08-12 20:58:49.574 DEBUG 16152 --- [    Test worker] org.hibernate.SQL                        : 
    select
        animal0_.animal_idx as animal_i1_0_,
        animal0_.is_guessed as is_guess2_0_,
        animal0_.month as month3_0_,
        animal0_.year as year4_0_,
        animal0_.bark as bark5_0_,
        animal0_.bite as bite6_0_,
        animal0_.create_date as create_d7_0_,
        animal0_.gender as gender8_0_,
        animal0_.is_adopted as is_adopt9_0_,
        animal0_.main_img_url as main_im10_0_,
        animal0_.name as name11_0_,
        animal0_.separation as separat12_0_,
        animal0_.socialization as sociali13_0_,
        animal0_.species as species14_0_,
        animal0_.toilet as toilet15_0_,
        animal0_.upload_user_idx as upload_16_0_ 
    from
        animal animal0_
2022-08-12 20:58:49.614 DEBUG 16152 --- [    Test worker] org.hibernate.SQL                        : 
    select
        post0_.post_idx as post_idx1_3_,
        post0_.animal_idx as animal_i5_3_,
        post0_.content as content2_3_,
        post0_.create_date as create_d3_3_,
        post0_.img_url as img_url4_3_ 
    from
        post post0_
2022-08-12 20:58:49.631 DEBUG 16152 --- [    Test worker] org.hibernate.SQL                        : 
    select
        post0_.post_idx as post_idx1_3_0_,
        animal1_.animal_idx as animal_i1_0_1_,
        post0_.animal_idx as animal_i5_3_0_,
        post0_.content as content2_3_0_,
        post0_.create_date as create_d3_3_0_,
        post0_.img_url as img_url4_3_0_,
        animal1_.is_guessed as is_guess2_0_1_,
        animal1_.month as month3_0_1_,
        animal1_.year as year4_0_1_,
        animal1_.bark as bark5_0_1_,
        animal1_.bite as bite6_0_1_,
        animal1_.create_date as create_d7_0_1_,
        animal1_.gender as gender8_0_1_,
        animal1_.is_adopted as is_adopt9_0_1_,
        animal1_.main_img_url as main_im10_0_1_,
        animal1_.name as name11_0_1_,
        animal1_.separation as separat12_0_1_,
        animal1_.socialization as sociali13_0_1_,
        animal1_.species as species14_0_1_,
        animal1_.toilet as toilet15_0_1_,
        animal1_.upload_user_idx as upload_16_0_1_ 
    from
        post post0_ 
    left outer join
        animal animal1_ 
            on post0_.animal_idx=animal1_.animal_idx 
    where
        post0_.post_idx=?
2022-08-12 20:58:49.665  INFO 16152 --- [    Test worker] o.s.t.c.transaction.TransactionContext   : Rolled back transaction for test: [DefaultTestContext@4b4a3114 testClass = PostControllerTest, testInstance = umc_sjs.smallestShelter.controller.PostControllerTest@26ab3c1b, testMethod = 게시물수정@PostControllerTest, testException = [null], mergedContextConfiguration = [WebMergedContextConfiguration@74d4f542 testClass = PostControllerTest, locations = '{}', classes = '{class umc_sjs.smallestShelter.SmallestShelterApplication}', contextInitializerClasses = '[]', activeProfiles = '{}', propertySourceLocations = '{}', propertySourceProperties = '{org.springframework.boot.test.context.SpringBootTestContextBootstrapper=true}', contextCustomizers = set[org.springframework.boot.test.autoconfigure.actuate.metrics.MetricsExportContextCustomizerFactory$DisableMetricExportContextCustomizer@201b6b6f, org.springframework.boot.test.autoconfigure.properties.PropertyMappingContextCustomizer@0, org.springframework.boot.test.autoconfigure.web.servlet.WebDriverContextCustomizerFactory$Customizer@18230356, org.springframework.boot.test.context.filter.ExcludeFilterContextCustomizer@60d1a32f, org.springframework.boot.test.json.DuplicateJsonObjectContextCustomizerFactory$DuplicateJsonObjectContextCustomizer@40c80397, org.springframework.boot.test.mock.mockito.MockitoContextCustomizer@0, org.springframework.boot.test.web.client.TestRestTemplateContextCustomizer@47db5fa5, org.springframework.boot.test.context.SpringBootTestArgs@1, org.springframework.boot.test.context.SpringBootTestWebEnvironment@1890516e], resourceBasePath = 'src/main/webapp', contextLoader = 'org.springframework.boot.test.context.SpringBootContextLoader', parent = [null]], attributes = map['org.springframework.test.context.web.ServletTestExecutionListener.activateListener' -> true, 'org.springframework.test.context.web.ServletTestExecutionListener.populatedRequestContextHolder' -> true, 'org.springframework.test.context.web.ServletTestExecutionListener.resetRequestContextHolder' -> true, 'org.springframework.test.context.event.ApplicationEventsTestExecutionListener.recordApplicationEvents' -> false]]
2022-08-12 20:58:49.675  INFO 16152 --- [    Test worker] o.s.t.c.transaction.TransactionContext   : Began transaction (1) for test context [DefaultTestContext@4b4a3114 testClass = PostControllerTest, testInstance = umc_sjs.smallestShelter.controller.PostControllerTest@d7ce31c, testMethod = 게시글조회_x_없는게시물조회@PostControllerTest, testException = [null], mergedContextConfiguration = [WebMergedContextConfiguration@74d4f542 testClass = PostControllerTest, locations = '{}', classes = '{class umc_sjs.smallestShelter.SmallestShelterApplication}', contextInitializerClasses = '[]', activeProfiles = '{}', propertySourceLocations = '{}', propertySourceProperties = '{org.springframework.boot.test.context.SpringBootTestContextBootstrapper=true}', contextCustomizers = set[org.springframework.boot.test.autoconfigure.actuate.metrics.MetricsExportContextCustomizerFactory$DisableMetricExportContextCustomizer@201b6b6f, org.springframework.boot.test.autoconfigure.properties.PropertyMappingContextCustomizer@0, org.springframework.boot.test.autoconfigure.web.servlet.WebDriverContextCustomizerFactory$Customizer@18230356, org.springframework.boot.test.context.filter.ExcludeFilterContextCustomizer@60d1a32f, org.springframework.boot.test.json.DuplicateJsonObjectContextCustomizerFactory$DuplicateJsonObjectContextCustomizer@40c80397, org.springframework.boot.test.mock.mockito.MockitoContextCustomizer@0, org.springframework.boot.test.web.client.TestRestTemplateContextCustomizer@47db5fa5, org.springframework.boot.test.context.SpringBootTestArgs@1, org.springframework.boot.test.context.SpringBootTestWebEnvironment@1890516e], resourceBasePath = 'src/main/webapp', contextLoader = 'org.springframework.boot.test.context.SpringBootContextLoader', parent = [null]], attributes = map['org.springframework.test.context.web.ServletTestExecutionListener.activateListener' -> true, 'org.springframework.test.context.web.ServletTestExecutionListener.populatedRequestContextHolder' -> true, 'org.springframework.test.context.web.ServletTestExecutionListener.resetRequestContextHolder' -> true, 'org.springframework.test.context.event.ApplicationEventsTestExecutionListener.recordApplicationEvents' -> false]]; transaction manager [org.springframework.orm.jpa.JpaTransactionManager@3ed4c822]; rollback [true]
2022-08-12 20:58:49.677 DEBUG 16152 --- [    Test worker] org.hibernate.SQL                        : 
    select
        animal0_.animal_idx as animal_i1_0_,
        animal0_.is_guessed as is_guess2_0_,
        animal0_.month as month3_0_,
        animal0_.year as year4_0_,
        animal0_.bark as bark5_0_,
        animal0_.bite as bite6_0_,
        animal0_.create_date as create_d7_0_,
        animal0_.gender as gender8_0_,
        animal0_.is_adopted as is_adopt9_0_,
        animal0_.main_img_url as main_im10_0_,
        animal0_.name as name11_0_,
        animal0_.separation as separat12_0_,
        animal0_.socialization as sociali13_0_,
        animal0_.species as species14_0_,
        animal0_.toilet as toilet15_0_,
        animal0_.upload_user_idx as upload_16_0_ 
    from
        animal animal0_
2022-08-12 20:58:49.706 DEBUG 16152 --- [    Test worker] org.hibernate.SQL                        : 
    select
        post0_.post_idx as post_idx1_3_,
        post0_.animal_idx as animal_i5_3_,
        post0_.content as content2_3_,
        post0_.create_date as create_d3_3_,
        post0_.img_url as img_url4_3_ 
    from
        post post0_
2022-08-12 20:58:49.746 DEBUG 16152 --- [    Test worker] org.hibernate.SQL                        : 
    select
        post0_.post_idx as post_idx1_3_0_,
        animal1_.animal_idx as animal_i1_0_1_,
        post0_.animal_idx as animal_i5_3_0_,
        post0_.content as content2_3_0_,
        post0_.create_date as create_d3_3_0_,
        post0_.img_url as img_url4_3_0_,
        animal1_.is_guessed as is_guess2_0_1_,
        animal1_.month as month3_0_1_,
        animal1_.year as year4_0_1_,
        animal1_.bark as bark5_0_1_,
        animal1_.bite as bite6_0_1_,
        animal1_.create_date as create_d7_0_1_,
        animal1_.gender as gender8_0_1_,
        animal1_.is_adopted as is_adopt9_0_1_,
        animal1_.main_img_url as main_im10_0_1_,
        animal1_.name as name11_0_1_,
        animal1_.separation as separat12_0_1_,
        animal1_.socialization as sociali13_0_1_,
        animal1_.species as species14_0_1_,
        animal1_.toilet as toilet15_0_1_,
        animal1_.upload_user_idx as upload_16_0_1_ 
    from
        post post0_ 
    left outer join
        animal animal1_ 
            on post0_.animal_idx=animal1_.animal_idx 
    where
        post0_.post_idx=?
해당하는 게시물이 존재하지 않습니다
2022-08-12 20:58:49.774  INFO 16152 --- [    Test worker] o.s.t.c.transaction.TransactionContext   : Rolled back transaction for test: [DefaultTestContext@4b4a3114 testClass = PostControllerTest, testInstance = umc_sjs.smallestShelter.controller.PostControllerTest@d7ce31c, testMethod = 게시글조회_x_없는게시물조회@PostControllerTest, testException = [null], mergedContextConfiguration = [WebMergedContextConfiguration@74d4f542 testClass = PostControllerTest, locations = '{}', classes = '{class umc_sjs.smallestShelter.SmallestShelterApplication}', contextInitializerClasses = '[]', activeProfiles = '{}', propertySourceLocations = '{}', propertySourceProperties = '{org.springframework.boot.test.context.SpringBootTestContextBootstrapper=true}', contextCustomizers = set[org.springframework.boot.test.autoconfigure.actuate.metrics.MetricsExportContextCustomizerFactory$DisableMetricExportContextCustomizer@201b6b6f, org.springframework.boot.test.autoconfigure.properties.PropertyMappingContextCustomizer@0, org.springframework.boot.test.autoconfigure.web.servlet.WebDriverContextCustomizerFactory$Customizer@18230356, org.springframework.boot.test.context.filter.ExcludeFilterContextCustomizer@60d1a32f, org.springframework.boot.test.json.DuplicateJsonObjectContextCustomizerFactory$DuplicateJsonObjectContextCustomizer@40c80397, org.springframework.boot.test.mock.mockito.MockitoContextCustomizer@0, org.springframework.boot.test.web.client.TestRestTemplateContextCustomizer@47db5fa5, org.springframework.boot.test.context.SpringBootTestArgs@1, org.springframework.boot.test.context.SpringBootTestWebEnvironment@1890516e], resourceBasePath = 'src/main/webapp', contextLoader = 'org.springframework.boot.test.context.SpringBootContextLoader', parent = [null]], attributes = map['org.springframework.test.context.web.ServletTestExecutionListener.activateListener' -> true, 'org.springframework.test.context.web.ServletTestExecutionListener.populatedRequestContextHolder' -> true, 'org.springframework.test.context.web.ServletTestExecutionListener.resetRequestContextHolder' -> true, 'org.springframework.test.context.event.ApplicationEventsTestExecutionListener.recordApplicationEvents' -> false]]
2022-08-12 20:58:49.783  INFO 16152 --- [    Test worker] o.s.t.c.transaction.TransactionContext   : Began transaction (1) for test context [DefaultTestContext@4b4a3114 testClass = PostControllerTest, testInstance = umc_sjs.smallestShelter.controller.PostControllerTest@7153995c, testMethod = 게시물삭제_x_일치하지않는동물idx@PostControllerTest, testException = [null], mergedContextConfiguration = [WebMergedContextConfiguration@74d4f542 testClass = PostControllerTest, locations = '{}', classes = '{class umc_sjs.smallestShelter.SmallestShelterApplication}', contextInitializerClasses = '[]', activeProfiles = '{}', propertySourceLocations = '{}', propertySourceProperties = '{org.springframework.boot.test.context.SpringBootTestContextBootstrapper=true}', contextCustomizers = set[org.springframework.boot.test.autoconfigure.actuate.metrics.MetricsExportContextCustomizerFactory$DisableMetricExportContextCustomizer@201b6b6f, org.springframework.boot.test.autoconfigure.properties.PropertyMappingContextCustomizer@0, org.springframework.boot.test.autoconfigure.web.servlet.WebDriverContextCustomizerFactory$Customizer@18230356, org.springframework.boot.test.context.filter.ExcludeFilterContextCustomizer@60d1a32f, org.springframework.boot.test.json.DuplicateJsonObjectContextCustomizerFactory$DuplicateJsonObjectContextCustomizer@40c80397, org.springframework.boot.test.mock.mockito.MockitoContextCustomizer@0, org.springframework.boot.test.web.client.TestRestTemplateContextCustomizer@47db5fa5, org.springframework.boot.test.context.SpringBootTestArgs@1, org.springframework.boot.test.context.SpringBootTestWebEnvironment@1890516e], resourceBasePath = 'src/main/webapp', contextLoader = 'org.springframework.boot.test.context.SpringBootContextLoader', parent = [null]], attributes = map['org.springframework.test.context.web.ServletTestExecutionListener.activateListener' -> true, 'org.springframework.test.context.web.ServletTestExecutionListener.populatedRequestContextHolder' -> true, 'org.springframework.test.context.web.ServletTestExecutionListener.resetRequestContextHolder' -> true, 'org.springframework.test.context.event.ApplicationEventsTestExecutionListener.recordApplicationEvents' -> false]]; transaction manager [org.springframework.orm.jpa.JpaTransactionManager@3ed4c822]; rollback [true]
2022-08-12 20:58:49.784 DEBUG 16152 --- [    Test worker] org.hibernate.SQL                        : 
    select
        animal0_.animal_idx as animal_i1_0_,
        animal0_.is_guessed as is_guess2_0_,
        animal0_.month as month3_0_,
        animal0_.year as year4_0_,
        animal0_.bark as bark5_0_,
        animal0_.bite as bite6_0_,
        animal0_.create_date as create_d7_0_,
        animal0_.gender as gender8_0_,
        animal0_.is_adopted as is_adopt9_0_,
        animal0_.main_img_url as main_im10_0_,
        animal0_.name as name11_0_,
        animal0_.separation as separat12_0_,
        animal0_.socialization as sociali13_0_,
        animal0_.species as species14_0_,
        animal0_.toilet as toilet15_0_,
        animal0_.upload_user_idx as upload_16_0_ 
    from
        animal animal0_
2022-08-12 20:58:49.810 DEBUG 16152 --- [    Test worker] org.hibernate.SQL                        : 
    select
        post0_.post_idx as post_idx1_3_,
        post0_.animal_idx as animal_i5_3_,
        post0_.content as content2_3_,
        post0_.create_date as create_d3_3_,
        post0_.img_url as img_url4_3_ 
    from
        post post0_
2022-08-12 20:58:49.876 DEBUG 16152 --- [    Test worker] org.hibernate.SQL                        : 
    select
        post0_.post_idx as post_idx1_3_0_,
        animal1_.animal_idx as animal_i1_0_1_,
        post0_.animal_idx as animal_i5_3_0_,
        post0_.content as content2_3_0_,
        post0_.create_date as create_d3_3_0_,
        post0_.img_url as img_url4_3_0_,
        animal1_.is_guessed as is_guess2_0_1_,
        animal1_.month as month3_0_1_,
        animal1_.year as year4_0_1_,
        animal1_.bark as bark5_0_1_,
        animal1_.bite as bite6_0_1_,
        animal1_.create_date as create_d7_0_1_,
        animal1_.gender as gender8_0_1_,
        animal1_.is_adopted as is_adopt9_0_1_,
        animal1_.main_img_url as main_im10_0_1_,
        animal1_.name as name11_0_1_,
        animal1_.separation as separat12_0_1_,
        animal1_.socialization as sociali13_0_1_,
        animal1_.species as species14_0_1_,
        animal1_.toilet as toilet15_0_1_,
        animal1_.upload_user_idx as upload_16_0_1_ 
    from
        post post0_ 
    left outer join
        animal animal1_ 
            on post0_.animal_idx=animal1_.animal_idx 
    where
        post0_.post_idx=?
해당 동물의 게시물의 아닙니다: idx 불일치
2022-08-12 20:58:49.906  INFO 16152 --- [    Test worker] o.s.t.c.transaction.TransactionContext   : Rolled back transaction for test: [DefaultTestContext@4b4a3114 testClass = PostControllerTest, testInstance = umc_sjs.smallestShelter.controller.PostControllerTest@7153995c, testMethod = 게시물삭제_x_일치하지않는동물idx@PostControllerTest, testException = [null], mergedContextConfiguration = [WebMergedContextConfiguration@74d4f542 testClass = PostControllerTest, locations = '{}', classes = '{class umc_sjs.smallestShelter.SmallestShelterApplication}', contextInitializerClasses = '[]', activeProfiles = '{}', propertySourceLocations = '{}', propertySourceProperties = '{org.springframework.boot.test.context.SpringBootTestContextBootstrapper=true}', contextCustomizers = set[org.springframework.boot.test.autoconfigure.actuate.metrics.MetricsExportContextCustomizerFactory$DisableMetricExportContextCustomizer@201b6b6f, org.springframework.boot.test.autoconfigure.properties.PropertyMappingContextCustomizer@0, org.springframework.boot.test.autoconfigure.web.servlet.WebDriverContextCustomizerFactory$Customizer@18230356, org.springframework.boot.test.context.filter.ExcludeFilterContextCustomizer@60d1a32f, org.springframework.boot.test.json.DuplicateJsonObjectContextCustomizerFactory$DuplicateJsonObjectContextCustomizer@40c80397, org.springframework.boot.test.mock.mockito.MockitoContextCustomizer@0, org.springframework.boot.test.web.client.TestRestTemplateContextCustomizer@47db5fa5, org.springframework.boot.test.context.SpringBootTestArgs@1, org.springframework.boot.test.context.SpringBootTestWebEnvironment@1890516e], resourceBasePath = 'src/main/webapp', contextLoader = 'org.springframework.boot.test.context.SpringBootContextLoader', parent = [null]], attributes = map['org.springframework.test.context.web.ServletTestExecutionListener.activateListener' -> true, 'org.springframework.test.context.web.ServletTestExecutionListener.populatedRequestContextHolder' -> true, 'org.springframework.test.context.web.ServletTestExecutionListener.resetRequestContextHolder' -> true, 'org.springframework.test.context.event.ApplicationEventsTestExecutionListener.recordApplicationEvents' -> false]]
2022-08-12 20:58:49.913  INFO 16152 --- [    Test worker] o.s.t.c.transaction.TransactionContext   : Began transaction (1) for test context [DefaultTestContext@4b4a3114 testClass = PostControllerTest, testInstance = umc_sjs.smallestShelter.controller.PostControllerTest@491d36ef, testMethod = 게시글생성_X_이미지없음_null@PostControllerTest, testException = [null], mergedContextConfiguration = [WebMergedContextConfiguration@74d4f542 testClass = PostControllerTest, locations = '{}', classes = '{class umc_sjs.smallestShelter.SmallestShelterApplication}', contextInitializerClasses = '[]', activeProfiles = '{}', propertySourceLocations = '{}', propertySourceProperties = '{org.springframework.boot.test.context.SpringBootTestContextBootstrapper=true}', contextCustomizers = set[org.springframework.boot.test.autoconfigure.actuate.metrics.MetricsExportContextCustomizerFactory$DisableMetricExportContextCustomizer@201b6b6f, org.springframework.boot.test.autoconfigure.properties.PropertyMappingContextCustomizer@0, org.springframework.boot.test.autoconfigure.web.servlet.WebDriverContextCustomizerFactory$Customizer@18230356, org.springframework.boot.test.context.filter.ExcludeFilterContextCustomizer@60d1a32f, org.springframework.boot.test.json.DuplicateJsonObjectContextCustomizerFactory$DuplicateJsonObjectContextCustomizer@40c80397, org.springframework.boot.test.mock.mockito.MockitoContextCustomizer@0, org.springframework.boot.test.web.client.TestRestTemplateContextCustomizer@47db5fa5, org.springframework.boot.test.context.SpringBootTestArgs@1, org.springframework.boot.test.context.SpringBootTestWebEnvironment@1890516e], resourceBasePath = 'src/main/webapp', contextLoader = 'org.springframework.boot.test.context.SpringBootContextLoader', parent = [null]], attributes = map['org.springframework.test.context.web.ServletTestExecutionListener.activateListener' -> true, 'org.springframework.test.context.web.ServletTestExecutionListener.populatedRequestContextHolder' -> true, 'org.springframework.test.context.web.ServletTestExecutionListener.resetRequestContextHolder' -> true, 'org.springframework.test.context.event.ApplicationEventsTestExecutionListener.recordApplicationEvents' -> false]]; transaction manager [org.springframework.orm.jpa.JpaTransactionManager@3ed4c822]; rollback [true]
2022-08-12 20:58:49.915 DEBUG 16152 --- [    Test worker] org.hibernate.SQL                        : 
    select
        animal0_.animal_idx as animal_i1_0_,
        animal0_.is_guessed as is_guess2_0_,
        animal0_.month as month3_0_,
        animal0_.year as year4_0_,
        animal0_.bark as bark5_0_,
        animal0_.bite as bite6_0_,
        animal0_.create_date as create_d7_0_,
        animal0_.gender as gender8_0_,
        animal0_.is_adopted as is_adopt9_0_,
        animal0_.main_img_url as main_im10_0_,
        animal0_.name as name11_0_,
        animal0_.separation as separat12_0_,
        animal0_.socialization as sociali13_0_,
        animal0_.species as species14_0_,
        animal0_.toilet as toilet15_0_,
        animal0_.upload_user_idx as upload_16_0_ 
    from
        animal animal0_
2022-08-12 20:58:50.072 DEBUG 16152 --- [    Test worker] org.hibernate.SQL                        : 
    select
        post0_.post_idx as post_idx1_3_,
        post0_.animal_idx as animal_i5_3_,
        post0_.content as content2_3_,
        post0_.create_date as create_d3_3_,
        post0_.img_url as img_url4_3_ 
    from
        post post0_
게시물에 이미지가 없습니다
2022-08-12 20:58:50.108  INFO 16152 --- [    Test worker] o.s.t.c.transaction.TransactionContext   : Rolled back transaction for test: [DefaultTestContext@4b4a3114 testClass = PostControllerTest, testInstance = umc_sjs.smallestShelter.controller.PostControllerTest@491d36ef, testMethod = 게시글생성_X_이미지없음_null@PostControllerTest, testException = [null], mergedContextConfiguration = [WebMergedContextConfiguration@74d4f542 testClass = PostControllerTest, locations = '{}', classes = '{class umc_sjs.smallestShelter.SmallestShelterApplication}', contextInitializerClasses = '[]', activeProfiles = '{}', propertySourceLocations = '{}', propertySourceProperties = '{org.springframework.boot.test.context.SpringBootTestContextBootstrapper=true}', contextCustomizers = set[org.springframework.boot.test.autoconfigure.actuate.metrics.MetricsExportContextCustomizerFactory$DisableMetricExportContextCustomizer@201b6b6f, org.springframework.boot.test.autoconfigure.properties.PropertyMappingContextCustomizer@0, org.springframework.boot.test.autoconfigure.web.servlet.WebDriverContextCustomizerFactory$Customizer@18230356, org.springframework.boot.test.context.filter.ExcludeFilterContextCustomizer@60d1a32f, org.springframework.boot.test.json.DuplicateJsonObjectContextCustomizerFactory$DuplicateJsonObjectContextCustomizer@40c80397, org.springframework.boot.test.mock.mockito.MockitoContextCustomizer@0, org.springframework.boot.test.web.client.TestRestTemplateContextCustomizer@47db5fa5, org.springframework.boot.test.context.SpringBootTestArgs@1, org.springframework.boot.test.context.SpringBootTestWebEnvironment@1890516e], resourceBasePath = 'src/main/webapp', contextLoader = 'org.springframework.boot.test.context.SpringBootContextLoader', parent = [null]], attributes = map['org.springframework.test.context.web.ServletTestExecutionListener.activateListener' -> true, 'org.springframework.test.context.web.ServletTestExecutionListener.populatedRequestContextHolder' -> true, 'org.springframework.test.context.web.ServletTestExecutionListener.resetRequestContextHolder' -> true, 'org.springframework.test.context.event.ApplicationEventsTestExecutionListener.recordApplicationEvents' -> false]]
2022-08-12 20:58:50.113  INFO 16152 --- [    Test worker] o.s.t.c.transaction.TransactionContext   : Began transaction (1) for test context [DefaultTestContext@4b4a3114 testClass = PostControllerTest, testInstance = umc_sjs.smallestShelter.controller.PostControllerTest@6a4d72bd, testMethod = 게시물수정_x_없는게시물@PostControllerTest, testException = [null], mergedContextConfiguration = [WebMergedContextConfiguration@74d4f542 testClass = PostControllerTest, locations = '{}', classes = '{class umc_sjs.smallestShelter.SmallestShelterApplication}', contextInitializerClasses = '[]', activeProfiles = '{}', propertySourceLocations = '{}', propertySourceProperties = '{org.springframework.boot.test.context.SpringBootTestContextBootstrapper=true}', contextCustomizers = set[org.springframework.boot.test.autoconfigure.actuate.metrics.MetricsExportContextCustomizerFactory$DisableMetricExportContextCustomizer@201b6b6f, org.springframework.boot.test.autoconfigure.properties.PropertyMappingContextCustomizer@0, org.springframework.boot.test.autoconfigure.web.servlet.WebDriverContextCustomizerFactory$Customizer@18230356, org.springframework.boot.test.context.filter.ExcludeFilterContextCustomizer@60d1a32f, org.springframework.boot.test.json.DuplicateJsonObjectContextCustomizerFactory$DuplicateJsonObjectContextCustomizer@40c80397, org.springframework.boot.test.mock.mockito.MockitoContextCustomizer@0, org.springframework.boot.test.web.client.TestRestTemplateContextCustomizer@47db5fa5, org.springframework.boot.test.context.SpringBootTestArgs@1, org.springframework.boot.test.context.SpringBootTestWebEnvironment@1890516e], resourceBasePath = 'src/main/webapp', contextLoader = 'org.springframework.boot.test.context.SpringBootContextLoader', parent = [null]], attributes = map['org.springframework.test.context.web.ServletTestExecutionListener.activateListener' -> true, 'org.springframework.test.context.web.ServletTestExecutionListener.populatedRequestContextHolder' -> true, 'org.springframework.test.context.web.ServletTestExecutionListener.resetRequestContextHolder' -> true, 'org.springframework.test.context.event.ApplicationEventsTestExecutionListener.recordApplicationEvents' -> false]]; transaction manager [org.springframework.orm.jpa.JpaTransactionManager@3ed4c822]; rollback [true]
2022-08-12 20:58:50.117 DEBUG 16152 --- [    Test worker] org.hibernate.SQL                        : 
    select
        animal0_.animal_idx as animal_i1_0_,
        animal0_.is_guessed as is_guess2_0_,
        animal0_.month as month3_0_,
        animal0_.year as year4_0_,
        animal0_.bark as bark5_0_,
        animal0_.bite as bite6_0_,
        animal0_.create_date as create_d7_0_,
        animal0_.gender as gender8_0_,
        animal0_.is_adopted as is_adopt9_0_,
        animal0_.main_img_url as main_im10_0_,
        animal0_.name as name11_0_,
        animal0_.separation as separat12_0_,
        animal0_.socialization as sociali13_0_,
        animal0_.species as species14_0_,
        animal0_.toilet as toilet15_0_,
        animal0_.upload_user_idx as upload_16_0_ 
    from
        animal animal0_
2022-08-12 20:58:50.314 DEBUG 16152 --- [    Test worker] org.hibernate.SQL                        : 
    select
        post0_.post_idx as post_idx1_3_,
        post0_.animal_idx as animal_i5_3_,
        post0_.content as content2_3_,
        post0_.create_date as create_d3_3_,
        post0_.img_url as img_url4_3_ 
    from
        post post0_
2022-08-12 20:58:50.324 DEBUG 16152 --- [    Test worker] org.hibernate.SQL                        : 
    select
        post0_.post_idx as post_idx1_3_0_,
        animal1_.animal_idx as animal_i1_0_1_,
        post0_.animal_idx as animal_i5_3_0_,
        post0_.content as content2_3_0_,
        post0_.create_date as create_d3_3_0_,
        post0_.img_url as img_url4_3_0_,
        animal1_.is_guessed as is_guess2_0_1_,
        animal1_.month as month3_0_1_,
        animal1_.year as year4_0_1_,
        animal1_.bark as bark5_0_1_,
        animal1_.bite as bite6_0_1_,
        animal1_.create_date as create_d7_0_1_,
        animal1_.gender as gender8_0_1_,
        animal1_.is_adopted as is_adopt9_0_1_,
        animal1_.main_img_url as main_im10_0_1_,
        animal1_.name as name11_0_1_,
        animal1_.separation as separat12_0_1_,
        animal1_.socialization as sociali13_0_1_,
        animal1_.species as species14_0_1_,
        animal1_.toilet as toilet15_0_1_,
        animal1_.upload_user_idx as upload_16_0_1_ 
    from
        post post0_ 
    left outer join
        animal animal1_ 
            on post0_.animal_idx=animal1_.animal_idx 
    where
        post0_.post_idx=?
해당하는 게시물이 존재하지 않습니다
2022-08-12 20:58:50.373  INFO 16152 --- [    Test worker] o.s.t.c.transaction.TransactionContext   : Rolled back transaction for test: [DefaultTestContext@4b4a3114 testClass = PostControllerTest, testInstance = umc_sjs.smallestShelter.controller.PostControllerTest@6a4d72bd, testMethod = 게시물수정_x_없는게시물@PostControllerTest, testException = [null], mergedContextConfiguration = [WebMergedContextConfiguration@74d4f542 testClass = PostControllerTest, locations = '{}', classes = '{class umc_sjs.smallestShelter.SmallestShelterApplication}', contextInitializerClasses = '[]', activeProfiles = '{}', propertySourceLocations = '{}', propertySourceProperties = '{org.springframework.boot.test.context.SpringBootTestContextBootstrapper=true}', contextCustomizers = set[org.springframework.boot.test.autoconfigure.actuate.metrics.MetricsExportContextCustomizerFactory$DisableMetricExportContextCustomizer@201b6b6f, org.springframework.boot.test.autoconfigure.properties.PropertyMappingContextCustomizer@0, org.springframework.boot.test.autoconfigure.web.servlet.WebDriverContextCustomizerFactory$Customizer@18230356, org.springframework.boot.test.context.filter.ExcludeFilterContextCustomizer@60d1a32f, org.springframework.boot.test.json.DuplicateJsonObjectContextCustomizerFactory$DuplicateJsonObjectContextCustomizer@40c80397, org.springframework.boot.test.mock.mockito.MockitoContextCustomizer@0, org.springframework.boot.test.web.client.TestRestTemplateContextCustomizer@47db5fa5, org.springframework.boot.test.context.SpringBootTestArgs@1, org.springframework.boot.test.context.SpringBootTestWebEnvironment@1890516e], resourceBasePath = 'src/main/webapp', contextLoader = 'org.springframework.boot.test.context.SpringBootContextLoader', parent = [null]], attributes = map['org.springframework.test.context.web.ServletTestExecutionListener.activateListener' -> true, 'org.springframework.test.context.web.ServletTestExecutionListener.populatedRequestContextHolder' -> true, 'org.springframework.test.context.web.ServletTestExecutionListener.resetRequestContextHolder' -> true, 'org.springframework.test.context.event.ApplicationEventsTestExecutionListener.recordApplicationEvents' -> false]]
2022-08-12 20:58:50.390  INFO 16152 --- [    Test worker] o.s.t.c.transaction.TransactionContext   : Began transaction (1) for test context [DefaultTestContext@4b4a3114 testClass = PostControllerTest, testInstance = umc_sjs.smallestShelter.controller.PostControllerTest@2ca6937, testMethod = 게시물수정_x_이미지없음@PostControllerTest, testException = [null], mergedContextConfiguration = [WebMergedContextConfiguration@74d4f542 testClass = PostControllerTest, locations = '{}', classes = '{class umc_sjs.smallestShelter.SmallestShelterApplication}', contextInitializerClasses = '[]', activeProfiles = '{}', propertySourceLocations = '{}', propertySourceProperties = '{org.springframework.boot.test.context.SpringBootTestContextBootstrapper=true}', contextCustomizers = set[org.springframework.boot.test.autoconfigure.actuate.metrics.MetricsExportContextCustomizerFactory$DisableMetricExportContextCustomizer@201b6b6f, org.springframework.boot.test.autoconfigure.properties.PropertyMappingContextCustomizer@0, org.springframework.boot.test.autoconfigure.web.servlet.WebDriverContextCustomizerFactory$Customizer@18230356, org.springframework.boot.test.context.filter.ExcludeFilterContextCustomizer@60d1a32f, org.springframework.boot.test.json.DuplicateJsonObjectContextCustomizerFactory$DuplicateJsonObjectContextCustomizer@40c80397, org.springframework.boot.test.mock.mockito.MockitoContextCustomizer@0, org.springframework.boot.test.web.client.TestRestTemplateContextCustomizer@47db5fa5, org.springframework.boot.test.context.SpringBootTestArgs@1, org.springframework.boot.test.context.SpringBootTestWebEnvironment@1890516e], resourceBasePath = 'src/main/webapp', contextLoader = 'org.springframework.boot.test.context.SpringBootContextLoader', parent = [null]], attributes = map['org.springframework.test.context.web.ServletTestExecutionListener.activateListener' -> true, 'org.springframework.test.context.web.ServletTestExecutionListener.populatedRequestContextHolder' -> true, 'org.springframework.test.context.web.ServletTestExecutionListener.resetRequestContextHolder' -> true, 'org.springframework.test.context.event.ApplicationEventsTestExecutionListener.recordApplicationEvents' -> false]]; transaction manager [org.springframework.orm.jpa.JpaTransactionManager@3ed4c822]; rollback [true]
2022-08-12 20:58:50.395 DEBUG 16152 --- [    Test worker] org.hibernate.SQL                        : 
    select
        animal0_.animal_idx as animal_i1_0_,
        animal0_.is_guessed as is_guess2_0_,
        animal0_.month as month3_0_,
        animal0_.year as year4_0_,
        animal0_.bark as bark5_0_,
        animal0_.bite as bite6_0_,
        animal0_.create_date as create_d7_0_,
        animal0_.gender as gender8_0_,
        animal0_.is_adopted as is_adopt9_0_,
        animal0_.main_img_url as main_im10_0_,
        animal0_.name as name11_0_,
        animal0_.separation as separat12_0_,
        animal0_.socialization as sociali13_0_,
        animal0_.species as species14_0_,
        animal0_.toilet as toilet15_0_,
        animal0_.upload_user_idx as upload_16_0_ 
    from
        animal animal0_
2022-08-12 20:58:50.422 DEBUG 16152 --- [    Test worker] org.hibernate.SQL                        : 
    select
        post0_.post_idx as post_idx1_3_,
        post0_.animal_idx as animal_i5_3_,
        post0_.content as content2_3_,
        post0_.create_date as create_d3_3_,
        post0_.img_url as img_url4_3_ 
    from
        post post0_
게시물에 이미지가 없습니다
2022-08-12 20:58:50.472  INFO 16152 --- [    Test worker] o.s.t.c.transaction.TransactionContext   : Rolled back transaction for test: [DefaultTestContext@4b4a3114 testClass = PostControllerTest, testInstance = umc_sjs.smallestShelter.controller.PostControllerTest@2ca6937, testMethod = 게시물수정_x_이미지없음@PostControllerTest, testException = [null], mergedContextConfiguration = [WebMergedContextConfiguration@74d4f542 testClass = PostControllerTest, locations = '{}', classes = '{class umc_sjs.smallestShelter.SmallestShelterApplication}', contextInitializerClasses = '[]', activeProfiles = '{}', propertySourceLocations = '{}', propertySourceProperties = '{org.springframework.boot.test.context.SpringBootTestContextBootstrapper=true}', contextCustomizers = set[org.springframework.boot.test.autoconfigure.actuate.metrics.MetricsExportContextCustomizerFactory$DisableMetricExportContextCustomizer@201b6b6f, org.springframework.boot.test.autoconfigure.properties.PropertyMappingContextCustomizer@0, org.springframework.boot.test.autoconfigure.web.servlet.WebDriverContextCustomizerFactory$Customizer@18230356, org.springframework.boot.test.context.filter.ExcludeFilterContextCustomizer@60d1a32f, org.springframework.boot.test.json.DuplicateJsonObjectContextCustomizerFactory$DuplicateJsonObjectContextCustomizer@40c80397, org.springframework.boot.test.mock.mockito.MockitoContextCustomizer@0, org.springframework.boot.test.web.client.TestRestTemplateContextCustomizer@47db5fa5, org.springframework.boot.test.context.SpringBootTestArgs@1, org.springframework.boot.test.context.SpringBootTestWebEnvironment@1890516e], resourceBasePath = 'src/main/webapp', contextLoader = 'org.springframework.boot.test.context.SpringBootContextLoader', parent = [null]], attributes = map['org.springframework.test.context.web.ServletTestExecutionListener.activateListener' -> true, 'org.springframework.test.context.web.ServletTestExecutionListener.populatedRequestContextHolder' -> true, 'org.springframework.test.context.web.ServletTestExecutionListener.resetRequestContextHolder' -> true, 'org.springframework.test.context.event.ApplicationEventsTestExecutionListener.recordApplicationEvents' -> false]]
2022-08-12 20:58:50.481  INFO 16152 --- [    Test worker] o.s.t.c.transaction.TransactionContext   : Began transaction (1) for test context [DefaultTestContext@4b4a3114 testClass = PostControllerTest, testInstance = umc_sjs.smallestShelter.controller.PostControllerTest@7d26b390, testMethod = 게시물수정_x_이미지없음_null@PostControllerTest, testException = [null], mergedContextConfiguration = [WebMergedContextConfiguration@74d4f542 testClass = PostControllerTest, locations = '{}', classes = '{class umc_sjs.smallestShelter.SmallestShelterApplication}', contextInitializerClasses = '[]', activeProfiles = '{}', propertySourceLocations = '{}', propertySourceProperties = '{org.springframework.boot.test.context.SpringBootTestContextBootstrapper=true}', contextCustomizers = set[org.springframework.boot.test.autoconfigure.actuate.metrics.MetricsExportContextCustomizerFactory$DisableMetricExportContextCustomizer@201b6b6f, org.springframework.boot.test.autoconfigure.properties.PropertyMappingContextCustomizer@0, org.springframework.boot.test.autoconfigure.web.servlet.WebDriverContextCustomizerFactory$Customizer@18230356, org.springframework.boot.test.context.filter.ExcludeFilterContextCustomizer@60d1a32f, org.springframework.boot.test.json.DuplicateJsonObjectContextCustomizerFactory$DuplicateJsonObjectContextCustomizer@40c80397, org.springframework.boot.test.mock.mockito.MockitoContextCustomizer@0, org.springframework.boot.test.web.client.TestRestTemplateContextCustomizer@47db5fa5, org.springframework.boot.test.context.SpringBootTestArgs@1, org.springframework.boot.test.context.SpringBootTestWebEnvironment@1890516e], resourceBasePath = 'src/main/webapp', contextLoader = 'org.springframework.boot.test.context.SpringBootContextLoader', parent = [null]], attributes = map['org.springframework.test.context.web.ServletTestExecutionListener.activateListener' -> true, 'org.springframework.test.context.web.ServletTestExecutionListener.populatedRequestContextHolder' -> true, 'org.springframework.test.context.web.ServletTestExecutionListener.resetRequestContextHolder' -> true, 'org.springframework.test.context.event.ApplicationEventsTestExecutionListener.recordApplicationEvents' -> false]]; transaction manager [org.springframework.orm.jpa.JpaTransactionManager@3ed4c822]; rollback [true]
2022-08-12 20:58:50.486 DEBUG 16152 --- [    Test worker] org.hibernate.SQL                        : 
    select
        animal0_.animal_idx as animal_i1_0_,
        animal0_.is_guessed as is_guess2_0_,
        animal0_.month as month3_0_,
        animal0_.year as year4_0_,
        animal0_.bark as bark5_0_,
        animal0_.bite as bite6_0_,
        animal0_.create_date as create_d7_0_,
        animal0_.gender as gender8_0_,
        animal0_.is_adopted as is_adopt9_0_,
        animal0_.main_img_url as main_im10_0_,
        animal0_.name as name11_0_,
        animal0_.separation as separat12_0_,
        animal0_.socialization as sociali13_0_,
        animal0_.species as species14_0_,
        animal0_.toilet as toilet15_0_,
        animal0_.upload_user_idx as upload_16_0_ 
    from
        animal animal0_
2022-08-12 20:58:50.534 DEBUG 16152 --- [    Test worker] org.hibernate.SQL                        : 
    select
        post0_.post_idx as post_idx1_3_,
        post0_.animal_idx as animal_i5_3_,
        post0_.content as content2_3_,
        post0_.create_date as create_d3_3_,
        post0_.img_url as img_url4_3_ 
    from
        post post0_
게시물에 이미지가 없습니다
2022-08-12 20:58:50.684  INFO 16152 --- [    Test worker] o.s.t.c.transaction.TransactionContext   : Rolled back transaction for test: [DefaultTestContext@4b4a3114 testClass = PostControllerTest, testInstance = umc_sjs.smallestShelter.controller.PostControllerTest@7d26b390, testMethod = 게시물수정_x_이미지없음_null@PostControllerTest, testException = [null], mergedContextConfiguration = [WebMergedContextConfiguration@74d4f542 testClass = PostControllerTest, locations = '{}', classes = '{class umc_sjs.smallestShelter.SmallestShelterApplication}', contextInitializerClasses = '[]', activeProfiles = '{}', propertySourceLocations = '{}', propertySourceProperties = '{org.springframework.boot.test.context.SpringBootTestContextBootstrapper=true}', contextCustomizers = set[org.springframework.boot.test.autoconfigure.actuate.metrics.MetricsExportContextCustomizerFactory$DisableMetricExportContextCustomizer@201b6b6f, org.springframework.boot.test.autoconfigure.properties.PropertyMappingContextCustomizer@0, org.springframework.boot.test.autoconfigure.web.servlet.WebDriverContextCustomizerFactory$Customizer@18230356, org.springframework.boot.test.context.filter.ExcludeFilterContextCustomizer@60d1a32f, org.springframework.boot.test.json.DuplicateJsonObjectContextCustomizerFactory$DuplicateJsonObjectContextCustomizer@40c80397, org.springframework.boot.test.mock.mockito.MockitoContextCustomizer@0, org.springframework.boot.test.web.client.TestRestTemplateContextCustomizer@47db5fa5, org.springframework.boot.test.context.SpringBootTestArgs@1, org.springframework.boot.test.context.SpringBootTestWebEnvironment@1890516e], resourceBasePath = 'src/main/webapp', contextLoader = 'org.springframework.boot.test.context.SpringBootContextLoader', parent = [null]], attributes = map['org.springframework.test.context.web.ServletTestExecutionListener.activateListener' -> true, 'org.springframework.test.context.web.ServletTestExecutionListener.populatedRequestContextHolder' -> true, 'org.springframework.test.context.web.ServletTestExecutionListener.resetRequestContextHolder' -> true, 'org.springframework.test.context.event.ApplicationEventsTestExecutionListener.recordApplicationEvents' -> false]]
2022-08-12 20:58:50.695  INFO 16152 --- [    Test worker] o.s.t.c.transaction.TransactionContext   : Began transaction (1) for test context [DefaultTestContext@4b4a3114 testClass = PostControllerTest, testInstance = umc_sjs.smallestShelter.controller.PostControllerTest@7bec83d5, testMethod = 게시글삭제_x_없는게시물@PostControllerTest, testException = [null], mergedContextConfiguration = [WebMergedContextConfiguration@74d4f542 testClass = PostControllerTest, locations = '{}', classes = '{class umc_sjs.smallestShelter.SmallestShelterApplication}', contextInitializerClasses = '[]', activeProfiles = '{}', propertySourceLocations = '{}', propertySourceProperties = '{org.springframework.boot.test.context.SpringBootTestContextBootstrapper=true}', contextCustomizers = set[org.springframework.boot.test.autoconfigure.actuate.metrics.MetricsExportContextCustomizerFactory$DisableMetricExportContextCustomizer@201b6b6f, org.springframework.boot.test.autoconfigure.properties.PropertyMappingContextCustomizer@0, org.springframework.boot.test.autoconfigure.web.servlet.WebDriverContextCustomizerFactory$Customizer@18230356, org.springframework.boot.test.context.filter.ExcludeFilterContextCustomizer@60d1a32f, org.springframework.boot.test.json.DuplicateJsonObjectContextCustomizerFactory$DuplicateJsonObjectContextCustomizer@40c80397, org.springframework.boot.test.mock.mockito.MockitoContextCustomizer@0, org.springframework.boot.test.web.client.TestRestTemplateContextCustomizer@47db5fa5, org.springframework.boot.test.context.SpringBootTestArgs@1, org.springframework.boot.test.context.SpringBootTestWebEnvironment@1890516e], resourceBasePath = 'src/main/webapp', contextLoader = 'org.springframework.boot.test.context.SpringBootContextLoader', parent = [null]], attributes = map['org.springframework.test.context.web.ServletTestExecutionListener.activateListener' -> true, 'org.springframework.test.context.web.ServletTestExecutionListener.populatedRequestContextHolder' -> true, 'org.springframework.test.context.web.ServletTestExecutionListener.resetRequestContextHolder' -> true, 'org.springframework.test.context.event.ApplicationEventsTestExecutionListener.recordApplicationEvents' -> false]]; transaction manager [org.springframework.orm.jpa.JpaTransactionManager@3ed4c822]; rollback [true]
2022-08-12 20:58:50.704 DEBUG 16152 --- [    Test worker] org.hibernate.SQL                        : 
    select
        animal0_.animal_idx as animal_i1_0_,
        animal0_.is_guessed as is_guess2_0_,
        animal0_.month as month3_0_,
        animal0_.year as year4_0_,
        animal0_.bark as bark5_0_,
        animal0_.bite as bite6_0_,
        animal0_.create_date as create_d7_0_,
        animal0_.gender as gender8_0_,
        animal0_.is_adopted as is_adopt9_0_,
        animal0_.main_img_url as main_im10_0_,
        animal0_.name as name11_0_,
        animal0_.separation as separat12_0_,
        animal0_.socialization as sociali13_0_,
        animal0_.species as species14_0_,
        animal0_.toilet as toilet15_0_,
        animal0_.upload_user_idx as upload_16_0_ 
    from
        animal animal0_
2022-08-12 20:58:50.739 DEBUG 16152 --- [    Test worker] org.hibernate.SQL                        : 
    select
        post0_.post_idx as post_idx1_3_,
        post0_.animal_idx as animal_i5_3_,
        post0_.content as content2_3_,
        post0_.create_date as create_d3_3_,
        post0_.img_url as img_url4_3_ 
    from
        post post0_
2022-08-12 20:58:50.859 DEBUG 16152 --- [    Test worker] org.hibernate.SQL                        : 
    select
        post0_.post_idx as post_idx1_3_0_,
        animal1_.animal_idx as animal_i1_0_1_,
        post0_.animal_idx as animal_i5_3_0_,
        post0_.content as content2_3_0_,
        post0_.create_date as create_d3_3_0_,
        post0_.img_url as img_url4_3_0_,
        animal1_.is_guessed as is_guess2_0_1_,
        animal1_.month as month3_0_1_,
        animal1_.year as year4_0_1_,
        animal1_.bark as bark5_0_1_,
        animal1_.bite as bite6_0_1_,
        animal1_.create_date as create_d7_0_1_,
        animal1_.gender as gender8_0_1_,
        animal1_.is_adopted as is_adopt9_0_1_,
        animal1_.main_img_url as main_im10_0_1_,
        animal1_.name as name11_0_1_,
        animal1_.separation as separat12_0_1_,
        animal1_.socialization as sociali13_0_1_,
        animal1_.species as species14_0_1_,
        animal1_.toilet as toilet15_0_1_,
        animal1_.upload_user_idx as upload_16_0_1_ 
    from
        post post0_ 
    left outer join
        animal animal1_ 
            on post0_.animal_idx=animal1_.animal_idx 
    where
        post0_.post_idx=?
해당하는 게시물이 존재하지 않습니다
2022-08-12 20:58:50.895  INFO 16152 --- [    Test worker] o.s.t.c.transaction.TransactionContext   : Rolled back transaction for test: [DefaultTestContext@4b4a3114 testClass = PostControllerTest, testInstance = umc_sjs.smallestShelter.controller.PostControllerTest@7bec83d5, testMethod = 게시글삭제_x_없는게시물@PostControllerTest, testException = [null], mergedContextConfiguration = [WebMergedContextConfiguration@74d4f542 testClass = PostControllerTest, locations = '{}', classes = '{class umc_sjs.smallestShelter.SmallestShelterApplication}', contextInitializerClasses = '[]', activeProfiles = '{}', propertySourceLocations = '{}', propertySourceProperties = '{org.springframework.boot.test.context.SpringBootTestContextBootstrapper=true}', contextCustomizers = set[org.springframework.boot.test.autoconfigure.actuate.metrics.MetricsExportContextCustomizerFactory$DisableMetricExportContextCustomizer@201b6b6f, org.springframework.boot.test.autoconfigure.properties.PropertyMappingContextCustomizer@0, org.springframework.boot.test.autoconfigure.web.servlet.WebDriverContextCustomizerFactory$Customizer@18230356, org.springframework.boot.test.context.filter.ExcludeFilterContextCustomizer@60d1a32f, org.springframework.boot.test.json.DuplicateJsonObjectContextCustomizerFactory$DuplicateJsonObjectContextCustomizer@40c80397, org.springframework.boot.test.mock.mockito.MockitoContextCustomizer@0, org.springframework.boot.test.web.client.TestRestTemplateContextCustomizer@47db5fa5, org.springframework.boot.test.context.SpringBootTestArgs@1, org.springframework.boot.test.context.SpringBootTestWebEnvironment@1890516e], resourceBasePath = 'src/main/webapp', contextLoader = 'org.springframework.boot.test.context.SpringBootContextLoader', parent = [null]], attributes = map['org.springframework.test.context.web.ServletTestExecutionListener.activateListener' -> true, 'org.springframework.test.context.web.ServletTestExecutionListener.populatedRequestContextHolder' -> true, 'org.springframework.test.context.web.ServletTestExecutionListener.resetRequestContextHolder' -> true, 'org.springframework.test.context.event.ApplicationEventsTestExecutionListener.recordApplicationEvents' -> false]]
2022-08-12 20:58:50.904  INFO 16152 --- [    Test worker] o.s.t.c.transaction.TransactionContext   : Began transaction (1) for test context [DefaultTestContext@4b4a3114 testClass = PostControllerTest, testInstance = umc_sjs.smallestShelter.controller.PostControllerTest@38f0de07, testMethod = 게시글생성_X_없는동물@PostControllerTest, testException = [null], mergedContextConfiguration = [WebMergedContextConfiguration@74d4f542 testClass = PostControllerTest, locations = '{}', classes = '{class umc_sjs.smallestShelter.SmallestShelterApplication}', contextInitializerClasses = '[]', activeProfiles = '{}', propertySourceLocations = '{}', propertySourceProperties = '{org.springframework.boot.test.context.SpringBootTestContextBootstrapper=true}', contextCustomizers = set[org.springframework.boot.test.autoconfigure.actuate.metrics.MetricsExportContextCustomizerFactory$DisableMetricExportContextCustomizer@201b6b6f, org.springframework.boot.test.autoconfigure.properties.PropertyMappingContextCustomizer@0, org.springframework.boot.test.autoconfigure.web.servlet.WebDriverContextCustomizerFactory$Customizer@18230356, org.springframework.boot.test.context.filter.ExcludeFilterContextCustomizer@60d1a32f, org.springframework.boot.test.json.DuplicateJsonObjectContextCustomizerFactory$DuplicateJsonObjectContextCustomizer@40c80397, org.springframework.boot.test.mock.mockito.MockitoContextCustomizer@0, org.springframework.boot.test.web.client.TestRestTemplateContextCustomizer@47db5fa5, org.springframework.boot.test.context.SpringBootTestArgs@1, org.springframework.boot.test.context.SpringBootTestWebEnvironment@1890516e], resourceBasePath = 'src/main/webapp', contextLoader = 'org.springframework.boot.test.context.SpringBootContextLoader', parent = [null]], attributes = map['org.springframework.test.context.web.ServletTestExecutionListener.activateListener' -> true, 'org.springframework.test.context.web.ServletTestExecutionListener.populatedRequestContextHolder' -> true, 'org.springframework.test.context.web.ServletTestExecutionListener.resetRequestContextHolder' -> true, 'org.springframework.test.context.event.ApplicationEventsTestExecutionListener.recordApplicationEvents' -> false]]; transaction manager [org.springframework.orm.jpa.JpaTransactionManager@3ed4c822]; rollback [true]
2022-08-12 20:58:50.905 DEBUG 16152 --- [    Test worker] org.hibernate.SQL                        : 
    select
        animal0_.animal_idx as animal_i1_0_,
        animal0_.is_guessed as is_guess2_0_,
        animal0_.month as month3_0_,
        animal0_.year as year4_0_,
        animal0_.bark as bark5_0_,
        animal0_.bite as bite6_0_,
        animal0_.create_date as create_d7_0_,
        animal0_.gender as gender8_0_,
        animal0_.is_adopted as is_adopt9_0_,
        animal0_.main_img_url as main_im10_0_,
        animal0_.name as name11_0_,
        animal0_.separation as separat12_0_,
        animal0_.socialization as sociali13_0_,
        animal0_.species as species14_0_,
        animal0_.toilet as toilet15_0_,
        animal0_.upload_user_idx as upload_16_0_ 
    from
        animal animal0_
2022-08-12 20:58:50.931 DEBUG 16152 --- [    Test worker] org.hibernate.SQL                        : 
    select
        post0_.post_idx as post_idx1_3_,
        post0_.animal_idx as animal_i5_3_,
        post0_.content as content2_3_,
        post0_.create_date as create_d3_3_,
        post0_.img_url as img_url4_3_ 
    from
        post post0_
2022-08-12 20:58:50.942 DEBUG 16152 --- [    Test worker] org.hibernate.SQL                        : 
    select
        animal0_.animal_idx as animal_i1_0_0_,
        illnesslis1_.illness_idx as illness_1_2_1_,
        animal0_.is_guessed as is_guess2_0_0_,
        animal0_.month as month3_0_0_,
        animal0_.year as year4_0_0_,
        animal0_.bark as bark5_0_0_,
        animal0_.bite as bite6_0_0_,
        animal0_.create_date as create_d7_0_0_,
        animal0_.gender as gender8_0_0_,
        animal0_.is_adopted as is_adopt9_0_0_,
        animal0_.main_img_url as main_im10_0_0_,
        animal0_.name as name11_0_0_,
        animal0_.separation as separat12_0_0_,
        animal0_.socialization as sociali13_0_0_,
        animal0_.species as species14_0_0_,
        animal0_.toilet as toilet15_0_0_,
        animal0_.upload_user_idx as upload_16_0_0_,
        illnesslis1_.animal_idx as animal_i3_2_1_,
        illnesslis1_.name as name2_2_1_,
        illnesslis1_.animal_idx as animal_i3_2_0__,
        illnesslis1_.illness_idx as illness_1_2_0__ 
    from
        animal animal0_ 
    left outer join
        illness illnesslis1_ 
            on animal0_.animal_idx=illnesslis1_.animal_idx 
    where
        animal0_.animal_idx=?
데이터베이스 연결에 실패하였습니다.
2022-08-12 20:58:51.059  INFO 16152 --- [    Test worker] o.s.t.c.transaction.TransactionContext   : Rolled back transaction for test: [DefaultTestContext@4b4a3114 testClass = PostControllerTest, testInstance = umc_sjs.smallestShelter.controller.PostControllerTest@38f0de07, testMethod = 게시글생성_X_없는동물@PostControllerTest, testException = [null], mergedContextConfiguration = [WebMergedContextConfiguration@74d4f542 testClass = PostControllerTest, locations = '{}', classes = '{class umc_sjs.smallestShelter.SmallestShelterApplication}', contextInitializerClasses = '[]', activeProfiles = '{}', propertySourceLocations = '{}', propertySourceProperties = '{org.springframework.boot.test.context.SpringBootTestContextBootstrapper=true}', contextCustomizers = set[org.springframework.boot.test.autoconfigure.actuate.metrics.MetricsExportContextCustomizerFactory$DisableMetricExportContextCustomizer@201b6b6f, org.springframework.boot.test.autoconfigure.properties.PropertyMappingContextCustomizer@0, org.springframework.boot.test.autoconfigure.web.servlet.WebDriverContextCustomizerFactory$Customizer@18230356, org.springframework.boot.test.context.filter.ExcludeFilterContextCustomizer@60d1a32f, org.springframework.boot.test.json.DuplicateJsonObjectContextCustomizerFactory$DuplicateJsonObjectContextCustomizer@40c80397, org.springframework.boot.test.mock.mockito.MockitoContextCustomizer@0, org.springframework.boot.test.web.client.TestRestTemplateContextCustomizer@47db5fa5, org.springframework.boot.test.context.SpringBootTestArgs@1, org.springframework.boot.test.context.SpringBootTestWebEnvironment@1890516e], resourceBasePath = 'src/main/webapp', contextLoader = 'org.springframework.boot.test.context.SpringBootContextLoader', parent = [null]], attributes = map['org.springframework.test.context.web.ServletTestExecutionListener.activateListener' -> true, 'org.springframework.test.context.web.ServletTestExecutionListener.populatedRequestContextHolder' -> true, 'org.springframework.test.context.web.ServletTestExecutionListener.resetRequestContextHolder' -> true, 'org.springframework.test.context.event.ApplicationEventsTestExecutionListener.recordApplicationEvents' -> false]]
2022-08-12 20:58:51.074  INFO 16152 --- [    Test worker] o.s.t.c.transaction.TransactionContext   : Began transaction (1) for test context [DefaultTestContext@4b4a3114 testClass = PostControllerTest, testInstance = umc_sjs.smallestShelter.controller.PostControllerTest@611c9d31, testMethod = 게시물수정_x_일치하지않는동물idx@PostControllerTest, testException = [null], mergedContextConfiguration = [WebMergedContextConfiguration@74d4f542 testClass = PostControllerTest, locations = '{}', classes = '{class umc_sjs.smallestShelter.SmallestShelterApplication}', contextInitializerClasses = '[]', activeProfiles = '{}', propertySourceLocations = '{}', propertySourceProperties = '{org.springframework.boot.test.context.SpringBootTestContextBootstrapper=true}', contextCustomizers = set[org.springframework.boot.test.autoconfigure.actuate.metrics.MetricsExportContextCustomizerFactory$DisableMetricExportContextCustomizer@201b6b6f, org.springframework.boot.test.autoconfigure.properties.PropertyMappingContextCustomizer@0, org.springframework.boot.test.autoconfigure.web.servlet.WebDriverContextCustomizerFactory$Customizer@18230356, org.springframework.boot.test.context.filter.ExcludeFilterContextCustomizer@60d1a32f, org.springframework.boot.test.json.DuplicateJsonObjectContextCustomizerFactory$DuplicateJsonObjectContextCustomizer@40c80397, org.springframework.boot.test.mock.mockito.MockitoContextCustomizer@0, org.springframework.boot.test.web.client.TestRestTemplateContextCustomizer@47db5fa5, org.springframework.boot.test.context.SpringBootTestArgs@1, org.springframework.boot.test.context.SpringBootTestWebEnvironment@1890516e], resourceBasePath = 'src/main/webapp', contextLoader = 'org.springframework.boot.test.context.SpringBootContextLoader', parent = [null]], attributes = map['org.springframework.test.context.web.ServletTestExecutionListener.activateListener' -> true, 'org.springframework.test.context.web.ServletTestExecutionListener.populatedRequestContextHolder' -> true, 'org.springframework.test.context.web.ServletTestExecutionListener.resetRequestContextHolder' -> true, 'org.springframework.test.context.event.ApplicationEventsTestExecutionListener.recordApplicationEvents' -> false]]; transaction manager [org.springframework.orm.jpa.JpaTransactionManager@3ed4c822]; rollback [true]
2022-08-12 20:58:51.080 DEBUG 16152 --- [    Test worker] org.hibernate.SQL                        : 
    select
        animal0_.animal_idx as animal_i1_0_,
        animal0_.is_guessed as is_guess2_0_,
        animal0_.month as month3_0_,
        animal0_.year as year4_0_,
        animal0_.bark as bark5_0_,
        animal0_.bite as bite6_0_,
        animal0_.create_date as create_d7_0_,
        animal0_.gender as gender8_0_,
        animal0_.is_adopted as is_adopt9_0_,
        animal0_.main_img_url as main_im10_0_,
        animal0_.name as name11_0_,
        animal0_.separation as separat12_0_,
        animal0_.socialization as sociali13_0_,
        animal0_.species as species14_0_,
        animal0_.toilet as toilet15_0_,
        animal0_.upload_user_idx as upload_16_0_ 
    from
        animal animal0_
2022-08-12 20:58:51.118 DEBUG 16152 --- [    Test worker] org.hibernate.SQL                        : 
    select
        post0_.post_idx as post_idx1_3_,
        post0_.animal_idx as animal_i5_3_,
        post0_.content as content2_3_,
        post0_.create_date as create_d3_3_,
        post0_.img_url as img_url4_3_ 
    from
        post post0_
2022-08-12 20:58:51.135 DEBUG 16152 --- [    Test worker] org.hibernate.SQL                        : 
    select
        post0_.post_idx as post_idx1_3_0_,
        animal1_.animal_idx as animal_i1_0_1_,
        post0_.animal_idx as animal_i5_3_0_,
        post0_.content as content2_3_0_,
        post0_.create_date as create_d3_3_0_,
        post0_.img_url as img_url4_3_0_,
        animal1_.is_guessed as is_guess2_0_1_,
        animal1_.month as month3_0_1_,
        animal1_.year as year4_0_1_,
        animal1_.bark as bark5_0_1_,
        animal1_.bite as bite6_0_1_,
        animal1_.create_date as create_d7_0_1_,
        animal1_.gender as gender8_0_1_,
        animal1_.is_adopted as is_adopt9_0_1_,
        animal1_.main_img_url as main_im10_0_1_,
        animal1_.name as name11_0_1_,
        animal1_.separation as separat12_0_1_,
        animal1_.socialization as sociali13_0_1_,
        animal1_.species as species14_0_1_,
        animal1_.toilet as toilet15_0_1_,
        animal1_.upload_user_idx as upload_16_0_1_ 
    from
        post post0_ 
    left outer join
        animal animal1_ 
            on post0_.animal_idx=animal1_.animal_idx 
    where
        post0_.post_idx=?
해당 동물의 게시물의 아닙니다: idx 불일치
2022-08-12 20:58:51.176  INFO 16152 --- [    Test worker] o.s.t.c.transaction.TransactionContext   : Rolled back transaction for test: [DefaultTestContext@4b4a3114 testClass = PostControllerTest, testInstance = umc_sjs.smallestShelter.controller.PostControllerTest@611c9d31, testMethod = 게시물수정_x_일치하지않는동물idx@PostControllerTest, testException = [null], mergedContextConfiguration = [WebMergedContextConfiguration@74d4f542 testClass = PostControllerTest, locations = '{}', classes = '{class umc_sjs.smallestShelter.SmallestShelterApplication}', contextInitializerClasses = '[]', activeProfiles = '{}', propertySourceLocations = '{}', propertySourceProperties = '{org.springframework.boot.test.context.SpringBootTestContextBootstrapper=true}', contextCustomizers = set[org.springframework.boot.test.autoconfigure.actuate.metrics.MetricsExportContextCustomizerFactory$DisableMetricExportContextCustomizer@201b6b6f, org.springframework.boot.test.autoconfigure.properties.PropertyMappingContextCustomizer@0, org.springframework.boot.test.autoconfigure.web.servlet.WebDriverContextCustomizerFactory$Customizer@18230356, org.springframework.boot.test.context.filter.ExcludeFilterContextCustomizer@60d1a32f, org.springframework.boot.test.json.DuplicateJsonObjectContextCustomizerFactory$DuplicateJsonObjectContextCustomizer@40c80397, org.springframework.boot.test.mock.mockito.MockitoContextCustomizer@0, org.springframework.boot.test.web.client.TestRestTemplateContextCustomizer@47db5fa5, org.springframework.boot.test.context.SpringBootTestArgs@1, org.springframework.boot.test.context.SpringBootTestWebEnvironment@1890516e], resourceBasePath = 'src/main/webapp', contextLoader = 'org.springframework.boot.test.context.SpringBootContextLoader', parent = [null]], attributes = map['org.springframework.test.context.web.ServletTestExecutionListener.activateListener' -> true, 'org.springframework.test.context.web.ServletTestExecutionListener.populatedRequestContextHolder' -> true, 'org.springframework.test.context.web.ServletTestExecutionListener.resetRequestContextHolder' -> true, 'org.springframework.test.context.event.ApplicationEventsTestExecutionListener.recordApplicationEvents' -> false]]
]]></system-out>
  <system-err><![CDATA[]]></system-err>
</testsuite>
