<?xml version="1.0" encoding="UTF-8"?>
<testsuite name="umc_sjs.smallestShelter.controller.PostControllerTest" tests="15" skipped="0" failures="0" errors="0" timestamp="2022-09-02T10:28:28" hostname="GANA-LAPTOP" time="2.839">
  <properties/>
  <testcase name="게시글조회_X_일치하지않는동물idx()" classname="umc_sjs.smallestShelter.controller.PostControllerTest" time="1.142"/>
  <testcase name="게시글생성X 이미지 없음" classname="umc_sjs.smallestShelter.controller.PostControllerTest" time="0.138"/>
  <testcase name="게시글생성()" classname="umc_sjs.smallestShelter.controller.PostControllerTest" time="0.282"/>
  <testcase name="게시글조회()" classname="umc_sjs.smallestShelter.controller.PostControllerTest" time="0.133"/>
  <testcase name="게시물삭제()" classname="umc_sjs.smallestShelter.controller.PostControllerTest" time="0.172"/>
  <testcase name="게시물수정()" classname="umc_sjs.smallestShelter.controller.PostControllerTest" time="0.123"/>
  <testcase name="게시글조회_x_없는게시물조회()" classname="umc_sjs.smallestShelter.controller.PostControllerTest" time="0.102"/>
  <testcase name="게시물삭제_x_일치하지않는동물idx()" classname="umc_sjs.smallestShelter.controller.PostControllerTest" time="0.092"/>
  <testcase name="게시글생성_X_이미지없음_null()" classname="umc_sjs.smallestShelter.controller.PostControllerTest" time="0.085"/>
  <testcase name="게시물수정_x_없는게시물()" classname="umc_sjs.smallestShelter.controller.PostControllerTest" time="0.1"/>
  <testcase name="게시물수정_x_이미지없음()" classname="umc_sjs.smallestShelter.controller.PostControllerTest" time="0.082"/>
  <testcase name="게시물수정_x_이미지없음_null()" classname="umc_sjs.smallestShelter.controller.PostControllerTest" time="0.077"/>
  <testcase name="게시글삭제_x_없는게시물()" classname="umc_sjs.smallestShelter.controller.PostControllerTest" time="0.094"/>
  <testcase name="게시글생성_X_없는동물()" classname="umc_sjs.smallestShelter.controller.PostControllerTest" time="0.091"/>
  <testcase name="게시물수정_x_일치하지않는동물idx()" classname="umc_sjs.smallestShelter.controller.PostControllerTest" time="0.095"/>
  <system-out><![CDATA[2022-09-02 19:28:28.363  INFO 17684 --- [    Test worker] .b.t.c.SpringBootTestContextBootstrapper : Neither @ContextConfiguration nor @ContextHierarchy found for test class [umc_sjs.smallestShelter.controller.PostControllerTest], using SpringBootContextLoader
2022-09-02 19:28:28.366  INFO 17684 --- [    Test worker] o.s.t.c.support.AbstractContextLoader    : Could not detect default resource locations for test class [umc_sjs.smallestShelter.controller.PostControllerTest]: no resource found for suffixes {-context.xml, Context.groovy}.
2022-09-02 19:28:28.367  INFO 17684 --- [    Test worker] t.c.s.AnnotationConfigContextLoaderUtils : Could not detect default configuration classes for test class [umc_sjs.smallestShelter.controller.PostControllerTest]: PostControllerTest does not declare any static, non-private, non-final, nested classes annotated with @Configuration.
2022-09-02 19:28:28.408  INFO 17684 --- [    Test worker] .b.t.c.SpringBootTestContextBootstrapper : Found @SpringBootConfiguration umc_sjs.smallestShelter.SmallestShelterApplication for test class umc_sjs.smallestShelter.controller.PostControllerTest
2022-09-02 19:28:28.415  INFO 17684 --- [    Test worker] .b.t.c.SpringBootTestContextBootstrapper : Loaded default TestExecutionListener class names from location [META-INF/spring.factories]: [org.springframework.security.test.context.support.WithSecurityContextTestExecutionListener, org.springframework.security.test.context.support.ReactorContextTestExecutionListener, org.springframework.boot.test.autoconfigure.restdocs.RestDocsTestExecutionListener, org.springframework.boot.test.autoconfigure.web.client.MockRestServiceServerResetTestExecutionListener, org.springframework.boot.test.autoconfigure.web.servlet.MockMvcPrintOnlyOnFailureTestExecutionListener, org.springframework.boot.test.autoconfigure.web.servlet.WebDriverTestExecutionListener, org.springframework.boot.test.autoconfigure.webservices.client.MockWebServiceServerTestExecutionListener, org.springframework.boot.test.mock.mockito.MockitoTestExecutionListener, org.springframework.boot.test.mock.mockito.ResetMocksTestExecutionListener, org.springframework.test.context.web.ServletTestExecutionListener, org.springframework.test.context.support.DirtiesContextBeforeModesTestExecutionListener, org.springframework.test.context.event.ApplicationEventsTestExecutionListener, org.springframework.test.context.support.DependencyInjectionTestExecutionListener, org.springframework.test.context.support.DirtiesContextTestExecutionListener, org.springframework.test.context.transaction.TransactionalTestExecutionListener, org.springframework.test.context.jdbc.SqlScriptsTestExecutionListener, org.springframework.test.context.event.EventPublishingTestExecutionListener]
2022-09-02 19:28:28.420  INFO 17684 --- [    Test worker] .b.t.c.SpringBootTestContextBootstrapper : Using TestExecutionListeners: [org.springframework.test.context.web.ServletTestExecutionListener@d41518b, org.springframework.test.context.support.DirtiesContextBeforeModesTestExecutionListener@4708acc6, org.springframework.test.context.event.ApplicationEventsTestExecutionListener@59cc46a4, org.springframework.boot.test.mock.mockito.MockitoTestExecutionListener@750448fb, org.springframework.boot.test.autoconfigure.SpringBootDependencyInjectionTestExecutionListener@724e82d9, org.springframework.test.context.support.DirtiesContextTestExecutionListener@70a26eca, org.springframework.test.context.transaction.TransactionalTestExecutionListener@4b60ff1c, org.springframework.test.context.jdbc.SqlScriptsTestExecutionListener@1c74251b, org.springframework.security.test.context.support.WithSecurityContextTestExecutionListener@1aaa3406, org.springframework.test.context.event.EventPublishingTestExecutionListener@791dcda7, org.springframework.security.test.context.support.ReactorContextTestExecutionListener@35c95587, org.springframework.boot.test.autoconfigure.restdocs.RestDocsTestExecutionListener@828e2d8, org.springframework.boot.test.autoconfigure.web.client.MockRestServiceServerResetTestExecutionListener@43e9eddf, org.springframework.boot.test.autoconfigure.web.servlet.MockMvcPrintOnlyOnFailureTestExecutionListener@548e70f0, org.springframework.boot.test.autoconfigure.web.servlet.WebDriverTestExecutionListener@2b14628b, org.springframework.boot.test.autoconfigure.webservices.client.MockWebServiceServerTestExecutionListener@64657b13, org.springframework.boot.test.mock.mockito.ResetMocksTestExecutionListener@686ee555]
2022-09-02 19:28:28.485  INFO 17684 --- [    Test worker] o.s.t.c.transaction.TransactionContext   : Began transaction (1) for test context [DefaultTestContext@7ee0dbd1 testClass = PostControllerTest, testInstance = umc_sjs.smallestShelter.controller.PostControllerTest@67629872, testMethod = 게시글조회_X_일치하지않는동물idx@PostControllerTest, testException = [null], mergedContextConfiguration = [WebMergedContextConfiguration@5d04adc1 testClass = PostControllerTest, locations = '{}', classes = '{class umc_sjs.smallestShelter.SmallestShelterApplication}', contextInitializerClasses = '[]', activeProfiles = '{}', propertySourceLocations = '{}', propertySourceProperties = '{org.springframework.boot.test.context.SpringBootTestContextBootstrapper=true}', contextCustomizers = set[org.springframework.boot.test.autoconfigure.actuate.metrics.MetricsExportContextCustomizerFactory$DisableMetricExportContextCustomizer@183e8023, org.springframework.boot.test.autoconfigure.properties.PropertyMappingContextCustomizer@0, org.springframework.boot.test.autoconfigure.web.servlet.WebDriverContextCustomizerFactory$Customizer@56bca85b, org.springframework.boot.test.context.filter.ExcludeFilterContextCustomizer@22b53226, org.springframework.boot.test.json.DuplicateJsonObjectContextCustomizerFactory$DuplicateJsonObjectContextCustomizer@ea9b7c6, org.springframework.boot.test.mock.mockito.MockitoContextCustomizer@0, org.springframework.boot.test.web.client.TestRestTemplateContextCustomizer@41813449, org.springframework.boot.test.context.SpringBootTestArgs@1, org.springframework.boot.test.context.SpringBootTestWebEnvironment@1890516e], resourceBasePath = 'src/main/webapp', contextLoader = 'org.springframework.boot.test.context.SpringBootContextLoader', parent = [null]], attributes = map['org.springframework.test.context.web.ServletTestExecutionListener.activateListener' -> true, 'org.springframework.test.context.web.ServletTestExecutionListener.populatedRequestContextHolder' -> true, 'org.springframework.test.context.web.ServletTestExecutionListener.resetRequestContextHolder' -> true, 'org.springframework.test.context.event.ApplicationEventsTestExecutionListener.recordApplicationEvents' -> false]]; transaction manager [org.springframework.orm.jpa.JpaTransactionManager@7ea91c39]; rollback [true]
2022-09-02 19:28:28.868 DEBUG 17684 --- [    Test worker] org.hibernate.SQL                        : 
    select
        animal0_.animal_idx as animal_i1_0_,
        animal0_.is_guessed as is_guess2_0_,
        animal0_.month as month3_0_,
        animal0_.year as year4_0_,
        animal0_.bark as bark5_0_,
        animal0_.bite as bite6_0_,
        animal0_.create_date as create_d7_0_,
        animal0_.gender as gender8_0_,
        animal0_.is_adopted as is_adopt9_0_,
        animal0_.main_img_url as main_im10_0_,
        animal0_.name as name11_0_,
        animal0_.separation as separat12_0_,
        animal0_.socialization as sociali13_0_,
        animal0_.species as species14_0_,
        animal0_.toilet as toilet15_0_,
        animal0_.upload_user_idx as upload_16_0_ 
    from
        animal animal0_
2022-09-02 19:28:29.204 DEBUG 17684 --- [    Test worker] org.hibernate.SQL                        : 
    select
        post0_.post_idx as post_idx1_3_,
        post0_.animal_idx as animal_i5_3_,
        post0_.content as content2_3_,
        post0_.create_date as create_d3_3_,
        post0_.img_url as img_url4_3_ 
    from
        post post0_
2022-09-02 19:28:29.357 DEBUG 17684 --- [    Test worker] org.hibernate.SQL                        : 
    select
        post0_.post_idx as post_idx1_3_0_,
        animal1_.animal_idx as animal_i1_0_1_,
        post0_.animal_idx as animal_i5_3_0_,
        post0_.content as content2_3_0_,
        post0_.create_date as create_d3_3_0_,
        post0_.img_url as img_url4_3_0_,
        animal1_.is_guessed as is_guess2_0_1_,
        animal1_.month as month3_0_1_,
        animal1_.year as year4_0_1_,
        animal1_.bark as bark5_0_1_,
        animal1_.bite as bite6_0_1_,
        animal1_.create_date as create_d7_0_1_,
        animal1_.gender as gender8_0_1_,
        animal1_.is_adopted as is_adopt9_0_1_,
        animal1_.main_img_url as main_im10_0_1_,
        animal1_.name as name11_0_1_,
        animal1_.separation as separat12_0_1_,
        animal1_.socialization as sociali13_0_1_,
        animal1_.species as species14_0_1_,
        animal1_.toilet as toilet15_0_1_,
        animal1_.upload_user_idx as upload_16_0_1_ 
    from
        post post0_ 
    left outer join
        animal animal1_ 
            on post0_.animal_idx=animal1_.animal_idx 
    where
        post0_.post_idx=?
해당 동물의 게시물의 아닙니다: idx 불일치
2022-09-02 19:28:29.578  INFO 17684 --- [    Test worker] o.s.t.c.transaction.TransactionContext   : Rolled back transaction for test: [DefaultTestContext@7ee0dbd1 testClass = PostControllerTest, testInstance = umc_sjs.smallestShelter.controller.PostControllerTest@67629872, testMethod = 게시글조회_X_일치하지않는동물idx@PostControllerTest, testException = [null], mergedContextConfiguration = [WebMergedContextConfiguration@5d04adc1 testClass = PostControllerTest, locations = '{}', classes = '{class umc_sjs.smallestShelter.SmallestShelterApplication}', contextInitializerClasses = '[]', activeProfiles = '{}', propertySourceLocations = '{}', propertySourceProperties = '{org.springframework.boot.test.context.SpringBootTestContextBootstrapper=true}', contextCustomizers = set[org.springframework.boot.test.autoconfigure.actuate.metrics.MetricsExportContextCustomizerFactory$DisableMetricExportContextCustomizer@183e8023, org.springframework.boot.test.autoconfigure.properties.PropertyMappingContextCustomizer@0, org.springframework.boot.test.autoconfigure.web.servlet.WebDriverContextCustomizerFactory$Customizer@56bca85b, org.springframework.boot.test.context.filter.ExcludeFilterContextCustomizer@22b53226, org.springframework.boot.test.json.DuplicateJsonObjectContextCustomizerFactory$DuplicateJsonObjectContextCustomizer@ea9b7c6, org.springframework.boot.test.mock.mockito.MockitoContextCustomizer@0, org.springframework.boot.test.web.client.TestRestTemplateContextCustomizer@41813449, org.springframework.boot.test.context.SpringBootTestArgs@1, org.springframework.boot.test.context.SpringBootTestWebEnvironment@1890516e], resourceBasePath = 'src/main/webapp', contextLoader = 'org.springframework.boot.test.context.SpringBootContextLoader', parent = [null]], attributes = map['org.springframework.test.context.web.ServletTestExecutionListener.activateListener' -> true, 'org.springframework.test.context.web.ServletTestExecutionListener.populatedRequestContextHolder' -> true, 'org.springframework.test.context.web.ServletTestExecutionListener.resetRequestContextHolder' -> true, 'org.springframework.test.context.event.ApplicationEventsTestExecutionListener.recordApplicationEvents' -> false]]
2022-09-02 19:28:29.593  INFO 17684 --- [    Test worker] o.s.t.c.transaction.TransactionContext   : Began transaction (1) for test context [DefaultTestContext@7ee0dbd1 testClass = PostControllerTest, testInstance = umc_sjs.smallestShelter.controller.PostControllerTest@34c21c34, testMethod = 게시글생성_X_이미지없음@PostControllerTest, testException = [null], mergedContextConfiguration = [WebMergedContextConfiguration@5d04adc1 testClass = PostControllerTest, locations = '{}', classes = '{class umc_sjs.smallestShelter.SmallestShelterApplication}', contextInitializerClasses = '[]', activeProfiles = '{}', propertySourceLocations = '{}', propertySourceProperties = '{org.springframework.boot.test.context.SpringBootTestContextBootstrapper=true}', contextCustomizers = set[org.springframework.boot.test.autoconfigure.actuate.metrics.MetricsExportContextCustomizerFactory$DisableMetricExportContextCustomizer@183e8023, org.springframework.boot.test.autoconfigure.properties.PropertyMappingContextCustomizer@0, org.springframework.boot.test.autoconfigure.web.servlet.WebDriverContextCustomizerFactory$Customizer@56bca85b, org.springframework.boot.test.context.filter.ExcludeFilterContextCustomizer@22b53226, org.springframework.boot.test.json.DuplicateJsonObjectContextCustomizerFactory$DuplicateJsonObjectContextCustomizer@ea9b7c6, org.springframework.boot.test.mock.mockito.MockitoContextCustomizer@0, org.springframework.boot.test.web.client.TestRestTemplateContextCustomizer@41813449, org.springframework.boot.test.context.SpringBootTestArgs@1, org.springframework.boot.test.context.SpringBootTestWebEnvironment@1890516e], resourceBasePath = 'src/main/webapp', contextLoader = 'org.springframework.boot.test.context.SpringBootContextLoader', parent = [null]], attributes = map['org.springframework.test.context.web.ServletTestExecutionListener.activateListener' -> true, 'org.springframework.test.context.web.ServletTestExecutionListener.populatedRequestContextHolder' -> true, 'org.springframework.test.context.web.ServletTestExecutionListener.resetRequestContextHolder' -> true, 'org.springframework.test.context.event.ApplicationEventsTestExecutionListener.recordApplicationEvents' -> false]]; transaction manager [org.springframework.orm.jpa.JpaTransactionManager@7ea91c39]; rollback [true]
2022-09-02 19:28:29.597 DEBUG 17684 --- [    Test worker] org.hibernate.SQL                        : 
    select
        animal0_.animal_idx as animal_i1_0_,
        animal0_.is_guessed as is_guess2_0_,
        animal0_.month as month3_0_,
        animal0_.year as year4_0_,
        animal0_.bark as bark5_0_,
        animal0_.bite as bite6_0_,
        animal0_.create_date as create_d7_0_,
        animal0_.gender as gender8_0_,
        animal0_.is_adopted as is_adopt9_0_,
        animal0_.main_img_url as main_im10_0_,
        animal0_.name as name11_0_,
        animal0_.separation as separat12_0_,
        animal0_.socialization as sociali13_0_,
        animal0_.species as species14_0_,
        animal0_.toilet as toilet15_0_,
        animal0_.upload_user_idx as upload_16_0_ 
    from
        animal animal0_
2022-09-02 19:28:29.679 DEBUG 17684 --- [    Test worker] org.hibernate.SQL                        : 
    select
        post0_.post_idx as post_idx1_3_,
        post0_.animal_idx as animal_i5_3_,
        post0_.content as content2_3_,
        post0_.create_date as create_d3_3_,
        post0_.img_url as img_url4_3_ 
    from
        post post0_
게시물에 이미지가 없습니다
2022-09-02 19:28:29.719  INFO 17684 --- [    Test worker] o.s.t.c.transaction.TransactionContext   : Rolled back transaction for test: [DefaultTestContext@7ee0dbd1 testClass = PostControllerTest, testInstance = umc_sjs.smallestShelter.controller.PostControllerTest@34c21c34, testMethod = 게시글생성_X_이미지없음@PostControllerTest, testException = [null], mergedContextConfiguration = [WebMergedContextConfiguration@5d04adc1 testClass = PostControllerTest, locations = '{}', classes = '{class umc_sjs.smallestShelter.SmallestShelterApplication}', contextInitializerClasses = '[]', activeProfiles = '{}', propertySourceLocations = '{}', propertySourceProperties = '{org.springframework.boot.test.context.SpringBootTestContextBootstrapper=true}', contextCustomizers = set[org.springframework.boot.test.autoconfigure.actuate.metrics.MetricsExportContextCustomizerFactory$DisableMetricExportContextCustomizer@183e8023, org.springframework.boot.test.autoconfigure.properties.PropertyMappingContextCustomizer@0, org.springframework.boot.test.autoconfigure.web.servlet.WebDriverContextCustomizerFactory$Customizer@56bca85b, org.springframework.boot.test.context.filter.ExcludeFilterContextCustomizer@22b53226, org.springframework.boot.test.json.DuplicateJsonObjectContextCustomizerFactory$DuplicateJsonObjectContextCustomizer@ea9b7c6, org.springframework.boot.test.mock.mockito.MockitoContextCustomizer@0, org.springframework.boot.test.web.client.TestRestTemplateContextCustomizer@41813449, org.springframework.boot.test.context.SpringBootTestArgs@1, org.springframework.boot.test.context.SpringBootTestWebEnvironment@1890516e], resourceBasePath = 'src/main/webapp', contextLoader = 'org.springframework.boot.test.context.SpringBootContextLoader', parent = [null]], attributes = map['org.springframework.test.context.web.ServletTestExecutionListener.activateListener' -> true, 'org.springframework.test.context.web.ServletTestExecutionListener.populatedRequestContextHolder' -> true, 'org.springframework.test.context.web.ServletTestExecutionListener.resetRequestContextHolder' -> true, 'org.springframework.test.context.event.ApplicationEventsTestExecutionListener.recordApplicationEvents' -> false]]
2022-09-02 19:28:29.745  INFO 17684 --- [    Test worker] o.s.t.c.transaction.TransactionContext   : Began transaction (1) for test context [DefaultTestContext@7ee0dbd1 testClass = PostControllerTest, testInstance = umc_sjs.smallestShelter.controller.PostControllerTest@16ef07fa, testMethod = 게시글생성@PostControllerTest, testException = [null], mergedContextConfiguration = [WebMergedContextConfiguration@5d04adc1 testClass = PostControllerTest, locations = '{}', classes = '{class umc_sjs.smallestShelter.SmallestShelterApplication}', contextInitializerClasses = '[]', activeProfiles = '{}', propertySourceLocations = '{}', propertySourceProperties = '{org.springframework.boot.test.context.SpringBootTestContextBootstrapper=true}', contextCustomizers = set[org.springframework.boot.test.autoconfigure.actuate.metrics.MetricsExportContextCustomizerFactory$DisableMetricExportContextCustomizer@183e8023, org.springframework.boot.test.autoconfigure.properties.PropertyMappingContextCustomizer@0, org.springframework.boot.test.autoconfigure.web.servlet.WebDriverContextCustomizerFactory$Customizer@56bca85b, org.springframework.boot.test.context.filter.ExcludeFilterContextCustomizer@22b53226, org.springframework.boot.test.json.DuplicateJsonObjectContextCustomizerFactory$DuplicateJsonObjectContextCustomizer@ea9b7c6, org.springframework.boot.test.mock.mockito.MockitoContextCustomizer@0, org.springframework.boot.test.web.client.TestRestTemplateContextCustomizer@41813449, org.springframework.boot.test.context.SpringBootTestArgs@1, org.springframework.boot.test.context.SpringBootTestWebEnvironment@1890516e], resourceBasePath = 'src/main/webapp', contextLoader = 'org.springframework.boot.test.context.SpringBootContextLoader', parent = [null]], attributes = map['org.springframework.test.context.web.ServletTestExecutionListener.activateListener' -> true, 'org.springframework.test.context.web.ServletTestExecutionListener.populatedRequestContextHolder' -> true, 'org.springframework.test.context.web.ServletTestExecutionListener.resetRequestContextHolder' -> true, 'org.springframework.test.context.event.ApplicationEventsTestExecutionListener.recordApplicationEvents' -> false]]; transaction manager [org.springframework.orm.jpa.JpaTransactionManager@7ea91c39]; rollback [true]
2022-09-02 19:28:29.749 DEBUG 17684 --- [    Test worker] org.hibernate.SQL                        : 
    select
        animal0_.animal_idx as animal_i1_0_,
        animal0_.is_guessed as is_guess2_0_,
        animal0_.month as month3_0_,
        animal0_.year as year4_0_,
        animal0_.bark as bark5_0_,
        animal0_.bite as bite6_0_,
        animal0_.create_date as create_d7_0_,
        animal0_.gender as gender8_0_,
        animal0_.is_adopted as is_adopt9_0_,
        animal0_.main_img_url as main_im10_0_,
        animal0_.name as name11_0_,
        animal0_.separation as separat12_0_,
        animal0_.socialization as sociali13_0_,
        animal0_.species as species14_0_,
        animal0_.toilet as toilet15_0_,
        animal0_.upload_user_idx as upload_16_0_ 
    from
        animal animal0_
2022-09-02 19:28:29.838 DEBUG 17684 --- [    Test worker] org.hibernate.SQL                        : 
    select
        post0_.post_idx as post_idx1_3_,
        post0_.animal_idx as animal_i5_3_,
        post0_.content as content2_3_,
        post0_.create_date as create_d3_3_,
        post0_.img_url as img_url4_3_ 
    from
        post post0_
2022-09-02 19:28:29.890 DEBUG 17684 --- [    Test worker] org.hibernate.SQL                        : 
    select
        animal0_.animal_idx as animal_i1_0_0_,
        illnesslis1_.illness_idx as illness_1_2_1_,
        animal0_.is_guessed as is_guess2_0_0_,
        animal0_.month as month3_0_0_,
        animal0_.year as year4_0_0_,
        animal0_.bark as bark5_0_0_,
        animal0_.bite as bite6_0_0_,
        animal0_.create_date as create_d7_0_0_,
        animal0_.gender as gender8_0_0_,
        animal0_.is_adopted as is_adopt9_0_0_,
        animal0_.main_img_url as main_im10_0_0_,
        animal0_.name as name11_0_0_,
        animal0_.separation as separat12_0_0_,
        animal0_.socialization as sociali13_0_0_,
        animal0_.species as species14_0_0_,
        animal0_.toilet as toilet15_0_0_,
        animal0_.upload_user_idx as upload_16_0_0_,
        illnesslis1_.animal_idx as animal_i3_2_1_,
        illnesslis1_.name as name2_2_1_,
        illnesslis1_.animal_idx as animal_i3_2_0__,
        illnesslis1_.illness_idx as illness_1_2_0__ 
    from
        animal animal0_ 
    left outer join
        illness illnesslis1_ 
            on animal0_.animal_idx=illnesslis1_.animal_idx 
    where
        animal0_.animal_idx=?
2022-09-02 19:28:29.951 DEBUG 17684 --- [    Test worker] org.hibernate.SQL                        : 
    insert 
    into
        post
        (animal_idx, content, create_date, img_url) 
    values
        (?, ?, ?, ?)
2022-09-02 19:28:30.002  INFO 17684 --- [    Test worker] o.h.c.i.AbstractPersistentCollection     : HHH000496: Detaching an uninitialized collection with queued operations from a session: [umc_sjs.smallestShelter.domain.Animal.postList#1]
2022-09-02 19:28:30.003  INFO 17684 --- [    Test worker] o.s.t.c.transaction.TransactionContext   : Rolled back transaction for test: [DefaultTestContext@7ee0dbd1 testClass = PostControllerTest, testInstance = umc_sjs.smallestShelter.controller.PostControllerTest@16ef07fa, testMethod = 게시글생성@PostControllerTest, testException = [null], mergedContextConfiguration = [WebMergedContextConfiguration@5d04adc1 testClass = PostControllerTest, locations = '{}', classes = '{class umc_sjs.smallestShelter.SmallestShelterApplication}', contextInitializerClasses = '[]', activeProfiles = '{}', propertySourceLocations = '{}', propertySourceProperties = '{org.springframework.boot.test.context.SpringBootTestContextBootstrapper=true}', contextCustomizers = set[org.springframework.boot.test.autoconfigure.actuate.metrics.MetricsExportContextCustomizerFactory$DisableMetricExportContextCustomizer@183e8023, org.springframework.boot.test.autoconfigure.properties.PropertyMappingContextCustomizer@0, org.springframework.boot.test.autoconfigure.web.servlet.WebDriverContextCustomizerFactory$Customizer@56bca85b, org.springframework.boot.test.context.filter.ExcludeFilterContextCustomizer@22b53226, org.springframework.boot.test.json.DuplicateJsonObjectContextCustomizerFactory$DuplicateJsonObjectContextCustomizer@ea9b7c6, org.springframework.boot.test.mock.mockito.MockitoContextCustomizer@0, org.springframework.boot.test.web.client.TestRestTemplateContextCustomizer@41813449, org.springframework.boot.test.context.SpringBootTestArgs@1, org.springframework.boot.test.context.SpringBootTestWebEnvironment@1890516e], resourceBasePath = 'src/main/webapp', contextLoader = 'org.springframework.boot.test.context.SpringBootContextLoader', parent = [null]], attributes = map['org.springframework.test.context.web.ServletTestExecutionListener.activateListener' -> true, 'org.springframework.test.context.web.ServletTestExecutionListener.populatedRequestContextHolder' -> true, 'org.springframework.test.context.web.ServletTestExecutionListener.resetRequestContextHolder' -> true, 'org.springframework.test.context.event.ApplicationEventsTestExecutionListener.recordApplicationEvents' -> false]]
2022-09-02 19:28:30.023  INFO 17684 --- [    Test worker] o.s.t.c.transaction.TransactionContext   : Began transaction (1) for test context [DefaultTestContext@7ee0dbd1 testClass = PostControllerTest, testInstance = umc_sjs.smallestShelter.controller.PostControllerTest@17e96b3c, testMethod = 게시글조회@PostControllerTest, testException = [null], mergedContextConfiguration = [WebMergedContextConfiguration@5d04adc1 testClass = PostControllerTest, locations = '{}', classes = '{class umc_sjs.smallestShelter.SmallestShelterApplication}', contextInitializerClasses = '[]', activeProfiles = '{}', propertySourceLocations = '{}', propertySourceProperties = '{org.springframework.boot.test.context.SpringBootTestContextBootstrapper=true}', contextCustomizers = set[org.springframework.boot.test.autoconfigure.actuate.metrics.MetricsExportContextCustomizerFactory$DisableMetricExportContextCustomizer@183e8023, org.springframework.boot.test.autoconfigure.properties.PropertyMappingContextCustomizer@0, org.springframework.boot.test.autoconfigure.web.servlet.WebDriverContextCustomizerFactory$Customizer@56bca85b, org.springframework.boot.test.context.filter.ExcludeFilterContextCustomizer@22b53226, org.springframework.boot.test.json.DuplicateJsonObjectContextCustomizerFactory$DuplicateJsonObjectContextCustomizer@ea9b7c6, org.springframework.boot.test.mock.mockito.MockitoContextCustomizer@0, org.springframework.boot.test.web.client.TestRestTemplateContextCustomizer@41813449, org.springframework.boot.test.context.SpringBootTestArgs@1, org.springframework.boot.test.context.SpringBootTestWebEnvironment@1890516e], resourceBasePath = 'src/main/webapp', contextLoader = 'org.springframework.boot.test.context.SpringBootContextLoader', parent = [null]], attributes = map['org.springframework.test.context.web.ServletTestExecutionListener.activateListener' -> true, 'org.springframework.test.context.web.ServletTestExecutionListener.populatedRequestContextHolder' -> true, 'org.springframework.test.context.web.ServletTestExecutionListener.resetRequestContextHolder' -> true, 'org.springframework.test.context.event.ApplicationEventsTestExecutionListener.recordApplicationEvents' -> false]]; transaction manager [org.springframework.orm.jpa.JpaTransactionManager@7ea91c39]; rollback [true]
2022-09-02 19:28:30.027 DEBUG 17684 --- [    Test worker] org.hibernate.SQL                        : 
    select
        animal0_.animal_idx as animal_i1_0_,
        animal0_.is_guessed as is_guess2_0_,
        animal0_.month as month3_0_,
        animal0_.year as year4_0_,
        animal0_.bark as bark5_0_,
        animal0_.bite as bite6_0_,
        animal0_.create_date as create_d7_0_,
        animal0_.gender as gender8_0_,
        animal0_.is_adopted as is_adopt9_0_,
        animal0_.main_img_url as main_im10_0_,
        animal0_.name as name11_0_,
        animal0_.separation as separat12_0_,
        animal0_.socialization as sociali13_0_,
        animal0_.species as species14_0_,
        animal0_.toilet as toilet15_0_,
        animal0_.upload_user_idx as upload_16_0_ 
    from
        animal animal0_
2022-09-02 19:28:30.081 DEBUG 17684 --- [    Test worker] org.hibernate.SQL                        : 
    select
        post0_.post_idx as post_idx1_3_,
        post0_.animal_idx as animal_i5_3_,
        post0_.content as content2_3_,
        post0_.create_date as create_d3_3_,
        post0_.img_url as img_url4_3_ 
    from
        post post0_
2022-09-02 19:28:30.105 DEBUG 17684 --- [    Test worker] org.hibernate.SQL                        : 
    select
        post0_.post_idx as post_idx1_3_0_,
        animal1_.animal_idx as animal_i1_0_1_,
        post0_.animal_idx as animal_i5_3_0_,
        post0_.content as content2_3_0_,
        post0_.create_date as create_d3_3_0_,
        post0_.img_url as img_url4_3_0_,
        animal1_.is_guessed as is_guess2_0_1_,
        animal1_.month as month3_0_1_,
        animal1_.year as year4_0_1_,
        animal1_.bark as bark5_0_1_,
        animal1_.bite as bite6_0_1_,
        animal1_.create_date as create_d7_0_1_,
        animal1_.gender as gender8_0_1_,
        animal1_.is_adopted as is_adopt9_0_1_,
        animal1_.main_img_url as main_im10_0_1_,
        animal1_.name as name11_0_1_,
        animal1_.separation as separat12_0_1_,
        animal1_.socialization as sociali13_0_1_,
        animal1_.species as species14_0_1_,
        animal1_.toilet as toilet15_0_1_,
        animal1_.upload_user_idx as upload_16_0_1_ 
    from
        post post0_ 
    left outer join
        animal animal1_ 
            on post0_.animal_idx=animal1_.animal_idx 
    where
        post0_.post_idx=?
2022-09-02 19:28:30.140  INFO 17684 --- [    Test worker] o.s.t.c.transaction.TransactionContext   : Rolled back transaction for test: [DefaultTestContext@7ee0dbd1 testClass = PostControllerTest, testInstance = umc_sjs.smallestShelter.controller.PostControllerTest@17e96b3c, testMethod = 게시글조회@PostControllerTest, testException = [null], mergedContextConfiguration = [WebMergedContextConfiguration@5d04adc1 testClass = PostControllerTest, locations = '{}', classes = '{class umc_sjs.smallestShelter.SmallestShelterApplication}', contextInitializerClasses = '[]', activeProfiles = '{}', propertySourceLocations = '{}', propertySourceProperties = '{org.springframework.boot.test.context.SpringBootTestContextBootstrapper=true}', contextCustomizers = set[org.springframework.boot.test.autoconfigure.actuate.metrics.MetricsExportContextCustomizerFactory$DisableMetricExportContextCustomizer@183e8023, org.springframework.boot.test.autoconfigure.properties.PropertyMappingContextCustomizer@0, org.springframework.boot.test.autoconfigure.web.servlet.WebDriverContextCustomizerFactory$Customizer@56bca85b, org.springframework.boot.test.context.filter.ExcludeFilterContextCustomizer@22b53226, org.springframework.boot.test.json.DuplicateJsonObjectContextCustomizerFactory$DuplicateJsonObjectContextCustomizer@ea9b7c6, org.springframework.boot.test.mock.mockito.MockitoContextCustomizer@0, org.springframework.boot.test.web.client.TestRestTemplateContextCustomizer@41813449, org.springframework.boot.test.context.SpringBootTestArgs@1, org.springframework.boot.test.context.SpringBootTestWebEnvironment@1890516e], resourceBasePath = 'src/main/webapp', contextLoader = 'org.springframework.boot.test.context.SpringBootContextLoader', parent = [null]], attributes = map['org.springframework.test.context.web.ServletTestExecutionListener.activateListener' -> true, 'org.springframework.test.context.web.ServletTestExecutionListener.populatedRequestContextHolder' -> true, 'org.springframework.test.context.web.ServletTestExecutionListener.resetRequestContextHolder' -> true, 'org.springframework.test.context.event.ApplicationEventsTestExecutionListener.recordApplicationEvents' -> false]]
2022-09-02 19:28:30.151  INFO 17684 --- [    Test worker] o.s.t.c.transaction.TransactionContext   : Began transaction (1) for test context [DefaultTestContext@7ee0dbd1 testClass = PostControllerTest, testInstance = umc_sjs.smallestShelter.controller.PostControllerTest@61761e60, testMethod = 게시물삭제@PostControllerTest, testException = [null], mergedContextConfiguration = [WebMergedContextConfiguration@5d04adc1 testClass = PostControllerTest, locations = '{}', classes = '{class umc_sjs.smallestShelter.SmallestShelterApplication}', contextInitializerClasses = '[]', activeProfiles = '{}', propertySourceLocations = '{}', propertySourceProperties = '{org.springframework.boot.test.context.SpringBootTestContextBootstrapper=true}', contextCustomizers = set[org.springframework.boot.test.autoconfigure.actuate.metrics.MetricsExportContextCustomizerFactory$DisableMetricExportContextCustomizer@183e8023, org.springframework.boot.test.autoconfigure.properties.PropertyMappingContextCustomizer@0, org.springframework.boot.test.autoconfigure.web.servlet.WebDriverContextCustomizerFactory$Customizer@56bca85b, org.springframework.boot.test.context.filter.ExcludeFilterContextCustomizer@22b53226, org.springframework.boot.test.json.DuplicateJsonObjectContextCustomizerFactory$DuplicateJsonObjectContextCustomizer@ea9b7c6, org.springframework.boot.test.mock.mockito.MockitoContextCustomizer@0, org.springframework.boot.test.web.client.TestRestTemplateContextCustomizer@41813449, org.springframework.boot.test.context.SpringBootTestArgs@1, org.springframework.boot.test.context.SpringBootTestWebEnvironment@1890516e], resourceBasePath = 'src/main/webapp', contextLoader = 'org.springframework.boot.test.context.SpringBootContextLoader', parent = [null]], attributes = map['org.springframework.test.context.web.ServletTestExecutionListener.activateListener' -> true, 'org.springframework.test.context.web.ServletTestExecutionListener.populatedRequestContextHolder' -> true, 'org.springframework.test.context.web.ServletTestExecutionListener.resetRequestContextHolder' -> true, 'org.springframework.test.context.event.ApplicationEventsTestExecutionListener.recordApplicationEvents' -> false]]; transaction manager [org.springframework.orm.jpa.JpaTransactionManager@7ea91c39]; rollback [true]
2022-09-02 19:28:30.155 DEBUG 17684 --- [    Test worker] org.hibernate.SQL                        : 
    select
        animal0_.animal_idx as animal_i1_0_,
        animal0_.is_guessed as is_guess2_0_,
        animal0_.month as month3_0_,
        animal0_.year as year4_0_,
        animal0_.bark as bark5_0_,
        animal0_.bite as bite6_0_,
        animal0_.create_date as create_d7_0_,
        animal0_.gender as gender8_0_,
        animal0_.is_adopted as is_adopt9_0_,
        animal0_.main_img_url as main_im10_0_,
        animal0_.name as name11_0_,
        animal0_.separation as separat12_0_,
        animal0_.socialization as sociali13_0_,
        animal0_.species as species14_0_,
        animal0_.toilet as toilet15_0_,
        animal0_.upload_user_idx as upload_16_0_ 
    from
        animal animal0_
2022-09-02 19:28:30.194 DEBUG 17684 --- [    Test worker] org.hibernate.SQL                        : 
    select
        post0_.post_idx as post_idx1_3_,
        post0_.animal_idx as animal_i5_3_,
        post0_.content as content2_3_,
        post0_.create_date as create_d3_3_,
        post0_.img_url as img_url4_3_ 
    from
        post post0_
2022-09-02 19:28:30.214 DEBUG 17684 --- [    Test worker] org.hibernate.SQL                        : 
    select
        animal0_.animal_idx as animal_i1_0_0_,
        illnesslis1_.illness_idx as illness_1_2_1_,
        animal0_.is_guessed as is_guess2_0_0_,
        animal0_.month as month3_0_0_,
        animal0_.year as year4_0_0_,
        animal0_.bark as bark5_0_0_,
        animal0_.bite as bite6_0_0_,
        animal0_.create_date as create_d7_0_0_,
        animal0_.gender as gender8_0_0_,
        animal0_.is_adopted as is_adopt9_0_0_,
        animal0_.main_img_url as main_im10_0_0_,
        animal0_.name as name11_0_0_,
        animal0_.separation as separat12_0_0_,
        animal0_.socialization as sociali13_0_0_,
        animal0_.species as species14_0_0_,
        animal0_.toilet as toilet15_0_0_,
        animal0_.upload_user_idx as upload_16_0_0_,
        illnesslis1_.animal_idx as animal_i3_2_1_,
        illnesslis1_.name as name2_2_1_,
        illnesslis1_.animal_idx as animal_i3_2_0__,
        illnesslis1_.illness_idx as illness_1_2_0__ 
    from
        animal animal0_ 
    left outer join
        illness illnesslis1_ 
            on animal0_.animal_idx=illnesslis1_.animal_idx 
    where
        animal0_.animal_idx=?
2022-09-02 19:28:30.230 DEBUG 17684 --- [    Test worker] org.hibernate.SQL                        : 
    insert 
    into
        post
        (animal_idx, content, create_date, img_url) 
    values
        (?, ?, ?, ?)
2022-09-02 19:28:30.260 DEBUG 17684 --- [    Test worker] org.hibernate.SQL                        : 
    select
        post0_.post_idx as post_idx1_3_0_,
        animal1_.animal_idx as animal_i1_0_1_,
        post0_.animal_idx as animal_i5_3_0_,
        post0_.content as content2_3_0_,
        post0_.create_date as create_d3_3_0_,
        post0_.img_url as img_url4_3_0_,
        animal1_.is_guessed as is_guess2_0_1_,
        animal1_.month as month3_0_1_,
        animal1_.year as year4_0_1_,
        animal1_.bark as bark5_0_1_,
        animal1_.bite as bite6_0_1_,
        animal1_.create_date as create_d7_0_1_,
        animal1_.gender as gender8_0_1_,
        animal1_.is_adopted as is_adopt9_0_1_,
        animal1_.main_img_url as main_im10_0_1_,
        animal1_.name as name11_0_1_,
        animal1_.separation as separat12_0_1_,
        animal1_.socialization as sociali13_0_1_,
        animal1_.species as species14_0_1_,
        animal1_.toilet as toilet15_0_1_,
        animal1_.upload_user_idx as upload_16_0_1_ 
    from
        post post0_ 
    left outer join
        animal animal1_ 
            on post0_.animal_idx=animal1_.animal_idx 
    where
        post0_.post_idx=?
요청에 성공하였습니다.
2022-09-02 19:28:30.313  INFO 17684 --- [    Test worker] o.s.t.c.transaction.TransactionContext   : Rolled back transaction for test: [DefaultTestContext@7ee0dbd1 testClass = PostControllerTest, testInstance = umc_sjs.smallestShelter.controller.PostControllerTest@61761e60, testMethod = 게시물삭제@PostControllerTest, testException = [null], mergedContextConfiguration = [WebMergedContextConfiguration@5d04adc1 testClass = PostControllerTest, locations = '{}', classes = '{class umc_sjs.smallestShelter.SmallestShelterApplication}', contextInitializerClasses = '[]', activeProfiles = '{}', propertySourceLocations = '{}', propertySourceProperties = '{org.springframework.boot.test.context.SpringBootTestContextBootstrapper=true}', contextCustomizers = set[org.springframework.boot.test.autoconfigure.actuate.metrics.MetricsExportContextCustomizerFactory$DisableMetricExportContextCustomizer@183e8023, org.springframework.boot.test.autoconfigure.properties.PropertyMappingContextCustomizer@0, org.springframework.boot.test.autoconfigure.web.servlet.WebDriverContextCustomizerFactory$Customizer@56bca85b, org.springframework.boot.test.context.filter.ExcludeFilterContextCustomizer@22b53226, org.springframework.boot.test.json.DuplicateJsonObjectContextCustomizerFactory$DuplicateJsonObjectContextCustomizer@ea9b7c6, org.springframework.boot.test.mock.mockito.MockitoContextCustomizer@0, org.springframework.boot.test.web.client.TestRestTemplateContextCustomizer@41813449, org.springframework.boot.test.context.SpringBootTestArgs@1, org.springframework.boot.test.context.SpringBootTestWebEnvironment@1890516e], resourceBasePath = 'src/main/webapp', contextLoader = 'org.springframework.boot.test.context.SpringBootContextLoader', parent = [null]], attributes = map['org.springframework.test.context.web.ServletTestExecutionListener.activateListener' -> true, 'org.springframework.test.context.web.ServletTestExecutionListener.populatedRequestContextHolder' -> true, 'org.springframework.test.context.web.ServletTestExecutionListener.resetRequestContextHolder' -> true, 'org.springframework.test.context.event.ApplicationEventsTestExecutionListener.recordApplicationEvents' -> false]]
2022-09-02 19:28:30.326  INFO 17684 --- [    Test worker] o.s.t.c.transaction.TransactionContext   : Began transaction (1) for test context [DefaultTestContext@7ee0dbd1 testClass = PostControllerTest, testInstance = umc_sjs.smallestShelter.controller.PostControllerTest@2c70da80, testMethod = 게시물수정@PostControllerTest, testException = [null], mergedContextConfiguration = [WebMergedContextConfiguration@5d04adc1 testClass = PostControllerTest, locations = '{}', classes = '{class umc_sjs.smallestShelter.SmallestShelterApplication}', contextInitializerClasses = '[]', activeProfiles = '{}', propertySourceLocations = '{}', propertySourceProperties = '{org.springframework.boot.test.context.SpringBootTestContextBootstrapper=true}', contextCustomizers = set[org.springframework.boot.test.autoconfigure.actuate.metrics.MetricsExportContextCustomizerFactory$DisableMetricExportContextCustomizer@183e8023, org.springframework.boot.test.autoconfigure.properties.PropertyMappingContextCustomizer@0, org.springframework.boot.test.autoconfigure.web.servlet.WebDriverContextCustomizerFactory$Customizer@56bca85b, org.springframework.boot.test.context.filter.ExcludeFilterContextCustomizer@22b53226, org.springframework.boot.test.json.DuplicateJsonObjectContextCustomizerFactory$DuplicateJsonObjectContextCustomizer@ea9b7c6, org.springframework.boot.test.mock.mockito.MockitoContextCustomizer@0, org.springframework.boot.test.web.client.TestRestTemplateContextCustomizer@41813449, org.springframework.boot.test.context.SpringBootTestArgs@1, org.springframework.boot.test.context.SpringBootTestWebEnvironment@1890516e], resourceBasePath = 'src/main/webapp', contextLoader = 'org.springframework.boot.test.context.SpringBootContextLoader', parent = [null]], attributes = map['org.springframework.test.context.web.ServletTestExecutionListener.activateListener' -> true, 'org.springframework.test.context.web.ServletTestExecutionListener.populatedRequestContextHolder' -> true, 'org.springframework.test.context.web.ServletTestExecutionListener.resetRequestContextHolder' -> true, 'org.springframework.test.context.event.ApplicationEventsTestExecutionListener.recordApplicationEvents' -> false]]; transaction manager [org.springframework.orm.jpa.JpaTransactionManager@7ea91c39]; rollback [true]
2022-09-02 19:28:30.332 DEBUG 17684 --- [    Test worker] org.hibernate.SQL                        : 
    select
        animal0_.animal_idx as animal_i1_0_,
        animal0_.is_guessed as is_guess2_0_,
        animal0_.month as month3_0_,
        animal0_.year as year4_0_,
        animal0_.bark as bark5_0_,
        animal0_.bite as bite6_0_,
        animal0_.create_date as create_d7_0_,
        animal0_.gender as gender8_0_,
        animal0_.is_adopted as is_adopt9_0_,
        animal0_.main_img_url as main_im10_0_,
        animal0_.name as name11_0_,
        animal0_.separation as separat12_0_,
        animal0_.socialization as sociali13_0_,
        animal0_.species as species14_0_,
        animal0_.toilet as toilet15_0_,
        animal0_.upload_user_idx as upload_16_0_ 
    from
        animal animal0_
2022-09-02 19:28:30.374 DEBUG 17684 --- [    Test worker] org.hibernate.SQL                        : 
    select
        post0_.post_idx as post_idx1_3_,
        post0_.animal_idx as animal_i5_3_,
        post0_.content as content2_3_,
        post0_.create_date as create_d3_3_,
        post0_.img_url as img_url4_3_ 
    from
        post post0_
2022-09-02 19:28:30.396 DEBUG 17684 --- [    Test worker] org.hibernate.SQL                        : 
    select
        post0_.post_idx as post_idx1_3_0_,
        animal1_.animal_idx as animal_i1_0_1_,
        post0_.animal_idx as animal_i5_3_0_,
        post0_.content as content2_3_0_,
        post0_.create_date as create_d3_3_0_,
        post0_.img_url as img_url4_3_0_,
        animal1_.is_guessed as is_guess2_0_1_,
        animal1_.month as month3_0_1_,
        animal1_.year as year4_0_1_,
        animal1_.bark as bark5_0_1_,
        animal1_.bite as bite6_0_1_,
        animal1_.create_date as create_d7_0_1_,
        animal1_.gender as gender8_0_1_,
        animal1_.is_adopted as is_adopt9_0_1_,
        animal1_.main_img_url as main_im10_0_1_,
        animal1_.name as name11_0_1_,
        animal1_.separation as separat12_0_1_,
        animal1_.socialization as sociali13_0_1_,
        animal1_.species as species14_0_1_,
        animal1_.toilet as toilet15_0_1_,
        animal1_.upload_user_idx as upload_16_0_1_ 
    from
        post post0_ 
    left outer join
        animal animal1_ 
            on post0_.animal_idx=animal1_.animal_idx 
    where
        post0_.post_idx=?
2022-09-02 19:28:30.439  INFO 17684 --- [    Test worker] o.s.t.c.transaction.TransactionContext   : Rolled back transaction for test: [DefaultTestContext@7ee0dbd1 testClass = PostControllerTest, testInstance = umc_sjs.smallestShelter.controller.PostControllerTest@2c70da80, testMethod = 게시물수정@PostControllerTest, testException = [null], mergedContextConfiguration = [WebMergedContextConfiguration@5d04adc1 testClass = PostControllerTest, locations = '{}', classes = '{class umc_sjs.smallestShelter.SmallestShelterApplication}', contextInitializerClasses = '[]', activeProfiles = '{}', propertySourceLocations = '{}', propertySourceProperties = '{org.springframework.boot.test.context.SpringBootTestContextBootstrapper=true}', contextCustomizers = set[org.springframework.boot.test.autoconfigure.actuate.metrics.MetricsExportContextCustomizerFactory$DisableMetricExportContextCustomizer@183e8023, org.springframework.boot.test.autoconfigure.properties.PropertyMappingContextCustomizer@0, org.springframework.boot.test.autoconfigure.web.servlet.WebDriverContextCustomizerFactory$Customizer@56bca85b, org.springframework.boot.test.context.filter.ExcludeFilterContextCustomizer@22b53226, org.springframework.boot.test.json.DuplicateJsonObjectContextCustomizerFactory$DuplicateJsonObjectContextCustomizer@ea9b7c6, org.springframework.boot.test.mock.mockito.MockitoContextCustomizer@0, org.springframework.boot.test.web.client.TestRestTemplateContextCustomizer@41813449, org.springframework.boot.test.context.SpringBootTestArgs@1, org.springframework.boot.test.context.SpringBootTestWebEnvironment@1890516e], resourceBasePath = 'src/main/webapp', contextLoader = 'org.springframework.boot.test.context.SpringBootContextLoader', parent = [null]], attributes = map['org.springframework.test.context.web.ServletTestExecutionListener.activateListener' -> true, 'org.springframework.test.context.web.ServletTestExecutionListener.populatedRequestContextHolder' -> true, 'org.springframework.test.context.web.ServletTestExecutionListener.resetRequestContextHolder' -> true, 'org.springframework.test.context.event.ApplicationEventsTestExecutionListener.recordApplicationEvents' -> false]]
2022-09-02 19:28:30.451  INFO 17684 --- [    Test worker] o.s.t.c.transaction.TransactionContext   : Began transaction (1) for test context [DefaultTestContext@7ee0dbd1 testClass = PostControllerTest, testInstance = umc_sjs.smallestShelter.controller.PostControllerTest@5d59ad49, testMethod = 게시글조회_x_없는게시물조회@PostControllerTest, testException = [null], mergedContextConfiguration = [WebMergedContextConfiguration@5d04adc1 testClass = PostControllerTest, locations = '{}', classes = '{class umc_sjs.smallestShelter.SmallestShelterApplication}', contextInitializerClasses = '[]', activeProfiles = '{}', propertySourceLocations = '{}', propertySourceProperties = '{org.springframework.boot.test.context.SpringBootTestContextBootstrapper=true}', contextCustomizers = set[org.springframework.boot.test.autoconfigure.actuate.metrics.MetricsExportContextCustomizerFactory$DisableMetricExportContextCustomizer@183e8023, org.springframework.boot.test.autoconfigure.properties.PropertyMappingContextCustomizer@0, org.springframework.boot.test.autoconfigure.web.servlet.WebDriverContextCustomizerFactory$Customizer@56bca85b, org.springframework.boot.test.context.filter.ExcludeFilterContextCustomizer@22b53226, org.springframework.boot.test.json.DuplicateJsonObjectContextCustomizerFactory$DuplicateJsonObjectContextCustomizer@ea9b7c6, org.springframework.boot.test.mock.mockito.MockitoContextCustomizer@0, org.springframework.boot.test.web.client.TestRestTemplateContextCustomizer@41813449, org.springframework.boot.test.context.SpringBootTestArgs@1, org.springframework.boot.test.context.SpringBootTestWebEnvironment@1890516e], resourceBasePath = 'src/main/webapp', contextLoader = 'org.springframework.boot.test.context.SpringBootContextLoader', parent = [null]], attributes = map['org.springframework.test.context.web.ServletTestExecutionListener.activateListener' -> true, 'org.springframework.test.context.web.ServletTestExecutionListener.populatedRequestContextHolder' -> true, 'org.springframework.test.context.web.ServletTestExecutionListener.resetRequestContextHolder' -> true, 'org.springframework.test.context.event.ApplicationEventsTestExecutionListener.recordApplicationEvents' -> false]]; transaction manager [org.springframework.orm.jpa.JpaTransactionManager@7ea91c39]; rollback [true]
2022-09-02 19:28:30.456 DEBUG 17684 --- [    Test worker] org.hibernate.SQL                        : 
    select
        animal0_.animal_idx as animal_i1_0_,
        animal0_.is_guessed as is_guess2_0_,
        animal0_.month as month3_0_,
        animal0_.year as year4_0_,
        animal0_.bark as bark5_0_,
        animal0_.bite as bite6_0_,
        animal0_.create_date as create_d7_0_,
        animal0_.gender as gender8_0_,
        animal0_.is_adopted as is_adopt9_0_,
        animal0_.main_img_url as main_im10_0_,
        animal0_.name as name11_0_,
        animal0_.separation as separat12_0_,
        animal0_.socialization as sociali13_0_,
        animal0_.species as species14_0_,
        animal0_.toilet as toilet15_0_,
        animal0_.upload_user_idx as upload_16_0_ 
    from
        animal animal0_
2022-09-02 19:28:30.484 DEBUG 17684 --- [    Test worker] org.hibernate.SQL                        : 
    select
        post0_.post_idx as post_idx1_3_,
        post0_.animal_idx as animal_i5_3_,
        post0_.content as content2_3_,
        post0_.create_date as create_d3_3_,
        post0_.img_url as img_url4_3_ 
    from
        post post0_
2022-09-02 19:28:30.502 DEBUG 17684 --- [    Test worker] org.hibernate.SQL                        : 
    select
        post0_.post_idx as post_idx1_3_0_,
        animal1_.animal_idx as animal_i1_0_1_,
        post0_.animal_idx as animal_i5_3_0_,
        post0_.content as content2_3_0_,
        post0_.create_date as create_d3_3_0_,
        post0_.img_url as img_url4_3_0_,
        animal1_.is_guessed as is_guess2_0_1_,
        animal1_.month as month3_0_1_,
        animal1_.year as year4_0_1_,
        animal1_.bark as bark5_0_1_,
        animal1_.bite as bite6_0_1_,
        animal1_.create_date as create_d7_0_1_,
        animal1_.gender as gender8_0_1_,
        animal1_.is_adopted as is_adopt9_0_1_,
        animal1_.main_img_url as main_im10_0_1_,
        animal1_.name as name11_0_1_,
        animal1_.separation as separat12_0_1_,
        animal1_.socialization as sociali13_0_1_,
        animal1_.species as species14_0_1_,
        animal1_.toilet as toilet15_0_1_,
        animal1_.upload_user_idx as upload_16_0_1_ 
    from
        post post0_ 
    left outer join
        animal animal1_ 
            on post0_.animal_idx=animal1_.animal_idx 
    where
        post0_.post_idx=?
해당하는 게시물이 존재하지 않습니다
2022-09-02 19:28:30.543  INFO 17684 --- [    Test worker] o.s.t.c.transaction.TransactionContext   : Rolled back transaction for test: [DefaultTestContext@7ee0dbd1 testClass = PostControllerTest, testInstance = umc_sjs.smallestShelter.controller.PostControllerTest@5d59ad49, testMethod = 게시글조회_x_없는게시물조회@PostControllerTest, testException = [null], mergedContextConfiguration = [WebMergedContextConfiguration@5d04adc1 testClass = PostControllerTest, locations = '{}', classes = '{class umc_sjs.smallestShelter.SmallestShelterApplication}', contextInitializerClasses = '[]', activeProfiles = '{}', propertySourceLocations = '{}', propertySourceProperties = '{org.springframework.boot.test.context.SpringBootTestContextBootstrapper=true}', contextCustomizers = set[org.springframework.boot.test.autoconfigure.actuate.metrics.MetricsExportContextCustomizerFactory$DisableMetricExportContextCustomizer@183e8023, org.springframework.boot.test.autoconfigure.properties.PropertyMappingContextCustomizer@0, org.springframework.boot.test.autoconfigure.web.servlet.WebDriverContextCustomizerFactory$Customizer@56bca85b, org.springframework.boot.test.context.filter.ExcludeFilterContextCustomizer@22b53226, org.springframework.boot.test.json.DuplicateJsonObjectContextCustomizerFactory$DuplicateJsonObjectContextCustomizer@ea9b7c6, org.springframework.boot.test.mock.mockito.MockitoContextCustomizer@0, org.springframework.boot.test.web.client.TestRestTemplateContextCustomizer@41813449, org.springframework.boot.test.context.SpringBootTestArgs@1, org.springframework.boot.test.context.SpringBootTestWebEnvironment@1890516e], resourceBasePath = 'src/main/webapp', contextLoader = 'org.springframework.boot.test.context.SpringBootContextLoader', parent = [null]], attributes = map['org.springframework.test.context.web.ServletTestExecutionListener.activateListener' -> true, 'org.springframework.test.context.web.ServletTestExecutionListener.populatedRequestContextHolder' -> true, 'org.springframework.test.context.web.ServletTestExecutionListener.resetRequestContextHolder' -> true, 'org.springframework.test.context.event.ApplicationEventsTestExecutionListener.recordApplicationEvents' -> false]]
2022-09-02 19:28:30.557  INFO 17684 --- [    Test worker] o.s.t.c.transaction.TransactionContext   : Began transaction (1) for test context [DefaultTestContext@7ee0dbd1 testClass = PostControllerTest, testInstance = umc_sjs.smallestShelter.controller.PostControllerTest@3d1319b, testMethod = 게시물삭제_x_일치하지않는동물idx@PostControllerTest, testException = [null], mergedContextConfiguration = [WebMergedContextConfiguration@5d04adc1 testClass = PostControllerTest, locations = '{}', classes = '{class umc_sjs.smallestShelter.SmallestShelterApplication}', contextInitializerClasses = '[]', activeProfiles = '{}', propertySourceLocations = '{}', propertySourceProperties = '{org.springframework.boot.test.context.SpringBootTestContextBootstrapper=true}', contextCustomizers = set[org.springframework.boot.test.autoconfigure.actuate.metrics.MetricsExportContextCustomizerFactory$DisableMetricExportContextCustomizer@183e8023, org.springframework.boot.test.autoconfigure.properties.PropertyMappingContextCustomizer@0, org.springframework.boot.test.autoconfigure.web.servlet.WebDriverContextCustomizerFactory$Customizer@56bca85b, org.springframework.boot.test.context.filter.ExcludeFilterContextCustomizer@22b53226, org.springframework.boot.test.json.DuplicateJsonObjectContextCustomizerFactory$DuplicateJsonObjectContextCustomizer@ea9b7c6, org.springframework.boot.test.mock.mockito.MockitoContextCustomizer@0, org.springframework.boot.test.web.client.TestRestTemplateContextCustomizer@41813449, org.springframework.boot.test.context.SpringBootTestArgs@1, org.springframework.boot.test.context.SpringBootTestWebEnvironment@1890516e], resourceBasePath = 'src/main/webapp', contextLoader = 'org.springframework.boot.test.context.SpringBootContextLoader', parent = [null]], attributes = map['org.springframework.test.context.web.ServletTestExecutionListener.activateListener' -> true, 'org.springframework.test.context.web.ServletTestExecutionListener.populatedRequestContextHolder' -> true, 'org.springframework.test.context.web.ServletTestExecutionListener.resetRequestContextHolder' -> true, 'org.springframework.test.context.event.ApplicationEventsTestExecutionListener.recordApplicationEvents' -> false]]; transaction manager [org.springframework.orm.jpa.JpaTransactionManager@7ea91c39]; rollback [true]
2022-09-02 19:28:30.561 DEBUG 17684 --- [    Test worker] org.hibernate.SQL                        : 
    select
        animal0_.animal_idx as animal_i1_0_,
        animal0_.is_guessed as is_guess2_0_,
        animal0_.month as month3_0_,
        animal0_.year as year4_0_,
        animal0_.bark as bark5_0_,
        animal0_.bite as bite6_0_,
        animal0_.create_date as create_d7_0_,
        animal0_.gender as gender8_0_,
        animal0_.is_adopted as is_adopt9_0_,
        animal0_.main_img_url as main_im10_0_,
        animal0_.name as name11_0_,
        animal0_.separation as separat12_0_,
        animal0_.socialization as sociali13_0_,
        animal0_.species as species14_0_,
        animal0_.toilet as toilet15_0_,
        animal0_.upload_user_idx as upload_16_0_ 
    from
        animal animal0_
2022-09-02 19:28:30.587 DEBUG 17684 --- [    Test worker] org.hibernate.SQL                        : 
    select
        post0_.post_idx as post_idx1_3_,
        post0_.animal_idx as animal_i5_3_,
        post0_.content as content2_3_,
        post0_.create_date as create_d3_3_,
        post0_.img_url as img_url4_3_ 
    from
        post post0_
2022-09-02 19:28:30.606 DEBUG 17684 --- [    Test worker] org.hibernate.SQL                        : 
    select
        post0_.post_idx as post_idx1_3_0_,
        animal1_.animal_idx as animal_i1_0_1_,
        post0_.animal_idx as animal_i5_3_0_,
        post0_.content as content2_3_0_,
        post0_.create_date as create_d3_3_0_,
        post0_.img_url as img_url4_3_0_,
        animal1_.is_guessed as is_guess2_0_1_,
        animal1_.month as month3_0_1_,
        animal1_.year as year4_0_1_,
        animal1_.bark as bark5_0_1_,
        animal1_.bite as bite6_0_1_,
        animal1_.create_date as create_d7_0_1_,
        animal1_.gender as gender8_0_1_,
        animal1_.is_adopted as is_adopt9_0_1_,
        animal1_.main_img_url as main_im10_0_1_,
        animal1_.name as name11_0_1_,
        animal1_.separation as separat12_0_1_,
        animal1_.socialization as sociali13_0_1_,
        animal1_.species as species14_0_1_,
        animal1_.toilet as toilet15_0_1_,
        animal1_.upload_user_idx as upload_16_0_1_ 
    from
        post post0_ 
    left outer join
        animal animal1_ 
            on post0_.animal_idx=animal1_.animal_idx 
    where
        post0_.post_idx=?
해당 동물의 게시물의 아닙니다: idx 불일치
2022-09-02 19:28:30.637  INFO 17684 --- [    Test worker] o.s.t.c.transaction.TransactionContext   : Rolled back transaction for test: [DefaultTestContext@7ee0dbd1 testClass = PostControllerTest, testInstance = umc_sjs.smallestShelter.controller.PostControllerTest@3d1319b, testMethod = 게시물삭제_x_일치하지않는동물idx@PostControllerTest, testException = [null], mergedContextConfiguration = [WebMergedContextConfiguration@5d04adc1 testClass = PostControllerTest, locations = '{}', classes = '{class umc_sjs.smallestShelter.SmallestShelterApplication}', contextInitializerClasses = '[]', activeProfiles = '{}', propertySourceLocations = '{}', propertySourceProperties = '{org.springframework.boot.test.context.SpringBootTestContextBootstrapper=true}', contextCustomizers = set[org.springframework.boot.test.autoconfigure.actuate.metrics.MetricsExportContextCustomizerFactory$DisableMetricExportContextCustomizer@183e8023, org.springframework.boot.test.autoconfigure.properties.PropertyMappingContextCustomizer@0, org.springframework.boot.test.autoconfigure.web.servlet.WebDriverContextCustomizerFactory$Customizer@56bca85b, org.springframework.boot.test.context.filter.ExcludeFilterContextCustomizer@22b53226, org.springframework.boot.test.json.DuplicateJsonObjectContextCustomizerFactory$DuplicateJsonObjectContextCustomizer@ea9b7c6, org.springframework.boot.test.mock.mockito.MockitoContextCustomizer@0, org.springframework.boot.test.web.client.TestRestTemplateContextCustomizer@41813449, org.springframework.boot.test.context.SpringBootTestArgs@1, org.springframework.boot.test.context.SpringBootTestWebEnvironment@1890516e], resourceBasePath = 'src/main/webapp', contextLoader = 'org.springframework.boot.test.context.SpringBootContextLoader', parent = [null]], attributes = map['org.springframework.test.context.web.ServletTestExecutionListener.activateListener' -> true, 'org.springframework.test.context.web.ServletTestExecutionListener.populatedRequestContextHolder' -> true, 'org.springframework.test.context.web.ServletTestExecutionListener.resetRequestContextHolder' -> true, 'org.springframework.test.context.event.ApplicationEventsTestExecutionListener.recordApplicationEvents' -> false]]
2022-09-02 19:28:30.649  INFO 17684 --- [    Test worker] o.s.t.c.transaction.TransactionContext   : Began transaction (1) for test context [DefaultTestContext@7ee0dbd1 testClass = PostControllerTest, testInstance = umc_sjs.smallestShelter.controller.PostControllerTest@3e6b8b27, testMethod = 게시글생성_X_이미지없음_null@PostControllerTest, testException = [null], mergedContextConfiguration = [WebMergedContextConfiguration@5d04adc1 testClass = PostControllerTest, locations = '{}', classes = '{class umc_sjs.smallestShelter.SmallestShelterApplication}', contextInitializerClasses = '[]', activeProfiles = '{}', propertySourceLocations = '{}', propertySourceProperties = '{org.springframework.boot.test.context.SpringBootTestContextBootstrapper=true}', contextCustomizers = set[org.springframework.boot.test.autoconfigure.actuate.metrics.MetricsExportContextCustomizerFactory$DisableMetricExportContextCustomizer@183e8023, org.springframework.boot.test.autoconfigure.properties.PropertyMappingContextCustomizer@0, org.springframework.boot.test.autoconfigure.web.servlet.WebDriverContextCustomizerFactory$Customizer@56bca85b, org.springframework.boot.test.context.filter.ExcludeFilterContextCustomizer@22b53226, org.springframework.boot.test.json.DuplicateJsonObjectContextCustomizerFactory$DuplicateJsonObjectContextCustomizer@ea9b7c6, org.springframework.boot.test.mock.mockito.MockitoContextCustomizer@0, org.springframework.boot.test.web.client.TestRestTemplateContextCustomizer@41813449, org.springframework.boot.test.context.SpringBootTestArgs@1, org.springframework.boot.test.context.SpringBootTestWebEnvironment@1890516e], resourceBasePath = 'src/main/webapp', contextLoader = 'org.springframework.boot.test.context.SpringBootContextLoader', parent = [null]], attributes = map['org.springframework.test.context.web.ServletTestExecutionListener.activateListener' -> true, 'org.springframework.test.context.web.ServletTestExecutionListener.populatedRequestContextHolder' -> true, 'org.springframework.test.context.web.ServletTestExecutionListener.resetRequestContextHolder' -> true, 'org.springframework.test.context.event.ApplicationEventsTestExecutionListener.recordApplicationEvents' -> false]]; transaction manager [org.springframework.orm.jpa.JpaTransactionManager@7ea91c39]; rollback [true]
2022-09-02 19:28:30.653 DEBUG 17684 --- [    Test worker] org.hibernate.SQL                        : 
    select
        animal0_.animal_idx as animal_i1_0_,
        animal0_.is_guessed as is_guess2_0_,
        animal0_.month as month3_0_,
        animal0_.year as year4_0_,
        animal0_.bark as bark5_0_,
        animal0_.bite as bite6_0_,
        animal0_.create_date as create_d7_0_,
        animal0_.gender as gender8_0_,
        animal0_.is_adopted as is_adopt9_0_,
        animal0_.main_img_url as main_im10_0_,
        animal0_.name as name11_0_,
        animal0_.separation as separat12_0_,
        animal0_.socialization as sociali13_0_,
        animal0_.species as species14_0_,
        animal0_.toilet as toilet15_0_,
        animal0_.upload_user_idx as upload_16_0_ 
    from
        animal animal0_
2022-09-02 19:28:30.685 DEBUG 17684 --- [    Test worker] org.hibernate.SQL                        : 
    select
        post0_.post_idx as post_idx1_3_,
        post0_.animal_idx as animal_i5_3_,
        post0_.content as content2_3_,
        post0_.create_date as create_d3_3_,
        post0_.img_url as img_url4_3_ 
    from
        post post0_
게시물에 이미지가 없습니다
2022-09-02 19:28:30.723  INFO 17684 --- [    Test worker] o.s.t.c.transaction.TransactionContext   : Rolled back transaction for test: [DefaultTestContext@7ee0dbd1 testClass = PostControllerTest, testInstance = umc_sjs.smallestShelter.controller.PostControllerTest@3e6b8b27, testMethod = 게시글생성_X_이미지없음_null@PostControllerTest, testException = [null], mergedContextConfiguration = [WebMergedContextConfiguration@5d04adc1 testClass = PostControllerTest, locations = '{}', classes = '{class umc_sjs.smallestShelter.SmallestShelterApplication}', contextInitializerClasses = '[]', activeProfiles = '{}', propertySourceLocations = '{}', propertySourceProperties = '{org.springframework.boot.test.context.SpringBootTestContextBootstrapper=true}', contextCustomizers = set[org.springframework.boot.test.autoconfigure.actuate.metrics.MetricsExportContextCustomizerFactory$DisableMetricExportContextCustomizer@183e8023, org.springframework.boot.test.autoconfigure.properties.PropertyMappingContextCustomizer@0, org.springframework.boot.test.autoconfigure.web.servlet.WebDriverContextCustomizerFactory$Customizer@56bca85b, org.springframework.boot.test.context.filter.ExcludeFilterContextCustomizer@22b53226, org.springframework.boot.test.json.DuplicateJsonObjectContextCustomizerFactory$DuplicateJsonObjectContextCustomizer@ea9b7c6, org.springframework.boot.test.mock.mockito.MockitoContextCustomizer@0, org.springframework.boot.test.web.client.TestRestTemplateContextCustomizer@41813449, org.springframework.boot.test.context.SpringBootTestArgs@1, org.springframework.boot.test.context.SpringBootTestWebEnvironment@1890516e], resourceBasePath = 'src/main/webapp', contextLoader = 'org.springframework.boot.test.context.SpringBootContextLoader', parent = [null]], attributes = map['org.springframework.test.context.web.ServletTestExecutionListener.activateListener' -> true, 'org.springframework.test.context.web.ServletTestExecutionListener.populatedRequestContextHolder' -> true, 'org.springframework.test.context.web.ServletTestExecutionListener.resetRequestContextHolder' -> true, 'org.springframework.test.context.event.ApplicationEventsTestExecutionListener.recordApplicationEvents' -> false]]
2022-09-02 19:28:30.744  INFO 17684 --- [    Test worker] o.s.t.c.transaction.TransactionContext   : Began transaction (1) for test context [DefaultTestContext@7ee0dbd1 testClass = PostControllerTest, testInstance = umc_sjs.smallestShelter.controller.PostControllerTest@7ce87f9d, testMethod = 게시물수정_x_없는게시물@PostControllerTest, testException = [null], mergedContextConfiguration = [WebMergedContextConfiguration@5d04adc1 testClass = PostControllerTest, locations = '{}', classes = '{class umc_sjs.smallestShelter.SmallestShelterApplication}', contextInitializerClasses = '[]', activeProfiles = '{}', propertySourceLocations = '{}', propertySourceProperties = '{org.springframework.boot.test.context.SpringBootTestContextBootstrapper=true}', contextCustomizers = set[org.springframework.boot.test.autoconfigure.actuate.metrics.MetricsExportContextCustomizerFactory$DisableMetricExportContextCustomizer@183e8023, org.springframework.boot.test.autoconfigure.properties.PropertyMappingContextCustomizer@0, org.springframework.boot.test.autoconfigure.web.servlet.WebDriverContextCustomizerFactory$Customizer@56bca85b, org.springframework.boot.test.context.filter.ExcludeFilterContextCustomizer@22b53226, org.springframework.boot.test.json.DuplicateJsonObjectContextCustomizerFactory$DuplicateJsonObjectContextCustomizer@ea9b7c6, org.springframework.boot.test.mock.mockito.MockitoContextCustomizer@0, org.springframework.boot.test.web.client.TestRestTemplateContextCustomizer@41813449, org.springframework.boot.test.context.SpringBootTestArgs@1, org.springframework.boot.test.context.SpringBootTestWebEnvironment@1890516e], resourceBasePath = 'src/main/webapp', contextLoader = 'org.springframework.boot.test.context.SpringBootContextLoader', parent = [null]], attributes = map['org.springframework.test.context.web.ServletTestExecutionListener.activateListener' -> true, 'org.springframework.test.context.web.ServletTestExecutionListener.populatedRequestContextHolder' -> true, 'org.springframework.test.context.web.ServletTestExecutionListener.resetRequestContextHolder' -> true, 'org.springframework.test.context.event.ApplicationEventsTestExecutionListener.recordApplicationEvents' -> false]]; transaction manager [org.springframework.orm.jpa.JpaTransactionManager@7ea91c39]; rollback [true]
2022-09-02 19:28:30.748 DEBUG 17684 --- [    Test worker] org.hibernate.SQL                        : 
    select
        animal0_.animal_idx as animal_i1_0_,
        animal0_.is_guessed as is_guess2_0_,
        animal0_.month as month3_0_,
        animal0_.year as year4_0_,
        animal0_.bark as bark5_0_,
        animal0_.bite as bite6_0_,
        animal0_.create_date as create_d7_0_,
        animal0_.gender as gender8_0_,
        animal0_.is_adopted as is_adopt9_0_,
        animal0_.main_img_url as main_im10_0_,
        animal0_.name as name11_0_,
        animal0_.separation as separat12_0_,
        animal0_.socialization as sociali13_0_,
        animal0_.species as species14_0_,
        animal0_.toilet as toilet15_0_,
        animal0_.upload_user_idx as upload_16_0_ 
    from
        animal animal0_
2022-09-02 19:28:30.776 DEBUG 17684 --- [    Test worker] org.hibernate.SQL                        : 
    select
        post0_.post_idx as post_idx1_3_,
        post0_.animal_idx as animal_i5_3_,
        post0_.content as content2_3_,
        post0_.create_date as create_d3_3_,
        post0_.img_url as img_url4_3_ 
    from
        post post0_
2022-09-02 19:28:30.792 DEBUG 17684 --- [    Test worker] org.hibernate.SQL                        : 
    select
        post0_.post_idx as post_idx1_3_0_,
        animal1_.animal_idx as animal_i1_0_1_,
        post0_.animal_idx as animal_i5_3_0_,
        post0_.content as content2_3_0_,
        post0_.create_date as create_d3_3_0_,
        post0_.img_url as img_url4_3_0_,
        animal1_.is_guessed as is_guess2_0_1_,
        animal1_.month as month3_0_1_,
        animal1_.year as year4_0_1_,
        animal1_.bark as bark5_0_1_,
        animal1_.bite as bite6_0_1_,
        animal1_.create_date as create_d7_0_1_,
        animal1_.gender as gender8_0_1_,
        animal1_.is_adopted as is_adopt9_0_1_,
        animal1_.main_img_url as main_im10_0_1_,
        animal1_.name as name11_0_1_,
        animal1_.separation as separat12_0_1_,
        animal1_.socialization as sociali13_0_1_,
        animal1_.species as species14_0_1_,
        animal1_.toilet as toilet15_0_1_,
        animal1_.upload_user_idx as upload_16_0_1_ 
    from
        post post0_ 
    left outer join
        animal animal1_ 
            on post0_.animal_idx=animal1_.animal_idx 
    where
        post0_.post_idx=?
해당하는 게시물이 존재하지 않습니다
2022-09-02 19:28:30.827  INFO 17684 --- [    Test worker] o.s.t.c.transaction.TransactionContext   : Rolled back transaction for test: [DefaultTestContext@7ee0dbd1 testClass = PostControllerTest, testInstance = umc_sjs.smallestShelter.controller.PostControllerTest@7ce87f9d, testMethod = 게시물수정_x_없는게시물@PostControllerTest, testException = [null], mergedContextConfiguration = [WebMergedContextConfiguration@5d04adc1 testClass = PostControllerTest, locations = '{}', classes = '{class umc_sjs.smallestShelter.SmallestShelterApplication}', contextInitializerClasses = '[]', activeProfiles = '{}', propertySourceLocations = '{}', propertySourceProperties = '{org.springframework.boot.test.context.SpringBootTestContextBootstrapper=true}', contextCustomizers = set[org.springframework.boot.test.autoconfigure.actuate.metrics.MetricsExportContextCustomizerFactory$DisableMetricExportContextCustomizer@183e8023, org.springframework.boot.test.autoconfigure.properties.PropertyMappingContextCustomizer@0, org.springframework.boot.test.autoconfigure.web.servlet.WebDriverContextCustomizerFactory$Customizer@56bca85b, org.springframework.boot.test.context.filter.ExcludeFilterContextCustomizer@22b53226, org.springframework.boot.test.json.DuplicateJsonObjectContextCustomizerFactory$DuplicateJsonObjectContextCustomizer@ea9b7c6, org.springframework.boot.test.mock.mockito.MockitoContextCustomizer@0, org.springframework.boot.test.web.client.TestRestTemplateContextCustomizer@41813449, org.springframework.boot.test.context.SpringBootTestArgs@1, org.springframework.boot.test.context.SpringBootTestWebEnvironment@1890516e], resourceBasePath = 'src/main/webapp', contextLoader = 'org.springframework.boot.test.context.SpringBootContextLoader', parent = [null]], attributes = map['org.springframework.test.context.web.ServletTestExecutionListener.activateListener' -> true, 'org.springframework.test.context.web.ServletTestExecutionListener.populatedRequestContextHolder' -> true, 'org.springframework.test.context.web.ServletTestExecutionListener.resetRequestContextHolder' -> true, 'org.springframework.test.context.event.ApplicationEventsTestExecutionListener.recordApplicationEvents' -> false]]
2022-09-02 19:28:30.840  INFO 17684 --- [    Test worker] o.s.t.c.transaction.TransactionContext   : Began transaction (1) for test context [DefaultTestContext@7ee0dbd1 testClass = PostControllerTest, testInstance = umc_sjs.smallestShelter.controller.PostControllerTest@177d7e98, testMethod = 게시물수정_x_이미지없음@PostControllerTest, testException = [null], mergedContextConfiguration = [WebMergedContextConfiguration@5d04adc1 testClass = PostControllerTest, locations = '{}', classes = '{class umc_sjs.smallestShelter.SmallestShelterApplication}', contextInitializerClasses = '[]', activeProfiles = '{}', propertySourceLocations = '{}', propertySourceProperties = '{org.springframework.boot.test.context.SpringBootTestContextBootstrapper=true}', contextCustomizers = set[org.springframework.boot.test.autoconfigure.actuate.metrics.MetricsExportContextCustomizerFactory$DisableMetricExportContextCustomizer@183e8023, org.springframework.boot.test.autoconfigure.properties.PropertyMappingContextCustomizer@0, org.springframework.boot.test.autoconfigure.web.servlet.WebDriverContextCustomizerFactory$Customizer@56bca85b, org.springframework.boot.test.context.filter.ExcludeFilterContextCustomizer@22b53226, org.springframework.boot.test.json.DuplicateJsonObjectContextCustomizerFactory$DuplicateJsonObjectContextCustomizer@ea9b7c6, org.springframework.boot.test.mock.mockito.MockitoContextCustomizer@0, org.springframework.boot.test.web.client.TestRestTemplateContextCustomizer@41813449, org.springframework.boot.test.context.SpringBootTestArgs@1, org.springframework.boot.test.context.SpringBootTestWebEnvironment@1890516e], resourceBasePath = 'src/main/webapp', contextLoader = 'org.springframework.boot.test.context.SpringBootContextLoader', parent = [null]], attributes = map['org.springframework.test.context.web.ServletTestExecutionListener.activateListener' -> true, 'org.springframework.test.context.web.ServletTestExecutionListener.populatedRequestContextHolder' -> true, 'org.springframework.test.context.web.ServletTestExecutionListener.resetRequestContextHolder' -> true, 'org.springframework.test.context.event.ApplicationEventsTestExecutionListener.recordApplicationEvents' -> false]]; transaction manager [org.springframework.orm.jpa.JpaTransactionManager@7ea91c39]; rollback [true]
2022-09-02 19:28:30.845 DEBUG 17684 --- [    Test worker] org.hibernate.SQL                        : 
    select
        animal0_.animal_idx as animal_i1_0_,
        animal0_.is_guessed as is_guess2_0_,
        animal0_.month as month3_0_,
        animal0_.year as year4_0_,
        animal0_.bark as bark5_0_,
        animal0_.bite as bite6_0_,
        animal0_.create_date as create_d7_0_,
        animal0_.gender as gender8_0_,
        animal0_.is_adopted as is_adopt9_0_,
        animal0_.main_img_url as main_im10_0_,
        animal0_.name as name11_0_,
        animal0_.separation as separat12_0_,
        animal0_.socialization as sociali13_0_,
        animal0_.species as species14_0_,
        animal0_.toilet as toilet15_0_,
        animal0_.upload_user_idx as upload_16_0_ 
    from
        animal animal0_
2022-09-02 19:28:30.877 DEBUG 17684 --- [    Test worker] org.hibernate.SQL                        : 
    select
        post0_.post_idx as post_idx1_3_,
        post0_.animal_idx as animal_i5_3_,
        post0_.content as content2_3_,
        post0_.create_date as create_d3_3_,
        post0_.img_url as img_url4_3_ 
    from
        post post0_
게시물에 이미지가 없습니다
2022-09-02 19:28:30.909  INFO 17684 --- [    Test worker] o.s.t.c.transaction.TransactionContext   : Rolled back transaction for test: [DefaultTestContext@7ee0dbd1 testClass = PostControllerTest, testInstance = umc_sjs.smallestShelter.controller.PostControllerTest@177d7e98, testMethod = 게시물수정_x_이미지없음@PostControllerTest, testException = [null], mergedContextConfiguration = [WebMergedContextConfiguration@5d04adc1 testClass = PostControllerTest, locations = '{}', classes = '{class umc_sjs.smallestShelter.SmallestShelterApplication}', contextInitializerClasses = '[]', activeProfiles = '{}', propertySourceLocations = '{}', propertySourceProperties = '{org.springframework.boot.test.context.SpringBootTestContextBootstrapper=true}', contextCustomizers = set[org.springframework.boot.test.autoconfigure.actuate.metrics.MetricsExportContextCustomizerFactory$DisableMetricExportContextCustomizer@183e8023, org.springframework.boot.test.autoconfigure.properties.PropertyMappingContextCustomizer@0, org.springframework.boot.test.autoconfigure.web.servlet.WebDriverContextCustomizerFactory$Customizer@56bca85b, org.springframework.boot.test.context.filter.ExcludeFilterContextCustomizer@22b53226, org.springframework.boot.test.json.DuplicateJsonObjectContextCustomizerFactory$DuplicateJsonObjectContextCustomizer@ea9b7c6, org.springframework.boot.test.mock.mockito.MockitoContextCustomizer@0, org.springframework.boot.test.web.client.TestRestTemplateContextCustomizer@41813449, org.springframework.boot.test.context.SpringBootTestArgs@1, org.springframework.boot.test.context.SpringBootTestWebEnvironment@1890516e], resourceBasePath = 'src/main/webapp', contextLoader = 'org.springframework.boot.test.context.SpringBootContextLoader', parent = [null]], attributes = map['org.springframework.test.context.web.ServletTestExecutionListener.activateListener' -> true, 'org.springframework.test.context.web.ServletTestExecutionListener.populatedRequestContextHolder' -> true, 'org.springframework.test.context.web.ServletTestExecutionListener.resetRequestContextHolder' -> true, 'org.springframework.test.context.event.ApplicationEventsTestExecutionListener.recordApplicationEvents' -> false]]
2022-09-02 19:28:30.921  INFO 17684 --- [    Test worker] o.s.t.c.transaction.TransactionContext   : Began transaction (1) for test context [DefaultTestContext@7ee0dbd1 testClass = PostControllerTest, testInstance = umc_sjs.smallestShelter.controller.PostControllerTest@78605670, testMethod = 게시물수정_x_이미지없음_null@PostControllerTest, testException = [null], mergedContextConfiguration = [WebMergedContextConfiguration@5d04adc1 testClass = PostControllerTest, locations = '{}', classes = '{class umc_sjs.smallestShelter.SmallestShelterApplication}', contextInitializerClasses = '[]', activeProfiles = '{}', propertySourceLocations = '{}', propertySourceProperties = '{org.springframework.boot.test.context.SpringBootTestContextBootstrapper=true}', contextCustomizers = set[org.springframework.boot.test.autoconfigure.actuate.metrics.MetricsExportContextCustomizerFactory$DisableMetricExportContextCustomizer@183e8023, org.springframework.boot.test.autoconfigure.properties.PropertyMappingContextCustomizer@0, org.springframework.boot.test.autoconfigure.web.servlet.WebDriverContextCustomizerFactory$Customizer@56bca85b, org.springframework.boot.test.context.filter.ExcludeFilterContextCustomizer@22b53226, org.springframework.boot.test.json.DuplicateJsonObjectContextCustomizerFactory$DuplicateJsonObjectContextCustomizer@ea9b7c6, org.springframework.boot.test.mock.mockito.MockitoContextCustomizer@0, org.springframework.boot.test.web.client.TestRestTemplateContextCustomizer@41813449, org.springframework.boot.test.context.SpringBootTestArgs@1, org.springframework.boot.test.context.SpringBootTestWebEnvironment@1890516e], resourceBasePath = 'src/main/webapp', contextLoader = 'org.springframework.boot.test.context.SpringBootContextLoader', parent = [null]], attributes = map['org.springframework.test.context.web.ServletTestExecutionListener.activateListener' -> true, 'org.springframework.test.context.web.ServletTestExecutionListener.populatedRequestContextHolder' -> true, 'org.springframework.test.context.web.ServletTestExecutionListener.resetRequestContextHolder' -> true, 'org.springframework.test.context.event.ApplicationEventsTestExecutionListener.recordApplicationEvents' -> false]]; transaction manager [org.springframework.orm.jpa.JpaTransactionManager@7ea91c39]; rollback [true]
2022-09-02 19:28:30.926 DEBUG 17684 --- [    Test worker] org.hibernate.SQL                        : 
    select
        animal0_.animal_idx as animal_i1_0_,
        animal0_.is_guessed as is_guess2_0_,
        animal0_.month as month3_0_,
        animal0_.year as year4_0_,
        animal0_.bark as bark5_0_,
        animal0_.bite as bite6_0_,
        animal0_.create_date as create_d7_0_,
        animal0_.gender as gender8_0_,
        animal0_.is_adopted as is_adopt9_0_,
        animal0_.main_img_url as main_im10_0_,
        animal0_.name as name11_0_,
        animal0_.separation as separat12_0_,
        animal0_.socialization as sociali13_0_,
        animal0_.species as species14_0_,
        animal0_.toilet as toilet15_0_,
        animal0_.upload_user_idx as upload_16_0_ 
    from
        animal animal0_
2022-09-02 19:28:30.959 DEBUG 17684 --- [    Test worker] org.hibernate.SQL                        : 
    select
        post0_.post_idx as post_idx1_3_,
        post0_.animal_idx as animal_i5_3_,
        post0_.content as content2_3_,
        post0_.create_date as create_d3_3_,
        post0_.img_url as img_url4_3_ 
    from
        post post0_
게시물에 이미지가 없습니다
2022-09-02 19:28:30.989  INFO 17684 --- [    Test worker] o.s.t.c.transaction.TransactionContext   : Rolled back transaction for test: [DefaultTestContext@7ee0dbd1 testClass = PostControllerTest, testInstance = umc_sjs.smallestShelter.controller.PostControllerTest@78605670, testMethod = 게시물수정_x_이미지없음_null@PostControllerTest, testException = [null], mergedContextConfiguration = [WebMergedContextConfiguration@5d04adc1 testClass = PostControllerTest, locations = '{}', classes = '{class umc_sjs.smallestShelter.SmallestShelterApplication}', contextInitializerClasses = '[]', activeProfiles = '{}', propertySourceLocations = '{}', propertySourceProperties = '{org.springframework.boot.test.context.SpringBootTestContextBootstrapper=true}', contextCustomizers = set[org.springframework.boot.test.autoconfigure.actuate.metrics.MetricsExportContextCustomizerFactory$DisableMetricExportContextCustomizer@183e8023, org.springframework.boot.test.autoconfigure.properties.PropertyMappingContextCustomizer@0, org.springframework.boot.test.autoconfigure.web.servlet.WebDriverContextCustomizerFactory$Customizer@56bca85b, org.springframework.boot.test.context.filter.ExcludeFilterContextCustomizer@22b53226, org.springframework.boot.test.json.DuplicateJsonObjectContextCustomizerFactory$DuplicateJsonObjectContextCustomizer@ea9b7c6, org.springframework.boot.test.mock.mockito.MockitoContextCustomizer@0, org.springframework.boot.test.web.client.TestRestTemplateContextCustomizer@41813449, org.springframework.boot.test.context.SpringBootTestArgs@1, org.springframework.boot.test.context.SpringBootTestWebEnvironment@1890516e], resourceBasePath = 'src/main/webapp', contextLoader = 'org.springframework.boot.test.context.SpringBootContextLoader', parent = [null]], attributes = map['org.springframework.test.context.web.ServletTestExecutionListener.activateListener' -> true, 'org.springframework.test.context.web.ServletTestExecutionListener.populatedRequestContextHolder' -> true, 'org.springframework.test.context.web.ServletTestExecutionListener.resetRequestContextHolder' -> true, 'org.springframework.test.context.event.ApplicationEventsTestExecutionListener.recordApplicationEvents' -> false]]
2022-09-02 19:28:31.005  INFO 17684 --- [    Test worker] o.s.t.c.transaction.TransactionContext   : Began transaction (1) for test context [DefaultTestContext@7ee0dbd1 testClass = PostControllerTest, testInstance = umc_sjs.smallestShelter.controller.PostControllerTest@754fa706, testMethod = 게시글삭제_x_없는게시물@PostControllerTest, testException = [null], mergedContextConfiguration = [WebMergedContextConfiguration@5d04adc1 testClass = PostControllerTest, locations = '{}', classes = '{class umc_sjs.smallestShelter.SmallestShelterApplication}', contextInitializerClasses = '[]', activeProfiles = '{}', propertySourceLocations = '{}', propertySourceProperties = '{org.springframework.boot.test.context.SpringBootTestContextBootstrapper=true}', contextCustomizers = set[org.springframework.boot.test.autoconfigure.actuate.metrics.MetricsExportContextCustomizerFactory$DisableMetricExportContextCustomizer@183e8023, org.springframework.boot.test.autoconfigure.properties.PropertyMappingContextCustomizer@0, org.springframework.boot.test.autoconfigure.web.servlet.WebDriverContextCustomizerFactory$Customizer@56bca85b, org.springframework.boot.test.context.filter.ExcludeFilterContextCustomizer@22b53226, org.springframework.boot.test.json.DuplicateJsonObjectContextCustomizerFactory$DuplicateJsonObjectContextCustomizer@ea9b7c6, org.springframework.boot.test.mock.mockito.MockitoContextCustomizer@0, org.springframework.boot.test.web.client.TestRestTemplateContextCustomizer@41813449, org.springframework.boot.test.context.SpringBootTestArgs@1, org.springframework.boot.test.context.SpringBootTestWebEnvironment@1890516e], resourceBasePath = 'src/main/webapp', contextLoader = 'org.springframework.boot.test.context.SpringBootContextLoader', parent = [null]], attributes = map['org.springframework.test.context.web.ServletTestExecutionListener.activateListener' -> true, 'org.springframework.test.context.web.ServletTestExecutionListener.populatedRequestContextHolder' -> true, 'org.springframework.test.context.web.ServletTestExecutionListener.resetRequestContextHolder' -> true, 'org.springframework.test.context.event.ApplicationEventsTestExecutionListener.recordApplicationEvents' -> false]]; transaction manager [org.springframework.orm.jpa.JpaTransactionManager@7ea91c39]; rollback [true]
2022-09-02 19:28:31.010 DEBUG 17684 --- [    Test worker] org.hibernate.SQL                        : 
    select
        animal0_.animal_idx as animal_i1_0_,
        animal0_.is_guessed as is_guess2_0_,
        animal0_.month as month3_0_,
        animal0_.year as year4_0_,
        animal0_.bark as bark5_0_,
        animal0_.bite as bite6_0_,
        animal0_.create_date as create_d7_0_,
        animal0_.gender as gender8_0_,
        animal0_.is_adopted as is_adopt9_0_,
        animal0_.main_img_url as main_im10_0_,
        animal0_.name as name11_0_,
        animal0_.separation as separat12_0_,
        animal0_.socialization as sociali13_0_,
        animal0_.species as species14_0_,
        animal0_.toilet as toilet15_0_,
        animal0_.upload_user_idx as upload_16_0_ 
    from
        animal animal0_
2022-09-02 19:28:31.036 DEBUG 17684 --- [    Test worker] org.hibernate.SQL                        : 
    select
        post0_.post_idx as post_idx1_3_,
        post0_.animal_idx as animal_i5_3_,
        post0_.content as content2_3_,
        post0_.create_date as create_d3_3_,
        post0_.img_url as img_url4_3_ 
    from
        post post0_
2022-09-02 19:28:31.054 DEBUG 17684 --- [    Test worker] org.hibernate.SQL                        : 
    select
        post0_.post_idx as post_idx1_3_0_,
        animal1_.animal_idx as animal_i1_0_1_,
        post0_.animal_idx as animal_i5_3_0_,
        post0_.content as content2_3_0_,
        post0_.create_date as create_d3_3_0_,
        post0_.img_url as img_url4_3_0_,
        animal1_.is_guessed as is_guess2_0_1_,
        animal1_.month as month3_0_1_,
        animal1_.year as year4_0_1_,
        animal1_.bark as bark5_0_1_,
        animal1_.bite as bite6_0_1_,
        animal1_.create_date as create_d7_0_1_,
        animal1_.gender as gender8_0_1_,
        animal1_.is_adopted as is_adopt9_0_1_,
        animal1_.main_img_url as main_im10_0_1_,
        animal1_.name as name11_0_1_,
        animal1_.separation as separat12_0_1_,
        animal1_.socialization as sociali13_0_1_,
        animal1_.species as species14_0_1_,
        animal1_.toilet as toilet15_0_1_,
        animal1_.upload_user_idx as upload_16_0_1_ 
    from
        post post0_ 
    left outer join
        animal animal1_ 
            on post0_.animal_idx=animal1_.animal_idx 
    where
        post0_.post_idx=?
해당하는 게시물이 존재하지 않습니다
2022-09-02 19:28:31.085  INFO 17684 --- [    Test worker] o.s.t.c.transaction.TransactionContext   : Rolled back transaction for test: [DefaultTestContext@7ee0dbd1 testClass = PostControllerTest, testInstance = umc_sjs.smallestShelter.controller.PostControllerTest@754fa706, testMethod = 게시글삭제_x_없는게시물@PostControllerTest, testException = [null], mergedContextConfiguration = [WebMergedContextConfiguration@5d04adc1 testClass = PostControllerTest, locations = '{}', classes = '{class umc_sjs.smallestShelter.SmallestShelterApplication}', contextInitializerClasses = '[]', activeProfiles = '{}', propertySourceLocations = '{}', propertySourceProperties = '{org.springframework.boot.test.context.SpringBootTestContextBootstrapper=true}', contextCustomizers = set[org.springframework.boot.test.autoconfigure.actuate.metrics.MetricsExportContextCustomizerFactory$DisableMetricExportContextCustomizer@183e8023, org.springframework.boot.test.autoconfigure.properties.PropertyMappingContextCustomizer@0, org.springframework.boot.test.autoconfigure.web.servlet.WebDriverContextCustomizerFactory$Customizer@56bca85b, org.springframework.boot.test.context.filter.ExcludeFilterContextCustomizer@22b53226, org.springframework.boot.test.json.DuplicateJsonObjectContextCustomizerFactory$DuplicateJsonObjectContextCustomizer@ea9b7c6, org.springframework.boot.test.mock.mockito.MockitoContextCustomizer@0, org.springframework.boot.test.web.client.TestRestTemplateContextCustomizer@41813449, org.springframework.boot.test.context.SpringBootTestArgs@1, org.springframework.boot.test.context.SpringBootTestWebEnvironment@1890516e], resourceBasePath = 'src/main/webapp', contextLoader = 'org.springframework.boot.test.context.SpringBootContextLoader', parent = [null]], attributes = map['org.springframework.test.context.web.ServletTestExecutionListener.activateListener' -> true, 'org.springframework.test.context.web.ServletTestExecutionListener.populatedRequestContextHolder' -> true, 'org.springframework.test.context.web.ServletTestExecutionListener.resetRequestContextHolder' -> true, 'org.springframework.test.context.event.ApplicationEventsTestExecutionListener.recordApplicationEvents' -> false]]
2022-09-02 19:28:31.097  INFO 17684 --- [    Test worker] o.s.t.c.transaction.TransactionContext   : Began transaction (1) for test context [DefaultTestContext@7ee0dbd1 testClass = PostControllerTest, testInstance = umc_sjs.smallestShelter.controller.PostControllerTest@286cd3ad, testMethod = 게시글생성_X_없는동물@PostControllerTest, testException = [null], mergedContextConfiguration = [WebMergedContextConfiguration@5d04adc1 testClass = PostControllerTest, locations = '{}', classes = '{class umc_sjs.smallestShelter.SmallestShelterApplication}', contextInitializerClasses = '[]', activeProfiles = '{}', propertySourceLocations = '{}', propertySourceProperties = '{org.springframework.boot.test.context.SpringBootTestContextBootstrapper=true}', contextCustomizers = set[org.springframework.boot.test.autoconfigure.actuate.metrics.MetricsExportContextCustomizerFactory$DisableMetricExportContextCustomizer@183e8023, org.springframework.boot.test.autoconfigure.properties.PropertyMappingContextCustomizer@0, org.springframework.boot.test.autoconfigure.web.servlet.WebDriverContextCustomizerFactory$Customizer@56bca85b, org.springframework.boot.test.context.filter.ExcludeFilterContextCustomizer@22b53226, org.springframework.boot.test.json.DuplicateJsonObjectContextCustomizerFactory$DuplicateJsonObjectContextCustomizer@ea9b7c6, org.springframework.boot.test.mock.mockito.MockitoContextCustomizer@0, org.springframework.boot.test.web.client.TestRestTemplateContextCustomizer@41813449, org.springframework.boot.test.context.SpringBootTestArgs@1, org.springframework.boot.test.context.SpringBootTestWebEnvironment@1890516e], resourceBasePath = 'src/main/webapp', contextLoader = 'org.springframework.boot.test.context.SpringBootContextLoader', parent = [null]], attributes = map['org.springframework.test.context.web.ServletTestExecutionListener.activateListener' -> true, 'org.springframework.test.context.web.ServletTestExecutionListener.populatedRequestContextHolder' -> true, 'org.springframework.test.context.web.ServletTestExecutionListener.resetRequestContextHolder' -> true, 'org.springframework.test.context.event.ApplicationEventsTestExecutionListener.recordApplicationEvents' -> false]]; transaction manager [org.springframework.orm.jpa.JpaTransactionManager@7ea91c39]; rollback [true]
2022-09-02 19:28:31.102 DEBUG 17684 --- [    Test worker] org.hibernate.SQL                        : 
    select
        animal0_.animal_idx as animal_i1_0_,
        animal0_.is_guessed as is_guess2_0_,
        animal0_.month as month3_0_,
        animal0_.year as year4_0_,
        animal0_.bark as bark5_0_,
        animal0_.bite as bite6_0_,
        animal0_.create_date as create_d7_0_,
        animal0_.gender as gender8_0_,
        animal0_.is_adopted as is_adopt9_0_,
        animal0_.main_img_url as main_im10_0_,
        animal0_.name as name11_0_,
        animal0_.separation as separat12_0_,
        animal0_.socialization as sociali13_0_,
        animal0_.species as species14_0_,
        animal0_.toilet as toilet15_0_,
        animal0_.upload_user_idx as upload_16_0_ 
    from
        animal animal0_
2022-09-02 19:28:31.131 DEBUG 17684 --- [    Test worker] org.hibernate.SQL                        : 
    select
        post0_.post_idx as post_idx1_3_,
        post0_.animal_idx as animal_i5_3_,
        post0_.content as content2_3_,
        post0_.create_date as create_d3_3_,
        post0_.img_url as img_url4_3_ 
    from
        post post0_
2022-09-02 19:28:31.148 DEBUG 17684 --- [    Test worker] org.hibernate.SQL                        : 
    select
        animal0_.animal_idx as animal_i1_0_0_,
        illnesslis1_.illness_idx as illness_1_2_1_,
        animal0_.is_guessed as is_guess2_0_0_,
        animal0_.month as month3_0_0_,
        animal0_.year as year4_0_0_,
        animal0_.bark as bark5_0_0_,
        animal0_.bite as bite6_0_0_,
        animal0_.create_date as create_d7_0_0_,
        animal0_.gender as gender8_0_0_,
        animal0_.is_adopted as is_adopt9_0_0_,
        animal0_.main_img_url as main_im10_0_0_,
        animal0_.name as name11_0_0_,
        animal0_.separation as separat12_0_0_,
        animal0_.socialization as sociali13_0_0_,
        animal0_.species as species14_0_0_,
        animal0_.toilet as toilet15_0_0_,
        animal0_.upload_user_idx as upload_16_0_0_,
        illnesslis1_.animal_idx as animal_i3_2_1_,
        illnesslis1_.name as name2_2_1_,
        illnesslis1_.animal_idx as animal_i3_2_0__,
        illnesslis1_.illness_idx as illness_1_2_0__ 
    from
        animal animal0_ 
    left outer join
        illness illnesslis1_ 
            on animal0_.animal_idx=illnesslis1_.animal_idx 
    where
        animal0_.animal_idx=?
해당하는 동물이 존재하지 않습니다.
2022-09-02 19:28:31.178  INFO 17684 --- [    Test worker] o.s.t.c.transaction.TransactionContext   : Rolled back transaction for test: [DefaultTestContext@7ee0dbd1 testClass = PostControllerTest, testInstance = umc_sjs.smallestShelter.controller.PostControllerTest@286cd3ad, testMethod = 게시글생성_X_없는동물@PostControllerTest, testException = [null], mergedContextConfiguration = [WebMergedContextConfiguration@5d04adc1 testClass = PostControllerTest, locations = '{}', classes = '{class umc_sjs.smallestShelter.SmallestShelterApplication}', contextInitializerClasses = '[]', activeProfiles = '{}', propertySourceLocations = '{}', propertySourceProperties = '{org.springframework.boot.test.context.SpringBootTestContextBootstrapper=true}', contextCustomizers = set[org.springframework.boot.test.autoconfigure.actuate.metrics.MetricsExportContextCustomizerFactory$DisableMetricExportContextCustomizer@183e8023, org.springframework.boot.test.autoconfigure.properties.PropertyMappingContextCustomizer@0, org.springframework.boot.test.autoconfigure.web.servlet.WebDriverContextCustomizerFactory$Customizer@56bca85b, org.springframework.boot.test.context.filter.ExcludeFilterContextCustomizer@22b53226, org.springframework.boot.test.json.DuplicateJsonObjectContextCustomizerFactory$DuplicateJsonObjectContextCustomizer@ea9b7c6, org.springframework.boot.test.mock.mockito.MockitoContextCustomizer@0, org.springframework.boot.test.web.client.TestRestTemplateContextCustomizer@41813449, org.springframework.boot.test.context.SpringBootTestArgs@1, org.springframework.boot.test.context.SpringBootTestWebEnvironment@1890516e], resourceBasePath = 'src/main/webapp', contextLoader = 'org.springframework.boot.test.context.SpringBootContextLoader', parent = [null]], attributes = map['org.springframework.test.context.web.ServletTestExecutionListener.activateListener' -> true, 'org.springframework.test.context.web.ServletTestExecutionListener.populatedRequestContextHolder' -> true, 'org.springframework.test.context.web.ServletTestExecutionListener.resetRequestContextHolder' -> true, 'org.springframework.test.context.event.ApplicationEventsTestExecutionListener.recordApplicationEvents' -> false]]
2022-09-02 19:28:31.190  INFO 17684 --- [    Test worker] o.s.t.c.transaction.TransactionContext   : Began transaction (1) for test context [DefaultTestContext@7ee0dbd1 testClass = PostControllerTest, testInstance = umc_sjs.smallestShelter.controller.PostControllerTest@184e7447, testMethod = 게시물수정_x_일치하지않는동물idx@PostControllerTest, testException = [null], mergedContextConfiguration = [WebMergedContextConfiguration@5d04adc1 testClass = PostControllerTest, locations = '{}', classes = '{class umc_sjs.smallestShelter.SmallestShelterApplication}', contextInitializerClasses = '[]', activeProfiles = '{}', propertySourceLocations = '{}', propertySourceProperties = '{org.springframework.boot.test.context.SpringBootTestContextBootstrapper=true}', contextCustomizers = set[org.springframework.boot.test.autoconfigure.actuate.metrics.MetricsExportContextCustomizerFactory$DisableMetricExportContextCustomizer@183e8023, org.springframework.boot.test.autoconfigure.properties.PropertyMappingContextCustomizer@0, org.springframework.boot.test.autoconfigure.web.servlet.WebDriverContextCustomizerFactory$Customizer@56bca85b, org.springframework.boot.test.context.filter.ExcludeFilterContextCustomizer@22b53226, org.springframework.boot.test.json.DuplicateJsonObjectContextCustomizerFactory$DuplicateJsonObjectContextCustomizer@ea9b7c6, org.springframework.boot.test.mock.mockito.MockitoContextCustomizer@0, org.springframework.boot.test.web.client.TestRestTemplateContextCustomizer@41813449, org.springframework.boot.test.context.SpringBootTestArgs@1, org.springframework.boot.test.context.SpringBootTestWebEnvironment@1890516e], resourceBasePath = 'src/main/webapp', contextLoader = 'org.springframework.boot.test.context.SpringBootContextLoader', parent = [null]], attributes = map['org.springframework.test.context.web.ServletTestExecutionListener.activateListener' -> true, 'org.springframework.test.context.web.ServletTestExecutionListener.populatedRequestContextHolder' -> true, 'org.springframework.test.context.web.ServletTestExecutionListener.resetRequestContextHolder' -> true, 'org.springframework.test.context.event.ApplicationEventsTestExecutionListener.recordApplicationEvents' -> false]]; transaction manager [org.springframework.orm.jpa.JpaTransactionManager@7ea91c39]; rollback [true]
2022-09-02 19:28:31.195 DEBUG 17684 --- [    Test worker] org.hibernate.SQL                        : 
    select
        animal0_.animal_idx as animal_i1_0_,
        animal0_.is_guessed as is_guess2_0_,
        animal0_.month as month3_0_,
        animal0_.year as year4_0_,
        animal0_.bark as bark5_0_,
        animal0_.bite as bite6_0_,
        animal0_.create_date as create_d7_0_,
        animal0_.gender as gender8_0_,
        animal0_.is_adopted as is_adopt9_0_,
        animal0_.main_img_url as main_im10_0_,
        animal0_.name as name11_0_,
        animal0_.separation as separat12_0_,
        animal0_.socialization as sociali13_0_,
        animal0_.species as species14_0_,
        animal0_.toilet as toilet15_0_,
        animal0_.upload_user_idx as upload_16_0_ 
    from
        animal animal0_
2022-09-02 19:28:31.221 DEBUG 17684 --- [    Test worker] org.hibernate.SQL                        : 
    select
        post0_.post_idx as post_idx1_3_,
        post0_.animal_idx as animal_i5_3_,
        post0_.content as content2_3_,
        post0_.create_date as create_d3_3_,
        post0_.img_url as img_url4_3_ 
    from
        post post0_
2022-09-02 19:28:31.239 DEBUG 17684 --- [    Test worker] org.hibernate.SQL                        : 
    select
        post0_.post_idx as post_idx1_3_0_,
        animal1_.animal_idx as animal_i1_0_1_,
        post0_.animal_idx as animal_i5_3_0_,
        post0_.content as content2_3_0_,
        post0_.create_date as create_d3_3_0_,
        post0_.img_url as img_url4_3_0_,
        animal1_.is_guessed as is_guess2_0_1_,
        animal1_.month as month3_0_1_,
        animal1_.year as year4_0_1_,
        animal1_.bark as bark5_0_1_,
        animal1_.bite as bite6_0_1_,
        animal1_.create_date as create_d7_0_1_,
        animal1_.gender as gender8_0_1_,
        animal1_.is_adopted as is_adopt9_0_1_,
        animal1_.main_img_url as main_im10_0_1_,
        animal1_.name as name11_0_1_,
        animal1_.separation as separat12_0_1_,
        animal1_.socialization as sociali13_0_1_,
        animal1_.species as species14_0_1_,
        animal1_.toilet as toilet15_0_1_,
        animal1_.upload_user_idx as upload_16_0_1_ 
    from
        post post0_ 
    left outer join
        animal animal1_ 
            on post0_.animal_idx=animal1_.animal_idx 
    where
        post0_.post_idx=?
해당 동물의 게시물의 아닙니다: idx 불일치
2022-09-02 19:28:31.276  INFO 17684 --- [    Test worker] o.s.t.c.transaction.TransactionContext   : Rolled back transaction for test: [DefaultTestContext@7ee0dbd1 testClass = PostControllerTest, testInstance = umc_sjs.smallestShelter.controller.PostControllerTest@184e7447, testMethod = 게시물수정_x_일치하지않는동물idx@PostControllerTest, testException = [null], mergedContextConfiguration = [WebMergedContextConfiguration@5d04adc1 testClass = PostControllerTest, locations = '{}', classes = '{class umc_sjs.smallestShelter.SmallestShelterApplication}', contextInitializerClasses = '[]', activeProfiles = '{}', propertySourceLocations = '{}', propertySourceProperties = '{org.springframework.boot.test.context.SpringBootTestContextBootstrapper=true}', contextCustomizers = set[org.springframework.boot.test.autoconfigure.actuate.metrics.MetricsExportContextCustomizerFactory$DisableMetricExportContextCustomizer@183e8023, org.springframework.boot.test.autoconfigure.properties.PropertyMappingContextCustomizer@0, org.springframework.boot.test.autoconfigure.web.servlet.WebDriverContextCustomizerFactory$Customizer@56bca85b, org.springframework.boot.test.context.filter.ExcludeFilterContextCustomizer@22b53226, org.springframework.boot.test.json.DuplicateJsonObjectContextCustomizerFactory$DuplicateJsonObjectContextCustomizer@ea9b7c6, org.springframework.boot.test.mock.mockito.MockitoContextCustomizer@0, org.springframework.boot.test.web.client.TestRestTemplateContextCustomizer@41813449, org.springframework.boot.test.context.SpringBootTestArgs@1, org.springframework.boot.test.context.SpringBootTestWebEnvironment@1890516e], resourceBasePath = 'src/main/webapp', contextLoader = 'org.springframework.boot.test.context.SpringBootContextLoader', parent = [null]], attributes = map['org.springframework.test.context.web.ServletTestExecutionListener.activateListener' -> true, 'org.springframework.test.context.web.ServletTestExecutionListener.populatedRequestContextHolder' -> true, 'org.springframework.test.context.web.ServletTestExecutionListener.resetRequestContextHolder' -> true, 'org.springframework.test.context.event.ApplicationEventsTestExecutionListener.recordApplicationEvents' -> false]]
]]></system-out>
  <system-err><![CDATA[]]></system-err>
</testsuite>
