<?xml version="1.0" encoding="UTF-8"?>
<testsuite name="umc_sjs.smallestShelter.AnimalRepositoryTest" tests="1" skipped="0" failures="0" errors="0" timestamp="2022-08-12T10:50:10" hostname="GANA-LAPTOP" time="0.075">
  <properties/>
  <testcase name="getRecommandAnimals" classname="umc_sjs.smallestShelter.AnimalRepositoryTest" time="0.075"/>
  <system-out><![CDATA[2022-08-12 19:50:10.597  INFO 12404 --- [    Test worker] o.s.t.c.transaction.TransactionContext   : Began transaction (1) for test context [DefaultTestContext@5c10216f testClass = AnimalRepositoryTest, testInstance = umc_sjs.smallestShelter.AnimalRepositoryTest@31b273b2, testMethod = getRecommandAnimals@AnimalRepositoryTest, testException = [null], mergedContextConfiguration = [WebMergedContextConfiguration@53534c15 testClass = AnimalRepositoryTest, locations = '{}', classes = '{class umc_sjs.smallestShelter.SmallestShelterApplication}', contextInitializerClasses = '[]', activeProfiles = '{}', propertySourceLocations = '{}', propertySourceProperties = '{org.springframework.boot.test.context.SpringBootTestContextBootstrapper=true}', contextCustomizers = set[org.springframework.boot.test.autoconfigure.actuate.metrics.MetricsExportContextCustomizerFactory$DisableMetricExportContextCustomizer@201b6b6f, org.springframework.boot.test.autoconfigure.properties.PropertyMappingContextCustomizer@0, org.springframework.boot.test.autoconfigure.web.servlet.WebDriverContextCustomizerFactory$Customizer@18230356, org.springframework.boot.test.context.filter.ExcludeFilterContextCustomizer@60d1a32f, org.springframework.boot.test.json.DuplicateJsonObjectContextCustomizerFactory$DuplicateJsonObjectContextCustomizer@40c80397, org.springframework.boot.test.mock.mockito.MockitoContextCustomizer@0, org.springframework.boot.test.web.client.TestRestTemplateContextCustomizer@47db5fa5, org.springframework.boot.test.context.SpringBootTestArgs@1, org.springframework.boot.test.context.SpringBootTestWebEnvironment@1890516e], resourceBasePath = 'src/main/webapp', contextLoader = 'org.springframework.boot.test.context.SpringBootContextLoader', parent = [null]], attributes = map['org.springframework.test.context.web.ServletTestExecutionListener.activateListener' -> true, 'org.springframework.test.context.web.ServletTestExecutionListener.populatedRequestContextHolder' -> true, 'org.springframework.test.context.web.ServletTestExecutionListener.resetRequestContextHolder' -> true, 'org.springframework.test.context.event.ApplicationEventsTestExecutionListener.recordApplicationEvents' -> false]]; transaction manager [org.springframework.orm.jpa.JpaTransactionManager@704ddfad]; rollback [true]
2022-08-12 19:50:10.600 DEBUG 12404 --- [    Test worker] org.hibernate.SQL                        : 
    select
        count(animal0_.animal_idx) as col_0_0_ 
    from
        animal animal0_
2022-08-12 19:50:10.624 DEBUG 12404 --- [    Test worker] org.hibernate.SQL                        : 
    select
        animal0_.animal_idx as col_0_0_,
        animal0_.main_img_url as col_1_0_ 
    from
        animal animal0_ 
    where
        animal0_.is_adopted=0 limit ?, ?
randomNumber = 11
resultList.size() = 12
recommandAnimalDto = 38
recommandAnimalDto = 39
recommandAnimalDto = 40
recommandAnimalDto = 41
recommandAnimalDto = 42
recommandAnimalDto = 43
recommandAnimalDto = 44
recommandAnimalDto = 45
recommandAnimalDto = 46
recommandAnimalDto = 47
recommandAnimalDto = 48
recommandAnimalDto = 49
2022-08-12 19:50:10.664  INFO 12404 --- [    Test worker] o.s.t.c.transaction.TransactionContext   : Rolled back transaction for test: [DefaultTestContext@5c10216f testClass = AnimalRepositoryTest, testInstance = umc_sjs.smallestShelter.AnimalRepositoryTest@31b273b2, testMethod = getRecommandAnimals@AnimalRepositoryTest, testException = [null], mergedContextConfiguration = [WebMergedContextConfiguration@53534c15 testClass = AnimalRepositoryTest, locations = '{}', classes = '{class umc_sjs.smallestShelter.SmallestShelterApplication}', contextInitializerClasses = '[]', activeProfiles = '{}', propertySourceLocations = '{}', propertySourceProperties = '{org.springframework.boot.test.context.SpringBootTestContextBootstrapper=true}', contextCustomizers = set[org.springframework.boot.test.autoconfigure.actuate.metrics.MetricsExportContextCustomizerFactory$DisableMetricExportContextCustomizer@201b6b6f, org.springframework.boot.test.autoconfigure.properties.PropertyMappingContextCustomizer@0, org.springframework.boot.test.autoconfigure.web.servlet.WebDriverContextCustomizerFactory$Customizer@18230356, org.springframework.boot.test.context.filter.ExcludeFilterContextCustomizer@60d1a32f, org.springframework.boot.test.json.DuplicateJsonObjectContextCustomizerFactory$DuplicateJsonObjectContextCustomizer@40c80397, org.springframework.boot.test.mock.mockito.MockitoContextCustomizer@0, org.springframework.boot.test.web.client.TestRestTemplateContextCustomizer@47db5fa5, org.springframework.boot.test.context.SpringBootTestArgs@1, org.springframework.boot.test.context.SpringBootTestWebEnvironment@1890516e], resourceBasePath = 'src/main/webapp', contextLoader = 'org.springframework.boot.test.context.SpringBootContextLoader', parent = [null]], attributes = map['org.springframework.test.context.web.ServletTestExecutionListener.activateListener' -> true, 'org.springframework.test.context.web.ServletTestExecutionListener.populatedRequestContextHolder' -> true, 'org.springframework.test.context.web.ServletTestExecutionListener.resetRequestContextHolder' -> true, 'org.springframework.test.context.event.ApplicationEventsTestExecutionListener.recordApplicationEvents' -> false]]
]]></system-out>
  <system-err><![CDATA[]]></system-err>
</testsuite>
