<?xml version="1.0" encoding="UTF-8"?>
<testsuite name="study.gana.GanaApplicationTests" tests="2" skipped="0" failures="0" errors="0" timestamp="2022-07-15T15:26:45" hostname="GANA-LAPTOP" time="2.001">
  <properties/>
  <testcase name="contextLoads()" classname="study.gana.GanaApplicationTests" time="1.498"/>
  <testcase name="testRemain()" classname="study.gana.GanaApplicationTests" time="0.5"/>
  <system-out><![CDATA[00:26:33.571 [Test worker] DEBUG org.springframework.test.context.BootstrapUtils - Instantiating CacheAwareContextLoaderDelegate from class [org.springframework.test.context.cache.DefaultCacheAwareContextLoaderDelegate]
00:26:33.591 [Test worker] DEBUG org.springframework.test.context.BootstrapUtils - Instantiating BootstrapContext using constructor [public org.springframework.test.context.support.DefaultBootstrapContext(java.lang.Class,org.springframework.test.context.CacheAwareContextLoaderDelegate)]
00:26:33.685 [Test worker] DEBUG org.springframework.test.context.BootstrapUtils - Instantiating TestContextBootstrapper for test class [study.gana.GanaApplicationTests] from class [org.springframework.boot.test.context.SpringBootTestContextBootstrapper]
00:26:33.718 [Test worker] INFO org.springframework.boot.test.context.SpringBootTestContextBootstrapper - Neither @ContextConfiguration nor @ContextHierarchy found for test class [study.gana.GanaApplicationTests], using SpringBootContextLoader
00:26:33.732 [Test worker] DEBUG org.springframework.test.context.support.AbstractContextLoader - Did not detect default resource location for test class [study.gana.GanaApplicationTests]: class path resource [study/gana/GanaApplicationTests-context.xml] does not exist
00:26:33.732 [Test worker] DEBUG org.springframework.test.context.support.AbstractContextLoader - Did not detect default resource location for test class [study.gana.GanaApplicationTests]: class path resource [study/gana/GanaApplicationTestsContext.groovy] does not exist
00:26:33.732 [Test worker] INFO org.springframework.test.context.support.AbstractContextLoader - Could not detect default resource locations for test class [study.gana.GanaApplicationTests]: no resource found for suffixes {-context.xml, Context.groovy}.
00:26:33.732 [Test worker] INFO org.springframework.test.context.support.AnnotationConfigContextLoaderUtils - Could not detect default configuration classes for test class [study.gana.GanaApplicationTests]: GanaApplicationTests does not declare any static, non-private, non-final, nested classes annotated with @Configuration.
00:26:33.873 [Test worker] DEBUG org.springframework.test.context.support.ActiveProfilesUtils - Could not find an 'annotation declaring class' for annotation type [org.springframework.test.context.ActiveProfiles] and class [study.gana.GanaApplicationTests]
00:26:34.092 [Test worker] DEBUG org.springframework.context.annotation.ClassPathScanningCandidateComponentProvider - Identified candidate component class: file [C:\git\spring_test\build\classes\java\main\study\gana\GanaApplication.class]
00:26:34.092 [Test worker] INFO org.springframework.boot.test.context.SpringBootTestContextBootstrapper - Found @SpringBootConfiguration study.gana.GanaApplication for test class study.gana.GanaApplicationTests
00:26:34.373 [Test worker] DEBUG org.springframework.boot.test.context.SpringBootTestContextBootstrapper - @TestExecutionListeners is not present for class [study.gana.GanaApplicationTests]: using defaults.
00:26:34.373 [Test worker] INFO org.springframework.boot.test.context.SpringBootTestContextBootstrapper - Loaded default TestExecutionListener class names from location [META-INF/spring.factories]: [org.springframework.boot.test.autoconfigure.restdocs.RestDocsTestExecutionListener, org.springframework.boot.test.autoconfigure.web.client.MockRestServiceServerResetTestExecutionListener, org.springframework.boot.test.autoconfigure.web.servlet.MockMvcPrintOnlyOnFailureTestExecutionListener, org.springframework.boot.test.autoconfigure.web.servlet.WebDriverTestExecutionListener, org.springframework.boot.test.autoconfigure.webservices.client.MockWebServiceServerTestExecutionListener, org.springframework.boot.test.mock.mockito.MockitoTestExecutionListener, org.springframework.boot.test.mock.mockito.ResetMocksTestExecutionListener, org.springframework.test.context.web.ServletTestExecutionListener, org.springframework.test.context.support.DirtiesContextBeforeModesTestExecutionListener, org.springframework.test.context.event.ApplicationEventsTestExecutionListener, org.springframework.test.context.support.DependencyInjectionTestExecutionListener, org.springframework.test.context.support.DirtiesContextTestExecutionListener, org.springframework.test.context.transaction.TransactionalTestExecutionListener, org.springframework.test.context.jdbc.SqlScriptsTestExecutionListener, org.springframework.test.context.event.EventPublishingTestExecutionListener]
00:26:34.420 [Test worker] INFO org.springframework.boot.test.context.SpringBootTestContextBootstrapper - Using TestExecutionListeners: [org.springframework.test.context.web.ServletTestExecutionListener@52c8295b, org.springframework.test.context.support.DirtiesContextBeforeModesTestExecutionListener@251f7d26, org.springframework.test.context.event.ApplicationEventsTestExecutionListener@77b21474, org.springframework.boot.test.mock.mockito.MockitoTestExecutionListener@52d10fb8, org.springframework.boot.test.autoconfigure.SpringBootDependencyInjectionTestExecutionListener@41c07648, org.springframework.test.context.support.DirtiesContextTestExecutionListener@1fe8d51b, org.springframework.test.context.transaction.TransactionalTestExecutionListener@781e7326, org.springframework.test.context.jdbc.SqlScriptsTestExecutionListener@22680f52, org.springframework.test.context.event.EventPublishingTestExecutionListener@60d84f61, org.springframework.boot.test.autoconfigure.restdocs.RestDocsTestExecutionListener@39c11e6c, org.springframework.boot.test.autoconfigure.web.client.MockRestServiceServerResetTestExecutionListener@324dcd31, org.springframework.boot.test.autoconfigure.web.servlet.MockMvcPrintOnlyOnFailureTestExecutionListener@503d56b5, org.springframework.boot.test.autoconfigure.web.servlet.WebDriverTestExecutionListener@72bca894, org.springframework.boot.test.autoconfigure.webservices.client.MockWebServiceServerTestExecutionListener@433ffad1, org.springframework.boot.test.mock.mockito.ResetMocksTestExecutionListener@1fc793c2]
00:26:34.435 [Test worker] DEBUG org.springframework.test.context.support.AbstractDirtiesContextTestExecutionListener - Before test class: context [DefaultTestContext@3e2fc448 testClass = GanaApplicationTests, testInstance = [null], testMethod = [null], testException = [null], mergedContextConfiguration = [WebMergedContextConfiguration@21680803 testClass = GanaApplicationTests, locations = '{}', classes = '{class study.gana.GanaApplication}', contextInitializerClasses = '[]', activeProfiles = '{}', propertySourceLocations = '{}', propertySourceProperties = '{org.springframework.boot.test.context.SpringBootTestContextBootstrapper=true}', contextCustomizers = set[org.springframework.boot.test.autoconfigure.actuate.metrics.MetricsExportContextCustomizerFactory$DisableMetricExportContextCustomizer@1a7288a3, org.springframework.boot.test.autoconfigure.properties.PropertyMappingContextCustomizer@0, org.springframework.boot.test.autoconfigure.web.servlet.WebDriverContextCustomizerFactory$Customizer@a5bd950, org.springframework.boot.test.context.filter.ExcludeFilterContextCustomizer@2bd2b28e, org.springframework.boot.test.json.DuplicateJsonObjectContextCustomizerFactory$DuplicateJsonObjectContextCustomizer@674658f7, org.springframework.boot.test.mock.mockito.MockitoContextCustomizer@0, org.springframework.boot.test.web.client.TestRestTemplateContextCustomizer@2fc0cc3, org.springframework.boot.test.context.SpringBootTestArgs@1, org.springframework.boot.test.context.SpringBootTestWebEnvironment@7283d3eb], resourceBasePath = 'src/main/webapp', contextLoader = 'org.springframework.boot.test.context.SpringBootContextLoader', parent = [null]], attributes = map['org.springframework.test.context.web.ServletTestExecutionListener.activateListener' -> true]], class annotated with @DirtiesContext [false] with mode [null].

  .   ____          _            __ _ _
 /\\ / ___'_ __ _ _(_)_ __  __ _ \ \ \ \
( ( )\___ | '_ | '_| | '_ \/ _` | \ \ \ \
 \\/  ___)| |_)| | | | | || (_| |  ) ) ) )
  '  |____| .__|_| |_|_| |_\__, | / / / /
 =========|_|==============|___/=/_/_/_/
 :: Spring Boot ::                (v2.7.1)

2022-07-16 00:26:35.276  INFO 11400 --- [    Test worker] study.gana.GanaApplicationTests          : Starting GanaApplicationTests using Java 11.0.15 on GANA-LAPTOP with PID 11400 (started by Choi ga na in C:\git\spring_test)
2022-07-16 00:26:35.276  INFO 11400 --- [    Test worker] study.gana.GanaApplicationTests          : No active profile set, falling back to 1 default profile: "default"
2022-07-16 00:26:37.387  INFO 11400 --- [    Test worker] .s.d.r.c.RepositoryConfigurationDelegate : Bootstrapping Spring Data JDBC repositories in DEFAULT mode.
2022-07-16 00:26:37.418  INFO 11400 --- [    Test worker] .s.d.r.c.RepositoryConfigurationDelegate : Finished Spring Data repository scanning in 28 ms. Found 0 JDBC repository interfaces.
C:\git\spring_test
최종 경로: C:\git\img\
2022-07-16 00:26:42.787  INFO 11400 --- [    Test worker] com.zaxxer.hikari.HikariDataSource       : HikariPool-1 - Starting...
2022-07-16 00:26:44.274  INFO 11400 --- [    Test worker] com.zaxxer.hikari.HikariDataSource       : HikariPool-1 - Start completed.
2022-07-16 00:26:45.009  INFO 11400 --- [    Test worker] study.gana.GanaApplicationTests          : Started GanaApplicationTests in 10.506 seconds (JVM running for 16.476)
]]></system-out>
  <system-err><![CDATA[]]></system-err>
</testsuite>
