<?xml version="1.0" encoding="UTF-8"?>
<testsuite name="umc_sjs.smallestShelter.repository.PostRepositoryTest" tests="2" skipped="0" failures="0" errors="0" timestamp="2022-09-01T10:14:21" hostname="GANA-LAPTOP" time="0.094">
  <properties/>
  <testcase name="게시물조회_fetch()" classname="umc_sjs.smallestShelter.repository.PostRepositoryTest" time="0.008"/>
  <testcase name="게시물전체조회_fetch()" classname="umc_sjs.smallestShelter.repository.PostRepositoryTest" time="0.084"/>
  <system-out><![CDATA[2022-09-01 19:14:21.088  INFO 8084 --- [    Test worker] .b.t.c.SpringBootTestContextBootstrapper : Neither @ContextConfiguration nor @ContextHierarchy found for test class [umc_sjs.smallestShelter.repository.PostRepositoryTest], using SpringBootContextLoader
2022-09-01 19:14:21.088  INFO 8084 --- [    Test worker] o.s.t.c.support.AbstractContextLoader    : Could not detect default resource locations for test class [umc_sjs.smallestShelter.repository.PostRepositoryTest]: no resource found for suffixes {-context.xml, Context.groovy}.
2022-09-01 19:14:21.088  INFO 8084 --- [    Test worker] t.c.s.AnnotationConfigContextLoaderUtils : Could not detect default configuration classes for test class [umc_sjs.smallestShelter.repository.PostRepositoryTest]: PostRepositoryTest does not declare any static, non-private, non-final, nested classes annotated with @Configuration.
2022-09-01 19:14:21.139  INFO 8084 --- [    Test worker] .b.t.c.SpringBootTestContextBootstrapper : Found @SpringBootConfiguration umc_sjs.smallestShelter.SmallestShelterApplication for test class umc_sjs.smallestShelter.repository.PostRepositoryTest
2022-09-01 19:14:21.143  INFO 8084 --- [    Test worker] .b.t.c.SpringBootTestContextBootstrapper : Loaded default TestExecutionListener class names from location [META-INF/spring.factories]: [org.springframework.security.test.context.support.WithSecurityContextTestExecutionListener, org.springframework.security.test.context.support.ReactorContextTestExecutionListener, org.springframework.boot.test.autoconfigure.restdocs.RestDocsTestExecutionListener, org.springframework.boot.test.autoconfigure.web.client.MockRestServiceServerResetTestExecutionListener, org.springframework.boot.test.autoconfigure.web.servlet.MockMvcPrintOnlyOnFailureTestExecutionListener, org.springframework.boot.test.autoconfigure.web.servlet.WebDriverTestExecutionListener, org.springframework.boot.test.autoconfigure.webservices.client.MockWebServiceServerTestExecutionListener, org.springframework.boot.test.mock.mockito.MockitoTestExecutionListener, org.springframework.boot.test.mock.mockito.ResetMocksTestExecutionListener, org.springframework.test.context.web.ServletTestExecutionListener, org.springframework.test.context.support.DirtiesContextBeforeModesTestExecutionListener, org.springframework.test.context.event.ApplicationEventsTestExecutionListener, org.springframework.test.context.support.DependencyInjectionTestExecutionListener, org.springframework.test.context.support.DirtiesContextTestExecutionListener, org.springframework.test.context.transaction.TransactionalTestExecutionListener, org.springframework.test.context.jdbc.SqlScriptsTestExecutionListener, org.springframework.test.context.event.EventPublishingTestExecutionListener]
2022-09-01 19:14:21.144  INFO 8084 --- [    Test worker] .b.t.c.SpringBootTestContextBootstrapper : Using TestExecutionListeners: [org.springframework.test.context.web.ServletTestExecutionListener@79aab764, org.springframework.test.context.support.DirtiesContextBeforeModesTestExecutionListener@7790a6fb, org.springframework.test.context.event.ApplicationEventsTestExecutionListener@6df06d21, org.springframework.boot.test.mock.mockito.MockitoTestExecutionListener@876c4f0, org.springframework.boot.test.autoconfigure.SpringBootDependencyInjectionTestExecutionListener@24cb530d, org.springframework.test.context.support.DirtiesContextTestExecutionListener@569e8e11, org.springframework.test.context.transaction.TransactionalTestExecutionListener@38696886, org.springframework.test.context.jdbc.SqlScriptsTestExecutionListener@6066a3f, org.springframework.security.test.context.support.WithSecurityContextTestExecutionListener@782b12c9, org.springframework.test.context.event.EventPublishingTestExecutionListener@5ae7e5db, org.springframework.security.test.context.support.ReactorContextTestExecutionListener@29398b59, org.springframework.boot.test.autoconfigure.restdocs.RestDocsTestExecutionListener@1cdb4bd3, org.springframework.boot.test.autoconfigure.web.client.MockRestServiceServerResetTestExecutionListener@3cc6bfdb, org.springframework.boot.test.autoconfigure.web.servlet.MockMvcPrintOnlyOnFailureTestExecutionListener@59ea4ca5, org.springframework.boot.test.autoconfigure.web.servlet.WebDriverTestExecutionListener@3c6c7782, org.springframework.boot.test.autoconfigure.webservices.client.MockWebServiceServerTestExecutionListener@7aaf260f, org.springframework.boot.test.mock.mockito.ResetMocksTestExecutionListener@739e76e6]
2022-09-01 19:14:21.224 DEBUG 8084 --- [    Test worker] org.hibernate.SQL                        : 
    select
        post0_.post_idx as post_idx1_3_0_,
        animal1_.animal_idx as animal_i1_0_1_,
        post0_.animal_idx as animal_i5_3_0_,
        post0_.content as content2_3_0_,
        post0_.create_date as create_d3_3_0_,
        post0_.img_url as img_url4_3_0_,
        animal1_.is_guessed as is_guess2_0_1_,
        animal1_.month as month3_0_1_,
        animal1_.year as year4_0_1_,
        animal1_.bark as bark5_0_1_,
        animal1_.bite as bite6_0_1_,
        animal1_.create_date as create_d7_0_1_,
        animal1_.gender as gender8_0_1_,
        animal1_.is_adopted as is_adopt9_0_1_,
        animal1_.main_img_url as main_im10_0_1_,
        animal1_.name as name11_0_1_,
        animal1_.separation as separat12_0_1_,
        animal1_.socialization as sociali13_0_1_,
        animal1_.species as species14_0_1_,
        animal1_.toilet as toilet15_0_1_,
        animal1_.upload_user_idx as upload_16_0_1_ 
    from
        post post0_ 
    left outer join
        animal animal1_ 
            on post0_.animal_idx=animal1_.animal_idx
]]></system-out>
  <system-err><![CDATA[]]></system-err>
</testsuite>
