<?xml version="1.0" encoding="UTF-8"?>
<testsuite name="umc_sjs.smallestShelter.SmallestShelterApplicationTests" tests="1" skipped="0" failures="0" errors="0" timestamp="2023-06-09T13:37:47" hostname="GANA-LAPTOP" time="0.208">
  <properties/>
  <testcase name="contextLoads()" classname="umc_sjs.smallestShelter.SmallestShelterApplicationTests" time="0.208"/>
  <system-out><![CDATA[22:37:28.495 [Test worker] DEBUG org.springframework.test.context.BootstrapUtils - Instantiating CacheAwareContextLoaderDelegate from class [org.springframework.test.context.cache.DefaultCacheAwareContextLoaderDelegate]
22:37:28.519 [Test worker] DEBUG org.springframework.test.context.BootstrapUtils - Instantiating BootstrapContext using constructor [public org.springframework.test.context.support.DefaultBootstrapContext(java.lang.Class,org.springframework.test.context.CacheAwareContextLoaderDelegate)]
22:37:28.590 [Test worker] DEBUG org.springframework.test.context.BootstrapUtils - Instantiating TestContextBootstrapper for test class [umc_sjs.smallestShelter.SmallestShelterApplicationTests] from class [org.springframework.boot.test.context.SpringBootTestContextBootstrapper]
22:37:28.624 [Test worker] INFO org.springframework.boot.test.context.SpringBootTestContextBootstrapper - Neither @ContextConfiguration nor @ContextHierarchy found for test class [umc_sjs.smallestShelter.SmallestShelterApplicationTests], using SpringBootContextLoader
22:37:28.633 [Test worker] DEBUG org.springframework.test.context.support.AbstractContextLoader - Did not detect default resource location for test class [umc_sjs.smallestShelter.SmallestShelterApplicationTests]: class path resource [umc_sjs/smallestShelter/SmallestShelterApplicationTests-context.xml] does not exist
22:37:28.634 [Test worker] DEBUG org.springframework.test.context.support.AbstractContextLoader - Did not detect default resource location for test class [umc_sjs.smallestShelter.SmallestShelterApplicationTests]: class path resource [umc_sjs/smallestShelter/SmallestShelterApplicationTestsContext.groovy] does not exist
22:37:28.634 [Test worker] INFO org.springframework.test.context.support.AbstractContextLoader - Could not detect default resource locations for test class [umc_sjs.smallestShelter.SmallestShelterApplicationTests]: no resource found for suffixes {-context.xml, Context.groovy}.
22:37:28.636 [Test worker] INFO org.springframework.test.context.support.AnnotationConfigContextLoaderUtils - Could not detect default configuration classes for test class [umc_sjs.smallestShelter.SmallestShelterApplicationTests]: SmallestShelterApplicationTests does not declare any static, non-private, non-final, nested classes annotated with @Configuration.
22:37:28.714 [Test worker] DEBUG org.springframework.test.context.support.ActiveProfilesUtils - Could not find an 'annotation declaring class' for annotation type [org.springframework.test.context.ActiveProfiles] and class [umc_sjs.smallestShelter.SmallestShelterApplicationTests]
22:37:28.818 [Test worker] DEBUG org.springframework.context.annotation.ClassPathScanningCandidateComponentProvider - Identified candidate component class: file [C:\git\smallest-shelter-back\build\classes\java\main\umc_sjs\smallestShelter\SmallestShelterApplication.class]
22:37:28.821 [Test worker] INFO org.springframework.boot.test.context.SpringBootTestContextBootstrapper - Found @SpringBootConfiguration umc_sjs.smallestShelter.SmallestShelterApplication for test class umc_sjs.smallestShelter.SmallestShelterApplicationTests
22:37:29.018 [Test worker] DEBUG org.springframework.boot.test.context.SpringBootTestContextBootstrapper - @TestExecutionListeners is not present for class [umc_sjs.smallestShelter.SmallestShelterApplicationTests]: using defaults.
22:37:29.019 [Test worker] INFO org.springframework.boot.test.context.SpringBootTestContextBootstrapper - Loaded default TestExecutionListener class names from location [META-INF/spring.factories]: [org.springframework.security.test.context.support.WithSecurityContextTestExecutionListener, org.springframework.security.test.context.support.ReactorContextTestExecutionListener, org.springframework.boot.test.autoconfigure.restdocs.RestDocsTestExecutionListener, org.springframework.boot.test.autoconfigure.web.client.MockRestServiceServerResetTestExecutionListener, org.springframework.boot.test.autoconfigure.web.servlet.MockMvcPrintOnlyOnFailureTestExecutionListener, org.springframework.boot.test.autoconfigure.web.servlet.WebDriverTestExecutionListener, org.springframework.boot.test.autoconfigure.webservices.client.MockWebServiceServerTestExecutionListener, org.springframework.boot.test.mock.mockito.MockitoTestExecutionListener, org.springframework.boot.test.mock.mockito.ResetMocksTestExecutionListener, org.springframework.test.context.web.ServletTestExecutionListener, org.springframework.test.context.support.DirtiesContextBeforeModesTestExecutionListener, org.springframework.test.context.event.ApplicationEventsTestExecutionListener, org.springframework.test.context.support.DependencyInjectionTestExecutionListener, org.springframework.test.context.support.DirtiesContextTestExecutionListener, org.springframework.test.context.transaction.TransactionalTestExecutionListener, org.springframework.test.context.jdbc.SqlScriptsTestExecutionListener, org.springframework.test.context.event.EventPublishingTestExecutionListener]
22:37:29.071 [Test worker] INFO org.springframework.boot.test.context.SpringBootTestContextBootstrapper - Using TestExecutionListeners: [org.springframework.test.context.web.ServletTestExecutionListener@4102b1b1, org.springframework.test.context.support.DirtiesContextBeforeModesTestExecutionListener@61a5b4ae, org.springframework.test.context.event.ApplicationEventsTestExecutionListener@3a71c100, org.springframework.boot.test.mock.mockito.MockitoTestExecutionListener@5b69fd74, org.springframework.boot.test.autoconfigure.SpringBootDependencyInjectionTestExecutionListener@f325091, org.springframework.test.context.support.DirtiesContextTestExecutionListener@437e951d, org.springframework.test.context.transaction.TransactionalTestExecutionListener@77b325b3, org.springframework.test.context.jdbc.SqlScriptsTestExecutionListener@63a5e46c, org.springframework.security.test.context.support.WithSecurityContextTestExecutionListener@7e8e8651, org.springframework.test.context.event.EventPublishingTestExecutionListener@49ef32e0, org.springframework.security.test.context.support.ReactorContextTestExecutionListener@271f18d3, org.springframework.boot.test.autoconfigure.restdocs.RestDocsTestExecutionListener@6bd51ed8, org.springframework.boot.test.autoconfigure.web.client.MockRestServiceServerResetTestExecutionListener@61e3a1fd, org.springframework.boot.test.autoconfigure.web.servlet.MockMvcPrintOnlyOnFailureTestExecutionListener@51abf713, org.springframework.boot.test.autoconfigure.web.servlet.WebDriverTestExecutionListener@eadb475, org.springframework.boot.test.autoconfigure.webservices.client.MockWebServiceServerTestExecutionListener@4d4d48a6, org.springframework.boot.test.mock.mockito.ResetMocksTestExecutionListener@315df4bb]
22:37:29.077 [Test worker] DEBUG org.springframework.test.context.support.AbstractDirtiesContextTestExecutionListener - Before test class: context [DefaultTestContext@10567255 testClass = SmallestShelterApplicationTests, testInstance = [null], testMethod = [null], testException = [null], mergedContextConfiguration = [WebMergedContextConfiguration@e362c57 testClass = SmallestShelterApplicationTests, locations = '{}', classes = '{class umc_sjs.smallestShelter.SmallestShelterApplication}', contextInitializerClasses = '[]', activeProfiles = '{}', propertySourceLocations = '{}', propertySourceProperties = '{org.springframework.boot.test.context.SpringBootTestContextBootstrapper=true}', contextCustomizers = set[org.springframework.boot.test.autoconfigure.actuate.metrics.MetricsExportContextCustomizerFactory$DisableMetricExportContextCustomizer@dcfda20, org.springframework.boot.test.autoconfigure.properties.PropertyMappingContextCustomizer@0, org.springframework.boot.test.autoconfigure.web.servlet.WebDriverContextCustomizerFactory$Customizer@3dddefd8, org.springframework.boot.test.context.filter.ExcludeFilterContextCustomizer@5316e95f, org.springframework.boot.test.json.DuplicateJsonObjectContextCustomizerFactory$DuplicateJsonObjectContextCustomizer@13c3c1e1, org.springframework.boot.test.mock.mockito.MockitoContextCustomizer@0, org.springframework.boot.test.web.client.TestRestTemplateContextCustomizer@5827af16, org.springframework.boot.test.context.SpringBootTestArgs@1, org.springframework.boot.test.context.SpringBootTestWebEnvironment@5e17553a], resourceBasePath = 'src/main/webapp', contextLoader = 'org.springframework.boot.test.context.SpringBootContextLoader', parent = [null]], attributes = map['org.springframework.test.context.web.ServletTestExecutionListener.activateListener' -> true]], class annotated with @DirtiesContext [false] with mode [null].

  .   ____          _            __ _ _
 /\\ / ___'_ __ _ _(_)_ __  __ _ \ \ \ \
( ( )\___ | '_ | '_| | '_ \/ _` | \ \ \ \
 \\/  ___)| |_)| | | | | || (_| |  ) ) ) )
  '  |____| .__|_| |_|_| |_\__, | / / / /
 =========|_|==============|___/=/_/_/_/
 :: Spring Boot ::                (v2.7.1)

2023-06-09 22:37:30.028  INFO 5088 --- [    Test worker] u.s.SmallestShelterApplicationTests      : Starting SmallestShelterApplicationTests using Java 11.0.15 on GANA-LAPTOP with PID 5088 (started by Choi ga na in C:\git\smallest-shelter-back)
2023-06-09 22:37:30.031  INFO 5088 --- [    Test worker] u.s.SmallestShelterApplicationTests      : No active profile set, falling back to 1 default profile: "default"
2023-06-09 22:37:32.257  INFO 5088 --- [    Test worker] .s.d.r.c.RepositoryConfigurationDelegate : Bootstrapping Spring Data JPA repositories in DEFAULT mode.
2023-06-09 22:37:32.495  INFO 5088 --- [    Test worker] .s.d.r.c.RepositoryConfigurationDelegate : Finished Spring Data repository scanning in 211 ms. Found 2 JPA repository interfaces.
2023-06-09 22:37:34.050  INFO 5088 --- [    Test worker] o.hibernate.jpa.internal.util.LogHelper  : HHH000204: Processing PersistenceUnitInfo [name: default]
2023-06-09 22:37:34.221  INFO 5088 --- [    Test worker] org.hibernate.Version                    : HHH000412: Hibernate ORM core version 5.6.9.Final
2023-06-09 22:37:34.759  INFO 5088 --- [    Test worker] o.hibernate.annotations.common.Version   : HCANN000001: Hibernate Commons Annotations {5.1.2.Final}
2023-06-09 22:37:35.090  INFO 5088 --- [    Test worker] com.zaxxer.hikari.HikariDataSource       : HikariPool-1 - Starting...
2023-06-09 22:37:36.472  INFO 5088 --- [    Test worker] com.zaxxer.hikari.HikariDataSource       : HikariPool-1 - Start completed.
2023-06-09 22:37:36.568  INFO 5088 --- [    Test worker] org.hibernate.dialect.Dialect            : HHH000400: Using dialect: org.hibernate.dialect.MySQL8Dialect
2023-06-09 22:37:41.621  INFO 5088 --- [    Test worker] o.h.e.t.j.p.i.JtaPlatformInitiator       : HHH000490: Using JtaPlatform implementation: [org.hibernate.engine.transaction.jta.platform.internal.NoJtaPlatform]
2023-06-09 22:37:41.662  INFO 5088 --- [    Test worker] j.LocalContainerEntityManagerFactoryBean : Initialized JPA EntityManagerFactory for persistence unit 'default'
2023-06-09 22:37:45.029  INFO 5088 --- [    Test worker] o.s.s.web.DefaultSecurityFilterChain     : Will secure any request with [org.springframework.security.web.session.DisableEncodeUrlFilter@73476e2d, org.springframework.security.web.context.request.async.WebAsyncManagerIntegrationFilter@52b77d5e, org.springframework.security.web.context.SecurityContextPersistenceFilter@54e3cba2, org.springframework.security.web.header.HeaderWriterFilter@294ab038, org.springframework.web.filter.CorsFilter@65cc3902, org.springframework.security.web.authentication.logout.LogoutFilter@192aeae2, umc_sjs.smallestShelter.config.jwt.JwtAuthenticationFilter@6ab6ec33, umc_sjs.smallestShelter.config.jwt.JwtExceptionFilter@594965c9, umc_sjs.smallestShelter.config.jwt.JwtAuthorizationFilter@11b74ecb, org.springframework.security.web.savedrequest.RequestCacheAwareFilter@5d03df76, org.springframework.security.web.servletapi.SecurityContextHolderAwareRequestFilter@17f7a1af, org.springframework.security.web.authentication.AnonymousAuthenticationFilter@78839c2e, org.springframework.security.web.session.SessionManagementFilter@2eb91767, org.springframework.security.web.access.ExceptionTranslationFilter@5af7e2f, org.springframework.security.web.access.intercept.FilterSecurityInterceptor@45430a27]
2023-06-09 22:37:45.903  WARN 5088 --- [    Test worker] JpaBaseConfiguration$JpaWebConfiguration : spring.jpa.open-in-view is enabled by default. Therefore, database queries may be performed during view rendering. Explicitly configure spring.jpa.open-in-view to disable this warning
2023-06-09 22:37:46.770  INFO 5088 --- [    Test worker] o.s.b.a.w.s.WelcomePageHandlerMapping    : Adding welcome page: class path resource [static/index.html]
2023-06-09 22:37:47.822  INFO 5088 --- [    Test worker] u.s.SmallestShelterApplicationTests      : Started SmallestShelterApplicationTests in 18.685 seconds (JVM running for 23.276)
]]></system-out>
  <system-err><![CDATA[]]></system-err>
</testsuite>
