<?xml version="1.0" encoding="UTF-8"?>
<testsuite name="umc_sjs.smallestShelter.controller.PostControllerTest" tests="15" skipped="0" failures="0" errors="0" timestamp="2022-09-01T10:14:18" hostname="GANA-LAPTOP" time="2.544">
  <properties/>
  <testcase name="게시글조회_X_일치하지않는동물idx()" classname="umc_sjs.smallestShelter.controller.PostControllerTest" time="0.984"/>
  <testcase name="게시글생성X 이미지 없음" classname="umc_sjs.smallestShelter.controller.PostControllerTest" time="0.151"/>
  <testcase name="게시글생성()" classname="umc_sjs.smallestShelter.controller.PostControllerTest" time="0.26"/>
  <testcase name="게시글조회()" classname="umc_sjs.smallestShelter.controller.PostControllerTest" time="0.126"/>
  <testcase name="게시물삭제()" classname="umc_sjs.smallestShelter.controller.PostControllerTest" time="0.159"/>
  <testcase name="게시물수정()" classname="umc_sjs.smallestShelter.controller.PostControllerTest" time="0.107"/>
  <testcase name="게시글조회_x_없는게시물조회()" classname="umc_sjs.smallestShelter.controller.PostControllerTest" time="0.096"/>
  <testcase name="게시물삭제_x_일치하지않는동물idx()" classname="umc_sjs.smallestShelter.controller.PostControllerTest" time="0.09"/>
  <testcase name="게시글생성_X_이미지없음_null()" classname="umc_sjs.smallestShelter.controller.PostControllerTest" time="0.075"/>
  <testcase name="게시물수정_x_없는게시물()" classname="umc_sjs.smallestShelter.controller.PostControllerTest" time="0.086"/>
  <testcase name="게시물수정_x_이미지없음()" classname="umc_sjs.smallestShelter.controller.PostControllerTest" time="0.074"/>
  <testcase name="게시물수정_x_이미지없음_null()" classname="umc_sjs.smallestShelter.controller.PostControllerTest" time="0.07"/>
  <testcase name="게시글삭제_x_없는게시물()" classname="umc_sjs.smallestShelter.controller.PostControllerTest" time="0.082"/>
  <testcase name="게시글생성_X_없는동물()" classname="umc_sjs.smallestShelter.controller.PostControllerTest" time="0.077"/>
  <testcase name="게시물수정_x_일치하지않는동물idx()" classname="umc_sjs.smallestShelter.controller.PostControllerTest" time="0.075"/>
  <system-out><![CDATA[2022-09-01 19:14:18.497  INFO 8084 --- [    Test worker] .b.t.c.SpringBootTestContextBootstrapper : Neither @ContextConfiguration nor @ContextHierarchy found for test class [umc_sjs.smallestShelter.controller.PostControllerTest], using SpringBootContextLoader
2022-09-01 19:14:18.497  INFO 8084 --- [    Test worker] o.s.t.c.support.AbstractContextLoader    : Could not detect default resource locations for test class [umc_sjs.smallestShelter.controller.PostControllerTest]: no resource found for suffixes {-context.xml, Context.groovy}.
2022-09-01 19:14:18.497  INFO 8084 --- [    Test worker] t.c.s.AnnotationConfigContextLoaderUtils : Could not detect default configuration classes for test class [umc_sjs.smallestShelter.controller.PostControllerTest]: PostControllerTest does not declare any static, non-private, non-final, nested classes annotated with @Configuration.
2022-09-01 19:14:18.516  INFO 8084 --- [    Test worker] .b.t.c.SpringBootTestContextBootstrapper : Found @SpringBootConfiguration umc_sjs.smallestShelter.SmallestShelterApplication for test class umc_sjs.smallestShelter.controller.PostControllerTest
2022-09-01 19:14:18.531  INFO 8084 --- [    Test worker] .b.t.c.SpringBootTestContextBootstrapper : Loaded default TestExecutionListener class names from location [META-INF/spring.factories]: [org.springframework.security.test.context.support.WithSecurityContextTestExecutionListener, org.springframework.security.test.context.support.ReactorContextTestExecutionListener, org.springframework.boot.test.autoconfigure.restdocs.RestDocsTestExecutionListener, org.springframework.boot.test.autoconfigure.web.client.MockRestServiceServerResetTestExecutionListener, org.springframework.boot.test.autoconfigure.web.servlet.MockMvcPrintOnlyOnFailureTestExecutionListener, org.springframework.boot.test.autoconfigure.web.servlet.WebDriverTestExecutionListener, org.springframework.boot.test.autoconfigure.webservices.client.MockWebServiceServerTestExecutionListener, org.springframework.boot.test.mock.mockito.MockitoTestExecutionListener, org.springframework.boot.test.mock.mockito.ResetMocksTestExecutionListener, org.springframework.test.context.web.ServletTestExecutionListener, org.springframework.test.context.support.DirtiesContextBeforeModesTestExecutionListener, org.springframework.test.context.event.ApplicationEventsTestExecutionListener, org.springframework.test.context.support.DependencyInjectionTestExecutionListener, org.springframework.test.context.support.DirtiesContextTestExecutionListener, org.springframework.test.context.transaction.TransactionalTestExecutionListener, org.springframework.test.context.jdbc.SqlScriptsTestExecutionListener, org.springframework.test.context.event.EventPublishingTestExecutionListener]
2022-09-01 19:14:18.534  INFO 8084 --- [    Test worker] .b.t.c.SpringBootTestContextBootstrapper : Using TestExecutionListeners: [org.springframework.test.context.web.ServletTestExecutionListener@750448fb, org.springframework.test.context.support.DirtiesContextBeforeModesTestExecutionListener@724e82d9, org.springframework.test.context.event.ApplicationEventsTestExecutionListener@70a26eca, org.springframework.boot.test.mock.mockito.MockitoTestExecutionListener@4b60ff1c, org.springframework.boot.test.autoconfigure.SpringBootDependencyInjectionTestExecutionListener@1c74251b, org.springframework.test.context.support.DirtiesContextTestExecutionListener@1aaa3406, org.springframework.test.context.transaction.TransactionalTestExecutionListener@791dcda7, org.springframework.test.context.jdbc.SqlScriptsTestExecutionListener@35c95587, org.springframework.security.test.context.support.WithSecurityContextTestExecutionListener@828e2d8, org.springframework.test.context.event.EventPublishingTestExecutionListener@43e9eddf, org.springframework.security.test.context.support.ReactorContextTestExecutionListener@548e70f0, org.springframework.boot.test.autoconfigure.restdocs.RestDocsTestExecutionListener@2b14628b, org.springframework.boot.test.autoconfigure.web.client.MockRestServiceServerResetTestExecutionListener@64657b13, org.springframework.boot.test.autoconfigure.web.servlet.MockMvcPrintOnlyOnFailureTestExecutionListener@686ee555, org.springframework.boot.test.autoconfigure.web.servlet.WebDriverTestExecutionListener@4fc00158, org.springframework.boot.test.autoconfigure.webservices.client.MockWebServiceServerTestExecutionListener@47483211, org.springframework.boot.test.mock.mockito.ResetMocksTestExecutionListener@8ba7408]
2022-09-01 19:14:18.573  INFO 8084 --- [    Test worker] o.s.t.c.transaction.TransactionContext   : Began transaction (1) for test context [DefaultTestContext@4c2812aa testClass = PostControllerTest, testInstance = umc_sjs.smallestShelter.controller.PostControllerTest@346e76ad, testMethod = 게시글조회_X_일치하지않는동물idx@PostControllerTest, testException = [null], mergedContextConfiguration = [WebMergedContextConfiguration@47bcd95a testClass = PostControllerTest, locations = '{}', classes = '{class umc_sjs.smallestShelter.SmallestShelterApplication}', contextInitializerClasses = '[]', activeProfiles = '{}', propertySourceLocations = '{}', propertySourceProperties = '{org.springframework.boot.test.context.SpringBootTestContextBootstrapper=true}', contextCustomizers = set[org.springframework.boot.test.autoconfigure.actuate.metrics.MetricsExportContextCustomizerFactory$DisableMetricExportContextCustomizer@183e8023, org.springframework.boot.test.autoconfigure.properties.PropertyMappingContextCustomizer@0, org.springframework.boot.test.autoconfigure.web.servlet.WebDriverContextCustomizerFactory$Customizer@56bca85b, org.springframework.boot.test.context.filter.ExcludeFilterContextCustomizer@22b53226, org.springframework.boot.test.json.DuplicateJsonObjectContextCustomizerFactory$DuplicateJsonObjectContextCustomizer@ea9b7c6, org.springframework.boot.test.mock.mockito.MockitoContextCustomizer@0, org.springframework.boot.test.web.client.TestRestTemplateContextCustomizer@41813449, org.springframework.boot.test.context.SpringBootTestArgs@1, org.springframework.boot.test.context.SpringBootTestWebEnvironment@1890516e], resourceBasePath = 'src/main/webapp', contextLoader = 'org.springframework.boot.test.context.SpringBootContextLoader', parent = [null]], attributes = map['org.springframework.test.context.web.ServletTestExecutionListener.activateListener' -> true, 'org.springframework.test.context.web.ServletTestExecutionListener.populatedRequestContextHolder' -> true, 'org.springframework.test.context.web.ServletTestExecutionListener.resetRequestContextHolder' -> true, 'org.springframework.test.context.event.ApplicationEventsTestExecutionListener.recordApplicationEvents' -> false]]; transaction manager [org.springframework.orm.jpa.JpaTransactionManager@c725dfa]; rollback [true]
2022-09-01 19:14:18.898 DEBUG 8084 --- [    Test worker] org.hibernate.SQL                        : 
    select
        animal0_.animal_idx as animal_i1_0_,
        animal0_.is_guessed as is_guess2_0_,
        animal0_.month as month3_0_,
        animal0_.year as year4_0_,
        animal0_.bark as bark5_0_,
        animal0_.bite as bite6_0_,
        animal0_.create_date as create_d7_0_,
        animal0_.gender as gender8_0_,
        animal0_.is_adopted as is_adopt9_0_,
        animal0_.main_img_url as main_im10_0_,
        animal0_.name as name11_0_,
        animal0_.separation as separat12_0_,
        animal0_.socialization as sociali13_0_,
        animal0_.species as species14_0_,
        animal0_.toilet as toilet15_0_,
        animal0_.upload_user_idx as upload_16_0_ 
    from
        animal animal0_
2022-09-01 19:14:19.167 DEBUG 8084 --- [    Test worker] org.hibernate.SQL                        : 
    select
        post0_.post_idx as post_idx1_3_,
        post0_.animal_idx as animal_i5_3_,
        post0_.content as content2_3_,
        post0_.create_date as create_d3_3_,
        post0_.img_url as img_url4_3_ 
    from
        post post0_
2022-09-01 19:14:19.297 DEBUG 8084 --- [    Test worker] org.hibernate.SQL                        : 
    select
        post0_.post_idx as post_idx1_3_0_,
        animal1_.animal_idx as animal_i1_0_1_,
        post0_.animal_idx as animal_i5_3_0_,
        post0_.content as content2_3_0_,
        post0_.create_date as create_d3_3_0_,
        post0_.img_url as img_url4_3_0_,
        animal1_.is_guessed as is_guess2_0_1_,
        animal1_.month as month3_0_1_,
        animal1_.year as year4_0_1_,
        animal1_.bark as bark5_0_1_,
        animal1_.bite as bite6_0_1_,
        animal1_.create_date as create_d7_0_1_,
        animal1_.gender as gender8_0_1_,
        animal1_.is_adopted as is_adopt9_0_1_,
        animal1_.main_img_url as main_im10_0_1_,
        animal1_.name as name11_0_1_,
        animal1_.separation as separat12_0_1_,
        animal1_.socialization as sociali13_0_1_,
        animal1_.species as species14_0_1_,
        animal1_.toilet as toilet15_0_1_,
        animal1_.upload_user_idx as upload_16_0_1_ 
    from
        post post0_ 
    left outer join
        animal animal1_ 
            on post0_.animal_idx=animal1_.animal_idx 
    where
        post0_.post_idx=?
해당 동물의 게시물의 아닙니다: idx 불일치
2022-09-01 19:14:19.526  INFO 8084 --- [    Test worker] o.s.t.c.transaction.TransactionContext   : Rolled back transaction for test: [DefaultTestContext@4c2812aa testClass = PostControllerTest, testInstance = umc_sjs.smallestShelter.controller.PostControllerTest@346e76ad, testMethod = 게시글조회_X_일치하지않는동물idx@PostControllerTest, testException = [null], mergedContextConfiguration = [WebMergedContextConfiguration@47bcd95a testClass = PostControllerTest, locations = '{}', classes = '{class umc_sjs.smallestShelter.SmallestShelterApplication}', contextInitializerClasses = '[]', activeProfiles = '{}', propertySourceLocations = '{}', propertySourceProperties = '{org.springframework.boot.test.context.SpringBootTestContextBootstrapper=true}', contextCustomizers = set[org.springframework.boot.test.autoconfigure.actuate.metrics.MetricsExportContextCustomizerFactory$DisableMetricExportContextCustomizer@183e8023, org.springframework.boot.test.autoconfigure.properties.PropertyMappingContextCustomizer@0, org.springframework.boot.test.autoconfigure.web.servlet.WebDriverContextCustomizerFactory$Customizer@56bca85b, org.springframework.boot.test.context.filter.ExcludeFilterContextCustomizer@22b53226, org.springframework.boot.test.json.DuplicateJsonObjectContextCustomizerFactory$DuplicateJsonObjectContextCustomizer@ea9b7c6, org.springframework.boot.test.mock.mockito.MockitoContextCustomizer@0, org.springframework.boot.test.web.client.TestRestTemplateContextCustomizer@41813449, org.springframework.boot.test.context.SpringBootTestArgs@1, org.springframework.boot.test.context.SpringBootTestWebEnvironment@1890516e], resourceBasePath = 'src/main/webapp', contextLoader = 'org.springframework.boot.test.context.SpringBootContextLoader', parent = [null]], attributes = map['org.springframework.test.context.web.ServletTestExecutionListener.activateListener' -> true, 'org.springframework.test.context.web.ServletTestExecutionListener.populatedRequestContextHolder' -> true, 'org.springframework.test.context.web.ServletTestExecutionListener.resetRequestContextHolder' -> true, 'org.springframework.test.context.event.ApplicationEventsTestExecutionListener.recordApplicationEvents' -> false]]
2022-09-01 19:14:19.545  INFO 8084 --- [    Test worker] o.s.t.c.transaction.TransactionContext   : Began transaction (1) for test context [DefaultTestContext@4c2812aa testClass = PostControllerTest, testInstance = umc_sjs.smallestShelter.controller.PostControllerTest@22912968, testMethod = 게시글생성_X_이미지없음@PostControllerTest, testException = [null], mergedContextConfiguration = [WebMergedContextConfiguration@47bcd95a testClass = PostControllerTest, locations = '{}', classes = '{class umc_sjs.smallestShelter.SmallestShelterApplication}', contextInitializerClasses = '[]', activeProfiles = '{}', propertySourceLocations = '{}', propertySourceProperties = '{org.springframework.boot.test.context.SpringBootTestContextBootstrapper=true}', contextCustomizers = set[org.springframework.boot.test.autoconfigure.actuate.metrics.MetricsExportContextCustomizerFactory$DisableMetricExportContextCustomizer@183e8023, org.springframework.boot.test.autoconfigure.properties.PropertyMappingContextCustomizer@0, org.springframework.boot.test.autoconfigure.web.servlet.WebDriverContextCustomizerFactory$Customizer@56bca85b, org.springframework.boot.test.context.filter.ExcludeFilterContextCustomizer@22b53226, org.springframework.boot.test.json.DuplicateJsonObjectContextCustomizerFactory$DuplicateJsonObjectContextCustomizer@ea9b7c6, org.springframework.boot.test.mock.mockito.MockitoContextCustomizer@0, org.springframework.boot.test.web.client.TestRestTemplateContextCustomizer@41813449, org.springframework.boot.test.context.SpringBootTestArgs@1, org.springframework.boot.test.context.SpringBootTestWebEnvironment@1890516e], resourceBasePath = 'src/main/webapp', contextLoader = 'org.springframework.boot.test.context.SpringBootContextLoader', parent = [null]], attributes = map['org.springframework.test.context.web.ServletTestExecutionListener.activateListener' -> true, 'org.springframework.test.context.web.ServletTestExecutionListener.populatedRequestContextHolder' -> true, 'org.springframework.test.context.web.ServletTestExecutionListener.resetRequestContextHolder' -> true, 'org.springframework.test.context.event.ApplicationEventsTestExecutionListener.recordApplicationEvents' -> false]]; transaction manager [org.springframework.orm.jpa.JpaTransactionManager@c725dfa]; rollback [true]
2022-09-01 19:14:19.546 DEBUG 8084 --- [    Test worker] org.hibernate.SQL                        : 
    select
        animal0_.animal_idx as animal_i1_0_,
        animal0_.is_guessed as is_guess2_0_,
        animal0_.month as month3_0_,
        animal0_.year as year4_0_,
        animal0_.bark as bark5_0_,
        animal0_.bite as bite6_0_,
        animal0_.create_date as create_d7_0_,
        animal0_.gender as gender8_0_,
        animal0_.is_adopted as is_adopt9_0_,
        animal0_.main_img_url as main_im10_0_,
        animal0_.name as name11_0_,
        animal0_.separation as separat12_0_,
        animal0_.socialization as sociali13_0_,
        animal0_.species as species14_0_,
        animal0_.toilet as toilet15_0_,
        animal0_.upload_user_idx as upload_16_0_ 
    from
        animal animal0_
2022-09-01 19:14:19.633 DEBUG 8084 --- [    Test worker] org.hibernate.SQL                        : 
    select
        post0_.post_idx as post_idx1_3_,
        post0_.animal_idx as animal_i5_3_,
        post0_.content as content2_3_,
        post0_.create_date as create_d3_3_,
        post0_.img_url as img_url4_3_ 
    from
        post post0_
게시물에 이미지가 없습니다
2022-09-01 19:14:19.676  INFO 8084 --- [    Test worker] o.s.t.c.transaction.TransactionContext   : Rolled back transaction for test: [DefaultTestContext@4c2812aa testClass = PostControllerTest, testInstance = umc_sjs.smallestShelter.controller.PostControllerTest@22912968, testMethod = 게시글생성_X_이미지없음@PostControllerTest, testException = [null], mergedContextConfiguration = [WebMergedContextConfiguration@47bcd95a testClass = PostControllerTest, locations = '{}', classes = '{class umc_sjs.smallestShelter.SmallestShelterApplication}', contextInitializerClasses = '[]', activeProfiles = '{}', propertySourceLocations = '{}', propertySourceProperties = '{org.springframework.boot.test.context.SpringBootTestContextBootstrapper=true}', contextCustomizers = set[org.springframework.boot.test.autoconfigure.actuate.metrics.MetricsExportContextCustomizerFactory$DisableMetricExportContextCustomizer@183e8023, org.springframework.boot.test.autoconfigure.properties.PropertyMappingContextCustomizer@0, org.springframework.boot.test.autoconfigure.web.servlet.WebDriverContextCustomizerFactory$Customizer@56bca85b, org.springframework.boot.test.context.filter.ExcludeFilterContextCustomizer@22b53226, org.springframework.boot.test.json.DuplicateJsonObjectContextCustomizerFactory$DuplicateJsonObjectContextCustomizer@ea9b7c6, org.springframework.boot.test.mock.mockito.MockitoContextCustomizer@0, org.springframework.boot.test.web.client.TestRestTemplateContextCustomizer@41813449, org.springframework.boot.test.context.SpringBootTestArgs@1, org.springframework.boot.test.context.SpringBootTestWebEnvironment@1890516e], resourceBasePath = 'src/main/webapp', contextLoader = 'org.springframework.boot.test.context.SpringBootContextLoader', parent = [null]], attributes = map['org.springframework.test.context.web.ServletTestExecutionListener.activateListener' -> true, 'org.springframework.test.context.web.ServletTestExecutionListener.populatedRequestContextHolder' -> true, 'org.springframework.test.context.web.ServletTestExecutionListener.resetRequestContextHolder' -> true, 'org.springframework.test.context.event.ApplicationEventsTestExecutionListener.recordApplicationEvents' -> false]]
2022-09-01 19:14:19.692  INFO 8084 --- [    Test worker] o.s.t.c.transaction.TransactionContext   : Began transaction (1) for test context [DefaultTestContext@4c2812aa testClass = PostControllerTest, testInstance = umc_sjs.smallestShelter.controller.PostControllerTest@50ccd6a, testMethod = 게시글생성@PostControllerTest, testException = [null], mergedContextConfiguration = [WebMergedContextConfiguration@47bcd95a testClass = PostControllerTest, locations = '{}', classes = '{class umc_sjs.smallestShelter.SmallestShelterApplication}', contextInitializerClasses = '[]', activeProfiles = '{}', propertySourceLocations = '{}', propertySourceProperties = '{org.springframework.boot.test.context.SpringBootTestContextBootstrapper=true}', contextCustomizers = set[org.springframework.boot.test.autoconfigure.actuate.metrics.MetricsExportContextCustomizerFactory$DisableMetricExportContextCustomizer@183e8023, org.springframework.boot.test.autoconfigure.properties.PropertyMappingContextCustomizer@0, org.springframework.boot.test.autoconfigure.web.servlet.WebDriverContextCustomizerFactory$Customizer@56bca85b, org.springframework.boot.test.context.filter.ExcludeFilterContextCustomizer@22b53226, org.springframework.boot.test.json.DuplicateJsonObjectContextCustomizerFactory$DuplicateJsonObjectContextCustomizer@ea9b7c6, org.springframework.boot.test.mock.mockito.MockitoContextCustomizer@0, org.springframework.boot.test.web.client.TestRestTemplateContextCustomizer@41813449, org.springframework.boot.test.context.SpringBootTestArgs@1, org.springframework.boot.test.context.SpringBootTestWebEnvironment@1890516e], resourceBasePath = 'src/main/webapp', contextLoader = 'org.springframework.boot.test.context.SpringBootContextLoader', parent = [null]], attributes = map['org.springframework.test.context.web.ServletTestExecutionListener.activateListener' -> true, 'org.springframework.test.context.web.ServletTestExecutionListener.populatedRequestContextHolder' -> true, 'org.springframework.test.context.web.ServletTestExecutionListener.resetRequestContextHolder' -> true, 'org.springframework.test.context.event.ApplicationEventsTestExecutionListener.recordApplicationEvents' -> false]]; transaction manager [org.springframework.orm.jpa.JpaTransactionManager@c725dfa]; rollback [true]
2022-09-01 19:14:19.692 DEBUG 8084 --- [    Test worker] org.hibernate.SQL                        : 
    select
        animal0_.animal_idx as animal_i1_0_,
        animal0_.is_guessed as is_guess2_0_,
        animal0_.month as month3_0_,
        animal0_.year as year4_0_,
        animal0_.bark as bark5_0_,
        animal0_.bite as bite6_0_,
        animal0_.create_date as create_d7_0_,
        animal0_.gender as gender8_0_,
        animal0_.is_adopted as is_adopt9_0_,
        animal0_.main_img_url as main_im10_0_,
        animal0_.name as name11_0_,
        animal0_.separation as separat12_0_,
        animal0_.socialization as sociali13_0_,
        animal0_.species as species14_0_,
        animal0_.toilet as toilet15_0_,
        animal0_.upload_user_idx as upload_16_0_ 
    from
        animal animal0_
2022-09-01 19:14:19.785 DEBUG 8084 --- [    Test worker] org.hibernate.SQL                        : 
    select
        post0_.post_idx as post_idx1_3_,
        post0_.animal_idx as animal_i5_3_,
        post0_.content as content2_3_,
        post0_.create_date as create_d3_3_,
        post0_.img_url as img_url4_3_ 
    from
        post post0_
2022-09-01 19:14:19.839 DEBUG 8084 --- [    Test worker] org.hibernate.SQL                        : 
    select
        animal0_.animal_idx as animal_i1_0_0_,
        illnesslis1_.illness_idx as illness_1_2_1_,
        animal0_.is_guessed as is_guess2_0_0_,
        animal0_.month as month3_0_0_,
        animal0_.year as year4_0_0_,
        animal0_.bark as bark5_0_0_,
        animal0_.bite as bite6_0_0_,
        animal0_.create_date as create_d7_0_0_,
        animal0_.gender as gender8_0_0_,
        animal0_.is_adopted as is_adopt9_0_0_,
        animal0_.main_img_url as main_im10_0_0_,
        animal0_.name as name11_0_0_,
        animal0_.separation as separat12_0_0_,
        animal0_.socialization as sociali13_0_0_,
        animal0_.species as species14_0_0_,
        animal0_.toilet as toilet15_0_0_,
        animal0_.upload_user_idx as upload_16_0_0_,
        illnesslis1_.animal_idx as animal_i3_2_1_,
        illnesslis1_.name as name2_2_1_,
        illnesslis1_.animal_idx as animal_i3_2_0__,
        illnesslis1_.illness_idx as illness_1_2_0__ 
    from
        animal animal0_ 
    left outer join
        illness illnesslis1_ 
            on animal0_.animal_idx=illnesslis1_.animal_idx 
    where
        animal0_.animal_idx=?
2022-09-01 19:14:19.898 DEBUG 8084 --- [    Test worker] org.hibernate.SQL                        : 
    insert 
    into
        post
        (animal_idx, content, create_date, img_url) 
    values
        (?, ?, ?, ?)
2022-09-01 19:14:19.932  INFO 8084 --- [    Test worker] o.h.c.i.AbstractPersistentCollection     : HHH000496: Detaching an uninitialized collection with queued operations from a session: [umc_sjs.smallestShelter.domain.Animal.postList#1]
2022-09-01 19:14:19.949  INFO 8084 --- [    Test worker] o.s.t.c.transaction.TransactionContext   : Rolled back transaction for test: [DefaultTestContext@4c2812aa testClass = PostControllerTest, testInstance = umc_sjs.smallestShelter.controller.PostControllerTest@50ccd6a, testMethod = 게시글생성@PostControllerTest, testException = [null], mergedContextConfiguration = [WebMergedContextConfiguration@47bcd95a testClass = PostControllerTest, locations = '{}', classes = '{class umc_sjs.smallestShelter.SmallestShelterApplication}', contextInitializerClasses = '[]', activeProfiles = '{}', propertySourceLocations = '{}', propertySourceProperties = '{org.springframework.boot.test.context.SpringBootTestContextBootstrapper=true}', contextCustomizers = set[org.springframework.boot.test.autoconfigure.actuate.metrics.MetricsExportContextCustomizerFactory$DisableMetricExportContextCustomizer@183e8023, org.springframework.boot.test.autoconfigure.properties.PropertyMappingContextCustomizer@0, org.springframework.boot.test.autoconfigure.web.servlet.WebDriverContextCustomizerFactory$Customizer@56bca85b, org.springframework.boot.test.context.filter.ExcludeFilterContextCustomizer@22b53226, org.springframework.boot.test.json.DuplicateJsonObjectContextCustomizerFactory$DuplicateJsonObjectContextCustomizer@ea9b7c6, org.springframework.boot.test.mock.mockito.MockitoContextCustomizer@0, org.springframework.boot.test.web.client.TestRestTemplateContextCustomizer@41813449, org.springframework.boot.test.context.SpringBootTestArgs@1, org.springframework.boot.test.context.SpringBootTestWebEnvironment@1890516e], resourceBasePath = 'src/main/webapp', contextLoader = 'org.springframework.boot.test.context.SpringBootContextLoader', parent = [null]], attributes = map['org.springframework.test.context.web.ServletTestExecutionListener.activateListener' -> true, 'org.springframework.test.context.web.ServletTestExecutionListener.populatedRequestContextHolder' -> true, 'org.springframework.test.context.web.ServletTestExecutionListener.resetRequestContextHolder' -> true, 'org.springframework.test.context.event.ApplicationEventsTestExecutionListener.recordApplicationEvents' -> false]]
2022-09-01 19:14:19.952  INFO 8084 --- [    Test worker] o.s.t.c.transaction.TransactionContext   : Began transaction (1) for test context [DefaultTestContext@4c2812aa testClass = PostControllerTest, testInstance = umc_sjs.smallestShelter.controller.PostControllerTest@186f7553, testMethod = 게시글조회@PostControllerTest, testException = [null], mergedContextConfiguration = [WebMergedContextConfiguration@47bcd95a testClass = PostControllerTest, locations = '{}', classes = '{class umc_sjs.smallestShelter.SmallestShelterApplication}', contextInitializerClasses = '[]', activeProfiles = '{}', propertySourceLocations = '{}', propertySourceProperties = '{org.springframework.boot.test.context.SpringBootTestContextBootstrapper=true}', contextCustomizers = set[org.springframework.boot.test.autoconfigure.actuate.metrics.MetricsExportContextCustomizerFactory$DisableMetricExportContextCustomizer@183e8023, org.springframework.boot.test.autoconfigure.properties.PropertyMappingContextCustomizer@0, org.springframework.boot.test.autoconfigure.web.servlet.WebDriverContextCustomizerFactory$Customizer@56bca85b, org.springframework.boot.test.context.filter.ExcludeFilterContextCustomizer@22b53226, org.springframework.boot.test.json.DuplicateJsonObjectContextCustomizerFactory$DuplicateJsonObjectContextCustomizer@ea9b7c6, org.springframework.boot.test.mock.mockito.MockitoContextCustomizer@0, org.springframework.boot.test.web.client.TestRestTemplateContextCustomizer@41813449, org.springframework.boot.test.context.SpringBootTestArgs@1, org.springframework.boot.test.context.SpringBootTestWebEnvironment@1890516e], resourceBasePath = 'src/main/webapp', contextLoader = 'org.springframework.boot.test.context.SpringBootContextLoader', parent = [null]], attributes = map['org.springframework.test.context.web.ServletTestExecutionListener.activateListener' -> true, 'org.springframework.test.context.web.ServletTestExecutionListener.populatedRequestContextHolder' -> true, 'org.springframework.test.context.web.ServletTestExecutionListener.resetRequestContextHolder' -> true, 'org.springframework.test.context.event.ApplicationEventsTestExecutionListener.recordApplicationEvents' -> false]]; transaction manager [org.springframework.orm.jpa.JpaTransactionManager@c725dfa]; rollback [true]
2022-09-01 19:14:19.952 DEBUG 8084 --- [    Test worker] org.hibernate.SQL                        : 
    select
        animal0_.animal_idx as animal_i1_0_,
        animal0_.is_guessed as is_guess2_0_,
        animal0_.month as month3_0_,
        animal0_.year as year4_0_,
        animal0_.bark as bark5_0_,
        animal0_.bite as bite6_0_,
        animal0_.create_date as create_d7_0_,
        animal0_.gender as gender8_0_,
        animal0_.is_adopted as is_adopt9_0_,
        animal0_.main_img_url as main_im10_0_,
        animal0_.name as name11_0_,
        animal0_.separation as separat12_0_,
        animal0_.socialization as sociali13_0_,
        animal0_.species as species14_0_,
        animal0_.toilet as toilet15_0_,
        animal0_.upload_user_idx as upload_16_0_ 
    from
        animal animal0_
2022-09-01 19:14:20.024 DEBUG 8084 --- [    Test worker] org.hibernate.SQL                        : 
    select
        post0_.post_idx as post_idx1_3_,
        post0_.animal_idx as animal_i5_3_,
        post0_.content as content2_3_,
        post0_.create_date as create_d3_3_,
        post0_.img_url as img_url4_3_ 
    from
        post post0_
2022-09-01 19:14:20.043 DEBUG 8084 --- [    Test worker] org.hibernate.SQL                        : 
    select
        post0_.post_idx as post_idx1_3_0_,
        animal1_.animal_idx as animal_i1_0_1_,
        post0_.animal_idx as animal_i5_3_0_,
        post0_.content as content2_3_0_,
        post0_.create_date as create_d3_3_0_,
        post0_.img_url as img_url4_3_0_,
        animal1_.is_guessed as is_guess2_0_1_,
        animal1_.month as month3_0_1_,
        animal1_.year as year4_0_1_,
        animal1_.bark as bark5_0_1_,
        animal1_.bite as bite6_0_1_,
        animal1_.create_date as create_d7_0_1_,
        animal1_.gender as gender8_0_1_,
        animal1_.is_adopted as is_adopt9_0_1_,
        animal1_.main_img_url as main_im10_0_1_,
        animal1_.name as name11_0_1_,
        animal1_.separation as separat12_0_1_,
        animal1_.socialization as sociali13_0_1_,
        animal1_.species as species14_0_1_,
        animal1_.toilet as toilet15_0_1_,
        animal1_.upload_user_idx as upload_16_0_1_ 
    from
        post post0_ 
    left outer join
        animal animal1_ 
            on post0_.animal_idx=animal1_.animal_idx 
    where
        post0_.post_idx=?
2022-09-01 19:14:20.077  INFO 8084 --- [    Test worker] o.s.t.c.transaction.TransactionContext   : Rolled back transaction for test: [DefaultTestContext@4c2812aa testClass = PostControllerTest, testInstance = umc_sjs.smallestShelter.controller.PostControllerTest@186f7553, testMethod = 게시글조회@PostControllerTest, testException = [null], mergedContextConfiguration = [WebMergedContextConfiguration@47bcd95a testClass = PostControllerTest, locations = '{}', classes = '{class umc_sjs.smallestShelter.SmallestShelterApplication}', contextInitializerClasses = '[]', activeProfiles = '{}', propertySourceLocations = '{}', propertySourceProperties = '{org.springframework.boot.test.context.SpringBootTestContextBootstrapper=true}', contextCustomizers = set[org.springframework.boot.test.autoconfigure.actuate.metrics.MetricsExportContextCustomizerFactory$DisableMetricExportContextCustomizer@183e8023, org.springframework.boot.test.autoconfigure.properties.PropertyMappingContextCustomizer@0, org.springframework.boot.test.autoconfigure.web.servlet.WebDriverContextCustomizerFactory$Customizer@56bca85b, org.springframework.boot.test.context.filter.ExcludeFilterContextCustomizer@22b53226, org.springframework.boot.test.json.DuplicateJsonObjectContextCustomizerFactory$DuplicateJsonObjectContextCustomizer@ea9b7c6, org.springframework.boot.test.mock.mockito.MockitoContextCustomizer@0, org.springframework.boot.test.web.client.TestRestTemplateContextCustomizer@41813449, org.springframework.boot.test.context.SpringBootTestArgs@1, org.springframework.boot.test.context.SpringBootTestWebEnvironment@1890516e], resourceBasePath = 'src/main/webapp', contextLoader = 'org.springframework.boot.test.context.SpringBootContextLoader', parent = [null]], attributes = map['org.springframework.test.context.web.ServletTestExecutionListener.activateListener' -> true, 'org.springframework.test.context.web.ServletTestExecutionListener.populatedRequestContextHolder' -> true, 'org.springframework.test.context.web.ServletTestExecutionListener.resetRequestContextHolder' -> true, 'org.springframework.test.context.event.ApplicationEventsTestExecutionListener.recordApplicationEvents' -> false]]
2022-09-01 19:14:20.077  INFO 8084 --- [    Test worker] o.s.t.c.transaction.TransactionContext   : Began transaction (1) for test context [DefaultTestContext@4c2812aa testClass = PostControllerTest, testInstance = umc_sjs.smallestShelter.controller.PostControllerTest@26aecf31, testMethod = 게시물삭제@PostControllerTest, testException = [null], mergedContextConfiguration = [WebMergedContextConfiguration@47bcd95a testClass = PostControllerTest, locations = '{}', classes = '{class umc_sjs.smallestShelter.SmallestShelterApplication}', contextInitializerClasses = '[]', activeProfiles = '{}', propertySourceLocations = '{}', propertySourceProperties = '{org.springframework.boot.test.context.SpringBootTestContextBootstrapper=true}', contextCustomizers = set[org.springframework.boot.test.autoconfigure.actuate.metrics.MetricsExportContextCustomizerFactory$DisableMetricExportContextCustomizer@183e8023, org.springframework.boot.test.autoconfigure.properties.PropertyMappingContextCustomizer@0, org.springframework.boot.test.autoconfigure.web.servlet.WebDriverContextCustomizerFactory$Customizer@56bca85b, org.springframework.boot.test.context.filter.ExcludeFilterContextCustomizer@22b53226, org.springframework.boot.test.json.DuplicateJsonObjectContextCustomizerFactory$DuplicateJsonObjectContextCustomizer@ea9b7c6, org.springframework.boot.test.mock.mockito.MockitoContextCustomizer@0, org.springframework.boot.test.web.client.TestRestTemplateContextCustomizer@41813449, org.springframework.boot.test.context.SpringBootTestArgs@1, org.springframework.boot.test.context.SpringBootTestWebEnvironment@1890516e], resourceBasePath = 'src/main/webapp', contextLoader = 'org.springframework.boot.test.context.SpringBootContextLoader', parent = [null]], attributes = map['org.springframework.test.context.web.ServletTestExecutionListener.activateListener' -> true, 'org.springframework.test.context.web.ServletTestExecutionListener.populatedRequestContextHolder' -> true, 'org.springframework.test.context.web.ServletTestExecutionListener.resetRequestContextHolder' -> true, 'org.springframework.test.context.event.ApplicationEventsTestExecutionListener.recordApplicationEvents' -> false]]; transaction manager [org.springframework.orm.jpa.JpaTransactionManager@c725dfa]; rollback [true]
2022-09-01 19:14:20.095 DEBUG 8084 --- [    Test worker] org.hibernate.SQL                        : 
    select
        animal0_.animal_idx as animal_i1_0_,
        animal0_.is_guessed as is_guess2_0_,
        animal0_.month as month3_0_,
        animal0_.year as year4_0_,
        animal0_.bark as bark5_0_,
        animal0_.bite as bite6_0_,
        animal0_.create_date as create_d7_0_,
        animal0_.gender as gender8_0_,
        animal0_.is_adopted as is_adopt9_0_,
        animal0_.main_img_url as main_im10_0_,
        animal0_.name as name11_0_,
        animal0_.separation as separat12_0_,
        animal0_.socialization as sociali13_0_,
        animal0_.species as species14_0_,
        animal0_.toilet as toilet15_0_,
        animal0_.upload_user_idx as upload_16_0_ 
    from
        animal animal0_
2022-09-01 19:14:20.139 DEBUG 8084 --- [    Test worker] org.hibernate.SQL                        : 
    select
        post0_.post_idx as post_idx1_3_,
        post0_.animal_idx as animal_i5_3_,
        post0_.content as content2_3_,
        post0_.create_date as create_d3_3_,
        post0_.img_url as img_url4_3_ 
    from
        post post0_
2022-09-01 19:14:20.165 DEBUG 8084 --- [    Test worker] org.hibernate.SQL                        : 
    select
        animal0_.animal_idx as animal_i1_0_0_,
        illnesslis1_.illness_idx as illness_1_2_1_,
        animal0_.is_guessed as is_guess2_0_0_,
        animal0_.month as month3_0_0_,
        animal0_.year as year4_0_0_,
        animal0_.bark as bark5_0_0_,
        animal0_.bite as bite6_0_0_,
        animal0_.create_date as create_d7_0_0_,
        animal0_.gender as gender8_0_0_,
        animal0_.is_adopted as is_adopt9_0_0_,
        animal0_.main_img_url as main_im10_0_0_,
        animal0_.name as name11_0_0_,
        animal0_.separation as separat12_0_0_,
        animal0_.socialization as sociali13_0_0_,
        animal0_.species as species14_0_0_,
        animal0_.toilet as toilet15_0_0_,
        animal0_.upload_user_idx as upload_16_0_0_,
        illnesslis1_.animal_idx as animal_i3_2_1_,
        illnesslis1_.name as name2_2_1_,
        illnesslis1_.animal_idx as animal_i3_2_0__,
        illnesslis1_.illness_idx as illness_1_2_0__ 
    from
        animal animal0_ 
    left outer join
        illness illnesslis1_ 
            on animal0_.animal_idx=illnesslis1_.animal_idx 
    where
        animal0_.animal_idx=?
2022-09-01 19:14:20.175 DEBUG 8084 --- [    Test worker] org.hibernate.SQL                        : 
    insert 
    into
        post
        (animal_idx, content, create_date, img_url) 
    values
        (?, ?, ?, ?)
2022-09-01 19:14:20.201 DEBUG 8084 --- [    Test worker] org.hibernate.SQL                        : 
    select
        post0_.post_idx as post_idx1_3_0_,
        animal1_.animal_idx as animal_i1_0_1_,
        post0_.animal_idx as animal_i5_3_0_,
        post0_.content as content2_3_0_,
        post0_.create_date as create_d3_3_0_,
        post0_.img_url as img_url4_3_0_,
        animal1_.is_guessed as is_guess2_0_1_,
        animal1_.month as month3_0_1_,
        animal1_.year as year4_0_1_,
        animal1_.bark as bark5_0_1_,
        animal1_.bite as bite6_0_1_,
        animal1_.create_date as create_d7_0_1_,
        animal1_.gender as gender8_0_1_,
        animal1_.is_adopted as is_adopt9_0_1_,
        animal1_.main_img_url as main_im10_0_1_,
        animal1_.name as name11_0_1_,
        animal1_.separation as separat12_0_1_,
        animal1_.socialization as sociali13_0_1_,
        animal1_.species as species14_0_1_,
        animal1_.toilet as toilet15_0_1_,
        animal1_.upload_user_idx as upload_16_0_1_ 
    from
        post post0_ 
    left outer join
        animal animal1_ 
            on post0_.animal_idx=animal1_.animal_idx 
    where
        post0_.post_idx=?
요청에 성공하였습니다.
2022-09-01 19:14:20.229  INFO 8084 --- [    Test worker] o.s.t.c.transaction.TransactionContext   : Rolled back transaction for test: [DefaultTestContext@4c2812aa testClass = PostControllerTest, testInstance = umc_sjs.smallestShelter.controller.PostControllerTest@26aecf31, testMethod = 게시물삭제@PostControllerTest, testException = [null], mergedContextConfiguration = [WebMergedContextConfiguration@47bcd95a testClass = PostControllerTest, locations = '{}', classes = '{class umc_sjs.smallestShelter.SmallestShelterApplication}', contextInitializerClasses = '[]', activeProfiles = '{}', propertySourceLocations = '{}', propertySourceProperties = '{org.springframework.boot.test.context.SpringBootTestContextBootstrapper=true}', contextCustomizers = set[org.springframework.boot.test.autoconfigure.actuate.metrics.MetricsExportContextCustomizerFactory$DisableMetricExportContextCustomizer@183e8023, org.springframework.boot.test.autoconfigure.properties.PropertyMappingContextCustomizer@0, org.springframework.boot.test.autoconfigure.web.servlet.WebDriverContextCustomizerFactory$Customizer@56bca85b, org.springframework.boot.test.context.filter.ExcludeFilterContextCustomizer@22b53226, org.springframework.boot.test.json.DuplicateJsonObjectContextCustomizerFactory$DuplicateJsonObjectContextCustomizer@ea9b7c6, org.springframework.boot.test.mock.mockito.MockitoContextCustomizer@0, org.springframework.boot.test.web.client.TestRestTemplateContextCustomizer@41813449, org.springframework.boot.test.context.SpringBootTestArgs@1, org.springframework.boot.test.context.SpringBootTestWebEnvironment@1890516e], resourceBasePath = 'src/main/webapp', contextLoader = 'org.springframework.boot.test.context.SpringBootContextLoader', parent = [null]], attributes = map['org.springframework.test.context.web.ServletTestExecutionListener.activateListener' -> true, 'org.springframework.test.context.web.ServletTestExecutionListener.populatedRequestContextHolder' -> true, 'org.springframework.test.context.web.ServletTestExecutionListener.resetRequestContextHolder' -> true, 'org.springframework.test.context.event.ApplicationEventsTestExecutionListener.recordApplicationEvents' -> false]]
2022-09-01 19:14:20.249  INFO 8084 --- [    Test worker] o.s.t.c.transaction.TransactionContext   : Began transaction (1) for test context [DefaultTestContext@4c2812aa testClass = PostControllerTest, testInstance = umc_sjs.smallestShelter.controller.PostControllerTest@5eace68f, testMethod = 게시물수정@PostControllerTest, testException = [null], mergedContextConfiguration = [WebMergedContextConfiguration@47bcd95a testClass = PostControllerTest, locations = '{}', classes = '{class umc_sjs.smallestShelter.SmallestShelterApplication}', contextInitializerClasses = '[]', activeProfiles = '{}', propertySourceLocations = '{}', propertySourceProperties = '{org.springframework.boot.test.context.SpringBootTestContextBootstrapper=true}', contextCustomizers = set[org.springframework.boot.test.autoconfigure.actuate.metrics.MetricsExportContextCustomizerFactory$DisableMetricExportContextCustomizer@183e8023, org.springframework.boot.test.autoconfigure.properties.PropertyMappingContextCustomizer@0, org.springframework.boot.test.autoconfigure.web.servlet.WebDriverContextCustomizerFactory$Customizer@56bca85b, org.springframework.boot.test.context.filter.ExcludeFilterContextCustomizer@22b53226, org.springframework.boot.test.json.DuplicateJsonObjectContextCustomizerFactory$DuplicateJsonObjectContextCustomizer@ea9b7c6, org.springframework.boot.test.mock.mockito.MockitoContextCustomizer@0, org.springframework.boot.test.web.client.TestRestTemplateContextCustomizer@41813449, org.springframework.boot.test.context.SpringBootTestArgs@1, org.springframework.boot.test.context.SpringBootTestWebEnvironment@1890516e], resourceBasePath = 'src/main/webapp', contextLoader = 'org.springframework.boot.test.context.SpringBootContextLoader', parent = [null]], attributes = map['org.springframework.test.context.web.ServletTestExecutionListener.activateListener' -> true, 'org.springframework.test.context.web.ServletTestExecutionListener.populatedRequestContextHolder' -> true, 'org.springframework.test.context.web.ServletTestExecutionListener.resetRequestContextHolder' -> true, 'org.springframework.test.context.event.ApplicationEventsTestExecutionListener.recordApplicationEvents' -> false]]; transaction manager [org.springframework.orm.jpa.JpaTransactionManager@c725dfa]; rollback [true]
2022-09-01 19:14:20.249 DEBUG 8084 --- [    Test worker] org.hibernate.SQL                        : 
    select
        animal0_.animal_idx as animal_i1_0_,
        animal0_.is_guessed as is_guess2_0_,
        animal0_.month as month3_0_,
        animal0_.year as year4_0_,
        animal0_.bark as bark5_0_,
        animal0_.bite as bite6_0_,
        animal0_.create_date as create_d7_0_,
        animal0_.gender as gender8_0_,
        animal0_.is_adopted as is_adopt9_0_,
        animal0_.main_img_url as main_im10_0_,
        animal0_.name as name11_0_,
        animal0_.separation as separat12_0_,
        animal0_.socialization as sociali13_0_,
        animal0_.species as species14_0_,
        animal0_.toilet as toilet15_0_,
        animal0_.upload_user_idx as upload_16_0_ 
    from
        animal animal0_
2022-09-01 19:14:20.288 DEBUG 8084 --- [    Test worker] org.hibernate.SQL                        : 
    select
        post0_.post_idx as post_idx1_3_,
        post0_.animal_idx as animal_i5_3_,
        post0_.content as content2_3_,
        post0_.create_date as create_d3_3_,
        post0_.img_url as img_url4_3_ 
    from
        post post0_
2022-09-01 19:14:20.306 DEBUG 8084 --- [    Test worker] org.hibernate.SQL                        : 
    select
        post0_.post_idx as post_idx1_3_0_,
        animal1_.animal_idx as animal_i1_0_1_,
        post0_.animal_idx as animal_i5_3_0_,
        post0_.content as content2_3_0_,
        post0_.create_date as create_d3_3_0_,
        post0_.img_url as img_url4_3_0_,
        animal1_.is_guessed as is_guess2_0_1_,
        animal1_.month as month3_0_1_,
        animal1_.year as year4_0_1_,
        animal1_.bark as bark5_0_1_,
        animal1_.bite as bite6_0_1_,
        animal1_.create_date as create_d7_0_1_,
        animal1_.gender as gender8_0_1_,
        animal1_.is_adopted as is_adopt9_0_1_,
        animal1_.main_img_url as main_im10_0_1_,
        animal1_.name as name11_0_1_,
        animal1_.separation as separat12_0_1_,
        animal1_.socialization as sociali13_0_1_,
        animal1_.species as species14_0_1_,
        animal1_.toilet as toilet15_0_1_,
        animal1_.upload_user_idx as upload_16_0_1_ 
    from
        post post0_ 
    left outer join
        animal animal1_ 
            on post0_.animal_idx=animal1_.animal_idx 
    where
        post0_.post_idx=?
2022-09-01 19:14:20.349  INFO 8084 --- [    Test worker] o.s.t.c.transaction.TransactionContext   : Rolled back transaction for test: [DefaultTestContext@4c2812aa testClass = PostControllerTest, testInstance = umc_sjs.smallestShelter.controller.PostControllerTest@5eace68f, testMethod = 게시물수정@PostControllerTest, testException = [null], mergedContextConfiguration = [WebMergedContextConfiguration@47bcd95a testClass = PostControllerTest, locations = '{}', classes = '{class umc_sjs.smallestShelter.SmallestShelterApplication}', contextInitializerClasses = '[]', activeProfiles = '{}', propertySourceLocations = '{}', propertySourceProperties = '{org.springframework.boot.test.context.SpringBootTestContextBootstrapper=true}', contextCustomizers = set[org.springframework.boot.test.autoconfigure.actuate.metrics.MetricsExportContextCustomizerFactory$DisableMetricExportContextCustomizer@183e8023, org.springframework.boot.test.autoconfigure.properties.PropertyMappingContextCustomizer@0, org.springframework.boot.test.autoconfigure.web.servlet.WebDriverContextCustomizerFactory$Customizer@56bca85b, org.springframework.boot.test.context.filter.ExcludeFilterContextCustomizer@22b53226, org.springframework.boot.test.json.DuplicateJsonObjectContextCustomizerFactory$DuplicateJsonObjectContextCustomizer@ea9b7c6, org.springframework.boot.test.mock.mockito.MockitoContextCustomizer@0, org.springframework.boot.test.web.client.TestRestTemplateContextCustomizer@41813449, org.springframework.boot.test.context.SpringBootTestArgs@1, org.springframework.boot.test.context.SpringBootTestWebEnvironment@1890516e], resourceBasePath = 'src/main/webapp', contextLoader = 'org.springframework.boot.test.context.SpringBootContextLoader', parent = [null]], attributes = map['org.springframework.test.context.web.ServletTestExecutionListener.activateListener' -> true, 'org.springframework.test.context.web.ServletTestExecutionListener.populatedRequestContextHolder' -> true, 'org.springframework.test.context.web.ServletTestExecutionListener.resetRequestContextHolder' -> true, 'org.springframework.test.context.event.ApplicationEventsTestExecutionListener.recordApplicationEvents' -> false]]
2022-09-01 19:14:20.350  INFO 8084 --- [    Test worker] o.s.t.c.transaction.TransactionContext   : Began transaction (1) for test context [DefaultTestContext@4c2812aa testClass = PostControllerTest, testInstance = umc_sjs.smallestShelter.controller.PostControllerTest@3c2654e, testMethod = 게시글조회_x_없는게시물조회@PostControllerTest, testException = [null], mergedContextConfiguration = [WebMergedContextConfiguration@47bcd95a testClass = PostControllerTest, locations = '{}', classes = '{class umc_sjs.smallestShelter.SmallestShelterApplication}', contextInitializerClasses = '[]', activeProfiles = '{}', propertySourceLocations = '{}', propertySourceProperties = '{org.springframework.boot.test.context.SpringBootTestContextBootstrapper=true}', contextCustomizers = set[org.springframework.boot.test.autoconfigure.actuate.metrics.MetricsExportContextCustomizerFactory$DisableMetricExportContextCustomizer@183e8023, org.springframework.boot.test.autoconfigure.properties.PropertyMappingContextCustomizer@0, org.springframework.boot.test.autoconfigure.web.servlet.WebDriverContextCustomizerFactory$Customizer@56bca85b, org.springframework.boot.test.context.filter.ExcludeFilterContextCustomizer@22b53226, org.springframework.boot.test.json.DuplicateJsonObjectContextCustomizerFactory$DuplicateJsonObjectContextCustomizer@ea9b7c6, org.springframework.boot.test.mock.mockito.MockitoContextCustomizer@0, org.springframework.boot.test.web.client.TestRestTemplateContextCustomizer@41813449, org.springframework.boot.test.context.SpringBootTestArgs@1, org.springframework.boot.test.context.SpringBootTestWebEnvironment@1890516e], resourceBasePath = 'src/main/webapp', contextLoader = 'org.springframework.boot.test.context.SpringBootContextLoader', parent = [null]], attributes = map['org.springframework.test.context.web.ServletTestExecutionListener.activateListener' -> true, 'org.springframework.test.context.web.ServletTestExecutionListener.populatedRequestContextHolder' -> true, 'org.springframework.test.context.web.ServletTestExecutionListener.resetRequestContextHolder' -> true, 'org.springframework.test.context.event.ApplicationEventsTestExecutionListener.recordApplicationEvents' -> false]]; transaction manager [org.springframework.orm.jpa.JpaTransactionManager@c725dfa]; rollback [true]
2022-09-01 19:14:20.350 DEBUG 8084 --- [    Test worker] org.hibernate.SQL                        : 
    select
        animal0_.animal_idx as animal_i1_0_,
        animal0_.is_guessed as is_guess2_0_,
        animal0_.month as month3_0_,
        animal0_.year as year4_0_,
        animal0_.bark as bark5_0_,
        animal0_.bite as bite6_0_,
        animal0_.create_date as create_d7_0_,
        animal0_.gender as gender8_0_,
        animal0_.is_adopted as is_adopt9_0_,
        animal0_.main_img_url as main_im10_0_,
        animal0_.name as name11_0_,
        animal0_.separation as separat12_0_,
        animal0_.socialization as sociali13_0_,
        animal0_.species as species14_0_,
        animal0_.toilet as toilet15_0_,
        animal0_.upload_user_idx as upload_16_0_ 
    from
        animal animal0_
2022-09-01 19:14:20.397 DEBUG 8084 --- [    Test worker] org.hibernate.SQL                        : 
    select
        post0_.post_idx as post_idx1_3_,
        post0_.animal_idx as animal_i5_3_,
        post0_.content as content2_3_,
        post0_.create_date as create_d3_3_,
        post0_.img_url as img_url4_3_ 
    from
        post post0_
2022-09-01 19:14:20.414 DEBUG 8084 --- [    Test worker] org.hibernate.SQL                        : 
    select
        post0_.post_idx as post_idx1_3_0_,
        animal1_.animal_idx as animal_i1_0_1_,
        post0_.animal_idx as animal_i5_3_0_,
        post0_.content as content2_3_0_,
        post0_.create_date as create_d3_3_0_,
        post0_.img_url as img_url4_3_0_,
        animal1_.is_guessed as is_guess2_0_1_,
        animal1_.month as month3_0_1_,
        animal1_.year as year4_0_1_,
        animal1_.bark as bark5_0_1_,
        animal1_.bite as bite6_0_1_,
        animal1_.create_date as create_d7_0_1_,
        animal1_.gender as gender8_0_1_,
        animal1_.is_adopted as is_adopt9_0_1_,
        animal1_.main_img_url as main_im10_0_1_,
        animal1_.name as name11_0_1_,
        animal1_.separation as separat12_0_1_,
        animal1_.socialization as sociali13_0_1_,
        animal1_.species as species14_0_1_,
        animal1_.toilet as toilet15_0_1_,
        animal1_.upload_user_idx as upload_16_0_1_ 
    from
        post post0_ 
    left outer join
        animal animal1_ 
            on post0_.animal_idx=animal1_.animal_idx 
    where
        post0_.post_idx=?
해당하는 게시물이 존재하지 않습니다
2022-09-01 19:14:20.435  INFO 8084 --- [    Test worker] o.s.t.c.transaction.TransactionContext   : Rolled back transaction for test: [DefaultTestContext@4c2812aa testClass = PostControllerTest, testInstance = umc_sjs.smallestShelter.controller.PostControllerTest@3c2654e, testMethod = 게시글조회_x_없는게시물조회@PostControllerTest, testException = [null], mergedContextConfiguration = [WebMergedContextConfiguration@47bcd95a testClass = PostControllerTest, locations = '{}', classes = '{class umc_sjs.smallestShelter.SmallestShelterApplication}', contextInitializerClasses = '[]', activeProfiles = '{}', propertySourceLocations = '{}', propertySourceProperties = '{org.springframework.boot.test.context.SpringBootTestContextBootstrapper=true}', contextCustomizers = set[org.springframework.boot.test.autoconfigure.actuate.metrics.MetricsExportContextCustomizerFactory$DisableMetricExportContextCustomizer@183e8023, org.springframework.boot.test.autoconfigure.properties.PropertyMappingContextCustomizer@0, org.springframework.boot.test.autoconfigure.web.servlet.WebDriverContextCustomizerFactory$Customizer@56bca85b, org.springframework.boot.test.context.filter.ExcludeFilterContextCustomizer@22b53226, org.springframework.boot.test.json.DuplicateJsonObjectContextCustomizerFactory$DuplicateJsonObjectContextCustomizer@ea9b7c6, org.springframework.boot.test.mock.mockito.MockitoContextCustomizer@0, org.springframework.boot.test.web.client.TestRestTemplateContextCustomizer@41813449, org.springframework.boot.test.context.SpringBootTestArgs@1, org.springframework.boot.test.context.SpringBootTestWebEnvironment@1890516e], resourceBasePath = 'src/main/webapp', contextLoader = 'org.springframework.boot.test.context.SpringBootContextLoader', parent = [null]], attributes = map['org.springframework.test.context.web.ServletTestExecutionListener.activateListener' -> true, 'org.springframework.test.context.web.ServletTestExecutionListener.populatedRequestContextHolder' -> true, 'org.springframework.test.context.web.ServletTestExecutionListener.resetRequestContextHolder' -> true, 'org.springframework.test.context.event.ApplicationEventsTestExecutionListener.recordApplicationEvents' -> false]]
2022-09-01 19:14:20.455  INFO 8084 --- [    Test worker] o.s.t.c.transaction.TransactionContext   : Began transaction (1) for test context [DefaultTestContext@4c2812aa testClass = PostControllerTest, testInstance = umc_sjs.smallestShelter.controller.PostControllerTest@26a2106e, testMethod = 게시물삭제_x_일치하지않는동물idx@PostControllerTest, testException = [null], mergedContextConfiguration = [WebMergedContextConfiguration@47bcd95a testClass = PostControllerTest, locations = '{}', classes = '{class umc_sjs.smallestShelter.SmallestShelterApplication}', contextInitializerClasses = '[]', activeProfiles = '{}', propertySourceLocations = '{}', propertySourceProperties = '{org.springframework.boot.test.context.SpringBootTestContextBootstrapper=true}', contextCustomizers = set[org.springframework.boot.test.autoconfigure.actuate.metrics.MetricsExportContextCustomizerFactory$DisableMetricExportContextCustomizer@183e8023, org.springframework.boot.test.autoconfigure.properties.PropertyMappingContextCustomizer@0, org.springframework.boot.test.autoconfigure.web.servlet.WebDriverContextCustomizerFactory$Customizer@56bca85b, org.springframework.boot.test.context.filter.ExcludeFilterContextCustomizer@22b53226, org.springframework.boot.test.json.DuplicateJsonObjectContextCustomizerFactory$DuplicateJsonObjectContextCustomizer@ea9b7c6, org.springframework.boot.test.mock.mockito.MockitoContextCustomizer@0, org.springframework.boot.test.web.client.TestRestTemplateContextCustomizer@41813449, org.springframework.boot.test.context.SpringBootTestArgs@1, org.springframework.boot.test.context.SpringBootTestWebEnvironment@1890516e], resourceBasePath = 'src/main/webapp', contextLoader = 'org.springframework.boot.test.context.SpringBootContextLoader', parent = [null]], attributes = map['org.springframework.test.context.web.ServletTestExecutionListener.activateListener' -> true, 'org.springframework.test.context.web.ServletTestExecutionListener.populatedRequestContextHolder' -> true, 'org.springframework.test.context.web.ServletTestExecutionListener.resetRequestContextHolder' -> true, 'org.springframework.test.context.event.ApplicationEventsTestExecutionListener.recordApplicationEvents' -> false]]; transaction manager [org.springframework.orm.jpa.JpaTransactionManager@c725dfa]; rollback [true]
2022-09-01 19:14:20.455 DEBUG 8084 --- [    Test worker] org.hibernate.SQL                        : 
    select
        animal0_.animal_idx as animal_i1_0_,
        animal0_.is_guessed as is_guess2_0_,
        animal0_.month as month3_0_,
        animal0_.year as year4_0_,
        animal0_.bark as bark5_0_,
        animal0_.bite as bite6_0_,
        animal0_.create_date as create_d7_0_,
        animal0_.gender as gender8_0_,
        animal0_.is_adopted as is_adopt9_0_,
        animal0_.main_img_url as main_im10_0_,
        animal0_.name as name11_0_,
        animal0_.separation as separat12_0_,
        animal0_.socialization as sociali13_0_,
        animal0_.species as species14_0_,
        animal0_.toilet as toilet15_0_,
        animal0_.upload_user_idx as upload_16_0_ 
    from
        animal animal0_
2022-09-01 19:14:20.495 DEBUG 8084 --- [    Test worker] org.hibernate.SQL                        : 
    select
        post0_.post_idx as post_idx1_3_,
        post0_.animal_idx as animal_i5_3_,
        post0_.content as content2_3_,
        post0_.create_date as create_d3_3_,
        post0_.img_url as img_url4_3_ 
    from
        post post0_
2022-09-01 19:14:20.500 DEBUG 8084 --- [    Test worker] org.hibernate.SQL                        : 
    select
        post0_.post_idx as post_idx1_3_0_,
        animal1_.animal_idx as animal_i1_0_1_,
        post0_.animal_idx as animal_i5_3_0_,
        post0_.content as content2_3_0_,
        post0_.create_date as create_d3_3_0_,
        post0_.img_url as img_url4_3_0_,
        animal1_.is_guessed as is_guess2_0_1_,
        animal1_.month as month3_0_1_,
        animal1_.year as year4_0_1_,
        animal1_.bark as bark5_0_1_,
        animal1_.bite as bite6_0_1_,
        animal1_.create_date as create_d7_0_1_,
        animal1_.gender as gender8_0_1_,
        animal1_.is_adopted as is_adopt9_0_1_,
        animal1_.main_img_url as main_im10_0_1_,
        animal1_.name as name11_0_1_,
        animal1_.separation as separat12_0_1_,
        animal1_.socialization as sociali13_0_1_,
        animal1_.species as species14_0_1_,
        animal1_.toilet as toilet15_0_1_,
        animal1_.upload_user_idx as upload_16_0_1_ 
    from
        post post0_ 
    left outer join
        animal animal1_ 
            on post0_.animal_idx=animal1_.animal_idx 
    where
        post0_.post_idx=?
해당 동물의 게시물의 아닙니다: idx 불일치
2022-09-01 19:14:20.537  INFO 8084 --- [    Test worker] o.s.t.c.transaction.TransactionContext   : Rolled back transaction for test: [DefaultTestContext@4c2812aa testClass = PostControllerTest, testInstance = umc_sjs.smallestShelter.controller.PostControllerTest@26a2106e, testMethod = 게시물삭제_x_일치하지않는동물idx@PostControllerTest, testException = [null], mergedContextConfiguration = [WebMergedContextConfiguration@47bcd95a testClass = PostControllerTest, locations = '{}', classes = '{class umc_sjs.smallestShelter.SmallestShelterApplication}', contextInitializerClasses = '[]', activeProfiles = '{}', propertySourceLocations = '{}', propertySourceProperties = '{org.springframework.boot.test.context.SpringBootTestContextBootstrapper=true}', contextCustomizers = set[org.springframework.boot.test.autoconfigure.actuate.metrics.MetricsExportContextCustomizerFactory$DisableMetricExportContextCustomizer@183e8023, org.springframework.boot.test.autoconfigure.properties.PropertyMappingContextCustomizer@0, org.springframework.boot.test.autoconfigure.web.servlet.WebDriverContextCustomizerFactory$Customizer@56bca85b, org.springframework.boot.test.context.filter.ExcludeFilterContextCustomizer@22b53226, org.springframework.boot.test.json.DuplicateJsonObjectContextCustomizerFactory$DuplicateJsonObjectContextCustomizer@ea9b7c6, org.springframework.boot.test.mock.mockito.MockitoContextCustomizer@0, org.springframework.boot.test.web.client.TestRestTemplateContextCustomizer@41813449, org.springframework.boot.test.context.SpringBootTestArgs@1, org.springframework.boot.test.context.SpringBootTestWebEnvironment@1890516e], resourceBasePath = 'src/main/webapp', contextLoader = 'org.springframework.boot.test.context.SpringBootContextLoader', parent = [null]], attributes = map['org.springframework.test.context.web.ServletTestExecutionListener.activateListener' -> true, 'org.springframework.test.context.web.ServletTestExecutionListener.populatedRequestContextHolder' -> true, 'org.springframework.test.context.web.ServletTestExecutionListener.resetRequestContextHolder' -> true, 'org.springframework.test.context.event.ApplicationEventsTestExecutionListener.recordApplicationEvents' -> false]]
2022-09-01 19:14:20.551  INFO 8084 --- [    Test worker] o.s.t.c.transaction.TransactionContext   : Began transaction (1) for test context [DefaultTestContext@4c2812aa testClass = PostControllerTest, testInstance = umc_sjs.smallestShelter.controller.PostControllerTest@649df002, testMethod = 게시글생성_X_이미지없음_null@PostControllerTest, testException = [null], mergedContextConfiguration = [WebMergedContextConfiguration@47bcd95a testClass = PostControllerTest, locations = '{}', classes = '{class umc_sjs.smallestShelter.SmallestShelterApplication}', contextInitializerClasses = '[]', activeProfiles = '{}', propertySourceLocations = '{}', propertySourceProperties = '{org.springframework.boot.test.context.SpringBootTestContextBootstrapper=true}', contextCustomizers = set[org.springframework.boot.test.autoconfigure.actuate.metrics.MetricsExportContextCustomizerFactory$DisableMetricExportContextCustomizer@183e8023, org.springframework.boot.test.autoconfigure.properties.PropertyMappingContextCustomizer@0, org.springframework.boot.test.autoconfigure.web.servlet.WebDriverContextCustomizerFactory$Customizer@56bca85b, org.springframework.boot.test.context.filter.ExcludeFilterContextCustomizer@22b53226, org.springframework.boot.test.json.DuplicateJsonObjectContextCustomizerFactory$DuplicateJsonObjectContextCustomizer@ea9b7c6, org.springframework.boot.test.mock.mockito.MockitoContextCustomizer@0, org.springframework.boot.test.web.client.TestRestTemplateContextCustomizer@41813449, org.springframework.boot.test.context.SpringBootTestArgs@1, org.springframework.boot.test.context.SpringBootTestWebEnvironment@1890516e], resourceBasePath = 'src/main/webapp', contextLoader = 'org.springframework.boot.test.context.SpringBootContextLoader', parent = [null]], attributes = map['org.springframework.test.context.web.ServletTestExecutionListener.activateListener' -> true, 'org.springframework.test.context.web.ServletTestExecutionListener.populatedRequestContextHolder' -> true, 'org.springframework.test.context.web.ServletTestExecutionListener.resetRequestContextHolder' -> true, 'org.springframework.test.context.event.ApplicationEventsTestExecutionListener.recordApplicationEvents' -> false]]; transaction manager [org.springframework.orm.jpa.JpaTransactionManager@c725dfa]; rollback [true]
2022-09-01 19:14:20.554 DEBUG 8084 --- [    Test worker] org.hibernate.SQL                        : 
    select
        animal0_.animal_idx as animal_i1_0_,
        animal0_.is_guessed as is_guess2_0_,
        animal0_.month as month3_0_,
        animal0_.year as year4_0_,
        animal0_.bark as bark5_0_,
        animal0_.bite as bite6_0_,
        animal0_.create_date as create_d7_0_,
        animal0_.gender as gender8_0_,
        animal0_.is_adopted as is_adopt9_0_,
        animal0_.main_img_url as main_im10_0_,
        animal0_.name as name11_0_,
        animal0_.separation as separat12_0_,
        animal0_.socialization as sociali13_0_,
        animal0_.species as species14_0_,
        animal0_.toilet as toilet15_0_,
        animal0_.upload_user_idx as upload_16_0_ 
    from
        animal animal0_
2022-09-01 19:14:20.586 DEBUG 8084 --- [    Test worker] org.hibernate.SQL                        : 
    select
        post0_.post_idx as post_idx1_3_,
        post0_.animal_idx as animal_i5_3_,
        post0_.content as content2_3_,
        post0_.create_date as create_d3_3_,
        post0_.img_url as img_url4_3_ 
    from
        post post0_
게시물에 이미지가 없습니다
2022-09-01 19:14:20.603  INFO 8084 --- [    Test worker] o.s.t.c.transaction.TransactionContext   : Rolled back transaction for test: [DefaultTestContext@4c2812aa testClass = PostControllerTest, testInstance = umc_sjs.smallestShelter.controller.PostControllerTest@649df002, testMethod = 게시글생성_X_이미지없음_null@PostControllerTest, testException = [null], mergedContextConfiguration = [WebMergedContextConfiguration@47bcd95a testClass = PostControllerTest, locations = '{}', classes = '{class umc_sjs.smallestShelter.SmallestShelterApplication}', contextInitializerClasses = '[]', activeProfiles = '{}', propertySourceLocations = '{}', propertySourceProperties = '{org.springframework.boot.test.context.SpringBootTestContextBootstrapper=true}', contextCustomizers = set[org.springframework.boot.test.autoconfigure.actuate.metrics.MetricsExportContextCustomizerFactory$DisableMetricExportContextCustomizer@183e8023, org.springframework.boot.test.autoconfigure.properties.PropertyMappingContextCustomizer@0, org.springframework.boot.test.autoconfigure.web.servlet.WebDriverContextCustomizerFactory$Customizer@56bca85b, org.springframework.boot.test.context.filter.ExcludeFilterContextCustomizer@22b53226, org.springframework.boot.test.json.DuplicateJsonObjectContextCustomizerFactory$DuplicateJsonObjectContextCustomizer@ea9b7c6, org.springframework.boot.test.mock.mockito.MockitoContextCustomizer@0, org.springframework.boot.test.web.client.TestRestTemplateContextCustomizer@41813449, org.springframework.boot.test.context.SpringBootTestArgs@1, org.springframework.boot.test.context.SpringBootTestWebEnvironment@1890516e], resourceBasePath = 'src/main/webapp', contextLoader = 'org.springframework.boot.test.context.SpringBootContextLoader', parent = [null]], attributes = map['org.springframework.test.context.web.ServletTestExecutionListener.activateListener' -> true, 'org.springframework.test.context.web.ServletTestExecutionListener.populatedRequestContextHolder' -> true, 'org.springframework.test.context.web.ServletTestExecutionListener.resetRequestContextHolder' -> true, 'org.springframework.test.context.event.ApplicationEventsTestExecutionListener.recordApplicationEvents' -> false]]
2022-09-01 19:14:20.624  INFO 8084 --- [    Test worker] o.s.t.c.transaction.TransactionContext   : Began transaction (1) for test context [DefaultTestContext@4c2812aa testClass = PostControllerTest, testInstance = umc_sjs.smallestShelter.controller.PostControllerTest@1447bef2, testMethod = 게시물수정_x_없는게시물@PostControllerTest, testException = [null], mergedContextConfiguration = [WebMergedContextConfiguration@47bcd95a testClass = PostControllerTest, locations = '{}', classes = '{class umc_sjs.smallestShelter.SmallestShelterApplication}', contextInitializerClasses = '[]', activeProfiles = '{}', propertySourceLocations = '{}', propertySourceProperties = '{org.springframework.boot.test.context.SpringBootTestContextBootstrapper=true}', contextCustomizers = set[org.springframework.boot.test.autoconfigure.actuate.metrics.MetricsExportContextCustomizerFactory$DisableMetricExportContextCustomizer@183e8023, org.springframework.boot.test.autoconfigure.properties.PropertyMappingContextCustomizer@0, org.springframework.boot.test.autoconfigure.web.servlet.WebDriverContextCustomizerFactory$Customizer@56bca85b, org.springframework.boot.test.context.filter.ExcludeFilterContextCustomizer@22b53226, org.springframework.boot.test.json.DuplicateJsonObjectContextCustomizerFactory$DuplicateJsonObjectContextCustomizer@ea9b7c6, org.springframework.boot.test.mock.mockito.MockitoContextCustomizer@0, org.springframework.boot.test.web.client.TestRestTemplateContextCustomizer@41813449, org.springframework.boot.test.context.SpringBootTestArgs@1, org.springframework.boot.test.context.SpringBootTestWebEnvironment@1890516e], resourceBasePath = 'src/main/webapp', contextLoader = 'org.springframework.boot.test.context.SpringBootContextLoader', parent = [null]], attributes = map['org.springframework.test.context.web.ServletTestExecutionListener.activateListener' -> true, 'org.springframework.test.context.web.ServletTestExecutionListener.populatedRequestContextHolder' -> true, 'org.springframework.test.context.web.ServletTestExecutionListener.resetRequestContextHolder' -> true, 'org.springframework.test.context.event.ApplicationEventsTestExecutionListener.recordApplicationEvents' -> false]]; transaction manager [org.springframework.orm.jpa.JpaTransactionManager@c725dfa]; rollback [true]
2022-09-01 19:14:20.624 DEBUG 8084 --- [    Test worker] org.hibernate.SQL                        : 
    select
        animal0_.animal_idx as animal_i1_0_,
        animal0_.is_guessed as is_guess2_0_,
        animal0_.month as month3_0_,
        animal0_.year as year4_0_,
        animal0_.bark as bark5_0_,
        animal0_.bite as bite6_0_,
        animal0_.create_date as create_d7_0_,
        animal0_.gender as gender8_0_,
        animal0_.is_adopted as is_adopt9_0_,
        animal0_.main_img_url as main_im10_0_,
        animal0_.name as name11_0_,
        animal0_.separation as separat12_0_,
        animal0_.socialization as sociali13_0_,
        animal0_.species as species14_0_,
        animal0_.toilet as toilet15_0_,
        animal0_.upload_user_idx as upload_16_0_ 
    from
        animal animal0_
2022-09-01 19:14:20.661 DEBUG 8084 --- [    Test worker] org.hibernate.SQL                        : 
    select
        post0_.post_idx as post_idx1_3_,
        post0_.animal_idx as animal_i5_3_,
        post0_.content as content2_3_,
        post0_.create_date as create_d3_3_,
        post0_.img_url as img_url4_3_ 
    from
        post post0_
2022-09-01 19:14:20.678 DEBUG 8084 --- [    Test worker] org.hibernate.SQL                        : 
    select
        post0_.post_idx as post_idx1_3_0_,
        animal1_.animal_idx as animal_i1_0_1_,
        post0_.animal_idx as animal_i5_3_0_,
        post0_.content as content2_3_0_,
        post0_.create_date as create_d3_3_0_,
        post0_.img_url as img_url4_3_0_,
        animal1_.is_guessed as is_guess2_0_1_,
        animal1_.month as month3_0_1_,
        animal1_.year as year4_0_1_,
        animal1_.bark as bark5_0_1_,
        animal1_.bite as bite6_0_1_,
        animal1_.create_date as create_d7_0_1_,
        animal1_.gender as gender8_0_1_,
        animal1_.is_adopted as is_adopt9_0_1_,
        animal1_.main_img_url as main_im10_0_1_,
        animal1_.name as name11_0_1_,
        animal1_.separation as separat12_0_1_,
        animal1_.socialization as sociali13_0_1_,
        animal1_.species as species14_0_1_,
        animal1_.toilet as toilet15_0_1_,
        animal1_.upload_user_idx as upload_16_0_1_ 
    from
        post post0_ 
    left outer join
        animal animal1_ 
            on post0_.animal_idx=animal1_.animal_idx 
    where
        post0_.post_idx=?
해당하는 게시물이 존재하지 않습니다
2022-09-01 19:14:20.703  INFO 8084 --- [    Test worker] o.s.t.c.transaction.TransactionContext   : Rolled back transaction for test: [DefaultTestContext@4c2812aa testClass = PostControllerTest, testInstance = umc_sjs.smallestShelter.controller.PostControllerTest@1447bef2, testMethod = 게시물수정_x_없는게시물@PostControllerTest, testException = [null], mergedContextConfiguration = [WebMergedContextConfiguration@47bcd95a testClass = PostControllerTest, locations = '{}', classes = '{class umc_sjs.smallestShelter.SmallestShelterApplication}', contextInitializerClasses = '[]', activeProfiles = '{}', propertySourceLocations = '{}', propertySourceProperties = '{org.springframework.boot.test.context.SpringBootTestContextBootstrapper=true}', contextCustomizers = set[org.springframework.boot.test.autoconfigure.actuate.metrics.MetricsExportContextCustomizerFactory$DisableMetricExportContextCustomizer@183e8023, org.springframework.boot.test.autoconfigure.properties.PropertyMappingContextCustomizer@0, org.springframework.boot.test.autoconfigure.web.servlet.WebDriverContextCustomizerFactory$Customizer@56bca85b, org.springframework.boot.test.context.filter.ExcludeFilterContextCustomizer@22b53226, org.springframework.boot.test.json.DuplicateJsonObjectContextCustomizerFactory$DuplicateJsonObjectContextCustomizer@ea9b7c6, org.springframework.boot.test.mock.mockito.MockitoContextCustomizer@0, org.springframework.boot.test.web.client.TestRestTemplateContextCustomizer@41813449, org.springframework.boot.test.context.SpringBootTestArgs@1, org.springframework.boot.test.context.SpringBootTestWebEnvironment@1890516e], resourceBasePath = 'src/main/webapp', contextLoader = 'org.springframework.boot.test.context.SpringBootContextLoader', parent = [null]], attributes = map['org.springframework.test.context.web.ServletTestExecutionListener.activateListener' -> true, 'org.springframework.test.context.web.ServletTestExecutionListener.populatedRequestContextHolder' -> true, 'org.springframework.test.context.web.ServletTestExecutionListener.resetRequestContextHolder' -> true, 'org.springframework.test.context.event.ApplicationEventsTestExecutionListener.recordApplicationEvents' -> false]]
2022-09-01 19:14:20.705  INFO 8084 --- [    Test worker] o.s.t.c.transaction.TransactionContext   : Began transaction (1) for test context [DefaultTestContext@4c2812aa testClass = PostControllerTest, testInstance = umc_sjs.smallestShelter.controller.PostControllerTest@1ec22804, testMethod = 게시물수정_x_이미지없음@PostControllerTest, testException = [null], mergedContextConfiguration = [WebMergedContextConfiguration@47bcd95a testClass = PostControllerTest, locations = '{}', classes = '{class umc_sjs.smallestShelter.SmallestShelterApplication}', contextInitializerClasses = '[]', activeProfiles = '{}', propertySourceLocations = '{}', propertySourceProperties = '{org.springframework.boot.test.context.SpringBootTestContextBootstrapper=true}', contextCustomizers = set[org.springframework.boot.test.autoconfigure.actuate.metrics.MetricsExportContextCustomizerFactory$DisableMetricExportContextCustomizer@183e8023, org.springframework.boot.test.autoconfigure.properties.PropertyMappingContextCustomizer@0, org.springframework.boot.test.autoconfigure.web.servlet.WebDriverContextCustomizerFactory$Customizer@56bca85b, org.springframework.boot.test.context.filter.ExcludeFilterContextCustomizer@22b53226, org.springframework.boot.test.json.DuplicateJsonObjectContextCustomizerFactory$DuplicateJsonObjectContextCustomizer@ea9b7c6, org.springframework.boot.test.mock.mockito.MockitoContextCustomizer@0, org.springframework.boot.test.web.client.TestRestTemplateContextCustomizer@41813449, org.springframework.boot.test.context.SpringBootTestArgs@1, org.springframework.boot.test.context.SpringBootTestWebEnvironment@1890516e], resourceBasePath = 'src/main/webapp', contextLoader = 'org.springframework.boot.test.context.SpringBootContextLoader', parent = [null]], attributes = map['org.springframework.test.context.web.ServletTestExecutionListener.activateListener' -> true, 'org.springframework.test.context.web.ServletTestExecutionListener.populatedRequestContextHolder' -> true, 'org.springframework.test.context.web.ServletTestExecutionListener.resetRequestContextHolder' -> true, 'org.springframework.test.context.event.ApplicationEventsTestExecutionListener.recordApplicationEvents' -> false]]; transaction manager [org.springframework.orm.jpa.JpaTransactionManager@c725dfa]; rollback [true]
2022-09-01 19:14:20.705 DEBUG 8084 --- [    Test worker] org.hibernate.SQL                        : 
    select
        animal0_.animal_idx as animal_i1_0_,
        animal0_.is_guessed as is_guess2_0_,
        animal0_.month as month3_0_,
        animal0_.year as year4_0_,
        animal0_.bark as bark5_0_,
        animal0_.bite as bite6_0_,
        animal0_.create_date as create_d7_0_,
        animal0_.gender as gender8_0_,
        animal0_.is_adopted as is_adopt9_0_,
        animal0_.main_img_url as main_im10_0_,
        animal0_.name as name11_0_,
        animal0_.separation as separat12_0_,
        animal0_.socialization as sociali13_0_,
        animal0_.species as species14_0_,
        animal0_.toilet as toilet15_0_,
        animal0_.upload_user_idx as upload_16_0_ 
    from
        animal animal0_
2022-09-01 19:14:20.750 DEBUG 8084 --- [    Test worker] org.hibernate.SQL                        : 
    select
        post0_.post_idx as post_idx1_3_,
        post0_.animal_idx as animal_i5_3_,
        post0_.content as content2_3_,
        post0_.create_date as create_d3_3_,
        post0_.img_url as img_url4_3_ 
    from
        post post0_
게시물에 이미지가 없습니다
2022-09-01 19:14:20.769  INFO 8084 --- [    Test worker] o.s.t.c.transaction.TransactionContext   : Rolled back transaction for test: [DefaultTestContext@4c2812aa testClass = PostControllerTest, testInstance = umc_sjs.smallestShelter.controller.PostControllerTest@1ec22804, testMethod = 게시물수정_x_이미지없음@PostControllerTest, testException = [null], mergedContextConfiguration = [WebMergedContextConfiguration@47bcd95a testClass = PostControllerTest, locations = '{}', classes = '{class umc_sjs.smallestShelter.SmallestShelterApplication}', contextInitializerClasses = '[]', activeProfiles = '{}', propertySourceLocations = '{}', propertySourceProperties = '{org.springframework.boot.test.context.SpringBootTestContextBootstrapper=true}', contextCustomizers = set[org.springframework.boot.test.autoconfigure.actuate.metrics.MetricsExportContextCustomizerFactory$DisableMetricExportContextCustomizer@183e8023, org.springframework.boot.test.autoconfigure.properties.PropertyMappingContextCustomizer@0, org.springframework.boot.test.autoconfigure.web.servlet.WebDriverContextCustomizerFactory$Customizer@56bca85b, org.springframework.boot.test.context.filter.ExcludeFilterContextCustomizer@22b53226, org.springframework.boot.test.json.DuplicateJsonObjectContextCustomizerFactory$DuplicateJsonObjectContextCustomizer@ea9b7c6, org.springframework.boot.test.mock.mockito.MockitoContextCustomizer@0, org.springframework.boot.test.web.client.TestRestTemplateContextCustomizer@41813449, org.springframework.boot.test.context.SpringBootTestArgs@1, org.springframework.boot.test.context.SpringBootTestWebEnvironment@1890516e], resourceBasePath = 'src/main/webapp', contextLoader = 'org.springframework.boot.test.context.SpringBootContextLoader', parent = [null]], attributes = map['org.springframework.test.context.web.ServletTestExecutionListener.activateListener' -> true, 'org.springframework.test.context.web.ServletTestExecutionListener.populatedRequestContextHolder' -> true, 'org.springframework.test.context.web.ServletTestExecutionListener.resetRequestContextHolder' -> true, 'org.springframework.test.context.event.ApplicationEventsTestExecutionListener.recordApplicationEvents' -> false]]
2022-09-01 19:14:20.791  INFO 8084 --- [    Test worker] o.s.t.c.transaction.TransactionContext   : Began transaction (1) for test context [DefaultTestContext@4c2812aa testClass = PostControllerTest, testInstance = umc_sjs.smallestShelter.controller.PostControllerTest@3298e1d, testMethod = 게시물수정_x_이미지없음_null@PostControllerTest, testException = [null], mergedContextConfiguration = [WebMergedContextConfiguration@47bcd95a testClass = PostControllerTest, locations = '{}', classes = '{class umc_sjs.smallestShelter.SmallestShelterApplication}', contextInitializerClasses = '[]', activeProfiles = '{}', propertySourceLocations = '{}', propertySourceProperties = '{org.springframework.boot.test.context.SpringBootTestContextBootstrapper=true}', contextCustomizers = set[org.springframework.boot.test.autoconfigure.actuate.metrics.MetricsExportContextCustomizerFactory$DisableMetricExportContextCustomizer@183e8023, org.springframework.boot.test.autoconfigure.properties.PropertyMappingContextCustomizer@0, org.springframework.boot.test.autoconfigure.web.servlet.WebDriverContextCustomizerFactory$Customizer@56bca85b, org.springframework.boot.test.context.filter.ExcludeFilterContextCustomizer@22b53226, org.springframework.boot.test.json.DuplicateJsonObjectContextCustomizerFactory$DuplicateJsonObjectContextCustomizer@ea9b7c6, org.springframework.boot.test.mock.mockito.MockitoContextCustomizer@0, org.springframework.boot.test.web.client.TestRestTemplateContextCustomizer@41813449, org.springframework.boot.test.context.SpringBootTestArgs@1, org.springframework.boot.test.context.SpringBootTestWebEnvironment@1890516e], resourceBasePath = 'src/main/webapp', contextLoader = 'org.springframework.boot.test.context.SpringBootContextLoader', parent = [null]], attributes = map['org.springframework.test.context.web.ServletTestExecutionListener.activateListener' -> true, 'org.springframework.test.context.web.ServletTestExecutionListener.populatedRequestContextHolder' -> true, 'org.springframework.test.context.web.ServletTestExecutionListener.resetRequestContextHolder' -> true, 'org.springframework.test.context.event.ApplicationEventsTestExecutionListener.recordApplicationEvents' -> false]]; transaction manager [org.springframework.orm.jpa.JpaTransactionManager@c725dfa]; rollback [true]
2022-09-01 19:14:20.791 DEBUG 8084 --- [    Test worker] org.hibernate.SQL                        : 
    select
        animal0_.animal_idx as animal_i1_0_,
        animal0_.is_guessed as is_guess2_0_,
        animal0_.month as month3_0_,
        animal0_.year as year4_0_,
        animal0_.bark as bark5_0_,
        animal0_.bite as bite6_0_,
        animal0_.create_date as create_d7_0_,
        animal0_.gender as gender8_0_,
        animal0_.is_adopted as is_adopt9_0_,
        animal0_.main_img_url as main_im10_0_,
        animal0_.name as name11_0_,
        animal0_.separation as separat12_0_,
        animal0_.socialization as sociali13_0_,
        animal0_.species as species14_0_,
        animal0_.toilet as toilet15_0_,
        animal0_.upload_user_idx as upload_16_0_ 
    from
        animal animal0_
2022-09-01 19:14:20.811 DEBUG 8084 --- [    Test worker] org.hibernate.SQL                        : 
    select
        post0_.post_idx as post_idx1_3_,
        post0_.animal_idx as animal_i5_3_,
        post0_.content as content2_3_,
        post0_.create_date as create_d3_3_,
        post0_.img_url as img_url4_3_ 
    from
        post post0_
게시물에 이미지가 없습니다
2022-09-01 19:14:20.851  INFO 8084 --- [    Test worker] o.s.t.c.transaction.TransactionContext   : Rolled back transaction for test: [DefaultTestContext@4c2812aa testClass = PostControllerTest, testInstance = umc_sjs.smallestShelter.controller.PostControllerTest@3298e1d, testMethod = 게시물수정_x_이미지없음_null@PostControllerTest, testException = [null], mergedContextConfiguration = [WebMergedContextConfiguration@47bcd95a testClass = PostControllerTest, locations = '{}', classes = '{class umc_sjs.smallestShelter.SmallestShelterApplication}', contextInitializerClasses = '[]', activeProfiles = '{}', propertySourceLocations = '{}', propertySourceProperties = '{org.springframework.boot.test.context.SpringBootTestContextBootstrapper=true}', contextCustomizers = set[org.springframework.boot.test.autoconfigure.actuate.metrics.MetricsExportContextCustomizerFactory$DisableMetricExportContextCustomizer@183e8023, org.springframework.boot.test.autoconfigure.properties.PropertyMappingContextCustomizer@0, org.springframework.boot.test.autoconfigure.web.servlet.WebDriverContextCustomizerFactory$Customizer@56bca85b, org.springframework.boot.test.context.filter.ExcludeFilterContextCustomizer@22b53226, org.springframework.boot.test.json.DuplicateJsonObjectContextCustomizerFactory$DuplicateJsonObjectContextCustomizer@ea9b7c6, org.springframework.boot.test.mock.mockito.MockitoContextCustomizer@0, org.springframework.boot.test.web.client.TestRestTemplateContextCustomizer@41813449, org.springframework.boot.test.context.SpringBootTestArgs@1, org.springframework.boot.test.context.SpringBootTestWebEnvironment@1890516e], resourceBasePath = 'src/main/webapp', contextLoader = 'org.springframework.boot.test.context.SpringBootContextLoader', parent = [null]], attributes = map['org.springframework.test.context.web.ServletTestExecutionListener.activateListener' -> true, 'org.springframework.test.context.web.ServletTestExecutionListener.populatedRequestContextHolder' -> true, 'org.springframework.test.context.web.ServletTestExecutionListener.resetRequestContextHolder' -> true, 'org.springframework.test.context.event.ApplicationEventsTestExecutionListener.recordApplicationEvents' -> false]]
2022-09-01 19:14:20.851  INFO 8084 --- [    Test worker] o.s.t.c.transaction.TransactionContext   : Began transaction (1) for test context [DefaultTestContext@4c2812aa testClass = PostControllerTest, testInstance = umc_sjs.smallestShelter.controller.PostControllerTest@72f9cd3f, testMethod = 게시글삭제_x_없는게시물@PostControllerTest, testException = [null], mergedContextConfiguration = [WebMergedContextConfiguration@47bcd95a testClass = PostControllerTest, locations = '{}', classes = '{class umc_sjs.smallestShelter.SmallestShelterApplication}', contextInitializerClasses = '[]', activeProfiles = '{}', propertySourceLocations = '{}', propertySourceProperties = '{org.springframework.boot.test.context.SpringBootTestContextBootstrapper=true}', contextCustomizers = set[org.springframework.boot.test.autoconfigure.actuate.metrics.MetricsExportContextCustomizerFactory$DisableMetricExportContextCustomizer@183e8023, org.springframework.boot.test.autoconfigure.properties.PropertyMappingContextCustomizer@0, org.springframework.boot.test.autoconfigure.web.servlet.WebDriverContextCustomizerFactory$Customizer@56bca85b, org.springframework.boot.test.context.filter.ExcludeFilterContextCustomizer@22b53226, org.springframework.boot.test.json.DuplicateJsonObjectContextCustomizerFactory$DuplicateJsonObjectContextCustomizer@ea9b7c6, org.springframework.boot.test.mock.mockito.MockitoContextCustomizer@0, org.springframework.boot.test.web.client.TestRestTemplateContextCustomizer@41813449, org.springframework.boot.test.context.SpringBootTestArgs@1, org.springframework.boot.test.context.SpringBootTestWebEnvironment@1890516e], resourceBasePath = 'src/main/webapp', contextLoader = 'org.springframework.boot.test.context.SpringBootContextLoader', parent = [null]], attributes = map['org.springframework.test.context.web.ServletTestExecutionListener.activateListener' -> true, 'org.springframework.test.context.web.ServletTestExecutionListener.populatedRequestContextHolder' -> true, 'org.springframework.test.context.web.ServletTestExecutionListener.resetRequestContextHolder' -> true, 'org.springframework.test.context.event.ApplicationEventsTestExecutionListener.recordApplicationEvents' -> false]]; transaction manager [org.springframework.orm.jpa.JpaTransactionManager@c725dfa]; rollback [true]
2022-09-01 19:14:20.866 DEBUG 8084 --- [    Test worker] org.hibernate.SQL                        : 
    select
        animal0_.animal_idx as animal_i1_0_,
        animal0_.is_guessed as is_guess2_0_,
        animal0_.month as month3_0_,
        animal0_.year as year4_0_,
        animal0_.bark as bark5_0_,
        animal0_.bite as bite6_0_,
        animal0_.create_date as create_d7_0_,
        animal0_.gender as gender8_0_,
        animal0_.is_adopted as is_adopt9_0_,
        animal0_.main_img_url as main_im10_0_,
        animal0_.name as name11_0_,
        animal0_.separation as separat12_0_,
        animal0_.socialization as sociali13_0_,
        animal0_.species as species14_0_,
        animal0_.toilet as toilet15_0_,
        animal0_.upload_user_idx as upload_16_0_ 
    from
        animal animal0_
2022-09-01 19:14:20.888 DEBUG 8084 --- [    Test worker] org.hibernate.SQL                        : 
    select
        post0_.post_idx as post_idx1_3_,
        post0_.animal_idx as animal_i5_3_,
        post0_.content as content2_3_,
        post0_.create_date as create_d3_3_,
        post0_.img_url as img_url4_3_ 
    from
        post post0_
2022-09-01 19:14:20.905 DEBUG 8084 --- [    Test worker] org.hibernate.SQL                        : 
    select
        post0_.post_idx as post_idx1_3_0_,
        animal1_.animal_idx as animal_i1_0_1_,
        post0_.animal_idx as animal_i5_3_0_,
        post0_.content as content2_3_0_,
        post0_.create_date as create_d3_3_0_,
        post0_.img_url as img_url4_3_0_,
        animal1_.is_guessed as is_guess2_0_1_,
        animal1_.month as month3_0_1_,
        animal1_.year as year4_0_1_,
        animal1_.bark as bark5_0_1_,
        animal1_.bite as bite6_0_1_,
        animal1_.create_date as create_d7_0_1_,
        animal1_.gender as gender8_0_1_,
        animal1_.is_adopted as is_adopt9_0_1_,
        animal1_.main_img_url as main_im10_0_1_,
        animal1_.name as name11_0_1_,
        animal1_.separation as separat12_0_1_,
        animal1_.socialization as sociali13_0_1_,
        animal1_.species as species14_0_1_,
        animal1_.toilet as toilet15_0_1_,
        animal1_.upload_user_idx as upload_16_0_1_ 
    from
        post post0_ 
    left outer join
        animal animal1_ 
            on post0_.animal_idx=animal1_.animal_idx 
    where
        post0_.post_idx=?
해당하는 게시물이 존재하지 않습니다
2022-09-01 19:14:20.934  INFO 8084 --- [    Test worker] o.s.t.c.transaction.TransactionContext   : Rolled back transaction for test: [DefaultTestContext@4c2812aa testClass = PostControllerTest, testInstance = umc_sjs.smallestShelter.controller.PostControllerTest@72f9cd3f, testMethod = 게시글삭제_x_없는게시물@PostControllerTest, testException = [null], mergedContextConfiguration = [WebMergedContextConfiguration@47bcd95a testClass = PostControllerTest, locations = '{}', classes = '{class umc_sjs.smallestShelter.SmallestShelterApplication}', contextInitializerClasses = '[]', activeProfiles = '{}', propertySourceLocations = '{}', propertySourceProperties = '{org.springframework.boot.test.context.SpringBootTestContextBootstrapper=true}', contextCustomizers = set[org.springframework.boot.test.autoconfigure.actuate.metrics.MetricsExportContextCustomizerFactory$DisableMetricExportContextCustomizer@183e8023, org.springframework.boot.test.autoconfigure.properties.PropertyMappingContextCustomizer@0, org.springframework.boot.test.autoconfigure.web.servlet.WebDriverContextCustomizerFactory$Customizer@56bca85b, org.springframework.boot.test.context.filter.ExcludeFilterContextCustomizer@22b53226, org.springframework.boot.test.json.DuplicateJsonObjectContextCustomizerFactory$DuplicateJsonObjectContextCustomizer@ea9b7c6, org.springframework.boot.test.mock.mockito.MockitoContextCustomizer@0, org.springframework.boot.test.web.client.TestRestTemplateContextCustomizer@41813449, org.springframework.boot.test.context.SpringBootTestArgs@1, org.springframework.boot.test.context.SpringBootTestWebEnvironment@1890516e], resourceBasePath = 'src/main/webapp', contextLoader = 'org.springframework.boot.test.context.SpringBootContextLoader', parent = [null]], attributes = map['org.springframework.test.context.web.ServletTestExecutionListener.activateListener' -> true, 'org.springframework.test.context.web.ServletTestExecutionListener.populatedRequestContextHolder' -> true, 'org.springframework.test.context.web.ServletTestExecutionListener.resetRequestContextHolder' -> true, 'org.springframework.test.context.event.ApplicationEventsTestExecutionListener.recordApplicationEvents' -> false]]
2022-09-01 19:14:20.935  INFO 8084 --- [    Test worker] o.s.t.c.transaction.TransactionContext   : Began transaction (1) for test context [DefaultTestContext@4c2812aa testClass = PostControllerTest, testInstance = umc_sjs.smallestShelter.controller.PostControllerTest@7a0ebd12, testMethod = 게시글생성_X_없는동물@PostControllerTest, testException = [null], mergedContextConfiguration = [WebMergedContextConfiguration@47bcd95a testClass = PostControllerTest, locations = '{}', classes = '{class umc_sjs.smallestShelter.SmallestShelterApplication}', contextInitializerClasses = '[]', activeProfiles = '{}', propertySourceLocations = '{}', propertySourceProperties = '{org.springframework.boot.test.context.SpringBootTestContextBootstrapper=true}', contextCustomizers = set[org.springframework.boot.test.autoconfigure.actuate.metrics.MetricsExportContextCustomizerFactory$DisableMetricExportContextCustomizer@183e8023, org.springframework.boot.test.autoconfigure.properties.PropertyMappingContextCustomizer@0, org.springframework.boot.test.autoconfigure.web.servlet.WebDriverContextCustomizerFactory$Customizer@56bca85b, org.springframework.boot.test.context.filter.ExcludeFilterContextCustomizer@22b53226, org.springframework.boot.test.json.DuplicateJsonObjectContextCustomizerFactory$DuplicateJsonObjectContextCustomizer@ea9b7c6, org.springframework.boot.test.mock.mockito.MockitoContextCustomizer@0, org.springframework.boot.test.web.client.TestRestTemplateContextCustomizer@41813449, org.springframework.boot.test.context.SpringBootTestArgs@1, org.springframework.boot.test.context.SpringBootTestWebEnvironment@1890516e], resourceBasePath = 'src/main/webapp', contextLoader = 'org.springframework.boot.test.context.SpringBootContextLoader', parent = [null]], attributes = map['org.springframework.test.context.web.ServletTestExecutionListener.activateListener' -> true, 'org.springframework.test.context.web.ServletTestExecutionListener.populatedRequestContextHolder' -> true, 'org.springframework.test.context.web.ServletTestExecutionListener.resetRequestContextHolder' -> true, 'org.springframework.test.context.event.ApplicationEventsTestExecutionListener.recordApplicationEvents' -> false]]; transaction manager [org.springframework.orm.jpa.JpaTransactionManager@c725dfa]; rollback [true]
2022-09-01 19:14:20.935 DEBUG 8084 --- [    Test worker] org.hibernate.SQL                        : 
    select
        animal0_.animal_idx as animal_i1_0_,
        animal0_.is_guessed as is_guess2_0_,
        animal0_.month as month3_0_,
        animal0_.year as year4_0_,
        animal0_.bark as bark5_0_,
        animal0_.bite as bite6_0_,
        animal0_.create_date as create_d7_0_,
        animal0_.gender as gender8_0_,
        animal0_.is_adopted as is_adopt9_0_,
        animal0_.main_img_url as main_im10_0_,
        animal0_.name as name11_0_,
        animal0_.separation as separat12_0_,
        animal0_.socialization as sociali13_0_,
        animal0_.species as species14_0_,
        animal0_.toilet as toilet15_0_,
        animal0_.upload_user_idx as upload_16_0_ 
    from
        animal animal0_
2022-09-01 19:14:20.973 DEBUG 8084 --- [    Test worker] org.hibernate.SQL                        : 
    select
        post0_.post_idx as post_idx1_3_,
        post0_.animal_idx as animal_i5_3_,
        post0_.content as content2_3_,
        post0_.create_date as create_d3_3_,
        post0_.img_url as img_url4_3_ 
    from
        post post0_
2022-09-01 19:14:20.989 DEBUG 8084 --- [    Test worker] org.hibernate.SQL                        : 
    select
        animal0_.animal_idx as animal_i1_0_0_,
        illnesslis1_.illness_idx as illness_1_2_1_,
        animal0_.is_guessed as is_guess2_0_0_,
        animal0_.month as month3_0_0_,
        animal0_.year as year4_0_0_,
        animal0_.bark as bark5_0_0_,
        animal0_.bite as bite6_0_0_,
        animal0_.create_date as create_d7_0_0_,
        animal0_.gender as gender8_0_0_,
        animal0_.is_adopted as is_adopt9_0_0_,
        animal0_.main_img_url as main_im10_0_0_,
        animal0_.name as name11_0_0_,
        animal0_.separation as separat12_0_0_,
        animal0_.socialization as sociali13_0_0_,
        animal0_.species as species14_0_0_,
        animal0_.toilet as toilet15_0_0_,
        animal0_.upload_user_idx as upload_16_0_0_,
        illnesslis1_.animal_idx as animal_i3_2_1_,
        illnesslis1_.name as name2_2_1_,
        illnesslis1_.animal_idx as animal_i3_2_0__,
        illnesslis1_.illness_idx as illness_1_2_0__ 
    from
        animal animal0_ 
    left outer join
        illness illnesslis1_ 
            on animal0_.animal_idx=illnesslis1_.animal_idx 
    where
        animal0_.animal_idx=?
해당하는 동물이 존재하지 않습니다.
2022-09-01 19:14:21.008  INFO 8084 --- [    Test worker] o.s.t.c.transaction.TransactionContext   : Rolled back transaction for test: [DefaultTestContext@4c2812aa testClass = PostControllerTest, testInstance = umc_sjs.smallestShelter.controller.PostControllerTest@7a0ebd12, testMethod = 게시글생성_X_없는동물@PostControllerTest, testException = [null], mergedContextConfiguration = [WebMergedContextConfiguration@47bcd95a testClass = PostControllerTest, locations = '{}', classes = '{class umc_sjs.smallestShelter.SmallestShelterApplication}', contextInitializerClasses = '[]', activeProfiles = '{}', propertySourceLocations = '{}', propertySourceProperties = '{org.springframework.boot.test.context.SpringBootTestContextBootstrapper=true}', contextCustomizers = set[org.springframework.boot.test.autoconfigure.actuate.metrics.MetricsExportContextCustomizerFactory$DisableMetricExportContextCustomizer@183e8023, org.springframework.boot.test.autoconfigure.properties.PropertyMappingContextCustomizer@0, org.springframework.boot.test.autoconfigure.web.servlet.WebDriverContextCustomizerFactory$Customizer@56bca85b, org.springframework.boot.test.context.filter.ExcludeFilterContextCustomizer@22b53226, org.springframework.boot.test.json.DuplicateJsonObjectContextCustomizerFactory$DuplicateJsonObjectContextCustomizer@ea9b7c6, org.springframework.boot.test.mock.mockito.MockitoContextCustomizer@0, org.springframework.boot.test.web.client.TestRestTemplateContextCustomizer@41813449, org.springframework.boot.test.context.SpringBootTestArgs@1, org.springframework.boot.test.context.SpringBootTestWebEnvironment@1890516e], resourceBasePath = 'src/main/webapp', contextLoader = 'org.springframework.boot.test.context.SpringBootContextLoader', parent = [null]], attributes = map['org.springframework.test.context.web.ServletTestExecutionListener.activateListener' -> true, 'org.springframework.test.context.web.ServletTestExecutionListener.populatedRequestContextHolder' -> true, 'org.springframework.test.context.web.ServletTestExecutionListener.resetRequestContextHolder' -> true, 'org.springframework.test.context.event.ApplicationEventsTestExecutionListener.recordApplicationEvents' -> false]]
2022-09-01 19:14:21.016  INFO 8084 --- [    Test worker] o.s.t.c.transaction.TransactionContext   : Began transaction (1) for test context [DefaultTestContext@4c2812aa testClass = PostControllerTest, testInstance = umc_sjs.smallestShelter.controller.PostControllerTest@517e381b, testMethod = 게시물수정_x_일치하지않는동물idx@PostControllerTest, testException = [null], mergedContextConfiguration = [WebMergedContextConfiguration@47bcd95a testClass = PostControllerTest, locations = '{}', classes = '{class umc_sjs.smallestShelter.SmallestShelterApplication}', contextInitializerClasses = '[]', activeProfiles = '{}', propertySourceLocations = '{}', propertySourceProperties = '{org.springframework.boot.test.context.SpringBootTestContextBootstrapper=true}', contextCustomizers = set[org.springframework.boot.test.autoconfigure.actuate.metrics.MetricsExportContextCustomizerFactory$DisableMetricExportContextCustomizer@183e8023, org.springframework.boot.test.autoconfigure.properties.PropertyMappingContextCustomizer@0, org.springframework.boot.test.autoconfigure.web.servlet.WebDriverContextCustomizerFactory$Customizer@56bca85b, org.springframework.boot.test.context.filter.ExcludeFilterContextCustomizer@22b53226, org.springframework.boot.test.json.DuplicateJsonObjectContextCustomizerFactory$DuplicateJsonObjectContextCustomizer@ea9b7c6, org.springframework.boot.test.mock.mockito.MockitoContextCustomizer@0, org.springframework.boot.test.web.client.TestRestTemplateContextCustomizer@41813449, org.springframework.boot.test.context.SpringBootTestArgs@1, org.springframework.boot.test.context.SpringBootTestWebEnvironment@1890516e], resourceBasePath = 'src/main/webapp', contextLoader = 'org.springframework.boot.test.context.SpringBootContextLoader', parent = [null]], attributes = map['org.springframework.test.context.web.ServletTestExecutionListener.activateListener' -> true, 'org.springframework.test.context.web.ServletTestExecutionListener.populatedRequestContextHolder' -> true, 'org.springframework.test.context.web.ServletTestExecutionListener.resetRequestContextHolder' -> true, 'org.springframework.test.context.event.ApplicationEventsTestExecutionListener.recordApplicationEvents' -> false]]; transaction manager [org.springframework.orm.jpa.JpaTransactionManager@c725dfa]; rollback [true]
2022-09-01 19:14:21.016 DEBUG 8084 --- [    Test worker] org.hibernate.SQL                        : 
    select
        animal0_.animal_idx as animal_i1_0_,
        animal0_.is_guessed as is_guess2_0_,
        animal0_.month as month3_0_,
        animal0_.year as year4_0_,
        animal0_.bark as bark5_0_,
        animal0_.bite as bite6_0_,
        animal0_.create_date as create_d7_0_,
        animal0_.gender as gender8_0_,
        animal0_.is_adopted as is_adopt9_0_,
        animal0_.main_img_url as main_im10_0_,
        animal0_.name as name11_0_,
        animal0_.separation as separat12_0_,
        animal0_.socialization as sociali13_0_,
        animal0_.species as species14_0_,
        animal0_.toilet as toilet15_0_,
        animal0_.upload_user_idx as upload_16_0_ 
    from
        animal animal0_
2022-09-01 19:14:21.052 DEBUG 8084 --- [    Test worker] org.hibernate.SQL                        : 
    select
        post0_.post_idx as post_idx1_3_,
        post0_.animal_idx as animal_i5_3_,
        post0_.content as content2_3_,
        post0_.create_date as create_d3_3_,
        post0_.img_url as img_url4_3_ 
    from
        post post0_
2022-09-01 19:14:21.066 DEBUG 8084 --- [    Test worker] org.hibernate.SQL                        : 
    select
        post0_.post_idx as post_idx1_3_0_,
        animal1_.animal_idx as animal_i1_0_1_,
        post0_.animal_idx as animal_i5_3_0_,
        post0_.content as content2_3_0_,
        post0_.create_date as create_d3_3_0_,
        post0_.img_url as img_url4_3_0_,
        animal1_.is_guessed as is_guess2_0_1_,
        animal1_.month as month3_0_1_,
        animal1_.year as year4_0_1_,
        animal1_.bark as bark5_0_1_,
        animal1_.bite as bite6_0_1_,
        animal1_.create_date as create_d7_0_1_,
        animal1_.gender as gender8_0_1_,
        animal1_.is_adopted as is_adopt9_0_1_,
        animal1_.main_img_url as main_im10_0_1_,
        animal1_.name as name11_0_1_,
        animal1_.separation as separat12_0_1_,
        animal1_.socialization as sociali13_0_1_,
        animal1_.species as species14_0_1_,
        animal1_.toilet as toilet15_0_1_,
        animal1_.upload_user_idx as upload_16_0_1_ 
    from
        post post0_ 
    left outer join
        animal animal1_ 
            on post0_.animal_idx=animal1_.animal_idx 
    where
        post0_.post_idx=?
해당 동물의 게시물의 아닙니다: idx 불일치
2022-09-01 19:14:21.088  INFO 8084 --- [    Test worker] o.s.t.c.transaction.TransactionContext   : Rolled back transaction for test: [DefaultTestContext@4c2812aa testClass = PostControllerTest, testInstance = umc_sjs.smallestShelter.controller.PostControllerTest@517e381b, testMethod = 게시물수정_x_일치하지않는동물idx@PostControllerTest, testException = [null], mergedContextConfiguration = [WebMergedContextConfiguration@47bcd95a testClass = PostControllerTest, locations = '{}', classes = '{class umc_sjs.smallestShelter.SmallestShelterApplication}', contextInitializerClasses = '[]', activeProfiles = '{}', propertySourceLocations = '{}', propertySourceProperties = '{org.springframework.boot.test.context.SpringBootTestContextBootstrapper=true}', contextCustomizers = set[org.springframework.boot.test.autoconfigure.actuate.metrics.MetricsExportContextCustomizerFactory$DisableMetricExportContextCustomizer@183e8023, org.springframework.boot.test.autoconfigure.properties.PropertyMappingContextCustomizer@0, org.springframework.boot.test.autoconfigure.web.servlet.WebDriverContextCustomizerFactory$Customizer@56bca85b, org.springframework.boot.test.context.filter.ExcludeFilterContextCustomizer@22b53226, org.springframework.boot.test.json.DuplicateJsonObjectContextCustomizerFactory$DuplicateJsonObjectContextCustomizer@ea9b7c6, org.springframework.boot.test.mock.mockito.MockitoContextCustomizer@0, org.springframework.boot.test.web.client.TestRestTemplateContextCustomizer@41813449, org.springframework.boot.test.context.SpringBootTestArgs@1, org.springframework.boot.test.context.SpringBootTestWebEnvironment@1890516e], resourceBasePath = 'src/main/webapp', contextLoader = 'org.springframework.boot.test.context.SpringBootContextLoader', parent = [null]], attributes = map['org.springframework.test.context.web.ServletTestExecutionListener.activateListener' -> true, 'org.springframework.test.context.web.ServletTestExecutionListener.populatedRequestContextHolder' -> true, 'org.springframework.test.context.web.ServletTestExecutionListener.resetRequestContextHolder' -> true, 'org.springframework.test.context.event.ApplicationEventsTestExecutionListener.recordApplicationEvents' -> false]]
]]></system-out>
  <system-err><![CDATA[]]></system-err>
</testsuite>
