<?xml version="1.0" encoding="UTF-8"?>
<testsuite name="umc_sjs.smallestShelter.SmallestShelterApplicationTests" tests="1" skipped="0" failures="0" errors="0" timestamp="2022-08-01T07:54:11" hostname="GANA-LAPTOP" time="0.007">
  <properties/>
  <testcase name="contextLoads()" classname="umc_sjs.smallestShelter.SmallestShelterApplicationTests" time="0.007"/>
  <system-out><![CDATA[2022-08-01 16:54:11.144  INFO 23400 --- [    Test worker] .b.t.c.SpringBootTestContextBootstrapper : Neither @ContextConfiguration nor @ContextHierarchy found for test class [umc_sjs.smallestShelter.SmallestShelterApplicationTests], using SpringBootContextLoader
2022-08-01 16:54:11.146  INFO 23400 --- [    Test worker] o.s.t.c.support.AbstractContextLoader    : Could not detect default resource locations for test class [umc_sjs.smallestShelter.SmallestShelterApplicationTests]: no resource found for suffixes {-context.xml, Context.groovy}.
2022-08-01 16:54:11.147  INFO 23400 --- [    Test worker] t.c.s.AnnotationConfigContextLoaderUtils : Could not detect default configuration classes for test class [umc_sjs.smallestShelter.SmallestShelterApplicationTests]: SmallestShelterApplicationTests does not declare any static, non-private, non-final, nested classes annotated with @Configuration.
2022-08-01 16:54:11.152  INFO 23400 --- [    Test worker] .b.t.c.SpringBootTestContextBootstrapper : Found @SpringBootConfiguration umc_sjs.smallestShelter.SmallestShelterApplication for test class umc_sjs.smallestShelter.SmallestShelterApplicationTests
2022-08-01 16:54:11.156  INFO 23400 --- [    Test worker] .b.t.c.SpringBootTestContextBootstrapper : Loaded default TestExecutionListener class names from location [META-INF/spring.factories]: [org.springframework.security.test.context.support.WithSecurityContextTestExecutionListener, org.springframework.security.test.context.support.ReactorContextTestExecutionListener, org.springframework.boot.test.autoconfigure.restdocs.RestDocsTestExecutionListener, org.springframework.boot.test.autoconfigure.web.client.MockRestServiceServerResetTestExecutionListener, org.springframework.boot.test.autoconfigure.web.servlet.MockMvcPrintOnlyOnFailureTestExecutionListener, org.springframework.boot.test.autoconfigure.web.servlet.WebDriverTestExecutionListener, org.springframework.boot.test.autoconfigure.webservices.client.MockWebServiceServerTestExecutionListener, org.springframework.boot.test.mock.mockito.MockitoTestExecutionListener, org.springframework.boot.test.mock.mockito.ResetMocksTestExecutionListener, org.springframework.test.context.web.ServletTestExecutionListener, org.springframework.test.context.support.DirtiesContextBeforeModesTestExecutionListener, org.springframework.test.context.event.ApplicationEventsTestExecutionListener, org.springframework.test.context.support.DependencyInjectionTestExecutionListener, org.springframework.test.context.support.DirtiesContextTestExecutionListener, org.springframework.test.context.transaction.TransactionalTestExecutionListener, org.springframework.test.context.jdbc.SqlScriptsTestExecutionListener, org.springframework.test.context.event.EventPublishingTestExecutionListener]
2022-08-01 16:54:11.158  INFO 23400 --- [    Test worker] .b.t.c.SpringBootTestContextBootstrapper : Using TestExecutionListeners: [org.springframework.test.context.web.ServletTestExecutionListener@3c070ade, org.springframework.test.context.support.DirtiesContextBeforeModesTestExecutionListener@bb3487c, org.springframework.test.context.event.ApplicationEventsTestExecutionListener@650997b0, org.springframework.boot.test.mock.mockito.MockitoTestExecutionListener@7337f87e, org.springframework.boot.test.autoconfigure.SpringBootDependencyInjectionTestExecutionListener@77e24d3c, org.springframework.test.context.support.DirtiesContextTestExecutionListener@66831b14, org.springframework.test.context.transaction.TransactionalTestExecutionListener@4f1ea463, org.springframework.test.context.jdbc.SqlScriptsTestExecutionListener@3a641f6, org.springframework.security.test.context.support.WithSecurityContextTestExecutionListener@66487713, org.springframework.test.context.event.EventPublishingTestExecutionListener@18ed8b75, org.springframework.security.test.context.support.ReactorContextTestExecutionListener@22ea09b7, org.springframework.boot.test.autoconfigure.restdocs.RestDocsTestExecutionListener@13f255ed, org.springframework.boot.test.autoconfigure.web.client.MockRestServiceServerResetTestExecutionListener@36a7586f, org.springframework.boot.test.autoconfigure.web.servlet.MockMvcPrintOnlyOnFailureTestExecutionListener@4265cbed, org.springframework.boot.test.autoconfigure.web.servlet.WebDriverTestExecutionListener@30b0d5a7, org.springframework.boot.test.autoconfigure.webservices.client.MockWebServiceServerTestExecutionListener@31ecb361, org.springframework.boot.test.mock.mockito.ResetMocksTestExecutionListener@3d84f113]
]]></system-out>
  <system-err><![CDATA[]]></system-err>
</testsuite>
