<?xml version="1.0" encoding="UTF-8"?>
<testsuite name="umc_sjs.smallestShelter.SmallestShelterApplicationTests" tests="1" skipped="0" failures="0" errors="0" timestamp="2022-08-19T10:39:05" hostname="GANA-LAPTOP" time="0.25">
  <properties/>
  <testcase name="contextLoads()" classname="umc_sjs.smallestShelter.SmallestShelterApplicationTests" time="0.25"/>
  <system-out><![CDATA[19:38:51.941 [Test worker] DEBUG org.springframework.test.context.BootstrapUtils - Instantiating CacheAwareContextLoaderDelegate from class [org.springframework.test.context.cache.DefaultCacheAwareContextLoaderDelegate]
19:38:51.941 [Test worker] DEBUG org.springframework.test.context.BootstrapUtils - Instantiating BootstrapContext using constructor [public org.springframework.test.context.support.DefaultBootstrapContext(java.lang.Class,org.springframework.test.context.CacheAwareContextLoaderDelegate)]
19:38:51.942 [Test worker] DEBUG org.springframework.test.context.BootstrapUtils - Instantiating TestContextBootstrapper for test class [umc_sjs.smallestShelter.SmallestShelterApplicationTests] from class [org.springframework.boot.test.context.SpringBootTestContextBootstrapper]
19:38:51.943 [Test worker] INFO org.springframework.boot.test.context.SpringBootTestContextBootstrapper - Neither @ContextConfiguration nor @ContextHierarchy found for test class [umc_sjs.smallestShelter.SmallestShelterApplicationTests], using SpringBootContextLoader
19:38:51.944 [Test worker] DEBUG org.springframework.test.context.support.AbstractContextLoader - Did not detect default resource location for test class [umc_sjs.smallestShelter.SmallestShelterApplicationTests]: class path resource [umc_sjs/smallestShelter/SmallestShelterApplicationTests-context.xml] does not exist
19:38:51.945 [Test worker] DEBUG org.springframework.test.context.support.AbstractContextLoader - Did not detect default resource location for test class [umc_sjs.smallestShelter.SmallestShelterApplicationTests]: class path resource [umc_sjs/smallestShelter/SmallestShelterApplicationTestsContext.groovy] does not exist
19:38:51.946 [Test worker] INFO org.springframework.test.context.support.AbstractContextLoader - Could not detect default resource locations for test class [umc_sjs.smallestShelter.SmallestShelterApplicationTests]: no resource found for suffixes {-context.xml, Context.groovy}.
19:38:51.946 [Test worker] INFO org.springframework.test.context.support.AnnotationConfigContextLoaderUtils - Could not detect default configuration classes for test class [umc_sjs.smallestShelter.SmallestShelterApplicationTests]: SmallestShelterApplicationTests does not declare any static, non-private, non-final, nested classes annotated with @Configuration.
19:38:51.950 [Test worker] DEBUG org.springframework.test.context.support.ActiveProfilesUtils - Could not find an 'annotation declaring class' for annotation type [org.springframework.test.context.ActiveProfiles] and class [umc_sjs.smallestShelter.SmallestShelterApplicationTests]
19:38:51.951 [Test worker] INFO org.springframework.boot.test.context.SpringBootTestContextBootstrapper - Found @SpringBootConfiguration umc_sjs.smallestShelter.SmallestShelterApplication for test class umc_sjs.smallestShelter.SmallestShelterApplicationTests
19:38:51.956 [Test worker] DEBUG org.springframework.boot.test.context.SpringBootTestContextBootstrapper - @TestExecutionListeners is not present for class [umc_sjs.smallestShelter.SmallestShelterApplicationTests]: using defaults.
19:38:51.957 [Test worker] INFO org.springframework.boot.test.context.SpringBootTestContextBootstrapper - Loaded default TestExecutionListener class names from location [META-INF/spring.factories]: [org.springframework.security.test.context.support.WithSecurityContextTestExecutionListener, org.springframework.security.test.context.support.ReactorContextTestExecutionListener, org.springframework.boot.test.autoconfigure.restdocs.RestDocsTestExecutionListener, org.springframework.boot.test.autoconfigure.web.client.MockRestServiceServerResetTestExecutionListener, org.springframework.boot.test.autoconfigure.web.servlet.MockMvcPrintOnlyOnFailureTestExecutionListener, org.springframework.boot.test.autoconfigure.web.servlet.WebDriverTestExecutionListener, org.springframework.boot.test.autoconfigure.webservices.client.MockWebServiceServerTestExecutionListener, org.springframework.boot.test.mock.mockito.MockitoTestExecutionListener, org.springframework.boot.test.mock.mockito.ResetMocksTestExecutionListener, org.springframework.test.context.web.ServletTestExecutionListener, org.springframework.test.context.support.DirtiesContextBeforeModesTestExecutionListener, org.springframework.test.context.event.ApplicationEventsTestExecutionListener, org.springframework.test.context.support.DependencyInjectionTestExecutionListener, org.springframework.test.context.support.DirtiesContextTestExecutionListener, org.springframework.test.context.transaction.TransactionalTestExecutionListener, org.springframework.test.context.jdbc.SqlScriptsTestExecutionListener, org.springframework.test.context.event.EventPublishingTestExecutionListener]
19:38:51.959 [Test worker] INFO org.springframework.boot.test.context.SpringBootTestContextBootstrapper - Using TestExecutionListeners: [org.springframework.test.context.web.ServletTestExecutionListener@74a195a4, org.springframework.test.context.support.DirtiesContextBeforeModesTestExecutionListener@76304b46, org.springframework.test.context.event.ApplicationEventsTestExecutionListener@2fa3be26, org.springframework.boot.test.mock.mockito.MockitoTestExecutionListener@4287d447, org.springframework.boot.test.autoconfigure.SpringBootDependencyInjectionTestExecutionListener@3af37506, org.springframework.test.context.support.DirtiesContextTestExecutionListener@4e6d7365, org.springframework.test.context.transaction.TransactionalTestExecutionListener@7c0da600, org.springframework.test.context.jdbc.SqlScriptsTestExecutionListener@d4602a, org.springframework.security.test.context.support.WithSecurityContextTestExecutionListener@21ae6e73, org.springframework.test.context.event.EventPublishingTestExecutionListener@47dd778, org.springframework.security.test.context.support.ReactorContextTestExecutionListener@15515c51, org.springframework.boot.test.autoconfigure.restdocs.RestDocsTestExecutionListener@36a7abe1, org.springframework.boot.test.autoconfigure.web.client.MockRestServiceServerResetTestExecutionListener@64a896b0, org.springframework.boot.test.autoconfigure.web.servlet.MockMvcPrintOnlyOnFailureTestExecutionListener@e044b4a, org.springframework.boot.test.autoconfigure.web.servlet.WebDriverTestExecutionListener@11a82d0f, org.springframework.boot.test.autoconfigure.webservices.client.MockWebServiceServerTestExecutionListener@1adb7478, org.springframework.boot.test.mock.mockito.ResetMocksTestExecutionListener@3ae66c85]
19:38:51.967 [Test worker] DEBUG org.springframework.test.context.support.AbstractDirtiesContextTestExecutionListener - Before test class: context [DefaultTestContext@377c68c6 testClass = SmallestShelterApplicationTests, testInstance = [null], testMethod = [null], testException = [null], mergedContextConfiguration = [WebMergedContextConfiguration@538cd0f2 testClass = SmallestShelterApplicationTests, locations = '{}', classes = '{class umc_sjs.smallestShelter.SmallestShelterApplication}', contextInitializerClasses = '[]', activeProfiles = '{}', propertySourceLocations = '{}', propertySourceProperties = '{org.springframework.boot.test.context.SpringBootTestContextBootstrapper=true}', contextCustomizers = set[org.springframework.boot.test.autoconfigure.actuate.metrics.MetricsExportContextCustomizerFactory$DisableMetricExportContextCustomizer@183e8023, org.springframework.boot.test.autoconfigure.properties.PropertyMappingContextCustomizer@0, org.springframework.boot.test.autoconfigure.web.servlet.WebDriverContextCustomizerFactory$Customizer@56bca85b, org.springframework.boot.test.context.filter.ExcludeFilterContextCustomizer@22b53226, org.springframework.boot.test.json.DuplicateJsonObjectContextCustomizerFactory$DuplicateJsonObjectContextCustomizer@ea9b7c6, org.springframework.boot.test.mock.mockito.MockitoContextCustomizer@0, org.springframework.boot.test.web.client.TestRestTemplateContextCustomizer@41813449, org.springframework.boot.test.context.SpringBootTestArgs@1, org.springframework.boot.test.context.SpringBootTestWebEnvironment@1890516e], resourceBasePath = 'src/main/webapp', contextLoader = 'org.springframework.boot.test.context.SpringBootContextLoader', parent = [null]], attributes = map['org.springframework.test.context.web.ServletTestExecutionListener.activateListener' -> true]], class annotated with @DirtiesContext [false] with mode [null].

  .   ____          _            __ _ _
 /\\ / ___'_ __ _ _(_)_ __  __ _ \ \ \ \
( ( )\___ | '_ | '_| | '_ \/ _` | \ \ \ \
 \\/  ___)| |_)| | | | | || (_| |  ) ) ) )
  '  |____| .__|_| |_|_| |_\__, | / / / /
 =========|_|==============|___/=/_/_/_/
 :: Spring Boot ::                (v2.7.1)

2022-08-19 19:38:52.833  INFO 21108 --- [    Test worker] u.s.SmallestShelterApplicationTests      : Starting SmallestShelterApplicationTests using Java 11.0.15 on GANA-LAPTOP with PID 21108 (started by Choi ga na in C:\git\smallest-shelter-back)
2022-08-19 19:38:52.835  INFO 21108 --- [    Test worker] u.s.SmallestShelterApplicationTests      : No active profile set, falling back to 1 default profile: "default"
2022-08-19 19:38:54.789  INFO 21108 --- [    Test worker] .s.d.r.c.RepositoryConfigurationDelegate : Bootstrapping Spring Data JPA repositories in DEFAULT mode.
2022-08-19 19:38:55.029  INFO 21108 --- [    Test worker] .s.d.r.c.RepositoryConfigurationDelegate : Finished Spring Data repository scanning in 221 ms. Found 2 JPA repository interfaces.
2022-08-19 19:38:56.393  INFO 21108 --- [    Test worker] o.hibernate.jpa.internal.util.LogHelper  : HHH000204: Processing PersistenceUnitInfo [name: default]
2022-08-19 19:38:56.541  INFO 21108 --- [    Test worker] org.hibernate.Version                    : HHH000412: Hibernate ORM core version 5.6.9.Final
2022-08-19 19:38:57.004  INFO 21108 --- [    Test worker] o.hibernate.annotations.common.Version   : HCANN000001: Hibernate Commons Annotations {5.1.2.Final}
2022-08-19 19:38:57.315  INFO 21108 --- [    Test worker] com.zaxxer.hikari.HikariDataSource       : HikariPool-1 - Starting...
2022-08-19 19:38:58.322  INFO 21108 --- [    Test worker] com.zaxxer.hikari.HikariDataSource       : HikariPool-1 - Start completed.
2022-08-19 19:38:58.412  INFO 21108 --- [    Test worker] org.hibernate.dialect.Dialect            : HHH000400: Using dialect: org.hibernate.dialect.MySQL8Dialect
2022-08-19 19:39:00.767  INFO 21108 --- [    Test worker] o.h.e.t.j.p.i.JtaPlatformInitiator       : HHH000490: Using JtaPlatform implementation: [org.hibernate.engine.transaction.jta.platform.internal.NoJtaPlatform]
2022-08-19 19:39:00.805  INFO 21108 --- [    Test worker] j.LocalContainerEntityManagerFactoryBean : Initialized JPA EntityManagerFactory for persistence unit 'default'
2022-08-19 19:39:02.876  INFO 21108 --- [    Test worker] o.s.s.web.DefaultSecurityFilterChain     : Will secure any request with [org.springframework.security.web.session.DisableEncodeUrlFilter@30a79476, org.springframework.security.web.context.request.async.WebAsyncManagerIntegrationFilter@376bae20, org.springframework.security.web.context.SecurityContextPersistenceFilter@495e1ad1, org.springframework.security.web.header.HeaderWriterFilter@6e70861, org.springframework.web.filter.CorsFilter@37fd496a, org.springframework.security.web.authentication.logout.LogoutFilter@1516f497, umc_sjs.smallestShelter.config.jwt.JwtAuthenticationFilter@37f0fb02, umc_sjs.smallestShelter.config.jwt.JwtExceptionFilter@4687fee7, umc_sjs.smallestShelter.config.jwt.JwtAuthorizationFilter@4a0fc665, org.springframework.security.web.savedrequest.RequestCacheAwareFilter@56b66cc6, org.springframework.security.web.servletapi.SecurityContextHolderAwareRequestFilter@6f076c53, org.springframework.security.web.authentication.AnonymousAuthenticationFilter@207f7baa, org.springframework.security.web.session.SessionManagementFilter@3514df8d, org.springframework.security.web.access.ExceptionTranslationFilter@1454339d, org.springframework.security.web.access.intercept.FilterSecurityInterceptor@237b54bc]
2022-08-19 19:39:03.587  WARN 21108 --- [    Test worker] JpaBaseConfiguration$JpaWebConfiguration : spring.jpa.open-in-view is enabled by default. Therefore, database queries may be performed during view rendering. Explicitly configure spring.jpa.open-in-view to disable this warning
2022-08-19 19:39:04.358  INFO 21108 --- [    Test worker] o.s.b.a.w.s.WelcomePageHandlerMapping    : Adding welcome page: class path resource [static/index.html]
2022-08-19 19:39:05.257  INFO 21108 --- [    Test worker] u.s.SmallestShelterApplicationTests      : Started SmallestShelterApplicationTests in 13.211 seconds (JVM running for 18.398)
]]></system-out>
  <system-err><![CDATA[]]></system-err>
</testsuite>
