<?xml version="1.0" encoding="UTF-8"?>
<testsuite name="umc_sjs.smallestShelter.controller.PostControllerTest" tests="15" skipped="0" failures="0" errors="0" timestamp="2022-09-02T10:45:05" hostname="GANA-LAPTOP" time="3.034">
  <properties/>
  <testcase name="게시글조회_X_일치하지않는동물idx()" classname="umc_sjs.smallestShelter.controller.PostControllerTest" time="1.246"/>
  <testcase name="게시글생성X 이미지 없음" classname="umc_sjs.smallestShelter.controller.PostControllerTest" time="0.158"/>
  <testcase name="게시글생성()" classname="umc_sjs.smallestShelter.controller.PostControllerTest" time="0.268"/>
  <testcase name="게시글조회()" classname="umc_sjs.smallestShelter.controller.PostControllerTest" time="0.142"/>
  <testcase name="게시물삭제()" classname="umc_sjs.smallestShelter.controller.PostControllerTest" time="0.178"/>
  <testcase name="게시물수정()" classname="umc_sjs.smallestShelter.controller.PostControllerTest" time="0.146"/>
  <testcase name="게시글조회_x_없는게시물조회()" classname="umc_sjs.smallestShelter.controller.PostControllerTest" time="0.097"/>
  <testcase name="게시물삭제_x_일치하지않는동물idx()" classname="umc_sjs.smallestShelter.controller.PostControllerTest" time="0.111"/>
  <testcase name="게시글생성_X_이미지없음_null()" classname="umc_sjs.smallestShelter.controller.PostControllerTest" time="0.083"/>
  <testcase name="게시물수정_x_없는게시물()" classname="umc_sjs.smallestShelter.controller.PostControllerTest" time="0.095"/>
  <testcase name="게시물수정_x_이미지없음()" classname="umc_sjs.smallestShelter.controller.PostControllerTest" time="0.088"/>
  <testcase name="게시물수정_x_이미지없음_null()" classname="umc_sjs.smallestShelter.controller.PostControllerTest" time="0.076"/>
  <testcase name="게시글삭제_x_없는게시물()" classname="umc_sjs.smallestShelter.controller.PostControllerTest" time="0.105"/>
  <testcase name="게시글생성_X_없는동물()" classname="umc_sjs.smallestShelter.controller.PostControllerTest" time="0.111"/>
  <testcase name="게시물수정_x_일치하지않는동물idx()" classname="umc_sjs.smallestShelter.controller.PostControllerTest" time="0.097"/>
  <system-out><![CDATA[2022-09-02 19:45:05.861  INFO 21716 --- [    Test worker] .b.t.c.SpringBootTestContextBootstrapper : Neither @ContextConfiguration nor @ContextHierarchy found for test class [umc_sjs.smallestShelter.controller.PostControllerTest], using SpringBootContextLoader
2022-09-02 19:45:05.865  INFO 21716 --- [    Test worker] o.s.t.c.support.AbstractContextLoader    : Could not detect default resource locations for test class [umc_sjs.smallestShelter.controller.PostControllerTest]: no resource found for suffixes {-context.xml, Context.groovy}.
2022-09-02 19:45:05.865  INFO 21716 --- [    Test worker] t.c.s.AnnotationConfigContextLoaderUtils : Could not detect default configuration classes for test class [umc_sjs.smallestShelter.controller.PostControllerTest]: PostControllerTest does not declare any static, non-private, non-final, nested classes annotated with @Configuration.
2022-09-02 19:45:05.949  INFO 21716 --- [    Test worker] .b.t.c.SpringBootTestContextBootstrapper : Found @SpringBootConfiguration umc_sjs.smallestShelter.SmallestShelterApplication for test class umc_sjs.smallestShelter.controller.PostControllerTest
2022-09-02 19:45:05.958  INFO 21716 --- [    Test worker] .b.t.c.SpringBootTestContextBootstrapper : Loaded default TestExecutionListener class names from location [META-INF/spring.factories]: [org.springframework.security.test.context.support.WithSecurityContextTestExecutionListener, org.springframework.security.test.context.support.ReactorContextTestExecutionListener, org.springframework.boot.test.autoconfigure.restdocs.RestDocsTestExecutionListener, org.springframework.boot.test.autoconfigure.web.client.MockRestServiceServerResetTestExecutionListener, org.springframework.boot.test.autoconfigure.web.servlet.MockMvcPrintOnlyOnFailureTestExecutionListener, org.springframework.boot.test.autoconfigure.web.servlet.WebDriverTestExecutionListener, org.springframework.boot.test.autoconfigure.webservices.client.MockWebServiceServerTestExecutionListener, org.springframework.boot.test.mock.mockito.MockitoTestExecutionListener, org.springframework.boot.test.mock.mockito.ResetMocksTestExecutionListener, org.springframework.test.context.web.ServletTestExecutionListener, org.springframework.test.context.support.DirtiesContextBeforeModesTestExecutionListener, org.springframework.test.context.event.ApplicationEventsTestExecutionListener, org.springframework.test.context.support.DependencyInjectionTestExecutionListener, org.springframework.test.context.support.DirtiesContextTestExecutionListener, org.springframework.test.context.transaction.TransactionalTestExecutionListener, org.springframework.test.context.jdbc.SqlScriptsTestExecutionListener, org.springframework.test.context.event.EventPublishingTestExecutionListener]
2022-09-02 19:45:05.963  INFO 21716 --- [    Test worker] .b.t.c.SpringBootTestContextBootstrapper : Using TestExecutionListeners: [org.springframework.test.context.web.ServletTestExecutionListener@d41518b, org.springframework.test.context.support.DirtiesContextBeforeModesTestExecutionListener@4708acc6, org.springframework.test.context.event.ApplicationEventsTestExecutionListener@59cc46a4, org.springframework.boot.test.mock.mockito.MockitoTestExecutionListener@750448fb, org.springframework.boot.test.autoconfigure.SpringBootDependencyInjectionTestExecutionListener@724e82d9, org.springframework.test.context.support.DirtiesContextTestExecutionListener@70a26eca, org.springframework.test.context.transaction.TransactionalTestExecutionListener@4b60ff1c, org.springframework.test.context.jdbc.SqlScriptsTestExecutionListener@1c74251b, org.springframework.security.test.context.support.WithSecurityContextTestExecutionListener@1aaa3406, org.springframework.test.context.event.EventPublishingTestExecutionListener@791dcda7, org.springframework.security.test.context.support.ReactorContextTestExecutionListener@35c95587, org.springframework.boot.test.autoconfigure.restdocs.RestDocsTestExecutionListener@828e2d8, org.springframework.boot.test.autoconfigure.web.client.MockRestServiceServerResetTestExecutionListener@43e9eddf, org.springframework.boot.test.autoconfigure.web.servlet.MockMvcPrintOnlyOnFailureTestExecutionListener@548e70f0, org.springframework.boot.test.autoconfigure.web.servlet.WebDriverTestExecutionListener@2b14628b, org.springframework.boot.test.autoconfigure.webservices.client.MockWebServiceServerTestExecutionListener@64657b13, org.springframework.boot.test.mock.mockito.ResetMocksTestExecutionListener@686ee555]
2022-09-02 19:45:06.047  INFO 21716 --- [    Test worker] o.s.t.c.transaction.TransactionContext   : Began transaction (1) for test context [DefaultTestContext@7ee0dbd1 testClass = PostControllerTest, testInstance = umc_sjs.smallestShelter.controller.PostControllerTest@67629872, testMethod = 게시글조회_X_일치하지않는동물idx@PostControllerTest, testException = [null], mergedContextConfiguration = [WebMergedContextConfiguration@5d04adc1 testClass = PostControllerTest, locations = '{}', classes = '{class umc_sjs.smallestShelter.SmallestShelterApplication}', contextInitializerClasses = '[]', activeProfiles = '{}', propertySourceLocations = '{}', propertySourceProperties = '{org.springframework.boot.test.context.SpringBootTestContextBootstrapper=true}', contextCustomizers = set[org.springframework.boot.test.autoconfigure.actuate.metrics.MetricsExportContextCustomizerFactory$DisableMetricExportContextCustomizer@183e8023, org.springframework.boot.test.autoconfigure.properties.PropertyMappingContextCustomizer@0, org.springframework.boot.test.autoconfigure.web.servlet.WebDriverContextCustomizerFactory$Customizer@56bca85b, org.springframework.boot.test.context.filter.ExcludeFilterContextCustomizer@22b53226, org.springframework.boot.test.json.DuplicateJsonObjectContextCustomizerFactory$DuplicateJsonObjectContextCustomizer@ea9b7c6, org.springframework.boot.test.mock.mockito.MockitoContextCustomizer@0, org.springframework.boot.test.web.client.TestRestTemplateContextCustomizer@41813449, org.springframework.boot.test.context.SpringBootTestArgs@1, org.springframework.boot.test.context.SpringBootTestWebEnvironment@1890516e], resourceBasePath = 'src/main/webapp', contextLoader = 'org.springframework.boot.test.context.SpringBootContextLoader', parent = [null]], attributes = map['org.springframework.test.context.web.ServletTestExecutionListener.activateListener' -> true, 'org.springframework.test.context.web.ServletTestExecutionListener.populatedRequestContextHolder' -> true, 'org.springframework.test.context.web.ServletTestExecutionListener.resetRequestContextHolder' -> true, 'org.springframework.test.context.event.ApplicationEventsTestExecutionListener.recordApplicationEvents' -> false]]; transaction manager [org.springframework.orm.jpa.JpaTransactionManager@7ea91c39]; rollback [true]
2022-09-02 19:45:06.477 DEBUG 21716 --- [    Test worker] org.hibernate.SQL                        : 
    select
        animal0_.animal_idx as animal_i1_0_,
        animal0_.is_guessed as is_guess2_0_,
        animal0_.month as month3_0_,
        animal0_.year as year4_0_,
        animal0_.bark as bark5_0_,
        animal0_.bite as bite6_0_,
        animal0_.create_date as create_d7_0_,
        animal0_.gender as gender8_0_,
        animal0_.is_adopted as is_adopt9_0_,
        animal0_.main_img_url as main_im10_0_,
        animal0_.name as name11_0_,
        animal0_.separation as separat12_0_,
        animal0_.socialization as sociali13_0_,
        animal0_.species as species14_0_,
        animal0_.toilet as toilet15_0_,
        animal0_.upload_user_idx as upload_16_0_ 
    from
        animal animal0_
2022-09-02 19:45:06.849 DEBUG 21716 --- [    Test worker] org.hibernate.SQL                        : 
    select
        post0_.post_idx as post_idx1_3_,
        post0_.animal_idx as animal_i5_3_,
        post0_.content as content2_3_,
        post0_.create_date as create_d3_3_,
        post0_.img_url as img_url4_3_ 
    from
        post post0_
2022-09-02 19:45:07.014 DEBUG 21716 --- [    Test worker] org.hibernate.SQL                        : 
    select
        post0_.post_idx as post_idx1_3_0_,
        animal1_.animal_idx as animal_i1_0_1_,
        post0_.animal_idx as animal_i5_3_0_,
        post0_.content as content2_3_0_,
        post0_.create_date as create_d3_3_0_,
        post0_.img_url as img_url4_3_0_,
        animal1_.is_guessed as is_guess2_0_1_,
        animal1_.month as month3_0_1_,
        animal1_.year as year4_0_1_,
        animal1_.bark as bark5_0_1_,
        animal1_.bite as bite6_0_1_,
        animal1_.create_date as create_d7_0_1_,
        animal1_.gender as gender8_0_1_,
        animal1_.is_adopted as is_adopt9_0_1_,
        animal1_.main_img_url as main_im10_0_1_,
        animal1_.name as name11_0_1_,
        animal1_.separation as separat12_0_1_,
        animal1_.socialization as sociali13_0_1_,
        animal1_.species as species14_0_1_,
        animal1_.toilet as toilet15_0_1_,
        animal1_.upload_user_idx as upload_16_0_1_ 
    from
        post post0_ 
    left outer join
        animal animal1_ 
            on post0_.animal_idx=animal1_.animal_idx 
    where
        post0_.post_idx=?
해당 동물의 게시물의 아닙니다: idx 불일치
2022-09-02 19:45:07.240  INFO 21716 --- [    Test worker] o.s.t.c.transaction.TransactionContext   : Rolled back transaction for test: [DefaultTestContext@7ee0dbd1 testClass = PostControllerTest, testInstance = umc_sjs.smallestShelter.controller.PostControllerTest@67629872, testMethod = 게시글조회_X_일치하지않는동물idx@PostControllerTest, testException = [null], mergedContextConfiguration = [WebMergedContextConfiguration@5d04adc1 testClass = PostControllerTest, locations = '{}', classes = '{class umc_sjs.smallestShelter.SmallestShelterApplication}', contextInitializerClasses = '[]', activeProfiles = '{}', propertySourceLocations = '{}', propertySourceProperties = '{org.springframework.boot.test.context.SpringBootTestContextBootstrapper=true}', contextCustomizers = set[org.springframework.boot.test.autoconfigure.actuate.metrics.MetricsExportContextCustomizerFactory$DisableMetricExportContextCustomizer@183e8023, org.springframework.boot.test.autoconfigure.properties.PropertyMappingContextCustomizer@0, org.springframework.boot.test.autoconfigure.web.servlet.WebDriverContextCustomizerFactory$Customizer@56bca85b, org.springframework.boot.test.context.filter.ExcludeFilterContextCustomizer@22b53226, org.springframework.boot.test.json.DuplicateJsonObjectContextCustomizerFactory$DuplicateJsonObjectContextCustomizer@ea9b7c6, org.springframework.boot.test.mock.mockito.MockitoContextCustomizer@0, org.springframework.boot.test.web.client.TestRestTemplateContextCustomizer@41813449, org.springframework.boot.test.context.SpringBootTestArgs@1, org.springframework.boot.test.context.SpringBootTestWebEnvironment@1890516e], resourceBasePath = 'src/main/webapp', contextLoader = 'org.springframework.boot.test.context.SpringBootContextLoader', parent = [null]], attributes = map['org.springframework.test.context.web.ServletTestExecutionListener.activateListener' -> true, 'org.springframework.test.context.web.ServletTestExecutionListener.populatedRequestContextHolder' -> true, 'org.springframework.test.context.web.ServletTestExecutionListener.resetRequestContextHolder' -> true, 'org.springframework.test.context.event.ApplicationEventsTestExecutionListener.recordApplicationEvents' -> false]]
2022-09-02 19:45:07.256  INFO 21716 --- [    Test worker] o.s.t.c.transaction.TransactionContext   : Began transaction (1) for test context [DefaultTestContext@7ee0dbd1 testClass = PostControllerTest, testInstance = umc_sjs.smallestShelter.controller.PostControllerTest@34c21c34, testMethod = 게시글생성_X_이미지없음@PostControllerTest, testException = [null], mergedContextConfiguration = [WebMergedContextConfiguration@5d04adc1 testClass = PostControllerTest, locations = '{}', classes = '{class umc_sjs.smallestShelter.SmallestShelterApplication}', contextInitializerClasses = '[]', activeProfiles = '{}', propertySourceLocations = '{}', propertySourceProperties = '{org.springframework.boot.test.context.SpringBootTestContextBootstrapper=true}', contextCustomizers = set[org.springframework.boot.test.autoconfigure.actuate.metrics.MetricsExportContextCustomizerFactory$DisableMetricExportContextCustomizer@183e8023, org.springframework.boot.test.autoconfigure.properties.PropertyMappingContextCustomizer@0, org.springframework.boot.test.autoconfigure.web.servlet.WebDriverContextCustomizerFactory$Customizer@56bca85b, org.springframework.boot.test.context.filter.ExcludeFilterContextCustomizer@22b53226, org.springframework.boot.test.json.DuplicateJsonObjectContextCustomizerFactory$DuplicateJsonObjectContextCustomizer@ea9b7c6, org.springframework.boot.test.mock.mockito.MockitoContextCustomizer@0, org.springframework.boot.test.web.client.TestRestTemplateContextCustomizer@41813449, org.springframework.boot.test.context.SpringBootTestArgs@1, org.springframework.boot.test.context.SpringBootTestWebEnvironment@1890516e], resourceBasePath = 'src/main/webapp', contextLoader = 'org.springframework.boot.test.context.SpringBootContextLoader', parent = [null]], attributes = map['org.springframework.test.context.web.ServletTestExecutionListener.activateListener' -> true, 'org.springframework.test.context.web.ServletTestExecutionListener.populatedRequestContextHolder' -> true, 'org.springframework.test.context.web.ServletTestExecutionListener.resetRequestContextHolder' -> true, 'org.springframework.test.context.event.ApplicationEventsTestExecutionListener.recordApplicationEvents' -> false]]; transaction manager [org.springframework.orm.jpa.JpaTransactionManager@7ea91c39]; rollback [true]
2022-09-02 19:45:07.260 DEBUG 21716 --- [    Test worker] org.hibernate.SQL                        : 
    select
        animal0_.animal_idx as animal_i1_0_,
        animal0_.is_guessed as is_guess2_0_,
        animal0_.month as month3_0_,
        animal0_.year as year4_0_,
        animal0_.bark as bark5_0_,
        animal0_.bite as bite6_0_,
        animal0_.create_date as create_d7_0_,
        animal0_.gender as gender8_0_,
        animal0_.is_adopted as is_adopt9_0_,
        animal0_.main_img_url as main_im10_0_,
        animal0_.name as name11_0_,
        animal0_.separation as separat12_0_,
        animal0_.socialization as sociali13_0_,
        animal0_.species as species14_0_,
        animal0_.toilet as toilet15_0_,
        animal0_.upload_user_idx as upload_16_0_ 
    from
        animal animal0_
2022-09-02 19:45:07.358 DEBUG 21716 --- [    Test worker] org.hibernate.SQL                        : 
    select
        post0_.post_idx as post_idx1_3_,
        post0_.animal_idx as animal_i5_3_,
        post0_.content as content2_3_,
        post0_.create_date as create_d3_3_,
        post0_.img_url as img_url4_3_ 
    from
        post post0_
게시물에 이미지가 없습니다
2022-09-02 19:45:07.400  INFO 21716 --- [    Test worker] o.s.t.c.transaction.TransactionContext   : Rolled back transaction for test: [DefaultTestContext@7ee0dbd1 testClass = PostControllerTest, testInstance = umc_sjs.smallestShelter.controller.PostControllerTest@34c21c34, testMethod = 게시글생성_X_이미지없음@PostControllerTest, testException = [null], mergedContextConfiguration = [WebMergedContextConfiguration@5d04adc1 testClass = PostControllerTest, locations = '{}', classes = '{class umc_sjs.smallestShelter.SmallestShelterApplication}', contextInitializerClasses = '[]', activeProfiles = '{}', propertySourceLocations = '{}', propertySourceProperties = '{org.springframework.boot.test.context.SpringBootTestContextBootstrapper=true}', contextCustomizers = set[org.springframework.boot.test.autoconfigure.actuate.metrics.MetricsExportContextCustomizerFactory$DisableMetricExportContextCustomizer@183e8023, org.springframework.boot.test.autoconfigure.properties.PropertyMappingContextCustomizer@0, org.springframework.boot.test.autoconfigure.web.servlet.WebDriverContextCustomizerFactory$Customizer@56bca85b, org.springframework.boot.test.context.filter.ExcludeFilterContextCustomizer@22b53226, org.springframework.boot.test.json.DuplicateJsonObjectContextCustomizerFactory$DuplicateJsonObjectContextCustomizer@ea9b7c6, org.springframework.boot.test.mock.mockito.MockitoContextCustomizer@0, org.springframework.boot.test.web.client.TestRestTemplateContextCustomizer@41813449, org.springframework.boot.test.context.SpringBootTestArgs@1, org.springframework.boot.test.context.SpringBootTestWebEnvironment@1890516e], resourceBasePath = 'src/main/webapp', contextLoader = 'org.springframework.boot.test.context.SpringBootContextLoader', parent = [null]], attributes = map['org.springframework.test.context.web.ServletTestExecutionListener.activateListener' -> true, 'org.springframework.test.context.web.ServletTestExecutionListener.populatedRequestContextHolder' -> true, 'org.springframework.test.context.web.ServletTestExecutionListener.resetRequestContextHolder' -> true, 'org.springframework.test.context.event.ApplicationEventsTestExecutionListener.recordApplicationEvents' -> false]]
2022-09-02 19:45:07.413  INFO 21716 --- [    Test worker] o.s.t.c.transaction.TransactionContext   : Began transaction (1) for test context [DefaultTestContext@7ee0dbd1 testClass = PostControllerTest, testInstance = umc_sjs.smallestShelter.controller.PostControllerTest@16ef07fa, testMethod = 게시글생성@PostControllerTest, testException = [null], mergedContextConfiguration = [WebMergedContextConfiguration@5d04adc1 testClass = PostControllerTest, locations = '{}', classes = '{class umc_sjs.smallestShelter.SmallestShelterApplication}', contextInitializerClasses = '[]', activeProfiles = '{}', propertySourceLocations = '{}', propertySourceProperties = '{org.springframework.boot.test.context.SpringBootTestContextBootstrapper=true}', contextCustomizers = set[org.springframework.boot.test.autoconfigure.actuate.metrics.MetricsExportContextCustomizerFactory$DisableMetricExportContextCustomizer@183e8023, org.springframework.boot.test.autoconfigure.properties.PropertyMappingContextCustomizer@0, org.springframework.boot.test.autoconfigure.web.servlet.WebDriverContextCustomizerFactory$Customizer@56bca85b, org.springframework.boot.test.context.filter.ExcludeFilterContextCustomizer@22b53226, org.springframework.boot.test.json.DuplicateJsonObjectContextCustomizerFactory$DuplicateJsonObjectContextCustomizer@ea9b7c6, org.springframework.boot.test.mock.mockito.MockitoContextCustomizer@0, org.springframework.boot.test.web.client.TestRestTemplateContextCustomizer@41813449, org.springframework.boot.test.context.SpringBootTestArgs@1, org.springframework.boot.test.context.SpringBootTestWebEnvironment@1890516e], resourceBasePath = 'src/main/webapp', contextLoader = 'org.springframework.boot.test.context.SpringBootContextLoader', parent = [null]], attributes = map['org.springframework.test.context.web.ServletTestExecutionListener.activateListener' -> true, 'org.springframework.test.context.web.ServletTestExecutionListener.populatedRequestContextHolder' -> true, 'org.springframework.test.context.web.ServletTestExecutionListener.resetRequestContextHolder' -> true, 'org.springframework.test.context.event.ApplicationEventsTestExecutionListener.recordApplicationEvents' -> false]]; transaction manager [org.springframework.orm.jpa.JpaTransactionManager@7ea91c39]; rollback [true]
2022-09-02 19:45:07.418 DEBUG 21716 --- [    Test worker] org.hibernate.SQL                        : 
    select
        animal0_.animal_idx as animal_i1_0_,
        animal0_.is_guessed as is_guess2_0_,
        animal0_.month as month3_0_,
        animal0_.year as year4_0_,
        animal0_.bark as bark5_0_,
        animal0_.bite as bite6_0_,
        animal0_.create_date as create_d7_0_,
        animal0_.gender as gender8_0_,
        animal0_.is_adopted as is_adopt9_0_,
        animal0_.main_img_url as main_im10_0_,
        animal0_.name as name11_0_,
        animal0_.separation as separat12_0_,
        animal0_.socialization as sociali13_0_,
        animal0_.species as species14_0_,
        animal0_.toilet as toilet15_0_,
        animal0_.upload_user_idx as upload_16_0_ 
    from
        animal animal0_
2022-09-02 19:45:07.489 DEBUG 21716 --- [    Test worker] org.hibernate.SQL                        : 
    select
        post0_.post_idx as post_idx1_3_,
        post0_.animal_idx as animal_i5_3_,
        post0_.content as content2_3_,
        post0_.create_date as create_d3_3_,
        post0_.img_url as img_url4_3_ 
    from
        post post0_
2022-09-02 19:45:07.550 DEBUG 21716 --- [    Test worker] org.hibernate.SQL                        : 
    select
        animal0_.animal_idx as animal_i1_0_0_,
        illnesslis1_.illness_idx as illness_1_2_1_,
        animal0_.is_guessed as is_guess2_0_0_,
        animal0_.month as month3_0_0_,
        animal0_.year as year4_0_0_,
        animal0_.bark as bark5_0_0_,
        animal0_.bite as bite6_0_0_,
        animal0_.create_date as create_d7_0_0_,
        animal0_.gender as gender8_0_0_,
        animal0_.is_adopted as is_adopt9_0_0_,
        animal0_.main_img_url as main_im10_0_0_,
        animal0_.name as name11_0_0_,
        animal0_.separation as separat12_0_0_,
        animal0_.socialization as sociali13_0_0_,
        animal0_.species as species14_0_0_,
        animal0_.toilet as toilet15_0_0_,
        animal0_.upload_user_idx as upload_16_0_0_,
        illnesslis1_.animal_idx as animal_i3_2_1_,
        illnesslis1_.name as name2_2_1_,
        illnesslis1_.animal_idx as animal_i3_2_0__,
        illnesslis1_.illness_idx as illness_1_2_0__ 
    from
        animal animal0_ 
    left outer join
        illness illnesslis1_ 
            on animal0_.animal_idx=illnesslis1_.animal_idx 
    where
        animal0_.animal_idx=?
2022-09-02 19:45:07.619 DEBUG 21716 --- [    Test worker] org.hibernate.SQL                        : 
    insert 
    into
        post
        (animal_idx, content, create_date, img_url) 
    values
        (?, ?, ?, ?)
2022-09-02 19:45:07.670  INFO 21716 --- [    Test worker] o.h.c.i.AbstractPersistentCollection     : HHH000496: Detaching an uninitialized collection with queued operations from a session: [umc_sjs.smallestShelter.domain.Animal.postList#1]
2022-09-02 19:45:07.671  INFO 21716 --- [    Test worker] o.s.t.c.transaction.TransactionContext   : Rolled back transaction for test: [DefaultTestContext@7ee0dbd1 testClass = PostControllerTest, testInstance = umc_sjs.smallestShelter.controller.PostControllerTest@16ef07fa, testMethod = 게시글생성@PostControllerTest, testException = [null], mergedContextConfiguration = [WebMergedContextConfiguration@5d04adc1 testClass = PostControllerTest, locations = '{}', classes = '{class umc_sjs.smallestShelter.SmallestShelterApplication}', contextInitializerClasses = '[]', activeProfiles = '{}', propertySourceLocations = '{}', propertySourceProperties = '{org.springframework.boot.test.context.SpringBootTestContextBootstrapper=true}', contextCustomizers = set[org.springframework.boot.test.autoconfigure.actuate.metrics.MetricsExportContextCustomizerFactory$DisableMetricExportContextCustomizer@183e8023, org.springframework.boot.test.autoconfigure.properties.PropertyMappingContextCustomizer@0, org.springframework.boot.test.autoconfigure.web.servlet.WebDriverContextCustomizerFactory$Customizer@56bca85b, org.springframework.boot.test.context.filter.ExcludeFilterContextCustomizer@22b53226, org.springframework.boot.test.json.DuplicateJsonObjectContextCustomizerFactory$DuplicateJsonObjectContextCustomizer@ea9b7c6, org.springframework.boot.test.mock.mockito.MockitoContextCustomizer@0, org.springframework.boot.test.web.client.TestRestTemplateContextCustomizer@41813449, org.springframework.boot.test.context.SpringBootTestArgs@1, org.springframework.boot.test.context.SpringBootTestWebEnvironment@1890516e], resourceBasePath = 'src/main/webapp', contextLoader = 'org.springframework.boot.test.context.SpringBootContextLoader', parent = [null]], attributes = map['org.springframework.test.context.web.ServletTestExecutionListener.activateListener' -> true, 'org.springframework.test.context.web.ServletTestExecutionListener.populatedRequestContextHolder' -> true, 'org.springframework.test.context.web.ServletTestExecutionListener.resetRequestContextHolder' -> true, 'org.springframework.test.context.event.ApplicationEventsTestExecutionListener.recordApplicationEvents' -> false]]
2022-09-02 19:45:07.698  INFO 21716 --- [    Test worker] o.s.t.c.transaction.TransactionContext   : Began transaction (1) for test context [DefaultTestContext@7ee0dbd1 testClass = PostControllerTest, testInstance = umc_sjs.smallestShelter.controller.PostControllerTest@17e96b3c, testMethod = 게시글조회@PostControllerTest, testException = [null], mergedContextConfiguration = [WebMergedContextConfiguration@5d04adc1 testClass = PostControllerTest, locations = '{}', classes = '{class umc_sjs.smallestShelter.SmallestShelterApplication}', contextInitializerClasses = '[]', activeProfiles = '{}', propertySourceLocations = '{}', propertySourceProperties = '{org.springframework.boot.test.context.SpringBootTestContextBootstrapper=true}', contextCustomizers = set[org.springframework.boot.test.autoconfigure.actuate.metrics.MetricsExportContextCustomizerFactory$DisableMetricExportContextCustomizer@183e8023, org.springframework.boot.test.autoconfigure.properties.PropertyMappingContextCustomizer@0, org.springframework.boot.test.autoconfigure.web.servlet.WebDriverContextCustomizerFactory$Customizer@56bca85b, org.springframework.boot.test.context.filter.ExcludeFilterContextCustomizer@22b53226, org.springframework.boot.test.json.DuplicateJsonObjectContextCustomizerFactory$DuplicateJsonObjectContextCustomizer@ea9b7c6, org.springframework.boot.test.mock.mockito.MockitoContextCustomizer@0, org.springframework.boot.test.web.client.TestRestTemplateContextCustomizer@41813449, org.springframework.boot.test.context.SpringBootTestArgs@1, org.springframework.boot.test.context.SpringBootTestWebEnvironment@1890516e], resourceBasePath = 'src/main/webapp', contextLoader = 'org.springframework.boot.test.context.SpringBootContextLoader', parent = [null]], attributes = map['org.springframework.test.context.web.ServletTestExecutionListener.activateListener' -> true, 'org.springframework.test.context.web.ServletTestExecutionListener.populatedRequestContextHolder' -> true, 'org.springframework.test.context.web.ServletTestExecutionListener.resetRequestContextHolder' -> true, 'org.springframework.test.context.event.ApplicationEventsTestExecutionListener.recordApplicationEvents' -> false]]; transaction manager [org.springframework.orm.jpa.JpaTransactionManager@7ea91c39]; rollback [true]
2022-09-02 19:45:07.704 DEBUG 21716 --- [    Test worker] org.hibernate.SQL                        : 
    select
        animal0_.animal_idx as animal_i1_0_,
        animal0_.is_guessed as is_guess2_0_,
        animal0_.month as month3_0_,
        animal0_.year as year4_0_,
        animal0_.bark as bark5_0_,
        animal0_.bite as bite6_0_,
        animal0_.create_date as create_d7_0_,
        animal0_.gender as gender8_0_,
        animal0_.is_adopted as is_adopt9_0_,
        animal0_.main_img_url as main_im10_0_,
        animal0_.name as name11_0_,
        animal0_.separation as separat12_0_,
        animal0_.socialization as sociali13_0_,
        animal0_.species as species14_0_,
        animal0_.toilet as toilet15_0_,
        animal0_.upload_user_idx as upload_16_0_ 
    from
        animal animal0_
2022-09-02 19:45:07.764 DEBUG 21716 --- [    Test worker] org.hibernate.SQL                        : 
    select
        post0_.post_idx as post_idx1_3_,
        post0_.animal_idx as animal_i5_3_,
        post0_.content as content2_3_,
        post0_.create_date as create_d3_3_,
        post0_.img_url as img_url4_3_ 
    from
        post post0_
2022-09-02 19:45:07.787 DEBUG 21716 --- [    Test worker] org.hibernate.SQL                        : 
    select
        post0_.post_idx as post_idx1_3_0_,
        animal1_.animal_idx as animal_i1_0_1_,
        post0_.animal_idx as animal_i5_3_0_,
        post0_.content as content2_3_0_,
        post0_.create_date as create_d3_3_0_,
        post0_.img_url as img_url4_3_0_,
        animal1_.is_guessed as is_guess2_0_1_,
        animal1_.month as month3_0_1_,
        animal1_.year as year4_0_1_,
        animal1_.bark as bark5_0_1_,
        animal1_.bite as bite6_0_1_,
        animal1_.create_date as create_d7_0_1_,
        animal1_.gender as gender8_0_1_,
        animal1_.is_adopted as is_adopt9_0_1_,
        animal1_.main_img_url as main_im10_0_1_,
        animal1_.name as name11_0_1_,
        animal1_.separation as separat12_0_1_,
        animal1_.socialization as sociali13_0_1_,
        animal1_.species as species14_0_1_,
        animal1_.toilet as toilet15_0_1_,
        animal1_.upload_user_idx as upload_16_0_1_ 
    from
        post post0_ 
    left outer join
        animal animal1_ 
            on post0_.animal_idx=animal1_.animal_idx 
    where
        post0_.post_idx=?
2022-09-02 19:45:07.816  INFO 21716 --- [    Test worker] o.s.t.c.transaction.TransactionContext   : Rolled back transaction for test: [DefaultTestContext@7ee0dbd1 testClass = PostControllerTest, testInstance = umc_sjs.smallestShelter.controller.PostControllerTest@17e96b3c, testMethod = 게시글조회@PostControllerTest, testException = [null], mergedContextConfiguration = [WebMergedContextConfiguration@5d04adc1 testClass = PostControllerTest, locations = '{}', classes = '{class umc_sjs.smallestShelter.SmallestShelterApplication}', contextInitializerClasses = '[]', activeProfiles = '{}', propertySourceLocations = '{}', propertySourceProperties = '{org.springframework.boot.test.context.SpringBootTestContextBootstrapper=true}', contextCustomizers = set[org.springframework.boot.test.autoconfigure.actuate.metrics.MetricsExportContextCustomizerFactory$DisableMetricExportContextCustomizer@183e8023, org.springframework.boot.test.autoconfigure.properties.PropertyMappingContextCustomizer@0, org.springframework.boot.test.autoconfigure.web.servlet.WebDriverContextCustomizerFactory$Customizer@56bca85b, org.springframework.boot.test.context.filter.ExcludeFilterContextCustomizer@22b53226, org.springframework.boot.test.json.DuplicateJsonObjectContextCustomizerFactory$DuplicateJsonObjectContextCustomizer@ea9b7c6, org.springframework.boot.test.mock.mockito.MockitoContextCustomizer@0, org.springframework.boot.test.web.client.TestRestTemplateContextCustomizer@41813449, org.springframework.boot.test.context.SpringBootTestArgs@1, org.springframework.boot.test.context.SpringBootTestWebEnvironment@1890516e], resourceBasePath = 'src/main/webapp', contextLoader = 'org.springframework.boot.test.context.SpringBootContextLoader', parent = [null]], attributes = map['org.springframework.test.context.web.ServletTestExecutionListener.activateListener' -> true, 'org.springframework.test.context.web.ServletTestExecutionListener.populatedRequestContextHolder' -> true, 'org.springframework.test.context.web.ServletTestExecutionListener.resetRequestContextHolder' -> true, 'org.springframework.test.context.event.ApplicationEventsTestExecutionListener.recordApplicationEvents' -> false]]
2022-09-02 19:45:07.829  INFO 21716 --- [    Test worker] o.s.t.c.transaction.TransactionContext   : Began transaction (1) for test context [DefaultTestContext@7ee0dbd1 testClass = PostControllerTest, testInstance = umc_sjs.smallestShelter.controller.PostControllerTest@61761e60, testMethod = 게시물삭제@PostControllerTest, testException = [null], mergedContextConfiguration = [WebMergedContextConfiguration@5d04adc1 testClass = PostControllerTest, locations = '{}', classes = '{class umc_sjs.smallestShelter.SmallestShelterApplication}', contextInitializerClasses = '[]', activeProfiles = '{}', propertySourceLocations = '{}', propertySourceProperties = '{org.springframework.boot.test.context.SpringBootTestContextBootstrapper=true}', contextCustomizers = set[org.springframework.boot.test.autoconfigure.actuate.metrics.MetricsExportContextCustomizerFactory$DisableMetricExportContextCustomizer@183e8023, org.springframework.boot.test.autoconfigure.properties.PropertyMappingContextCustomizer@0, org.springframework.boot.test.autoconfigure.web.servlet.WebDriverContextCustomizerFactory$Customizer@56bca85b, org.springframework.boot.test.context.filter.ExcludeFilterContextCustomizer@22b53226, org.springframework.boot.test.json.DuplicateJsonObjectContextCustomizerFactory$DuplicateJsonObjectContextCustomizer@ea9b7c6, org.springframework.boot.test.mock.mockito.MockitoContextCustomizer@0, org.springframework.boot.test.web.client.TestRestTemplateContextCustomizer@41813449, org.springframework.boot.test.context.SpringBootTestArgs@1, org.springframework.boot.test.context.SpringBootTestWebEnvironment@1890516e], resourceBasePath = 'src/main/webapp', contextLoader = 'org.springframework.boot.test.context.SpringBootContextLoader', parent = [null]], attributes = map['org.springframework.test.context.web.ServletTestExecutionListener.activateListener' -> true, 'org.springframework.test.context.web.ServletTestExecutionListener.populatedRequestContextHolder' -> true, 'org.springframework.test.context.web.ServletTestExecutionListener.resetRequestContextHolder' -> true, 'org.springframework.test.context.event.ApplicationEventsTestExecutionListener.recordApplicationEvents' -> false]]; transaction manager [org.springframework.orm.jpa.JpaTransactionManager@7ea91c39]; rollback [true]
2022-09-02 19:45:07.834 DEBUG 21716 --- [    Test worker] org.hibernate.SQL                        : 
    select
        animal0_.animal_idx as animal_i1_0_,
        animal0_.is_guessed as is_guess2_0_,
        animal0_.month as month3_0_,
        animal0_.year as year4_0_,
        animal0_.bark as bark5_0_,
        animal0_.bite as bite6_0_,
        animal0_.create_date as create_d7_0_,
        animal0_.gender as gender8_0_,
        animal0_.is_adopted as is_adopt9_0_,
        animal0_.main_img_url as main_im10_0_,
        animal0_.name as name11_0_,
        animal0_.separation as separat12_0_,
        animal0_.socialization as sociali13_0_,
        animal0_.species as species14_0_,
        animal0_.toilet as toilet15_0_,
        animal0_.upload_user_idx as upload_16_0_ 
    from
        animal animal0_
2022-09-02 19:45:07.887 DEBUG 21716 --- [    Test worker] org.hibernate.SQL                        : 
    select
        post0_.post_idx as post_idx1_3_,
        post0_.animal_idx as animal_i5_3_,
        post0_.content as content2_3_,
        post0_.create_date as create_d3_3_,
        post0_.img_url as img_url4_3_ 
    from
        post post0_
2022-09-02 19:45:07.913 DEBUG 21716 --- [    Test worker] org.hibernate.SQL                        : 
    select
        animal0_.animal_idx as animal_i1_0_0_,
        illnesslis1_.illness_idx as illness_1_2_1_,
        animal0_.is_guessed as is_guess2_0_0_,
        animal0_.month as month3_0_0_,
        animal0_.year as year4_0_0_,
        animal0_.bark as bark5_0_0_,
        animal0_.bite as bite6_0_0_,
        animal0_.create_date as create_d7_0_0_,
        animal0_.gender as gender8_0_0_,
        animal0_.is_adopted as is_adopt9_0_0_,
        animal0_.main_img_url as main_im10_0_0_,
        animal0_.name as name11_0_0_,
        animal0_.separation as separat12_0_0_,
        animal0_.socialization as sociali13_0_0_,
        animal0_.species as species14_0_0_,
        animal0_.toilet as toilet15_0_0_,
        animal0_.upload_user_idx as upload_16_0_0_,
        illnesslis1_.animal_idx as animal_i3_2_1_,
        illnesslis1_.name as name2_2_1_,
        illnesslis1_.animal_idx as animal_i3_2_0__,
        illnesslis1_.illness_idx as illness_1_2_0__ 
    from
        animal animal0_ 
    left outer join
        illness illnesslis1_ 
            on animal0_.animal_idx=illnesslis1_.animal_idx 
    where
        animal0_.animal_idx=?
2022-09-02 19:45:07.925 DEBUG 21716 --- [    Test worker] org.hibernate.SQL                        : 
    insert 
    into
        post
        (animal_idx, content, create_date, img_url) 
    values
        (?, ?, ?, ?)
2022-09-02 19:45:07.956 DEBUG 21716 --- [    Test worker] org.hibernate.SQL                        : 
    select
        post0_.post_idx as post_idx1_3_0_,
        animal1_.animal_idx as animal_i1_0_1_,
        post0_.animal_idx as animal_i5_3_0_,
        post0_.content as content2_3_0_,
        post0_.create_date as create_d3_3_0_,
        post0_.img_url as img_url4_3_0_,
        animal1_.is_guessed as is_guess2_0_1_,
        animal1_.month as month3_0_1_,
        animal1_.year as year4_0_1_,
        animal1_.bark as bark5_0_1_,
        animal1_.bite as bite6_0_1_,
        animal1_.create_date as create_d7_0_1_,
        animal1_.gender as gender8_0_1_,
        animal1_.is_adopted as is_adopt9_0_1_,
        animal1_.main_img_url as main_im10_0_1_,
        animal1_.name as name11_0_1_,
        animal1_.separation as separat12_0_1_,
        animal1_.socialization as sociali13_0_1_,
        animal1_.species as species14_0_1_,
        animal1_.toilet as toilet15_0_1_,
        animal1_.upload_user_idx as upload_16_0_1_ 
    from
        post post0_ 
    left outer join
        animal animal1_ 
            on post0_.animal_idx=animal1_.animal_idx 
    where
        post0_.post_idx=?
요청에 성공하였습니다.
2022-09-02 19:45:07.998  INFO 21716 --- [    Test worker] o.s.t.c.transaction.TransactionContext   : Rolled back transaction for test: [DefaultTestContext@7ee0dbd1 testClass = PostControllerTest, testInstance = umc_sjs.smallestShelter.controller.PostControllerTest@61761e60, testMethod = 게시물삭제@PostControllerTest, testException = [null], mergedContextConfiguration = [WebMergedContextConfiguration@5d04adc1 testClass = PostControllerTest, locations = '{}', classes = '{class umc_sjs.smallestShelter.SmallestShelterApplication}', contextInitializerClasses = '[]', activeProfiles = '{}', propertySourceLocations = '{}', propertySourceProperties = '{org.springframework.boot.test.context.SpringBootTestContextBootstrapper=true}', contextCustomizers = set[org.springframework.boot.test.autoconfigure.actuate.metrics.MetricsExportContextCustomizerFactory$DisableMetricExportContextCustomizer@183e8023, org.springframework.boot.test.autoconfigure.properties.PropertyMappingContextCustomizer@0, org.springframework.boot.test.autoconfigure.web.servlet.WebDriverContextCustomizerFactory$Customizer@56bca85b, org.springframework.boot.test.context.filter.ExcludeFilterContextCustomizer@22b53226, org.springframework.boot.test.json.DuplicateJsonObjectContextCustomizerFactory$DuplicateJsonObjectContextCustomizer@ea9b7c6, org.springframework.boot.test.mock.mockito.MockitoContextCustomizer@0, org.springframework.boot.test.web.client.TestRestTemplateContextCustomizer@41813449, org.springframework.boot.test.context.SpringBootTestArgs@1, org.springframework.boot.test.context.SpringBootTestWebEnvironment@1890516e], resourceBasePath = 'src/main/webapp', contextLoader = 'org.springframework.boot.test.context.SpringBootContextLoader', parent = [null]], attributes = map['org.springframework.test.context.web.ServletTestExecutionListener.activateListener' -> true, 'org.springframework.test.context.web.ServletTestExecutionListener.populatedRequestContextHolder' -> true, 'org.springframework.test.context.web.ServletTestExecutionListener.resetRequestContextHolder' -> true, 'org.springframework.test.context.event.ApplicationEventsTestExecutionListener.recordApplicationEvents' -> false]]
2022-09-02 19:45:08.010  INFO 21716 --- [    Test worker] o.s.t.c.transaction.TransactionContext   : Began transaction (1) for test context [DefaultTestContext@7ee0dbd1 testClass = PostControllerTest, testInstance = umc_sjs.smallestShelter.controller.PostControllerTest@2c70da80, testMethod = 게시물수정@PostControllerTest, testException = [null], mergedContextConfiguration = [WebMergedContextConfiguration@5d04adc1 testClass = PostControllerTest, locations = '{}', classes = '{class umc_sjs.smallestShelter.SmallestShelterApplication}', contextInitializerClasses = '[]', activeProfiles = '{}', propertySourceLocations = '{}', propertySourceProperties = '{org.springframework.boot.test.context.SpringBootTestContextBootstrapper=true}', contextCustomizers = set[org.springframework.boot.test.autoconfigure.actuate.metrics.MetricsExportContextCustomizerFactory$DisableMetricExportContextCustomizer@183e8023, org.springframework.boot.test.autoconfigure.properties.PropertyMappingContextCustomizer@0, org.springframework.boot.test.autoconfigure.web.servlet.WebDriverContextCustomizerFactory$Customizer@56bca85b, org.springframework.boot.test.context.filter.ExcludeFilterContextCustomizer@22b53226, org.springframework.boot.test.json.DuplicateJsonObjectContextCustomizerFactory$DuplicateJsonObjectContextCustomizer@ea9b7c6, org.springframework.boot.test.mock.mockito.MockitoContextCustomizer@0, org.springframework.boot.test.web.client.TestRestTemplateContextCustomizer@41813449, org.springframework.boot.test.context.SpringBootTestArgs@1, org.springframework.boot.test.context.SpringBootTestWebEnvironment@1890516e], resourceBasePath = 'src/main/webapp', contextLoader = 'org.springframework.boot.test.context.SpringBootContextLoader', parent = [null]], attributes = map['org.springframework.test.context.web.ServletTestExecutionListener.activateListener' -> true, 'org.springframework.test.context.web.ServletTestExecutionListener.populatedRequestContextHolder' -> true, 'org.springframework.test.context.web.ServletTestExecutionListener.resetRequestContextHolder' -> true, 'org.springframework.test.context.event.ApplicationEventsTestExecutionListener.recordApplicationEvents' -> false]]; transaction manager [org.springframework.orm.jpa.JpaTransactionManager@7ea91c39]; rollback [true]
2022-09-02 19:45:08.015 DEBUG 21716 --- [    Test worker] org.hibernate.SQL                        : 
    select
        animal0_.animal_idx as animal_i1_0_,
        animal0_.is_guessed as is_guess2_0_,
        animal0_.month as month3_0_,
        animal0_.year as year4_0_,
        animal0_.bark as bark5_0_,
        animal0_.bite as bite6_0_,
        animal0_.create_date as create_d7_0_,
        animal0_.gender as gender8_0_,
        animal0_.is_adopted as is_adopt9_0_,
        animal0_.main_img_url as main_im10_0_,
        animal0_.name as name11_0_,
        animal0_.separation as separat12_0_,
        animal0_.socialization as sociali13_0_,
        animal0_.species as species14_0_,
        animal0_.toilet as toilet15_0_,
        animal0_.upload_user_idx as upload_16_0_ 
    from
        animal animal0_
2022-09-02 19:45:08.078 DEBUG 21716 --- [    Test worker] org.hibernate.SQL                        : 
    select
        post0_.post_idx as post_idx1_3_,
        post0_.animal_idx as animal_i5_3_,
        post0_.content as content2_3_,
        post0_.create_date as create_d3_3_,
        post0_.img_url as img_url4_3_ 
    from
        post post0_
2022-09-02 19:45:08.105 DEBUG 21716 --- [    Test worker] org.hibernate.SQL                        : 
    select
        post0_.post_idx as post_idx1_3_0_,
        animal1_.animal_idx as animal_i1_0_1_,
        post0_.animal_idx as animal_i5_3_0_,
        post0_.content as content2_3_0_,
        post0_.create_date as create_d3_3_0_,
        post0_.img_url as img_url4_3_0_,
        animal1_.is_guessed as is_guess2_0_1_,
        animal1_.month as month3_0_1_,
        animal1_.year as year4_0_1_,
        animal1_.bark as bark5_0_1_,
        animal1_.bite as bite6_0_1_,
        animal1_.create_date as create_d7_0_1_,
        animal1_.gender as gender8_0_1_,
        animal1_.is_adopted as is_adopt9_0_1_,
        animal1_.main_img_url as main_im10_0_1_,
        animal1_.name as name11_0_1_,
        animal1_.separation as separat12_0_1_,
        animal1_.socialization as sociali13_0_1_,
        animal1_.species as species14_0_1_,
        animal1_.toilet as toilet15_0_1_,
        animal1_.upload_user_idx as upload_16_0_1_ 
    from
        post post0_ 
    left outer join
        animal animal1_ 
            on post0_.animal_idx=animal1_.animal_idx 
    where
        post0_.post_idx=?
2022-09-02 19:45:08.146  INFO 21716 --- [    Test worker] o.s.t.c.transaction.TransactionContext   : Rolled back transaction for test: [DefaultTestContext@7ee0dbd1 testClass = PostControllerTest, testInstance = umc_sjs.smallestShelter.controller.PostControllerTest@2c70da80, testMethod = 게시물수정@PostControllerTest, testException = [null], mergedContextConfiguration = [WebMergedContextConfiguration@5d04adc1 testClass = PostControllerTest, locations = '{}', classes = '{class umc_sjs.smallestShelter.SmallestShelterApplication}', contextInitializerClasses = '[]', activeProfiles = '{}', propertySourceLocations = '{}', propertySourceProperties = '{org.springframework.boot.test.context.SpringBootTestContextBootstrapper=true}', contextCustomizers = set[org.springframework.boot.test.autoconfigure.actuate.metrics.MetricsExportContextCustomizerFactory$DisableMetricExportContextCustomizer@183e8023, org.springframework.boot.test.autoconfigure.properties.PropertyMappingContextCustomizer@0, org.springframework.boot.test.autoconfigure.web.servlet.WebDriverContextCustomizerFactory$Customizer@56bca85b, org.springframework.boot.test.context.filter.ExcludeFilterContextCustomizer@22b53226, org.springframework.boot.test.json.DuplicateJsonObjectContextCustomizerFactory$DuplicateJsonObjectContextCustomizer@ea9b7c6, org.springframework.boot.test.mock.mockito.MockitoContextCustomizer@0, org.springframework.boot.test.web.client.TestRestTemplateContextCustomizer@41813449, org.springframework.boot.test.context.SpringBootTestArgs@1, org.springframework.boot.test.context.SpringBootTestWebEnvironment@1890516e], resourceBasePath = 'src/main/webapp', contextLoader = 'org.springframework.boot.test.context.SpringBootContextLoader', parent = [null]], attributes = map['org.springframework.test.context.web.ServletTestExecutionListener.activateListener' -> true, 'org.springframework.test.context.web.ServletTestExecutionListener.populatedRequestContextHolder' -> true, 'org.springframework.test.context.web.ServletTestExecutionListener.resetRequestContextHolder' -> true, 'org.springframework.test.context.event.ApplicationEventsTestExecutionListener.recordApplicationEvents' -> false]]
2022-09-02 19:45:08.159  INFO 21716 --- [    Test worker] o.s.t.c.transaction.TransactionContext   : Began transaction (1) for test context [DefaultTestContext@7ee0dbd1 testClass = PostControllerTest, testInstance = umc_sjs.smallestShelter.controller.PostControllerTest@5d59ad49, testMethod = 게시글조회_x_없는게시물조회@PostControllerTest, testException = [null], mergedContextConfiguration = [WebMergedContextConfiguration@5d04adc1 testClass = PostControllerTest, locations = '{}', classes = '{class umc_sjs.smallestShelter.SmallestShelterApplication}', contextInitializerClasses = '[]', activeProfiles = '{}', propertySourceLocations = '{}', propertySourceProperties = '{org.springframework.boot.test.context.SpringBootTestContextBootstrapper=true}', contextCustomizers = set[org.springframework.boot.test.autoconfigure.actuate.metrics.MetricsExportContextCustomizerFactory$DisableMetricExportContextCustomizer@183e8023, org.springframework.boot.test.autoconfigure.properties.PropertyMappingContextCustomizer@0, org.springframework.boot.test.autoconfigure.web.servlet.WebDriverContextCustomizerFactory$Customizer@56bca85b, org.springframework.boot.test.context.filter.ExcludeFilterContextCustomizer@22b53226, org.springframework.boot.test.json.DuplicateJsonObjectContextCustomizerFactory$DuplicateJsonObjectContextCustomizer@ea9b7c6, org.springframework.boot.test.mock.mockito.MockitoContextCustomizer@0, org.springframework.boot.test.web.client.TestRestTemplateContextCustomizer@41813449, org.springframework.boot.test.context.SpringBootTestArgs@1, org.springframework.boot.test.context.SpringBootTestWebEnvironment@1890516e], resourceBasePath = 'src/main/webapp', contextLoader = 'org.springframework.boot.test.context.SpringBootContextLoader', parent = [null]], attributes = map['org.springframework.test.context.web.ServletTestExecutionListener.activateListener' -> true, 'org.springframework.test.context.web.ServletTestExecutionListener.populatedRequestContextHolder' -> true, 'org.springframework.test.context.web.ServletTestExecutionListener.resetRequestContextHolder' -> true, 'org.springframework.test.context.event.ApplicationEventsTestExecutionListener.recordApplicationEvents' -> false]]; transaction manager [org.springframework.orm.jpa.JpaTransactionManager@7ea91c39]; rollback [true]
2022-09-02 19:45:08.164 DEBUG 21716 --- [    Test worker] org.hibernate.SQL                        : 
    select
        animal0_.animal_idx as animal_i1_0_,
        animal0_.is_guessed as is_guess2_0_,
        animal0_.month as month3_0_,
        animal0_.year as year4_0_,
        animal0_.bark as bark5_0_,
        animal0_.bite as bite6_0_,
        animal0_.create_date as create_d7_0_,
        animal0_.gender as gender8_0_,
        animal0_.is_adopted as is_adopt9_0_,
        animal0_.main_img_url as main_im10_0_,
        animal0_.name as name11_0_,
        animal0_.separation as separat12_0_,
        animal0_.socialization as sociali13_0_,
        animal0_.species as species14_0_,
        animal0_.toilet as toilet15_0_,
        animal0_.upload_user_idx as upload_16_0_ 
    from
        animal animal0_
2022-09-02 19:45:08.196 DEBUG 21716 --- [    Test worker] org.hibernate.SQL                        : 
    select
        post0_.post_idx as post_idx1_3_,
        post0_.animal_idx as animal_i5_3_,
        post0_.content as content2_3_,
        post0_.create_date as create_d3_3_,
        post0_.img_url as img_url4_3_ 
    from
        post post0_
2022-09-02 19:45:08.216 DEBUG 21716 --- [    Test worker] org.hibernate.SQL                        : 
    select
        post0_.post_idx as post_idx1_3_0_,
        animal1_.animal_idx as animal_i1_0_1_,
        post0_.animal_idx as animal_i5_3_0_,
        post0_.content as content2_3_0_,
        post0_.create_date as create_d3_3_0_,
        post0_.img_url as img_url4_3_0_,
        animal1_.is_guessed as is_guess2_0_1_,
        animal1_.month as month3_0_1_,
        animal1_.year as year4_0_1_,
        animal1_.bark as bark5_0_1_,
        animal1_.bite as bite6_0_1_,
        animal1_.create_date as create_d7_0_1_,
        animal1_.gender as gender8_0_1_,
        animal1_.is_adopted as is_adopt9_0_1_,
        animal1_.main_img_url as main_im10_0_1_,
        animal1_.name as name11_0_1_,
        animal1_.separation as separat12_0_1_,
        animal1_.socialization as sociali13_0_1_,
        animal1_.species as species14_0_1_,
        animal1_.toilet as toilet15_0_1_,
        animal1_.upload_user_idx as upload_16_0_1_ 
    from
        post post0_ 
    left outer join
        animal animal1_ 
            on post0_.animal_idx=animal1_.animal_idx 
    where
        post0_.post_idx=?
해당하는 게시물이 존재하지 않습니다
2022-09-02 19:45:08.247  INFO 21716 --- [    Test worker] o.s.t.c.transaction.TransactionContext   : Rolled back transaction for test: [DefaultTestContext@7ee0dbd1 testClass = PostControllerTest, testInstance = umc_sjs.smallestShelter.controller.PostControllerTest@5d59ad49, testMethod = 게시글조회_x_없는게시물조회@PostControllerTest, testException = [null], mergedContextConfiguration = [WebMergedContextConfiguration@5d04adc1 testClass = PostControllerTest, locations = '{}', classes = '{class umc_sjs.smallestShelter.SmallestShelterApplication}', contextInitializerClasses = '[]', activeProfiles = '{}', propertySourceLocations = '{}', propertySourceProperties = '{org.springframework.boot.test.context.SpringBootTestContextBootstrapper=true}', contextCustomizers = set[org.springframework.boot.test.autoconfigure.actuate.metrics.MetricsExportContextCustomizerFactory$DisableMetricExportContextCustomizer@183e8023, org.springframework.boot.test.autoconfigure.properties.PropertyMappingContextCustomizer@0, org.springframework.boot.test.autoconfigure.web.servlet.WebDriverContextCustomizerFactory$Customizer@56bca85b, org.springframework.boot.test.context.filter.ExcludeFilterContextCustomizer@22b53226, org.springframework.boot.test.json.DuplicateJsonObjectContextCustomizerFactory$DuplicateJsonObjectContextCustomizer@ea9b7c6, org.springframework.boot.test.mock.mockito.MockitoContextCustomizer@0, org.springframework.boot.test.web.client.TestRestTemplateContextCustomizer@41813449, org.springframework.boot.test.context.SpringBootTestArgs@1, org.springframework.boot.test.context.SpringBootTestWebEnvironment@1890516e], resourceBasePath = 'src/main/webapp', contextLoader = 'org.springframework.boot.test.context.SpringBootContextLoader', parent = [null]], attributes = map['org.springframework.test.context.web.ServletTestExecutionListener.activateListener' -> true, 'org.springframework.test.context.web.ServletTestExecutionListener.populatedRequestContextHolder' -> true, 'org.springframework.test.context.web.ServletTestExecutionListener.resetRequestContextHolder' -> true, 'org.springframework.test.context.event.ApplicationEventsTestExecutionListener.recordApplicationEvents' -> false]]
2022-09-02 19:45:08.257  INFO 21716 --- [    Test worker] o.s.t.c.transaction.TransactionContext   : Began transaction (1) for test context [DefaultTestContext@7ee0dbd1 testClass = PostControllerTest, testInstance = umc_sjs.smallestShelter.controller.PostControllerTest@3d1319b, testMethod = 게시물삭제_x_일치하지않는동물idx@PostControllerTest, testException = [null], mergedContextConfiguration = [WebMergedContextConfiguration@5d04adc1 testClass = PostControllerTest, locations = '{}', classes = '{class umc_sjs.smallestShelter.SmallestShelterApplication}', contextInitializerClasses = '[]', activeProfiles = '{}', propertySourceLocations = '{}', propertySourceProperties = '{org.springframework.boot.test.context.SpringBootTestContextBootstrapper=true}', contextCustomizers = set[org.springframework.boot.test.autoconfigure.actuate.metrics.MetricsExportContextCustomizerFactory$DisableMetricExportContextCustomizer@183e8023, org.springframework.boot.test.autoconfigure.properties.PropertyMappingContextCustomizer@0, org.springframework.boot.test.autoconfigure.web.servlet.WebDriverContextCustomizerFactory$Customizer@56bca85b, org.springframework.boot.test.context.filter.ExcludeFilterContextCustomizer@22b53226, org.springframework.boot.test.json.DuplicateJsonObjectContextCustomizerFactory$DuplicateJsonObjectContextCustomizer@ea9b7c6, org.springframework.boot.test.mock.mockito.MockitoContextCustomizer@0, org.springframework.boot.test.web.client.TestRestTemplateContextCustomizer@41813449, org.springframework.boot.test.context.SpringBootTestArgs@1, org.springframework.boot.test.context.SpringBootTestWebEnvironment@1890516e], resourceBasePath = 'src/main/webapp', contextLoader = 'org.springframework.boot.test.context.SpringBootContextLoader', parent = [null]], attributes = map['org.springframework.test.context.web.ServletTestExecutionListener.activateListener' -> true, 'org.springframework.test.context.web.ServletTestExecutionListener.populatedRequestContextHolder' -> true, 'org.springframework.test.context.web.ServletTestExecutionListener.resetRequestContextHolder' -> true, 'org.springframework.test.context.event.ApplicationEventsTestExecutionListener.recordApplicationEvents' -> false]]; transaction manager [org.springframework.orm.jpa.JpaTransactionManager@7ea91c39]; rollback [true]
2022-09-02 19:45:08.261 DEBUG 21716 --- [    Test worker] org.hibernate.SQL                        : 
    select
        animal0_.animal_idx as animal_i1_0_,
        animal0_.is_guessed as is_guess2_0_,
        animal0_.month as month3_0_,
        animal0_.year as year4_0_,
        animal0_.bark as bark5_0_,
        animal0_.bite as bite6_0_,
        animal0_.create_date as create_d7_0_,
        animal0_.gender as gender8_0_,
        animal0_.is_adopted as is_adopt9_0_,
        animal0_.main_img_url as main_im10_0_,
        animal0_.name as name11_0_,
        animal0_.separation as separat12_0_,
        animal0_.socialization as sociali13_0_,
        animal0_.species as species14_0_,
        animal0_.toilet as toilet15_0_,
        animal0_.upload_user_idx as upload_16_0_ 
    from
        animal animal0_
2022-09-02 19:45:08.297 DEBUG 21716 --- [    Test worker] org.hibernate.SQL                        : 
    select
        post0_.post_idx as post_idx1_3_,
        post0_.animal_idx as animal_i5_3_,
        post0_.content as content2_3_,
        post0_.create_date as create_d3_3_,
        post0_.img_url as img_url4_3_ 
    from
        post post0_
2022-09-02 19:45:08.315 DEBUG 21716 --- [    Test worker] org.hibernate.SQL                        : 
    select
        post0_.post_idx as post_idx1_3_0_,
        animal1_.animal_idx as animal_i1_0_1_,
        post0_.animal_idx as animal_i5_3_0_,
        post0_.content as content2_3_0_,
        post0_.create_date as create_d3_3_0_,
        post0_.img_url as img_url4_3_0_,
        animal1_.is_guessed as is_guess2_0_1_,
        animal1_.month as month3_0_1_,
        animal1_.year as year4_0_1_,
        animal1_.bark as bark5_0_1_,
        animal1_.bite as bite6_0_1_,
        animal1_.create_date as create_d7_0_1_,
        animal1_.gender as gender8_0_1_,
        animal1_.is_adopted as is_adopt9_0_1_,
        animal1_.main_img_url as main_im10_0_1_,
        animal1_.name as name11_0_1_,
        animal1_.separation as separat12_0_1_,
        animal1_.socialization as sociali13_0_1_,
        animal1_.species as species14_0_1_,
        animal1_.toilet as toilet15_0_1_,
        animal1_.upload_user_idx as upload_16_0_1_ 
    from
        post post0_ 
    left outer join
        animal animal1_ 
            on post0_.animal_idx=animal1_.animal_idx 
    where
        post0_.post_idx=?
해당 동물의 게시물의 아닙니다: idx 불일치
2022-09-02 19:45:08.360  INFO 21716 --- [    Test worker] o.s.t.c.transaction.TransactionContext   : Rolled back transaction for test: [DefaultTestContext@7ee0dbd1 testClass = PostControllerTest, testInstance = umc_sjs.smallestShelter.controller.PostControllerTest@3d1319b, testMethod = 게시물삭제_x_일치하지않는동물idx@PostControllerTest, testException = [null], mergedContextConfiguration = [WebMergedContextConfiguration@5d04adc1 testClass = PostControllerTest, locations = '{}', classes = '{class umc_sjs.smallestShelter.SmallestShelterApplication}', contextInitializerClasses = '[]', activeProfiles = '{}', propertySourceLocations = '{}', propertySourceProperties = '{org.springframework.boot.test.context.SpringBootTestContextBootstrapper=true}', contextCustomizers = set[org.springframework.boot.test.autoconfigure.actuate.metrics.MetricsExportContextCustomizerFactory$DisableMetricExportContextCustomizer@183e8023, org.springframework.boot.test.autoconfigure.properties.PropertyMappingContextCustomizer@0, org.springframework.boot.test.autoconfigure.web.servlet.WebDriverContextCustomizerFactory$Customizer@56bca85b, org.springframework.boot.test.context.filter.ExcludeFilterContextCustomizer@22b53226, org.springframework.boot.test.json.DuplicateJsonObjectContextCustomizerFactory$DuplicateJsonObjectContextCustomizer@ea9b7c6, org.springframework.boot.test.mock.mockito.MockitoContextCustomizer@0, org.springframework.boot.test.web.client.TestRestTemplateContextCustomizer@41813449, org.springframework.boot.test.context.SpringBootTestArgs@1, org.springframework.boot.test.context.SpringBootTestWebEnvironment@1890516e], resourceBasePath = 'src/main/webapp', contextLoader = 'org.springframework.boot.test.context.SpringBootContextLoader', parent = [null]], attributes = map['org.springframework.test.context.web.ServletTestExecutionListener.activateListener' -> true, 'org.springframework.test.context.web.ServletTestExecutionListener.populatedRequestContextHolder' -> true, 'org.springframework.test.context.web.ServletTestExecutionListener.resetRequestContextHolder' -> true, 'org.springframework.test.context.event.ApplicationEventsTestExecutionListener.recordApplicationEvents' -> false]]
2022-09-02 19:45:08.370  INFO 21716 --- [    Test worker] o.s.t.c.transaction.TransactionContext   : Began transaction (1) for test context [DefaultTestContext@7ee0dbd1 testClass = PostControllerTest, testInstance = umc_sjs.smallestShelter.controller.PostControllerTest@3e6b8b27, testMethod = 게시글생성_X_이미지없음_null@PostControllerTest, testException = [null], mergedContextConfiguration = [WebMergedContextConfiguration@5d04adc1 testClass = PostControllerTest, locations = '{}', classes = '{class umc_sjs.smallestShelter.SmallestShelterApplication}', contextInitializerClasses = '[]', activeProfiles = '{}', propertySourceLocations = '{}', propertySourceProperties = '{org.springframework.boot.test.context.SpringBootTestContextBootstrapper=true}', contextCustomizers = set[org.springframework.boot.test.autoconfigure.actuate.metrics.MetricsExportContextCustomizerFactory$DisableMetricExportContextCustomizer@183e8023, org.springframework.boot.test.autoconfigure.properties.PropertyMappingContextCustomizer@0, org.springframework.boot.test.autoconfigure.web.servlet.WebDriverContextCustomizerFactory$Customizer@56bca85b, org.springframework.boot.test.context.filter.ExcludeFilterContextCustomizer@22b53226, org.springframework.boot.test.json.DuplicateJsonObjectContextCustomizerFactory$DuplicateJsonObjectContextCustomizer@ea9b7c6, org.springframework.boot.test.mock.mockito.MockitoContextCustomizer@0, org.springframework.boot.test.web.client.TestRestTemplateContextCustomizer@41813449, org.springframework.boot.test.context.SpringBootTestArgs@1, org.springframework.boot.test.context.SpringBootTestWebEnvironment@1890516e], resourceBasePath = 'src/main/webapp', contextLoader = 'org.springframework.boot.test.context.SpringBootContextLoader', parent = [null]], attributes = map['org.springframework.test.context.web.ServletTestExecutionListener.activateListener' -> true, 'org.springframework.test.context.web.ServletTestExecutionListener.populatedRequestContextHolder' -> true, 'org.springframework.test.context.web.ServletTestExecutionListener.resetRequestContextHolder' -> true, 'org.springframework.test.context.event.ApplicationEventsTestExecutionListener.recordApplicationEvents' -> false]]; transaction manager [org.springframework.orm.jpa.JpaTransactionManager@7ea91c39]; rollback [true]
2022-09-02 19:45:08.375 DEBUG 21716 --- [    Test worker] org.hibernate.SQL                        : 
    select
        animal0_.animal_idx as animal_i1_0_,
        animal0_.is_guessed as is_guess2_0_,
        animal0_.month as month3_0_,
        animal0_.year as year4_0_,
        animal0_.bark as bark5_0_,
        animal0_.bite as bite6_0_,
        animal0_.create_date as create_d7_0_,
        animal0_.gender as gender8_0_,
        animal0_.is_adopted as is_adopt9_0_,
        animal0_.main_img_url as main_im10_0_,
        animal0_.name as name11_0_,
        animal0_.separation as separat12_0_,
        animal0_.socialization as sociali13_0_,
        animal0_.species as species14_0_,
        animal0_.toilet as toilet15_0_,
        animal0_.upload_user_idx as upload_16_0_ 
    from
        animal animal0_
2022-09-02 19:45:08.415 DEBUG 21716 --- [    Test worker] org.hibernate.SQL                        : 
    select
        post0_.post_idx as post_idx1_3_,
        post0_.animal_idx as animal_i5_3_,
        post0_.content as content2_3_,
        post0_.create_date as create_d3_3_,
        post0_.img_url as img_url4_3_ 
    from
        post post0_
게시물에 이미지가 없습니다
2022-09-02 19:45:08.444  INFO 21716 --- [    Test worker] o.s.t.c.transaction.TransactionContext   : Rolled back transaction for test: [DefaultTestContext@7ee0dbd1 testClass = PostControllerTest, testInstance = umc_sjs.smallestShelter.controller.PostControllerTest@3e6b8b27, testMethod = 게시글생성_X_이미지없음_null@PostControllerTest, testException = [null], mergedContextConfiguration = [WebMergedContextConfiguration@5d04adc1 testClass = PostControllerTest, locations = '{}', classes = '{class umc_sjs.smallestShelter.SmallestShelterApplication}', contextInitializerClasses = '[]', activeProfiles = '{}', propertySourceLocations = '{}', propertySourceProperties = '{org.springframework.boot.test.context.SpringBootTestContextBootstrapper=true}', contextCustomizers = set[org.springframework.boot.test.autoconfigure.actuate.metrics.MetricsExportContextCustomizerFactory$DisableMetricExportContextCustomizer@183e8023, org.springframework.boot.test.autoconfigure.properties.PropertyMappingContextCustomizer@0, org.springframework.boot.test.autoconfigure.web.servlet.WebDriverContextCustomizerFactory$Customizer@56bca85b, org.springframework.boot.test.context.filter.ExcludeFilterContextCustomizer@22b53226, org.springframework.boot.test.json.DuplicateJsonObjectContextCustomizerFactory$DuplicateJsonObjectContextCustomizer@ea9b7c6, org.springframework.boot.test.mock.mockito.MockitoContextCustomizer@0, org.springframework.boot.test.web.client.TestRestTemplateContextCustomizer@41813449, org.springframework.boot.test.context.SpringBootTestArgs@1, org.springframework.boot.test.context.SpringBootTestWebEnvironment@1890516e], resourceBasePath = 'src/main/webapp', contextLoader = 'org.springframework.boot.test.context.SpringBootContextLoader', parent = [null]], attributes = map['org.springframework.test.context.web.ServletTestExecutionListener.activateListener' -> true, 'org.springframework.test.context.web.ServletTestExecutionListener.populatedRequestContextHolder' -> true, 'org.springframework.test.context.web.ServletTestExecutionListener.resetRequestContextHolder' -> true, 'org.springframework.test.context.event.ApplicationEventsTestExecutionListener.recordApplicationEvents' -> false]]
2022-09-02 19:45:08.456  INFO 21716 --- [    Test worker] o.s.t.c.transaction.TransactionContext   : Began transaction (1) for test context [DefaultTestContext@7ee0dbd1 testClass = PostControllerTest, testInstance = umc_sjs.smallestShelter.controller.PostControllerTest@7ce87f9d, testMethod = 게시물수정_x_없는게시물@PostControllerTest, testException = [null], mergedContextConfiguration = [WebMergedContextConfiguration@5d04adc1 testClass = PostControllerTest, locations = '{}', classes = '{class umc_sjs.smallestShelter.SmallestShelterApplication}', contextInitializerClasses = '[]', activeProfiles = '{}', propertySourceLocations = '{}', propertySourceProperties = '{org.springframework.boot.test.context.SpringBootTestContextBootstrapper=true}', contextCustomizers = set[org.springframework.boot.test.autoconfigure.actuate.metrics.MetricsExportContextCustomizerFactory$DisableMetricExportContextCustomizer@183e8023, org.springframework.boot.test.autoconfigure.properties.PropertyMappingContextCustomizer@0, org.springframework.boot.test.autoconfigure.web.servlet.WebDriverContextCustomizerFactory$Customizer@56bca85b, org.springframework.boot.test.context.filter.ExcludeFilterContextCustomizer@22b53226, org.springframework.boot.test.json.DuplicateJsonObjectContextCustomizerFactory$DuplicateJsonObjectContextCustomizer@ea9b7c6, org.springframework.boot.test.mock.mockito.MockitoContextCustomizer@0, org.springframework.boot.test.web.client.TestRestTemplateContextCustomizer@41813449, org.springframework.boot.test.context.SpringBootTestArgs@1, org.springframework.boot.test.context.SpringBootTestWebEnvironment@1890516e], resourceBasePath = 'src/main/webapp', contextLoader = 'org.springframework.boot.test.context.SpringBootContextLoader', parent = [null]], attributes = map['org.springframework.test.context.web.ServletTestExecutionListener.activateListener' -> true, 'org.springframework.test.context.web.ServletTestExecutionListener.populatedRequestContextHolder' -> true, 'org.springframework.test.context.web.ServletTestExecutionListener.resetRequestContextHolder' -> true, 'org.springframework.test.context.event.ApplicationEventsTestExecutionListener.recordApplicationEvents' -> false]]; transaction manager [org.springframework.orm.jpa.JpaTransactionManager@7ea91c39]; rollback [true]
2022-09-02 19:45:08.460 DEBUG 21716 --- [    Test worker] org.hibernate.SQL                        : 
    select
        animal0_.animal_idx as animal_i1_0_,
        animal0_.is_guessed as is_guess2_0_,
        animal0_.month as month3_0_,
        animal0_.year as year4_0_,
        animal0_.bark as bark5_0_,
        animal0_.bite as bite6_0_,
        animal0_.create_date as create_d7_0_,
        animal0_.gender as gender8_0_,
        animal0_.is_adopted as is_adopt9_0_,
        animal0_.main_img_url as main_im10_0_,
        animal0_.name as name11_0_,
        animal0_.separation as separat12_0_,
        animal0_.socialization as sociali13_0_,
        animal0_.species as species14_0_,
        animal0_.toilet as toilet15_0_,
        animal0_.upload_user_idx as upload_16_0_ 
    from
        animal animal0_
2022-09-02 19:45:08.490 DEBUG 21716 --- [    Test worker] org.hibernate.SQL                        : 
    select
        post0_.post_idx as post_idx1_3_,
        post0_.animal_idx as animal_i5_3_,
        post0_.content as content2_3_,
        post0_.create_date as create_d3_3_,
        post0_.img_url as img_url4_3_ 
    from
        post post0_
2022-09-02 19:45:08.508 DEBUG 21716 --- [    Test worker] org.hibernate.SQL                        : 
    select
        post0_.post_idx as post_idx1_3_0_,
        animal1_.animal_idx as animal_i1_0_1_,
        post0_.animal_idx as animal_i5_3_0_,
        post0_.content as content2_3_0_,
        post0_.create_date as create_d3_3_0_,
        post0_.img_url as img_url4_3_0_,
        animal1_.is_guessed as is_guess2_0_1_,
        animal1_.month as month3_0_1_,
        animal1_.year as year4_0_1_,
        animal1_.bark as bark5_0_1_,
        animal1_.bite as bite6_0_1_,
        animal1_.create_date as create_d7_0_1_,
        animal1_.gender as gender8_0_1_,
        animal1_.is_adopted as is_adopt9_0_1_,
        animal1_.main_img_url as main_im10_0_1_,
        animal1_.name as name11_0_1_,
        animal1_.separation as separat12_0_1_,
        animal1_.socialization as sociali13_0_1_,
        animal1_.species as species14_0_1_,
        animal1_.toilet as toilet15_0_1_,
        animal1_.upload_user_idx as upload_16_0_1_ 
    from
        post post0_ 
    left outer join
        animal animal1_ 
            on post0_.animal_idx=animal1_.animal_idx 
    where
        post0_.post_idx=?
해당하는 게시물이 존재하지 않습니다
2022-09-02 19:45:08.541  INFO 21716 --- [    Test worker] o.s.t.c.transaction.TransactionContext   : Rolled back transaction for test: [DefaultTestContext@7ee0dbd1 testClass = PostControllerTest, testInstance = umc_sjs.smallestShelter.controller.PostControllerTest@7ce87f9d, testMethod = 게시물수정_x_없는게시물@PostControllerTest, testException = [null], mergedContextConfiguration = [WebMergedContextConfiguration@5d04adc1 testClass = PostControllerTest, locations = '{}', classes = '{class umc_sjs.smallestShelter.SmallestShelterApplication}', contextInitializerClasses = '[]', activeProfiles = '{}', propertySourceLocations = '{}', propertySourceProperties = '{org.springframework.boot.test.context.SpringBootTestContextBootstrapper=true}', contextCustomizers = set[org.springframework.boot.test.autoconfigure.actuate.metrics.MetricsExportContextCustomizerFactory$DisableMetricExportContextCustomizer@183e8023, org.springframework.boot.test.autoconfigure.properties.PropertyMappingContextCustomizer@0, org.springframework.boot.test.autoconfigure.web.servlet.WebDriverContextCustomizerFactory$Customizer@56bca85b, org.springframework.boot.test.context.filter.ExcludeFilterContextCustomizer@22b53226, org.springframework.boot.test.json.DuplicateJsonObjectContextCustomizerFactory$DuplicateJsonObjectContextCustomizer@ea9b7c6, org.springframework.boot.test.mock.mockito.MockitoContextCustomizer@0, org.springframework.boot.test.web.client.TestRestTemplateContextCustomizer@41813449, org.springframework.boot.test.context.SpringBootTestArgs@1, org.springframework.boot.test.context.SpringBootTestWebEnvironment@1890516e], resourceBasePath = 'src/main/webapp', contextLoader = 'org.springframework.boot.test.context.SpringBootContextLoader', parent = [null]], attributes = map['org.springframework.test.context.web.ServletTestExecutionListener.activateListener' -> true, 'org.springframework.test.context.web.ServletTestExecutionListener.populatedRequestContextHolder' -> true, 'org.springframework.test.context.web.ServletTestExecutionListener.resetRequestContextHolder' -> true, 'org.springframework.test.context.event.ApplicationEventsTestExecutionListener.recordApplicationEvents' -> false]]
2022-09-02 19:45:08.551  INFO 21716 --- [    Test worker] o.s.t.c.transaction.TransactionContext   : Began transaction (1) for test context [DefaultTestContext@7ee0dbd1 testClass = PostControllerTest, testInstance = umc_sjs.smallestShelter.controller.PostControllerTest@177d7e98, testMethod = 게시물수정_x_이미지없음@PostControllerTest, testException = [null], mergedContextConfiguration = [WebMergedContextConfiguration@5d04adc1 testClass = PostControllerTest, locations = '{}', classes = '{class umc_sjs.smallestShelter.SmallestShelterApplication}', contextInitializerClasses = '[]', activeProfiles = '{}', propertySourceLocations = '{}', propertySourceProperties = '{org.springframework.boot.test.context.SpringBootTestContextBootstrapper=true}', contextCustomizers = set[org.springframework.boot.test.autoconfigure.actuate.metrics.MetricsExportContextCustomizerFactory$DisableMetricExportContextCustomizer@183e8023, org.springframework.boot.test.autoconfigure.properties.PropertyMappingContextCustomizer@0, org.springframework.boot.test.autoconfigure.web.servlet.WebDriverContextCustomizerFactory$Customizer@56bca85b, org.springframework.boot.test.context.filter.ExcludeFilterContextCustomizer@22b53226, org.springframework.boot.test.json.DuplicateJsonObjectContextCustomizerFactory$DuplicateJsonObjectContextCustomizer@ea9b7c6, org.springframework.boot.test.mock.mockito.MockitoContextCustomizer@0, org.springframework.boot.test.web.client.TestRestTemplateContextCustomizer@41813449, org.springframework.boot.test.context.SpringBootTestArgs@1, org.springframework.boot.test.context.SpringBootTestWebEnvironment@1890516e], resourceBasePath = 'src/main/webapp', contextLoader = 'org.springframework.boot.test.context.SpringBootContextLoader', parent = [null]], attributes = map['org.springframework.test.context.web.ServletTestExecutionListener.activateListener' -> true, 'org.springframework.test.context.web.ServletTestExecutionListener.populatedRequestContextHolder' -> true, 'org.springframework.test.context.web.ServletTestExecutionListener.resetRequestContextHolder' -> true, 'org.springframework.test.context.event.ApplicationEventsTestExecutionListener.recordApplicationEvents' -> false]]; transaction manager [org.springframework.orm.jpa.JpaTransactionManager@7ea91c39]; rollback [true]
2022-09-02 19:45:08.556 DEBUG 21716 --- [    Test worker] org.hibernate.SQL                        : 
    select
        animal0_.animal_idx as animal_i1_0_,
        animal0_.is_guessed as is_guess2_0_,
        animal0_.month as month3_0_,
        animal0_.year as year4_0_,
        animal0_.bark as bark5_0_,
        animal0_.bite as bite6_0_,
        animal0_.create_date as create_d7_0_,
        animal0_.gender as gender8_0_,
        animal0_.is_adopted as is_adopt9_0_,
        animal0_.main_img_url as main_im10_0_,
        animal0_.name as name11_0_,
        animal0_.separation as separat12_0_,
        animal0_.socialization as sociali13_0_,
        animal0_.species as species14_0_,
        animal0_.toilet as toilet15_0_,
        animal0_.upload_user_idx as upload_16_0_ 
    from
        animal animal0_
2022-09-02 19:45:08.598 DEBUG 21716 --- [    Test worker] org.hibernate.SQL                        : 
    select
        post0_.post_idx as post_idx1_3_,
        post0_.animal_idx as animal_i5_3_,
        post0_.content as content2_3_,
        post0_.create_date as create_d3_3_,
        post0_.img_url as img_url4_3_ 
    from
        post post0_
게시물에 이미지가 없습니다
2022-09-02 19:45:08.630  INFO 21716 --- [    Test worker] o.s.t.c.transaction.TransactionContext   : Rolled back transaction for test: [DefaultTestContext@7ee0dbd1 testClass = PostControllerTest, testInstance = umc_sjs.smallestShelter.controller.PostControllerTest@177d7e98, testMethod = 게시물수정_x_이미지없음@PostControllerTest, testException = [null], mergedContextConfiguration = [WebMergedContextConfiguration@5d04adc1 testClass = PostControllerTest, locations = '{}', classes = '{class umc_sjs.smallestShelter.SmallestShelterApplication}', contextInitializerClasses = '[]', activeProfiles = '{}', propertySourceLocations = '{}', propertySourceProperties = '{org.springframework.boot.test.context.SpringBootTestContextBootstrapper=true}', contextCustomizers = set[org.springframework.boot.test.autoconfigure.actuate.metrics.MetricsExportContextCustomizerFactory$DisableMetricExportContextCustomizer@183e8023, org.springframework.boot.test.autoconfigure.properties.PropertyMappingContextCustomizer@0, org.springframework.boot.test.autoconfigure.web.servlet.WebDriverContextCustomizerFactory$Customizer@56bca85b, org.springframework.boot.test.context.filter.ExcludeFilterContextCustomizer@22b53226, org.springframework.boot.test.json.DuplicateJsonObjectContextCustomizerFactory$DuplicateJsonObjectContextCustomizer@ea9b7c6, org.springframework.boot.test.mock.mockito.MockitoContextCustomizer@0, org.springframework.boot.test.web.client.TestRestTemplateContextCustomizer@41813449, org.springframework.boot.test.context.SpringBootTestArgs@1, org.springframework.boot.test.context.SpringBootTestWebEnvironment@1890516e], resourceBasePath = 'src/main/webapp', contextLoader = 'org.springframework.boot.test.context.SpringBootContextLoader', parent = [null]], attributes = map['org.springframework.test.context.web.ServletTestExecutionListener.activateListener' -> true, 'org.springframework.test.context.web.ServletTestExecutionListener.populatedRequestContextHolder' -> true, 'org.springframework.test.context.web.ServletTestExecutionListener.resetRequestContextHolder' -> true, 'org.springframework.test.context.event.ApplicationEventsTestExecutionListener.recordApplicationEvents' -> false]]
2022-09-02 19:45:08.640  INFO 21716 --- [    Test worker] o.s.t.c.transaction.TransactionContext   : Began transaction (1) for test context [DefaultTestContext@7ee0dbd1 testClass = PostControllerTest, testInstance = umc_sjs.smallestShelter.controller.PostControllerTest@78605670, testMethod = 게시물수정_x_이미지없음_null@PostControllerTest, testException = [null], mergedContextConfiguration = [WebMergedContextConfiguration@5d04adc1 testClass = PostControllerTest, locations = '{}', classes = '{class umc_sjs.smallestShelter.SmallestShelterApplication}', contextInitializerClasses = '[]', activeProfiles = '{}', propertySourceLocations = '{}', propertySourceProperties = '{org.springframework.boot.test.context.SpringBootTestContextBootstrapper=true}', contextCustomizers = set[org.springframework.boot.test.autoconfigure.actuate.metrics.MetricsExportContextCustomizerFactory$DisableMetricExportContextCustomizer@183e8023, org.springframework.boot.test.autoconfigure.properties.PropertyMappingContextCustomizer@0, org.springframework.boot.test.autoconfigure.web.servlet.WebDriverContextCustomizerFactory$Customizer@56bca85b, org.springframework.boot.test.context.filter.ExcludeFilterContextCustomizer@22b53226, org.springframework.boot.test.json.DuplicateJsonObjectContextCustomizerFactory$DuplicateJsonObjectContextCustomizer@ea9b7c6, org.springframework.boot.test.mock.mockito.MockitoContextCustomizer@0, org.springframework.boot.test.web.client.TestRestTemplateContextCustomizer@41813449, org.springframework.boot.test.context.SpringBootTestArgs@1, org.springframework.boot.test.context.SpringBootTestWebEnvironment@1890516e], resourceBasePath = 'src/main/webapp', contextLoader = 'org.springframework.boot.test.context.SpringBootContextLoader', parent = [null]], attributes = map['org.springframework.test.context.web.ServletTestExecutionListener.activateListener' -> true, 'org.springframework.test.context.web.ServletTestExecutionListener.populatedRequestContextHolder' -> true, 'org.springframework.test.context.web.ServletTestExecutionListener.resetRequestContextHolder' -> true, 'org.springframework.test.context.event.ApplicationEventsTestExecutionListener.recordApplicationEvents' -> false]]; transaction manager [org.springframework.orm.jpa.JpaTransactionManager@7ea91c39]; rollback [true]
2022-09-02 19:45:08.645 DEBUG 21716 --- [    Test worker] org.hibernate.SQL                        : 
    select
        animal0_.animal_idx as animal_i1_0_,
        animal0_.is_guessed as is_guess2_0_,
        animal0_.month as month3_0_,
        animal0_.year as year4_0_,
        animal0_.bark as bark5_0_,
        animal0_.bite as bite6_0_,
        animal0_.create_date as create_d7_0_,
        animal0_.gender as gender8_0_,
        animal0_.is_adopted as is_adopt9_0_,
        animal0_.main_img_url as main_im10_0_,
        animal0_.name as name11_0_,
        animal0_.separation as separat12_0_,
        animal0_.socialization as sociali13_0_,
        animal0_.species as species14_0_,
        animal0_.toilet as toilet15_0_,
        animal0_.upload_user_idx as upload_16_0_ 
    from
        animal animal0_
2022-09-02 19:45:08.674 DEBUG 21716 --- [    Test worker] org.hibernate.SQL                        : 
    select
        post0_.post_idx as post_idx1_3_,
        post0_.animal_idx as animal_i5_3_,
        post0_.content as content2_3_,
        post0_.create_date as create_d3_3_,
        post0_.img_url as img_url4_3_ 
    from
        post post0_
게시물에 이미지가 없습니다
2022-09-02 19:45:08.707  INFO 21716 --- [    Test worker] o.s.t.c.transaction.TransactionContext   : Rolled back transaction for test: [DefaultTestContext@7ee0dbd1 testClass = PostControllerTest, testInstance = umc_sjs.smallestShelter.controller.PostControllerTest@78605670, testMethod = 게시물수정_x_이미지없음_null@PostControllerTest, testException = [null], mergedContextConfiguration = [WebMergedContextConfiguration@5d04adc1 testClass = PostControllerTest, locations = '{}', classes = '{class umc_sjs.smallestShelter.SmallestShelterApplication}', contextInitializerClasses = '[]', activeProfiles = '{}', propertySourceLocations = '{}', propertySourceProperties = '{org.springframework.boot.test.context.SpringBootTestContextBootstrapper=true}', contextCustomizers = set[org.springframework.boot.test.autoconfigure.actuate.metrics.MetricsExportContextCustomizerFactory$DisableMetricExportContextCustomizer@183e8023, org.springframework.boot.test.autoconfigure.properties.PropertyMappingContextCustomizer@0, org.springframework.boot.test.autoconfigure.web.servlet.WebDriverContextCustomizerFactory$Customizer@56bca85b, org.springframework.boot.test.context.filter.ExcludeFilterContextCustomizer@22b53226, org.springframework.boot.test.json.DuplicateJsonObjectContextCustomizerFactory$DuplicateJsonObjectContextCustomizer@ea9b7c6, org.springframework.boot.test.mock.mockito.MockitoContextCustomizer@0, org.springframework.boot.test.web.client.TestRestTemplateContextCustomizer@41813449, org.springframework.boot.test.context.SpringBootTestArgs@1, org.springframework.boot.test.context.SpringBootTestWebEnvironment@1890516e], resourceBasePath = 'src/main/webapp', contextLoader = 'org.springframework.boot.test.context.SpringBootContextLoader', parent = [null]], attributes = map['org.springframework.test.context.web.ServletTestExecutionListener.activateListener' -> true, 'org.springframework.test.context.web.ServletTestExecutionListener.populatedRequestContextHolder' -> true, 'org.springframework.test.context.web.ServletTestExecutionListener.resetRequestContextHolder' -> true, 'org.springframework.test.context.event.ApplicationEventsTestExecutionListener.recordApplicationEvents' -> false]]
2022-09-02 19:45:08.720  INFO 21716 --- [    Test worker] o.s.t.c.transaction.TransactionContext   : Began transaction (1) for test context [DefaultTestContext@7ee0dbd1 testClass = PostControllerTest, testInstance = umc_sjs.smallestShelter.controller.PostControllerTest@418a4fff, testMethod = 게시글삭제_x_없는게시물@PostControllerTest, testException = [null], mergedContextConfiguration = [WebMergedContextConfiguration@5d04adc1 testClass = PostControllerTest, locations = '{}', classes = '{class umc_sjs.smallestShelter.SmallestShelterApplication}', contextInitializerClasses = '[]', activeProfiles = '{}', propertySourceLocations = '{}', propertySourceProperties = '{org.springframework.boot.test.context.SpringBootTestContextBootstrapper=true}', contextCustomizers = set[org.springframework.boot.test.autoconfigure.actuate.metrics.MetricsExportContextCustomizerFactory$DisableMetricExportContextCustomizer@183e8023, org.springframework.boot.test.autoconfigure.properties.PropertyMappingContextCustomizer@0, org.springframework.boot.test.autoconfigure.web.servlet.WebDriverContextCustomizerFactory$Customizer@56bca85b, org.springframework.boot.test.context.filter.ExcludeFilterContextCustomizer@22b53226, org.springframework.boot.test.json.DuplicateJsonObjectContextCustomizerFactory$DuplicateJsonObjectContextCustomizer@ea9b7c6, org.springframework.boot.test.mock.mockito.MockitoContextCustomizer@0, org.springframework.boot.test.web.client.TestRestTemplateContextCustomizer@41813449, org.springframework.boot.test.context.SpringBootTestArgs@1, org.springframework.boot.test.context.SpringBootTestWebEnvironment@1890516e], resourceBasePath = 'src/main/webapp', contextLoader = 'org.springframework.boot.test.context.SpringBootContextLoader', parent = [null]], attributes = map['org.springframework.test.context.web.ServletTestExecutionListener.activateListener' -> true, 'org.springframework.test.context.web.ServletTestExecutionListener.populatedRequestContextHolder' -> true, 'org.springframework.test.context.web.ServletTestExecutionListener.resetRequestContextHolder' -> true, 'org.springframework.test.context.event.ApplicationEventsTestExecutionListener.recordApplicationEvents' -> false]]; transaction manager [org.springframework.orm.jpa.JpaTransactionManager@7ea91c39]; rollback [true]
2022-09-02 19:45:08.724 DEBUG 21716 --- [    Test worker] org.hibernate.SQL                        : 
    select
        animal0_.animal_idx as animal_i1_0_,
        animal0_.is_guessed as is_guess2_0_,
        animal0_.month as month3_0_,
        animal0_.year as year4_0_,
        animal0_.bark as bark5_0_,
        animal0_.bite as bite6_0_,
        animal0_.create_date as create_d7_0_,
        animal0_.gender as gender8_0_,
        animal0_.is_adopted as is_adopt9_0_,
        animal0_.main_img_url as main_im10_0_,
        animal0_.name as name11_0_,
        animal0_.separation as separat12_0_,
        animal0_.socialization as sociali13_0_,
        animal0_.species as species14_0_,
        animal0_.toilet as toilet15_0_,
        animal0_.upload_user_idx as upload_16_0_ 
    from
        animal animal0_
2022-09-02 19:45:08.758 DEBUG 21716 --- [    Test worker] org.hibernate.SQL                        : 
    select
        post0_.post_idx as post_idx1_3_,
        post0_.animal_idx as animal_i5_3_,
        post0_.content as content2_3_,
        post0_.create_date as create_d3_3_,
        post0_.img_url as img_url4_3_ 
    from
        post post0_
2022-09-02 19:45:08.778 DEBUG 21716 --- [    Test worker] org.hibernate.SQL                        : 
    select
        post0_.post_idx as post_idx1_3_0_,
        animal1_.animal_idx as animal_i1_0_1_,
        post0_.animal_idx as animal_i5_3_0_,
        post0_.content as content2_3_0_,
        post0_.create_date as create_d3_3_0_,
        post0_.img_url as img_url4_3_0_,
        animal1_.is_guessed as is_guess2_0_1_,
        animal1_.month as month3_0_1_,
        animal1_.year as year4_0_1_,
        animal1_.bark as bark5_0_1_,
        animal1_.bite as bite6_0_1_,
        animal1_.create_date as create_d7_0_1_,
        animal1_.gender as gender8_0_1_,
        animal1_.is_adopted as is_adopt9_0_1_,
        animal1_.main_img_url as main_im10_0_1_,
        animal1_.name as name11_0_1_,
        animal1_.separation as separat12_0_1_,
        animal1_.socialization as sociali13_0_1_,
        animal1_.species as species14_0_1_,
        animal1_.toilet as toilet15_0_1_,
        animal1_.upload_user_idx as upload_16_0_1_ 
    from
        post post0_ 
    left outer join
        animal animal1_ 
            on post0_.animal_idx=animal1_.animal_idx 
    where
        post0_.post_idx=?
해당하는 게시물이 존재하지 않습니다
2022-09-02 19:45:08.815  INFO 21716 --- [    Test worker] o.s.t.c.transaction.TransactionContext   : Rolled back transaction for test: [DefaultTestContext@7ee0dbd1 testClass = PostControllerTest, testInstance = umc_sjs.smallestShelter.controller.PostControllerTest@418a4fff, testMethod = 게시글삭제_x_없는게시물@PostControllerTest, testException = [null], mergedContextConfiguration = [WebMergedContextConfiguration@5d04adc1 testClass = PostControllerTest, locations = '{}', classes = '{class umc_sjs.smallestShelter.SmallestShelterApplication}', contextInitializerClasses = '[]', activeProfiles = '{}', propertySourceLocations = '{}', propertySourceProperties = '{org.springframework.boot.test.context.SpringBootTestContextBootstrapper=true}', contextCustomizers = set[org.springframework.boot.test.autoconfigure.actuate.metrics.MetricsExportContextCustomizerFactory$DisableMetricExportContextCustomizer@183e8023, org.springframework.boot.test.autoconfigure.properties.PropertyMappingContextCustomizer@0, org.springframework.boot.test.autoconfigure.web.servlet.WebDriverContextCustomizerFactory$Customizer@56bca85b, org.springframework.boot.test.context.filter.ExcludeFilterContextCustomizer@22b53226, org.springframework.boot.test.json.DuplicateJsonObjectContextCustomizerFactory$DuplicateJsonObjectContextCustomizer@ea9b7c6, org.springframework.boot.test.mock.mockito.MockitoContextCustomizer@0, org.springframework.boot.test.web.client.TestRestTemplateContextCustomizer@41813449, org.springframework.boot.test.context.SpringBootTestArgs@1, org.springframework.boot.test.context.SpringBootTestWebEnvironment@1890516e], resourceBasePath = 'src/main/webapp', contextLoader = 'org.springframework.boot.test.context.SpringBootContextLoader', parent = [null]], attributes = map['org.springframework.test.context.web.ServletTestExecutionListener.activateListener' -> true, 'org.springframework.test.context.web.ServletTestExecutionListener.populatedRequestContextHolder' -> true, 'org.springframework.test.context.web.ServletTestExecutionListener.resetRequestContextHolder' -> true, 'org.springframework.test.context.event.ApplicationEventsTestExecutionListener.recordApplicationEvents' -> false]]
2022-09-02 19:45:08.826  INFO 21716 --- [    Test worker] o.s.t.c.transaction.TransactionContext   : Began transaction (1) for test context [DefaultTestContext@7ee0dbd1 testClass = PostControllerTest, testInstance = umc_sjs.smallestShelter.controller.PostControllerTest@4916619e, testMethod = 게시글생성_X_없는동물@PostControllerTest, testException = [null], mergedContextConfiguration = [WebMergedContextConfiguration@5d04adc1 testClass = PostControllerTest, locations = '{}', classes = '{class umc_sjs.smallestShelter.SmallestShelterApplication}', contextInitializerClasses = '[]', activeProfiles = '{}', propertySourceLocations = '{}', propertySourceProperties = '{org.springframework.boot.test.context.SpringBootTestContextBootstrapper=true}', contextCustomizers = set[org.springframework.boot.test.autoconfigure.actuate.metrics.MetricsExportContextCustomizerFactory$DisableMetricExportContextCustomizer@183e8023, org.springframework.boot.test.autoconfigure.properties.PropertyMappingContextCustomizer@0, org.springframework.boot.test.autoconfigure.web.servlet.WebDriverContextCustomizerFactory$Customizer@56bca85b, org.springframework.boot.test.context.filter.ExcludeFilterContextCustomizer@22b53226, org.springframework.boot.test.json.DuplicateJsonObjectContextCustomizerFactory$DuplicateJsonObjectContextCustomizer@ea9b7c6, org.springframework.boot.test.mock.mockito.MockitoContextCustomizer@0, org.springframework.boot.test.web.client.TestRestTemplateContextCustomizer@41813449, org.springframework.boot.test.context.SpringBootTestArgs@1, org.springframework.boot.test.context.SpringBootTestWebEnvironment@1890516e], resourceBasePath = 'src/main/webapp', contextLoader = 'org.springframework.boot.test.context.SpringBootContextLoader', parent = [null]], attributes = map['org.springframework.test.context.web.ServletTestExecutionListener.activateListener' -> true, 'org.springframework.test.context.web.ServletTestExecutionListener.populatedRequestContextHolder' -> true, 'org.springframework.test.context.web.ServletTestExecutionListener.resetRequestContextHolder' -> true, 'org.springframework.test.context.event.ApplicationEventsTestExecutionListener.recordApplicationEvents' -> false]]; transaction manager [org.springframework.orm.jpa.JpaTransactionManager@7ea91c39]; rollback [true]
2022-09-02 19:45:08.831 DEBUG 21716 --- [    Test worker] org.hibernate.SQL                        : 
    select
        animal0_.animal_idx as animal_i1_0_,
        animal0_.is_guessed as is_guess2_0_,
        animal0_.month as month3_0_,
        animal0_.year as year4_0_,
        animal0_.bark as bark5_0_,
        animal0_.bite as bite6_0_,
        animal0_.create_date as create_d7_0_,
        animal0_.gender as gender8_0_,
        animal0_.is_adopted as is_adopt9_0_,
        animal0_.main_img_url as main_im10_0_,
        animal0_.name as name11_0_,
        animal0_.separation as separat12_0_,
        animal0_.socialization as sociali13_0_,
        animal0_.species as species14_0_,
        animal0_.toilet as toilet15_0_,
        animal0_.upload_user_idx as upload_16_0_ 
    from
        animal animal0_
2022-09-02 19:45:08.866 DEBUG 21716 --- [    Test worker] org.hibernate.SQL                        : 
    select
        post0_.post_idx as post_idx1_3_,
        post0_.animal_idx as animal_i5_3_,
        post0_.content as content2_3_,
        post0_.create_date as create_d3_3_,
        post0_.img_url as img_url4_3_ 
    from
        post post0_
2022-09-02 19:45:08.890 DEBUG 21716 --- [    Test worker] org.hibernate.SQL                        : 
    select
        animal0_.animal_idx as animal_i1_0_0_,
        illnesslis1_.illness_idx as illness_1_2_1_,
        animal0_.is_guessed as is_guess2_0_0_,
        animal0_.month as month3_0_0_,
        animal0_.year as year4_0_0_,
        animal0_.bark as bark5_0_0_,
        animal0_.bite as bite6_0_0_,
        animal0_.create_date as create_d7_0_0_,
        animal0_.gender as gender8_0_0_,
        animal0_.is_adopted as is_adopt9_0_0_,
        animal0_.main_img_url as main_im10_0_0_,
        animal0_.name as name11_0_0_,
        animal0_.separation as separat12_0_0_,
        animal0_.socialization as sociali13_0_0_,
        animal0_.species as species14_0_0_,
        animal0_.toilet as toilet15_0_0_,
        animal0_.upload_user_idx as upload_16_0_0_,
        illnesslis1_.animal_idx as animal_i3_2_1_,
        illnesslis1_.name as name2_2_1_,
        illnesslis1_.animal_idx as animal_i3_2_0__,
        illnesslis1_.illness_idx as illness_1_2_0__ 
    from
        animal animal0_ 
    left outer join
        illness illnesslis1_ 
            on animal0_.animal_idx=illnesslis1_.animal_idx 
    where
        animal0_.animal_idx=?
해당하는 동물이 존재하지 않습니다.
2022-09-02 19:45:08.928  INFO 21716 --- [    Test worker] o.s.t.c.transaction.TransactionContext   : Rolled back transaction for test: [DefaultTestContext@7ee0dbd1 testClass = PostControllerTest, testInstance = umc_sjs.smallestShelter.controller.PostControllerTest@4916619e, testMethod = 게시글생성_X_없는동물@PostControllerTest, testException = [null], mergedContextConfiguration = [WebMergedContextConfiguration@5d04adc1 testClass = PostControllerTest, locations = '{}', classes = '{class umc_sjs.smallestShelter.SmallestShelterApplication}', contextInitializerClasses = '[]', activeProfiles = '{}', propertySourceLocations = '{}', propertySourceProperties = '{org.springframework.boot.test.context.SpringBootTestContextBootstrapper=true}', contextCustomizers = set[org.springframework.boot.test.autoconfigure.actuate.metrics.MetricsExportContextCustomizerFactory$DisableMetricExportContextCustomizer@183e8023, org.springframework.boot.test.autoconfigure.properties.PropertyMappingContextCustomizer@0, org.springframework.boot.test.autoconfigure.web.servlet.WebDriverContextCustomizerFactory$Customizer@56bca85b, org.springframework.boot.test.context.filter.ExcludeFilterContextCustomizer@22b53226, org.springframework.boot.test.json.DuplicateJsonObjectContextCustomizerFactory$DuplicateJsonObjectContextCustomizer@ea9b7c6, org.springframework.boot.test.mock.mockito.MockitoContextCustomizer@0, org.springframework.boot.test.web.client.TestRestTemplateContextCustomizer@41813449, org.springframework.boot.test.context.SpringBootTestArgs@1, org.springframework.boot.test.context.SpringBootTestWebEnvironment@1890516e], resourceBasePath = 'src/main/webapp', contextLoader = 'org.springframework.boot.test.context.SpringBootContextLoader', parent = [null]], attributes = map['org.springframework.test.context.web.ServletTestExecutionListener.activateListener' -> true, 'org.springframework.test.context.web.ServletTestExecutionListener.populatedRequestContextHolder' -> true, 'org.springframework.test.context.web.ServletTestExecutionListener.resetRequestContextHolder' -> true, 'org.springframework.test.context.event.ApplicationEventsTestExecutionListener.recordApplicationEvents' -> false]]
2022-09-02 19:45:08.943  INFO 21716 --- [    Test worker] o.s.t.c.transaction.TransactionContext   : Began transaction (1) for test context [DefaultTestContext@7ee0dbd1 testClass = PostControllerTest, testInstance = umc_sjs.smallestShelter.controller.PostControllerTest@6a8b47ac, testMethod = 게시물수정_x_일치하지않는동물idx@PostControllerTest, testException = [null], mergedContextConfiguration = [WebMergedContextConfiguration@5d04adc1 testClass = PostControllerTest, locations = '{}', classes = '{class umc_sjs.smallestShelter.SmallestShelterApplication}', contextInitializerClasses = '[]', activeProfiles = '{}', propertySourceLocations = '{}', propertySourceProperties = '{org.springframework.boot.test.context.SpringBootTestContextBootstrapper=true}', contextCustomizers = set[org.springframework.boot.test.autoconfigure.actuate.metrics.MetricsExportContextCustomizerFactory$DisableMetricExportContextCustomizer@183e8023, org.springframework.boot.test.autoconfigure.properties.PropertyMappingContextCustomizer@0, org.springframework.boot.test.autoconfigure.web.servlet.WebDriverContextCustomizerFactory$Customizer@56bca85b, org.springframework.boot.test.context.filter.ExcludeFilterContextCustomizer@22b53226, org.springframework.boot.test.json.DuplicateJsonObjectContextCustomizerFactory$DuplicateJsonObjectContextCustomizer@ea9b7c6, org.springframework.boot.test.mock.mockito.MockitoContextCustomizer@0, org.springframework.boot.test.web.client.TestRestTemplateContextCustomizer@41813449, org.springframework.boot.test.context.SpringBootTestArgs@1, org.springframework.boot.test.context.SpringBootTestWebEnvironment@1890516e], resourceBasePath = 'src/main/webapp', contextLoader = 'org.springframework.boot.test.context.SpringBootContextLoader', parent = [null]], attributes = map['org.springframework.test.context.web.ServletTestExecutionListener.activateListener' -> true, 'org.springframework.test.context.web.ServletTestExecutionListener.populatedRequestContextHolder' -> true, 'org.springframework.test.context.web.ServletTestExecutionListener.resetRequestContextHolder' -> true, 'org.springframework.test.context.event.ApplicationEventsTestExecutionListener.recordApplicationEvents' -> false]]; transaction manager [org.springframework.orm.jpa.JpaTransactionManager@7ea91c39]; rollback [true]
2022-09-02 19:45:08.948 DEBUG 21716 --- [    Test worker] org.hibernate.SQL                        : 
    select
        animal0_.animal_idx as animal_i1_0_,
        animal0_.is_guessed as is_guess2_0_,
        animal0_.month as month3_0_,
        animal0_.year as year4_0_,
        animal0_.bark as bark5_0_,
        animal0_.bite as bite6_0_,
        animal0_.create_date as create_d7_0_,
        animal0_.gender as gender8_0_,
        animal0_.is_adopted as is_adopt9_0_,
        animal0_.main_img_url as main_im10_0_,
        animal0_.name as name11_0_,
        animal0_.separation as separat12_0_,
        animal0_.socialization as sociali13_0_,
        animal0_.species as species14_0_,
        animal0_.toilet as toilet15_0_,
        animal0_.upload_user_idx as upload_16_0_ 
    from
        animal animal0_
2022-09-02 19:45:08.982 DEBUG 21716 --- [    Test worker] org.hibernate.SQL                        : 
    select
        post0_.post_idx as post_idx1_3_,
        post0_.animal_idx as animal_i5_3_,
        post0_.content as content2_3_,
        post0_.create_date as create_d3_3_,
        post0_.img_url as img_url4_3_ 
    from
        post post0_
2022-09-02 19:45:09.001 DEBUG 21716 --- [    Test worker] org.hibernate.SQL                        : 
    select
        post0_.post_idx as post_idx1_3_0_,
        animal1_.animal_idx as animal_i1_0_1_,
        post0_.animal_idx as animal_i5_3_0_,
        post0_.content as content2_3_0_,
        post0_.create_date as create_d3_3_0_,
        post0_.img_url as img_url4_3_0_,
        animal1_.is_guessed as is_guess2_0_1_,
        animal1_.month as month3_0_1_,
        animal1_.year as year4_0_1_,
        animal1_.bark as bark5_0_1_,
        animal1_.bite as bite6_0_1_,
        animal1_.create_date as create_d7_0_1_,
        animal1_.gender as gender8_0_1_,
        animal1_.is_adopted as is_adopt9_0_1_,
        animal1_.main_img_url as main_im10_0_1_,
        animal1_.name as name11_0_1_,
        animal1_.separation as separat12_0_1_,
        animal1_.socialization as sociali13_0_1_,
        animal1_.species as species14_0_1_,
        animal1_.toilet as toilet15_0_1_,
        animal1_.upload_user_idx as upload_16_0_1_ 
    from
        post post0_ 
    left outer join
        animal animal1_ 
            on post0_.animal_idx=animal1_.animal_idx 
    where
        post0_.post_idx=?
해당 동물의 게시물의 아닙니다: idx 불일치
2022-09-02 19:45:09.029  INFO 21716 --- [    Test worker] o.s.t.c.transaction.TransactionContext   : Rolled back transaction for test: [DefaultTestContext@7ee0dbd1 testClass = PostControllerTest, testInstance = umc_sjs.smallestShelter.controller.PostControllerTest@6a8b47ac, testMethod = 게시물수정_x_일치하지않는동물idx@PostControllerTest, testException = [null], mergedContextConfiguration = [WebMergedContextConfiguration@5d04adc1 testClass = PostControllerTest, locations = '{}', classes = '{class umc_sjs.smallestShelter.SmallestShelterApplication}', contextInitializerClasses = '[]', activeProfiles = '{}', propertySourceLocations = '{}', propertySourceProperties = '{org.springframework.boot.test.context.SpringBootTestContextBootstrapper=true}', contextCustomizers = set[org.springframework.boot.test.autoconfigure.actuate.metrics.MetricsExportContextCustomizerFactory$DisableMetricExportContextCustomizer@183e8023, org.springframework.boot.test.autoconfigure.properties.PropertyMappingContextCustomizer@0, org.springframework.boot.test.autoconfigure.web.servlet.WebDriverContextCustomizerFactory$Customizer@56bca85b, org.springframework.boot.test.context.filter.ExcludeFilterContextCustomizer@22b53226, org.springframework.boot.test.json.DuplicateJsonObjectContextCustomizerFactory$DuplicateJsonObjectContextCustomizer@ea9b7c6, org.springframework.boot.test.mock.mockito.MockitoContextCustomizer@0, org.springframework.boot.test.web.client.TestRestTemplateContextCustomizer@41813449, org.springframework.boot.test.context.SpringBootTestArgs@1, org.springframework.boot.test.context.SpringBootTestWebEnvironment@1890516e], resourceBasePath = 'src/main/webapp', contextLoader = 'org.springframework.boot.test.context.SpringBootContextLoader', parent = [null]], attributes = map['org.springframework.test.context.web.ServletTestExecutionListener.activateListener' -> true, 'org.springframework.test.context.web.ServletTestExecutionListener.populatedRequestContextHolder' -> true, 'org.springframework.test.context.web.ServletTestExecutionListener.resetRequestContextHolder' -> true, 'org.springframework.test.context.event.ApplicationEventsTestExecutionListener.recordApplicationEvents' -> false]]
]]></system-out>
  <system-err><![CDATA[]]></system-err>
</testsuite>
