<?xml version="1.0" encoding="UTF-8"?>
<testsuite name="umc_sjs.smallestShelter.repository.PostRepositoryTest" tests="2" skipped="0" failures="0" errors="0" timestamp="2022-08-19T13:39:59" hostname="GANA-LAPTOP" time="0.15">
  <properties/>
  <testcase name="게시물조회_fetch()" classname="umc_sjs.smallestShelter.repository.PostRepositoryTest" time="0.014"/>
  <testcase name="게시물전체조회_fetch()" classname="umc_sjs.smallestShelter.repository.PostRepositoryTest" time="0.134"/>
  <system-out><![CDATA[2022-08-19 22:39:59.758  INFO 26836 --- [    Test worker] .b.t.c.SpringBootTestContextBootstrapper : Neither @ContextConfiguration nor @ContextHierarchy found for test class [umc_sjs.smallestShelter.repository.PostRepositoryTest], using SpringBootContextLoader
2022-08-19 22:39:59.761  INFO 26836 --- [    Test worker] o.s.t.c.support.AbstractContextLoader    : Could not detect default resource locations for test class [umc_sjs.smallestShelter.repository.PostRepositoryTest]: no resource found for suffixes {-context.xml, Context.groovy}.
2022-08-19 22:39:59.762  INFO 26836 --- [    Test worker] t.c.s.AnnotationConfigContextLoaderUtils : Could not detect default configuration classes for test class [umc_sjs.smallestShelter.repository.PostRepositoryTest]: PostRepositoryTest does not declare any static, non-private, non-final, nested classes annotated with @Configuration.
2022-08-19 22:39:59.824  INFO 26836 --- [    Test worker] .b.t.c.SpringBootTestContextBootstrapper : Found @SpringBootConfiguration umc_sjs.smallestShelter.SmallestShelterApplication for test class umc_sjs.smallestShelter.repository.PostRepositoryTest
2022-08-19 22:39:59.830  INFO 26836 --- [    Test worker] .b.t.c.SpringBootTestContextBootstrapper : Loaded default TestExecutionListener class names from location [META-INF/spring.factories]: [org.springframework.security.test.context.support.WithSecurityContextTestExecutionListener, org.springframework.security.test.context.support.ReactorContextTestExecutionListener, org.springframework.boot.test.autoconfigure.restdocs.RestDocsTestExecutionListener, org.springframework.boot.test.autoconfigure.web.client.MockRestServiceServerResetTestExecutionListener, org.springframework.boot.test.autoconfigure.web.servlet.MockMvcPrintOnlyOnFailureTestExecutionListener, org.springframework.boot.test.autoconfigure.web.servlet.WebDriverTestExecutionListener, org.springframework.boot.test.autoconfigure.webservices.client.MockWebServiceServerTestExecutionListener, org.springframework.boot.test.mock.mockito.MockitoTestExecutionListener, org.springframework.boot.test.mock.mockito.ResetMocksTestExecutionListener, org.springframework.test.context.web.ServletTestExecutionListener, org.springframework.test.context.support.DirtiesContextBeforeModesTestExecutionListener, org.springframework.test.context.event.ApplicationEventsTestExecutionListener, org.springframework.test.context.support.DependencyInjectionTestExecutionListener, org.springframework.test.context.support.DirtiesContextTestExecutionListener, org.springframework.test.context.transaction.TransactionalTestExecutionListener, org.springframework.test.context.jdbc.SqlScriptsTestExecutionListener, org.springframework.test.context.event.EventPublishingTestExecutionListener]
2022-08-19 22:39:59.833  INFO 26836 --- [    Test worker] .b.t.c.SpringBootTestContextBootstrapper : Using TestExecutionListeners: [org.springframework.test.context.web.ServletTestExecutionListener@5319f982, org.springframework.test.context.support.DirtiesContextBeforeModesTestExecutionListener@4ed74b13, org.springframework.test.context.event.ApplicationEventsTestExecutionListener@463fc3f6, org.springframework.boot.test.mock.mockito.MockitoTestExecutionListener@6e38e95, org.springframework.boot.test.autoconfigure.SpringBootDependencyInjectionTestExecutionListener@1aaab222, org.springframework.test.context.support.DirtiesContextTestExecutionListener@6ed1fdb7, org.springframework.test.context.transaction.TransactionalTestExecutionListener@5649a3e8, org.springframework.test.context.jdbc.SqlScriptsTestExecutionListener@4cc40892, org.springframework.security.test.context.support.WithSecurityContextTestExecutionListener@330888a, org.springframework.test.context.event.EventPublishingTestExecutionListener@62edf11e, org.springframework.security.test.context.support.ReactorContextTestExecutionListener@79205848, org.springframework.boot.test.autoconfigure.restdocs.RestDocsTestExecutionListener@154c4f66, org.springframework.boot.test.autoconfigure.web.client.MockRestServiceServerResetTestExecutionListener@12bff19d, org.springframework.boot.test.autoconfigure.web.servlet.MockMvcPrintOnlyOnFailureTestExecutionListener@1f5797d5, org.springframework.boot.test.autoconfigure.web.servlet.WebDriverTestExecutionListener@64ce7e6f, org.springframework.boot.test.autoconfigure.webservices.client.MockWebServiceServerTestExecutionListener@130e2aef, org.springframework.boot.test.mock.mockito.ResetMocksTestExecutionListener@7ed0020a]
2022-08-19 22:39:59.954 DEBUG 26836 --- [    Test worker] org.hibernate.SQL                        : 
    select
        post0_.post_idx as post_idx1_3_0_,
        animal1_.animal_idx as animal_i1_0_1_,
        post0_.animal_idx as animal_i5_3_0_,
        post0_.content as content2_3_0_,
        post0_.create_date as create_d3_3_0_,
        post0_.img_url as img_url4_3_0_,
        animal1_.is_guessed as is_guess2_0_1_,
        animal1_.month as month3_0_1_,
        animal1_.year as year4_0_1_,
        animal1_.bark as bark5_0_1_,
        animal1_.bite as bite6_0_1_,
        animal1_.create_date as create_d7_0_1_,
        animal1_.gender as gender8_0_1_,
        animal1_.is_adopted as is_adopt9_0_1_,
        animal1_.main_img_url as main_im10_0_1_,
        animal1_.name as name11_0_1_,
        animal1_.separation as separat12_0_1_,
        animal1_.socialization as sociali13_0_1_,
        animal1_.species as species14_0_1_,
        animal1_.toilet as toilet15_0_1_,
        animal1_.upload_user_idx as upload_16_0_1_ 
    from
        post post0_ 
    left outer join
        animal animal1_ 
            on post0_.animal_idx=animal1_.animal_idx
]]></system-out>
  <system-err><![CDATA[]]></system-err>
</testsuite>
