<?xml version="1.0" encoding="UTF-8"?>
<testsuite name="umc_sjs.smallestShelter.repository.PostRepositoryTest" tests="2" skipped="0" failures="0" errors="0" timestamp="2022-08-12T07:45:31" hostname="GANA-LAPTOP" time="0.208">
  <properties/>
  <testcase name="게시물조회_fetch()" classname="umc_sjs.smallestShelter.repository.PostRepositoryTest" time="0.091"/>
  <testcase name="게시물전체조회_fetch()" classname="umc_sjs.smallestShelter.repository.PostRepositoryTest" time="0.116"/>
  <system-out><![CDATA[2022-08-12 16:45:30.927  INFO 10728 --- [    Test worker] .b.t.c.SpringBootTestContextBootstrapper : Neither @ContextConfiguration nor @ContextHierarchy found for test class [umc_sjs.smallestShelter.repository.PostRepositoryTest], using SpringBootContextLoader
2022-08-12 16:45:30.927  INFO 10728 --- [    Test worker] o.s.t.c.support.AbstractContextLoader    : Could not detect default resource locations for test class [umc_sjs.smallestShelter.repository.PostRepositoryTest]: no resource found for suffixes {-context.xml, Context.groovy}.
2022-08-12 16:45:30.927  INFO 10728 --- [    Test worker] t.c.s.AnnotationConfigContextLoaderUtils : Could not detect default configuration classes for test class [umc_sjs.smallestShelter.repository.PostRepositoryTest]: PostRepositoryTest does not declare any static, non-private, non-final, nested classes annotated with @Configuration.
2022-08-12 16:45:31.483  INFO 10728 --- [    Test worker] .b.t.c.SpringBootTestContextBootstrapper : Found @SpringBootConfiguration umc_sjs.smallestShelter.SmallestShelterApplication for test class umc_sjs.smallestShelter.repository.PostRepositoryTest
2022-08-12 16:45:31.487  INFO 10728 --- [    Test worker] .b.t.c.SpringBootTestContextBootstrapper : Loaded default TestExecutionListener class names from location [META-INF/spring.factories]: [org.springframework.security.test.context.support.WithSecurityContextTestExecutionListener, org.springframework.security.test.context.support.ReactorContextTestExecutionListener, org.springframework.boot.test.autoconfigure.restdocs.RestDocsTestExecutionListener, org.springframework.boot.test.autoconfigure.web.client.MockRestServiceServerResetTestExecutionListener, org.springframework.boot.test.autoconfigure.web.servlet.MockMvcPrintOnlyOnFailureTestExecutionListener, org.springframework.boot.test.autoconfigure.web.servlet.WebDriverTestExecutionListener, org.springframework.boot.test.autoconfigure.webservices.client.MockWebServiceServerTestExecutionListener, org.springframework.boot.test.mock.mockito.MockitoTestExecutionListener, org.springframework.boot.test.mock.mockito.ResetMocksTestExecutionListener, org.springframework.test.context.web.ServletTestExecutionListener, org.springframework.test.context.support.DirtiesContextBeforeModesTestExecutionListener, org.springframework.test.context.event.ApplicationEventsTestExecutionListener, org.springframework.test.context.support.DependencyInjectionTestExecutionListener, org.springframework.test.context.support.DirtiesContextTestExecutionListener, org.springframework.test.context.transaction.TransactionalTestExecutionListener, org.springframework.test.context.jdbc.SqlScriptsTestExecutionListener, org.springframework.test.context.event.EventPublishingTestExecutionListener]
2022-08-12 16:45:31.489  INFO 10728 --- [    Test worker] .b.t.c.SpringBootTestContextBootstrapper : Using TestExecutionListeners: [org.springframework.test.context.web.ServletTestExecutionListener@72e259ca, org.springframework.test.context.support.DirtiesContextBeforeModesTestExecutionListener@a809a62, org.springframework.test.context.event.ApplicationEventsTestExecutionListener@4b2713b1, org.springframework.boot.test.mock.mockito.MockitoTestExecutionListener@6a844, org.springframework.boot.test.autoconfigure.SpringBootDependencyInjectionTestExecutionListener@604a9d87, org.springframework.test.context.support.DirtiesContextTestExecutionListener@6e975866, org.springframework.test.context.transaction.TransactionalTestExecutionListener@1dde749e, org.springframework.test.context.jdbc.SqlScriptsTestExecutionListener@282fabe9, org.springframework.security.test.context.support.WithSecurityContextTestExecutionListener@1c3dadce, org.springframework.test.context.event.EventPublishingTestExecutionListener@48bd8247, org.springframework.security.test.context.support.ReactorContextTestExecutionListener@26a9754a, org.springframework.boot.test.autoconfigure.restdocs.RestDocsTestExecutionListener@738ce295, org.springframework.boot.test.autoconfigure.web.client.MockRestServiceServerResetTestExecutionListener@2ae62f7, org.springframework.boot.test.autoconfigure.web.servlet.MockMvcPrintOnlyOnFailureTestExecutionListener@26a5775f, org.springframework.boot.test.autoconfigure.web.servlet.WebDriverTestExecutionListener@4bcb45e4, org.springframework.boot.test.autoconfigure.webservices.client.MockWebServiceServerTestExecutionListener@5f478e42, org.springframework.boot.test.mock.mockito.ResetMocksTestExecutionListener@2e8ff687]
2022-08-12 16:45:31.648 DEBUG 10728 --- [    Test worker] org.hibernate.SQL                        : 
    select
        post0_.post_idx as post_idx1_3_0_,
        animal1_.animal_idx as animal_i1_0_1_,
        post0_.animal_idx as animal_i5_3_0_,
        post0_.content as content2_3_0_,
        post0_.create_date as create_d3_3_0_,
        post0_.img_url as img_url4_3_0_,
        animal1_.is_guessed as is_guess2_0_1_,
        animal1_.month as month3_0_1_,
        animal1_.year as year4_0_1_,
        animal1_.bark as bark5_0_1_,
        animal1_.bite as bite6_0_1_,
        animal1_.create_date as create_d7_0_1_,
        animal1_.gender as gender8_0_1_,
        animal1_.is_adopted as is_adopt9_0_1_,
        animal1_.main_img_url as main_im10_0_1_,
        animal1_.name as name11_0_1_,
        animal1_.separation as separat12_0_1_,
        animal1_.socialization as sociali13_0_1_,
        animal1_.species as species14_0_1_,
        animal1_.toilet as toilet15_0_1_,
        animal1_.upload_user_idx as upload_16_0_1_ 
    from
        post post0_ 
    left outer join
        animal animal1_ 
            on post0_.animal_idx=animal1_.animal_idx
]]></system-out>
  <system-err><![CDATA[]]></system-err>
</testsuite>
