<?xml version="1.0" encoding="UTF-8"?>
<testsuite name="umc_sjs.smallestShelter.SmallestShelterApplicationTests" tests="1" skipped="0" failures="0" errors="0" timestamp="2022-08-01T11:55:42" hostname="GANA-LAPTOP" time="0.01">
  <properties/>
  <testcase name="contextLoads()" classname="umc_sjs.smallestShelter.SmallestShelterApplicationTests" time="0.01"/>
  <system-out><![CDATA[2022-08-01 20:55:42.660  INFO 21420 --- [    Test worker] .b.t.c.SpringBootTestContextBootstrapper : Neither @ContextConfiguration nor @ContextHierarchy found for test class [umc_sjs.smallestShelter.SmallestShelterApplicationTests], using SpringBootContextLoader
2022-08-01 20:55:42.660  INFO 21420 --- [    Test worker] o.s.t.c.support.AbstractContextLoader    : Could not detect default resource locations for test class [umc_sjs.smallestShelter.SmallestShelterApplicationTests]: no resource found for suffixes {-context.xml, Context.groovy}.
2022-08-01 20:55:42.660  INFO 21420 --- [    Test worker] t.c.s.AnnotationConfigContextLoaderUtils : Could not detect default configuration classes for test class [umc_sjs.smallestShelter.SmallestShelterApplicationTests]: SmallestShelterApplicationTests does not declare any static, non-private, non-final, nested classes annotated with @Configuration.
2022-08-01 20:55:42.660  INFO 21420 --- [    Test worker] .b.t.c.SpringBootTestContextBootstrapper : Found @SpringBootConfiguration umc_sjs.smallestShelter.SmallestShelterApplication for test class umc_sjs.smallestShelter.SmallestShelterApplicationTests
2022-08-01 20:55:42.676  INFO 21420 --- [    Test worker] .b.t.c.SpringBootTestContextBootstrapper : Loaded default TestExecutionListener class names from location [META-INF/spring.factories]: [org.springframework.security.test.context.support.WithSecurityContextTestExecutionListener, org.springframework.security.test.context.support.ReactorContextTestExecutionListener, org.springframework.boot.test.autoconfigure.restdocs.RestDocsTestExecutionListener, org.springframework.boot.test.autoconfigure.web.client.MockRestServiceServerResetTestExecutionListener, org.springframework.boot.test.autoconfigure.web.servlet.MockMvcPrintOnlyOnFailureTestExecutionListener, org.springframework.boot.test.autoconfigure.web.servlet.WebDriverTestExecutionListener, org.springframework.boot.test.autoconfigure.webservices.client.MockWebServiceServerTestExecutionListener, org.springframework.boot.test.mock.mockito.MockitoTestExecutionListener, org.springframework.boot.test.mock.mockito.ResetMocksTestExecutionListener, org.springframework.test.context.web.ServletTestExecutionListener, org.springframework.test.context.support.DirtiesContextBeforeModesTestExecutionListener, org.springframework.test.context.event.ApplicationEventsTestExecutionListener, org.springframework.test.context.support.DependencyInjectionTestExecutionListener, org.springframework.test.context.support.DirtiesContextTestExecutionListener, org.springframework.test.context.transaction.TransactionalTestExecutionListener, org.springframework.test.context.jdbc.SqlScriptsTestExecutionListener, org.springframework.test.context.event.EventPublishingTestExecutionListener]
2022-08-01 20:55:42.676  INFO 21420 --- [    Test worker] .b.t.c.SpringBootTestContextBootstrapper : Using TestExecutionListeners: [org.springframework.test.context.web.ServletTestExecutionListener@7aa44fa2, org.springframework.test.context.support.DirtiesContextBeforeModesTestExecutionListener@4c43c37d, org.springframework.test.context.event.ApplicationEventsTestExecutionListener@61c946a0, org.springframework.boot.test.mock.mockito.MockitoTestExecutionListener@227e4ea8, org.springframework.boot.test.autoconfigure.SpringBootDependencyInjectionTestExecutionListener@7a7fdc1a, org.springframework.test.context.support.DirtiesContextTestExecutionListener@28f5a003, org.springframework.test.context.transaction.TransactionalTestExecutionListener@3220ffb, org.springframework.test.context.jdbc.SqlScriptsTestExecutionListener@53791a39, org.springframework.security.test.context.support.WithSecurityContextTestExecutionListener@57629340, org.springframework.test.context.event.EventPublishingTestExecutionListener@5292d417, org.springframework.security.test.context.support.ReactorContextTestExecutionListener@415c5469, org.springframework.boot.test.autoconfigure.restdocs.RestDocsTestExecutionListener@5aef36a9, org.springframework.boot.test.autoconfigure.web.client.MockRestServiceServerResetTestExecutionListener@19544627, org.springframework.boot.test.autoconfigure.web.servlet.MockMvcPrintOnlyOnFailureTestExecutionListener@5da20b76, org.springframework.boot.test.autoconfigure.web.servlet.WebDriverTestExecutionListener@7e7ee3b7, org.springframework.boot.test.autoconfigure.webservices.client.MockWebServiceServerTestExecutionListener@5d87c8af, org.springframework.boot.test.mock.mockito.ResetMocksTestExecutionListener@66d9c846]
]]></system-out>
  <system-err><![CDATA[]]></system-err>
</testsuite>
