<?xml version="1.0" encoding="UTF-8"?>
<testsuite name="umc_sjs.smallestShelter.controller.PostControllerTest" tests="15" skipped="0" failures="0" errors="0" timestamp="2022-08-12T06:37:56" hostname="GANA-LAPTOP" time="1.84">
  <properties/>
  <testcase name="게시글조회_X_일치하지않는동물idx()" classname="umc_sjs.smallestShelter.controller.PostControllerTest" time="0.549"/>
  <testcase name="게시글생성X 이미지 없음" classname="umc_sjs.smallestShelter.controller.PostControllerTest" time="0.094"/>
  <testcase name="게시글생성()" classname="umc_sjs.smallestShelter.controller.PostControllerTest" time="0.184"/>
  <testcase name="게시글조회()" classname="umc_sjs.smallestShelter.controller.PostControllerTest" time="0.117"/>
  <testcase name="게시물삭제()" classname="umc_sjs.smallestShelter.controller.PostControllerTest" time="0.137"/>
  <testcase name="게시물수정()" classname="umc_sjs.smallestShelter.controller.PostControllerTest" time="0.08"/>
  <testcase name="게시글조회_x_없는게시물조회()" classname="umc_sjs.smallestShelter.controller.PostControllerTest" time="0.08"/>
  <testcase name="게시물삭제_x_일치하지않는동물idx()" classname="umc_sjs.smallestShelter.controller.PostControllerTest" time="0.078"/>
  <testcase name="게시글생성_X_이미지없음_null()" classname="umc_sjs.smallestShelter.controller.PostControllerTest" time="0.066"/>
  <testcase name="게시물수정_x_없는게시물()" classname="umc_sjs.smallestShelter.controller.PostControllerTest" time="0.101"/>
  <testcase name="게시물수정_x_이미지없음()" classname="umc_sjs.smallestShelter.controller.PostControllerTest" time="0.058"/>
  <testcase name="게시물수정_x_이미지없음_null()" classname="umc_sjs.smallestShelter.controller.PostControllerTest" time="0.048"/>
  <testcase name="게시글삭제_x_없는게시물()" classname="umc_sjs.smallestShelter.controller.PostControllerTest" time="0.06"/>
  <testcase name="게시글생성_X_없는동물()" classname="umc_sjs.smallestShelter.controller.PostControllerTest" time="0.098"/>
  <testcase name="게시물수정_x_일치하지않는동물idx()" classname="umc_sjs.smallestShelter.controller.PostControllerTest" time="0.069"/>
  <system-out><![CDATA[2022-08-12 15:37:56.847  INFO 15172 --- [    Test worker] .b.t.c.SpringBootTestContextBootstrapper : Neither @ContextConfiguration nor @ContextHierarchy found for test class [umc_sjs.smallestShelter.controller.PostControllerTest], using SpringBootContextLoader
2022-08-12 15:37:56.848  INFO 15172 --- [    Test worker] o.s.t.c.support.AbstractContextLoader    : Could not detect default resource locations for test class [umc_sjs.smallestShelter.controller.PostControllerTest]: no resource found for suffixes {-context.xml, Context.groovy}.
2022-08-12 15:37:56.848  INFO 15172 --- [    Test worker] t.c.s.AnnotationConfigContextLoaderUtils : Could not detect default configuration classes for test class [umc_sjs.smallestShelter.controller.PostControllerTest]: PostControllerTest does not declare any static, non-private, non-final, nested classes annotated with @Configuration.
2022-08-12 15:37:56.871  INFO 15172 --- [    Test worker] .b.t.c.SpringBootTestContextBootstrapper : Found @SpringBootConfiguration umc_sjs.smallestShelter.SmallestShelterApplication for test class umc_sjs.smallestShelter.controller.PostControllerTest
2022-08-12 15:37:56.874  INFO 15172 --- [    Test worker] .b.t.c.SpringBootTestContextBootstrapper : Loaded default TestExecutionListener class names from location [META-INF/spring.factories]: [org.springframework.security.test.context.support.WithSecurityContextTestExecutionListener, org.springframework.security.test.context.support.ReactorContextTestExecutionListener, org.springframework.boot.test.autoconfigure.restdocs.RestDocsTestExecutionListener, org.springframework.boot.test.autoconfigure.web.client.MockRestServiceServerResetTestExecutionListener, org.springframework.boot.test.autoconfigure.web.servlet.MockMvcPrintOnlyOnFailureTestExecutionListener, org.springframework.boot.test.autoconfigure.web.servlet.WebDriverTestExecutionListener, org.springframework.boot.test.autoconfigure.webservices.client.MockWebServiceServerTestExecutionListener, org.springframework.boot.test.mock.mockito.MockitoTestExecutionListener, org.springframework.boot.test.mock.mockito.ResetMocksTestExecutionListener, org.springframework.test.context.web.ServletTestExecutionListener, org.springframework.test.context.support.DirtiesContextBeforeModesTestExecutionListener, org.springframework.test.context.event.ApplicationEventsTestExecutionListener, org.springframework.test.context.support.DependencyInjectionTestExecutionListener, org.springframework.test.context.support.DirtiesContextTestExecutionListener, org.springframework.test.context.transaction.TransactionalTestExecutionListener, org.springframework.test.context.jdbc.SqlScriptsTestExecutionListener, org.springframework.test.context.event.EventPublishingTestExecutionListener]
2022-08-12 15:37:56.875  INFO 15172 --- [    Test worker] .b.t.c.SpringBootTestContextBootstrapper : Using TestExecutionListeners: [org.springframework.test.context.web.ServletTestExecutionListener@565fa7d2, org.springframework.test.context.support.DirtiesContextBeforeModesTestExecutionListener@1e1f467f, org.springframework.test.context.event.ApplicationEventsTestExecutionListener@22dddb13, org.springframework.boot.test.mock.mockito.MockitoTestExecutionListener@3d268a2c, org.springframework.boot.test.autoconfigure.SpringBootDependencyInjectionTestExecutionListener@16ecdb6d, org.springframework.test.context.support.DirtiesContextTestExecutionListener@72a45b71, org.springframework.test.context.transaction.TransactionalTestExecutionListener@3eed0375, org.springframework.test.context.jdbc.SqlScriptsTestExecutionListener@3793896e, org.springframework.security.test.context.support.WithSecurityContextTestExecutionListener@47541b42, org.springframework.test.context.event.EventPublishingTestExecutionListener@17fbbf0a, org.springframework.security.test.context.support.ReactorContextTestExecutionListener@41dbf02b, org.springframework.boot.test.autoconfigure.restdocs.RestDocsTestExecutionListener@6a28d987, org.springframework.boot.test.autoconfigure.web.client.MockRestServiceServerResetTestExecutionListener@d41518b, org.springframework.boot.test.autoconfigure.web.servlet.MockMvcPrintOnlyOnFailureTestExecutionListener@4708acc6, org.springframework.boot.test.autoconfigure.web.servlet.WebDriverTestExecutionListener@59cc46a4, org.springframework.boot.test.autoconfigure.webservices.client.MockWebServiceServerTestExecutionListener@750448fb, org.springframework.boot.test.mock.mockito.ResetMocksTestExecutionListener@724e82d9]
2022-08-12 15:37:56.907  INFO 15172 --- [    Test worker] o.s.t.c.transaction.TransactionContext   : Began transaction (1) for test context [DefaultTestContext@56d189d0 testClass = PostControllerTest, testInstance = umc_sjs.smallestShelter.controller.PostControllerTest@14941b06, testMethod = 게시글조회_X_일치하지않는동물idx@PostControllerTest, testException = [null], mergedContextConfiguration = [WebMergedContextConfiguration@7d776105 testClass = PostControllerTest, locations = '{}', classes = '{class umc_sjs.smallestShelter.SmallestShelterApplication}', contextInitializerClasses = '[]', activeProfiles = '{}', propertySourceLocations = '{}', propertySourceProperties = '{org.springframework.boot.test.context.SpringBootTestContextBootstrapper=true}', contextCustomizers = set[org.springframework.boot.test.autoconfigure.actuate.metrics.MetricsExportContextCustomizerFactory$DisableMetricExportContextCustomizer@201b6b6f, org.springframework.boot.test.autoconfigure.properties.PropertyMappingContextCustomizer@0, org.springframework.boot.test.autoconfigure.web.servlet.WebDriverContextCustomizerFactory$Customizer@18230356, org.springframework.boot.test.context.filter.ExcludeFilterContextCustomizer@60d1a32f, org.springframework.boot.test.json.DuplicateJsonObjectContextCustomizerFactory$DuplicateJsonObjectContextCustomizer@40c80397, org.springframework.boot.test.mock.mockito.MockitoContextCustomizer@0, org.springframework.boot.test.web.client.TestRestTemplateContextCustomizer@47db5fa5, org.springframework.boot.test.context.SpringBootTestArgs@1, org.springframework.boot.test.context.SpringBootTestWebEnvironment@1890516e], resourceBasePath = 'src/main/webapp', contextLoader = 'org.springframework.boot.test.context.SpringBootContextLoader', parent = [null]], attributes = map['org.springframework.test.context.web.ServletTestExecutionListener.activateListener' -> true, 'org.springframework.test.context.web.ServletTestExecutionListener.populatedRequestContextHolder' -> true, 'org.springframework.test.context.web.ServletTestExecutionListener.resetRequestContextHolder' -> true, 'org.springframework.test.context.event.ApplicationEventsTestExecutionListener.recordApplicationEvents' -> false]]; transaction manager [org.springframework.orm.jpa.JpaTransactionManager@3ed4c822]; rollback [true]
2022-08-12 15:37:57.090 DEBUG 15172 --- [    Test worker] org.hibernate.SQL                        : 
    select
        animal0_.animal_idx as animal_i1_0_,
        animal0_.is_guessed as is_guess2_0_,
        animal0_.month as month3_0_,
        animal0_.year as year4_0_,
        animal0_.bark as bark5_0_,
        animal0_.bite as bite6_0_,
        animal0_.create_date as create_d7_0_,
        animal0_.gender as gender8_0_,
        animal0_.is_adopted as is_adopt9_0_,
        animal0_.main_img_url as main_im10_0_,
        animal0_.name as name11_0_,
        animal0_.separation as separat12_0_,
        animal0_.socialization as sociali13_0_,
        animal0_.species as species14_0_,
        animal0_.toilet as toilet15_0_,
        animal0_.upload_user_idx as upload_16_0_ 
    from
        animal animal0_
2022-08-12 15:37:57.228 DEBUG 15172 --- [    Test worker] org.hibernate.SQL                        : 
    select
        post0_.post_idx as post_idx1_3_,
        post0_.animal_idx as animal_i5_3_,
        post0_.content as content2_3_,
        post0_.create_date as create_d3_3_,
        post0_.img_url as img_url4_3_ 
    from
        post post0_
2022-08-12 15:37:57.290 DEBUG 15172 --- [    Test worker] org.hibernate.SQL                        : 
    select
        post0_.post_idx as post_idx1_3_0_,
        animal1_.animal_idx as animal_i1_0_1_,
        post0_.animal_idx as animal_i5_3_0_,
        post0_.content as content2_3_0_,
        post0_.create_date as create_d3_3_0_,
        post0_.img_url as img_url4_3_0_,
        animal1_.is_guessed as is_guess2_0_1_,
        animal1_.month as month3_0_1_,
        animal1_.year as year4_0_1_,
        animal1_.bark as bark5_0_1_,
        animal1_.bite as bite6_0_1_,
        animal1_.create_date as create_d7_0_1_,
        animal1_.gender as gender8_0_1_,
        animal1_.is_adopted as is_adopt9_0_1_,
        animal1_.main_img_url as main_im10_0_1_,
        animal1_.name as name11_0_1_,
        animal1_.separation as separat12_0_1_,
        animal1_.socialization as sociali13_0_1_,
        animal1_.species as species14_0_1_,
        animal1_.toilet as toilet15_0_1_,
        animal1_.upload_user_idx as upload_16_0_1_ 
    from
        post post0_ 
    left outer join
        animal animal1_ 
            on post0_.animal_idx=animal1_.animal_idx 
    where
        post0_.post_idx=?
해당 동물의 게시물의 아닙니다: idx 불일치
2022-08-12 15:37:57.432  INFO 15172 --- [    Test worker] o.s.t.c.transaction.TransactionContext   : Rolled back transaction for test: [DefaultTestContext@56d189d0 testClass = PostControllerTest, testInstance = umc_sjs.smallestShelter.controller.PostControllerTest@14941b06, testMethod = 게시글조회_X_일치하지않는동물idx@PostControllerTest, testException = [null], mergedContextConfiguration = [WebMergedContextConfiguration@7d776105 testClass = PostControllerTest, locations = '{}', classes = '{class umc_sjs.smallestShelter.SmallestShelterApplication}', contextInitializerClasses = '[]', activeProfiles = '{}', propertySourceLocations = '{}', propertySourceProperties = '{org.springframework.boot.test.context.SpringBootTestContextBootstrapper=true}', contextCustomizers = set[org.springframework.boot.test.autoconfigure.actuate.metrics.MetricsExportContextCustomizerFactory$DisableMetricExportContextCustomizer@201b6b6f, org.springframework.boot.test.autoconfigure.properties.PropertyMappingContextCustomizer@0, org.springframework.boot.test.autoconfigure.web.servlet.WebDriverContextCustomizerFactory$Customizer@18230356, org.springframework.boot.test.context.filter.ExcludeFilterContextCustomizer@60d1a32f, org.springframework.boot.test.json.DuplicateJsonObjectContextCustomizerFactory$DuplicateJsonObjectContextCustomizer@40c80397, org.springframework.boot.test.mock.mockito.MockitoContextCustomizer@0, org.springframework.boot.test.web.client.TestRestTemplateContextCustomizer@47db5fa5, org.springframework.boot.test.context.SpringBootTestArgs@1, org.springframework.boot.test.context.SpringBootTestWebEnvironment@1890516e], resourceBasePath = 'src/main/webapp', contextLoader = 'org.springframework.boot.test.context.SpringBootContextLoader', parent = [null]], attributes = map['org.springframework.test.context.web.ServletTestExecutionListener.activateListener' -> true, 'org.springframework.test.context.web.ServletTestExecutionListener.populatedRequestContextHolder' -> true, 'org.springframework.test.context.web.ServletTestExecutionListener.resetRequestContextHolder' -> true, 'org.springframework.test.context.event.ApplicationEventsTestExecutionListener.recordApplicationEvents' -> false]]
2022-08-12 15:37:57.439  INFO 15172 --- [    Test worker] o.s.t.c.transaction.TransactionContext   : Began transaction (1) for test context [DefaultTestContext@56d189d0 testClass = PostControllerTest, testInstance = umc_sjs.smallestShelter.controller.PostControllerTest@7882379b, testMethod = 게시글생성_X_이미지없음@PostControllerTest, testException = [null], mergedContextConfiguration = [WebMergedContextConfiguration@7d776105 testClass = PostControllerTest, locations = '{}', classes = '{class umc_sjs.smallestShelter.SmallestShelterApplication}', contextInitializerClasses = '[]', activeProfiles = '{}', propertySourceLocations = '{}', propertySourceProperties = '{org.springframework.boot.test.context.SpringBootTestContextBootstrapper=true}', contextCustomizers = set[org.springframework.boot.test.autoconfigure.actuate.metrics.MetricsExportContextCustomizerFactory$DisableMetricExportContextCustomizer@201b6b6f, org.springframework.boot.test.autoconfigure.properties.PropertyMappingContextCustomizer@0, org.springframework.boot.test.autoconfigure.web.servlet.WebDriverContextCustomizerFactory$Customizer@18230356, org.springframework.boot.test.context.filter.ExcludeFilterContextCustomizer@60d1a32f, org.springframework.boot.test.json.DuplicateJsonObjectContextCustomizerFactory$DuplicateJsonObjectContextCustomizer@40c80397, org.springframework.boot.test.mock.mockito.MockitoContextCustomizer@0, org.springframework.boot.test.web.client.TestRestTemplateContextCustomizer@47db5fa5, org.springframework.boot.test.context.SpringBootTestArgs@1, org.springframework.boot.test.context.SpringBootTestWebEnvironment@1890516e], resourceBasePath = 'src/main/webapp', contextLoader = 'org.springframework.boot.test.context.SpringBootContextLoader', parent = [null]], attributes = map['org.springframework.test.context.web.ServletTestExecutionListener.activateListener' -> true, 'org.springframework.test.context.web.ServletTestExecutionListener.populatedRequestContextHolder' -> true, 'org.springframework.test.context.web.ServletTestExecutionListener.resetRequestContextHolder' -> true, 'org.springframework.test.context.event.ApplicationEventsTestExecutionListener.recordApplicationEvents' -> false]]; transaction manager [org.springframework.orm.jpa.JpaTransactionManager@3ed4c822]; rollback [true]
2022-08-12 15:37:57.445 DEBUG 15172 --- [    Test worker] org.hibernate.SQL                        : 
    select
        animal0_.animal_idx as animal_i1_0_,
        animal0_.is_guessed as is_guess2_0_,
        animal0_.month as month3_0_,
        animal0_.year as year4_0_,
        animal0_.bark as bark5_0_,
        animal0_.bite as bite6_0_,
        animal0_.create_date as create_d7_0_,
        animal0_.gender as gender8_0_,
        animal0_.is_adopted as is_adopt9_0_,
        animal0_.main_img_url as main_im10_0_,
        animal0_.name as name11_0_,
        animal0_.separation as separat12_0_,
        animal0_.socialization as sociali13_0_,
        animal0_.species as species14_0_,
        animal0_.toilet as toilet15_0_,
        animal0_.upload_user_idx as upload_16_0_ 
    from
        animal animal0_
2022-08-12 15:37:57.499 DEBUG 15172 --- [    Test worker] org.hibernate.SQL                        : 
    select
        post0_.post_idx as post_idx1_3_,
        post0_.animal_idx as animal_i5_3_,
        post0_.content as content2_3_,
        post0_.create_date as create_d3_3_,
        post0_.img_url as img_url4_3_ 
    from
        post post0_
게시물에 이미지가 없습니다
2022-08-12 15:37:57.530  INFO 15172 --- [    Test worker] o.s.t.c.transaction.TransactionContext   : Rolled back transaction for test: [DefaultTestContext@56d189d0 testClass = PostControllerTest, testInstance = umc_sjs.smallestShelter.controller.PostControllerTest@7882379b, testMethod = 게시글생성_X_이미지없음@PostControllerTest, testException = [null], mergedContextConfiguration = [WebMergedContextConfiguration@7d776105 testClass = PostControllerTest, locations = '{}', classes = '{class umc_sjs.smallestShelter.SmallestShelterApplication}', contextInitializerClasses = '[]', activeProfiles = '{}', propertySourceLocations = '{}', propertySourceProperties = '{org.springframework.boot.test.context.SpringBootTestContextBootstrapper=true}', contextCustomizers = set[org.springframework.boot.test.autoconfigure.actuate.metrics.MetricsExportContextCustomizerFactory$DisableMetricExportContextCustomizer@201b6b6f, org.springframework.boot.test.autoconfigure.properties.PropertyMappingContextCustomizer@0, org.springframework.boot.test.autoconfigure.web.servlet.WebDriverContextCustomizerFactory$Customizer@18230356, org.springframework.boot.test.context.filter.ExcludeFilterContextCustomizer@60d1a32f, org.springframework.boot.test.json.DuplicateJsonObjectContextCustomizerFactory$DuplicateJsonObjectContextCustomizer@40c80397, org.springframework.boot.test.mock.mockito.MockitoContextCustomizer@0, org.springframework.boot.test.web.client.TestRestTemplateContextCustomizer@47db5fa5, org.springframework.boot.test.context.SpringBootTestArgs@1, org.springframework.boot.test.context.SpringBootTestWebEnvironment@1890516e], resourceBasePath = 'src/main/webapp', contextLoader = 'org.springframework.boot.test.context.SpringBootContextLoader', parent = [null]], attributes = map['org.springframework.test.context.web.ServletTestExecutionListener.activateListener' -> true, 'org.springframework.test.context.web.ServletTestExecutionListener.populatedRequestContextHolder' -> true, 'org.springframework.test.context.web.ServletTestExecutionListener.resetRequestContextHolder' -> true, 'org.springframework.test.context.event.ApplicationEventsTestExecutionListener.recordApplicationEvents' -> false]]
2022-08-12 15:37:57.534  INFO 15172 --- [    Test worker] o.s.t.c.transaction.TransactionContext   : Began transaction (1) for test context [DefaultTestContext@56d189d0 testClass = PostControllerTest, testInstance = umc_sjs.smallestShelter.controller.PostControllerTest@3cc9bde9, testMethod = 게시글생성@PostControllerTest, testException = [null], mergedContextConfiguration = [WebMergedContextConfiguration@7d776105 testClass = PostControllerTest, locations = '{}', classes = '{class umc_sjs.smallestShelter.SmallestShelterApplication}', contextInitializerClasses = '[]', activeProfiles = '{}', propertySourceLocations = '{}', propertySourceProperties = '{org.springframework.boot.test.context.SpringBootTestContextBootstrapper=true}', contextCustomizers = set[org.springframework.boot.test.autoconfigure.actuate.metrics.MetricsExportContextCustomizerFactory$DisableMetricExportContextCustomizer@201b6b6f, org.springframework.boot.test.autoconfigure.properties.PropertyMappingContextCustomizer@0, org.springframework.boot.test.autoconfigure.web.servlet.WebDriverContextCustomizerFactory$Customizer@18230356, org.springframework.boot.test.context.filter.ExcludeFilterContextCustomizer@60d1a32f, org.springframework.boot.test.json.DuplicateJsonObjectContextCustomizerFactory$DuplicateJsonObjectContextCustomizer@40c80397, org.springframework.boot.test.mock.mockito.MockitoContextCustomizer@0, org.springframework.boot.test.web.client.TestRestTemplateContextCustomizer@47db5fa5, org.springframework.boot.test.context.SpringBootTestArgs@1, org.springframework.boot.test.context.SpringBootTestWebEnvironment@1890516e], resourceBasePath = 'src/main/webapp', contextLoader = 'org.springframework.boot.test.context.SpringBootContextLoader', parent = [null]], attributes = map['org.springframework.test.context.web.ServletTestExecutionListener.activateListener' -> true, 'org.springframework.test.context.web.ServletTestExecutionListener.populatedRequestContextHolder' -> true, 'org.springframework.test.context.web.ServletTestExecutionListener.resetRequestContextHolder' -> true, 'org.springframework.test.context.event.ApplicationEventsTestExecutionListener.recordApplicationEvents' -> false]]; transaction manager [org.springframework.orm.jpa.JpaTransactionManager@3ed4c822]; rollback [true]
2022-08-12 15:37:57.541 DEBUG 15172 --- [    Test worker] org.hibernate.SQL                        : 
    select
        animal0_.animal_idx as animal_i1_0_,
        animal0_.is_guessed as is_guess2_0_,
        animal0_.month as month3_0_,
        animal0_.year as year4_0_,
        animal0_.bark as bark5_0_,
        animal0_.bite as bite6_0_,
        animal0_.create_date as create_d7_0_,
        animal0_.gender as gender8_0_,
        animal0_.is_adopted as is_adopt9_0_,
        animal0_.main_img_url as main_im10_0_,
        animal0_.name as name11_0_,
        animal0_.separation as separat12_0_,
        animal0_.socialization as sociali13_0_,
        animal0_.species as species14_0_,
        animal0_.toilet as toilet15_0_,
        animal0_.upload_user_idx as upload_16_0_ 
    from
        animal animal0_
2022-08-12 15:37:57.580 DEBUG 15172 --- [    Test worker] org.hibernate.SQL                        : 
    select
        post0_.post_idx as post_idx1_3_,
        post0_.animal_idx as animal_i5_3_,
        post0_.content as content2_3_,
        post0_.create_date as create_d3_3_,
        post0_.img_url as img_url4_3_ 
    from
        post post0_
2022-08-12 15:37:57.618 DEBUG 15172 --- [    Test worker] org.hibernate.SQL                        : 
    select
        animal0_.animal_idx as animal_i1_0_0_,
        illnesslis1_.illness_idx as illness_1_2_1_,
        animal0_.is_guessed as is_guess2_0_0_,
        animal0_.month as month3_0_0_,
        animal0_.year as year4_0_0_,
        animal0_.bark as bark5_0_0_,
        animal0_.bite as bite6_0_0_,
        animal0_.create_date as create_d7_0_0_,
        animal0_.gender as gender8_0_0_,
        animal0_.is_adopted as is_adopt9_0_0_,
        animal0_.main_img_url as main_im10_0_0_,
        animal0_.name as name11_0_0_,
        animal0_.separation as separat12_0_0_,
        animal0_.socialization as sociali13_0_0_,
        animal0_.species as species14_0_0_,
        animal0_.toilet as toilet15_0_0_,
        animal0_.upload_user_idx as upload_16_0_0_,
        illnesslis1_.animal_idx as animal_i3_2_1_,
        illnesslis1_.name as name2_2_1_,
        illnesslis1_.animal_idx as animal_i3_2_0__,
        illnesslis1_.illness_idx as illness_1_2_0__ 
    from
        animal animal0_ 
    left outer join
        illness illnesslis1_ 
            on animal0_.animal_idx=illnesslis1_.animal_idx 
    where
        animal0_.animal_idx=?
2022-08-12 15:37:57.650 DEBUG 15172 --- [    Test worker] org.hibernate.SQL                        : 
    insert 
    into
        post
        (animal_idx, content, create_date, img_url) 
    values
        (?, ?, ?, ?)
2022-08-12 15:37:57.712  INFO 15172 --- [    Test worker] o.h.c.i.AbstractPersistentCollection     : HHH000496: Detaching an uninitialized collection with queued operations from a session: [umc_sjs.smallestShelter.domain.Animal.postList#1]
2022-08-12 15:37:57.714  INFO 15172 --- [    Test worker] o.s.t.c.transaction.TransactionContext   : Rolled back transaction for test: [DefaultTestContext@56d189d0 testClass = PostControllerTest, testInstance = umc_sjs.smallestShelter.controller.PostControllerTest@3cc9bde9, testMethod = 게시글생성@PostControllerTest, testException = [null], mergedContextConfiguration = [WebMergedContextConfiguration@7d776105 testClass = PostControllerTest, locations = '{}', classes = '{class umc_sjs.smallestShelter.SmallestShelterApplication}', contextInitializerClasses = '[]', activeProfiles = '{}', propertySourceLocations = '{}', propertySourceProperties = '{org.springframework.boot.test.context.SpringBootTestContextBootstrapper=true}', contextCustomizers = set[org.springframework.boot.test.autoconfigure.actuate.metrics.MetricsExportContextCustomizerFactory$DisableMetricExportContextCustomizer@201b6b6f, org.springframework.boot.test.autoconfigure.properties.PropertyMappingContextCustomizer@0, org.springframework.boot.test.autoconfigure.web.servlet.WebDriverContextCustomizerFactory$Customizer@18230356, org.springframework.boot.test.context.filter.ExcludeFilterContextCustomizer@60d1a32f, org.springframework.boot.test.json.DuplicateJsonObjectContextCustomizerFactory$DuplicateJsonObjectContextCustomizer@40c80397, org.springframework.boot.test.mock.mockito.MockitoContextCustomizer@0, org.springframework.boot.test.web.client.TestRestTemplateContextCustomizer@47db5fa5, org.springframework.boot.test.context.SpringBootTestArgs@1, org.springframework.boot.test.context.SpringBootTestWebEnvironment@1890516e], resourceBasePath = 'src/main/webapp', contextLoader = 'org.springframework.boot.test.context.SpringBootContextLoader', parent = [null]], attributes = map['org.springframework.test.context.web.ServletTestExecutionListener.activateListener' -> true, 'org.springframework.test.context.web.ServletTestExecutionListener.populatedRequestContextHolder' -> true, 'org.springframework.test.context.web.ServletTestExecutionListener.resetRequestContextHolder' -> true, 'org.springframework.test.context.event.ApplicationEventsTestExecutionListener.recordApplicationEvents' -> false]]
2022-08-12 15:37:57.720  INFO 15172 --- [    Test worker] o.s.t.c.transaction.TransactionContext   : Began transaction (1) for test context [DefaultTestContext@56d189d0 testClass = PostControllerTest, testInstance = umc_sjs.smallestShelter.controller.PostControllerTest@30b91493, testMethod = 게시글조회@PostControllerTest, testException = [null], mergedContextConfiguration = [WebMergedContextConfiguration@7d776105 testClass = PostControllerTest, locations = '{}', classes = '{class umc_sjs.smallestShelter.SmallestShelterApplication}', contextInitializerClasses = '[]', activeProfiles = '{}', propertySourceLocations = '{}', propertySourceProperties = '{org.springframework.boot.test.context.SpringBootTestContextBootstrapper=true}', contextCustomizers = set[org.springframework.boot.test.autoconfigure.actuate.metrics.MetricsExportContextCustomizerFactory$DisableMetricExportContextCustomizer@201b6b6f, org.springframework.boot.test.autoconfigure.properties.PropertyMappingContextCustomizer@0, org.springframework.boot.test.autoconfigure.web.servlet.WebDriverContextCustomizerFactory$Customizer@18230356, org.springframework.boot.test.context.filter.ExcludeFilterContextCustomizer@60d1a32f, org.springframework.boot.test.json.DuplicateJsonObjectContextCustomizerFactory$DuplicateJsonObjectContextCustomizer@40c80397, org.springframework.boot.test.mock.mockito.MockitoContextCustomizer@0, org.springframework.boot.test.web.client.TestRestTemplateContextCustomizer@47db5fa5, org.springframework.boot.test.context.SpringBootTestArgs@1, org.springframework.boot.test.context.SpringBootTestWebEnvironment@1890516e], resourceBasePath = 'src/main/webapp', contextLoader = 'org.springframework.boot.test.context.SpringBootContextLoader', parent = [null]], attributes = map['org.springframework.test.context.web.ServletTestExecutionListener.activateListener' -> true, 'org.springframework.test.context.web.ServletTestExecutionListener.populatedRequestContextHolder' -> true, 'org.springframework.test.context.web.ServletTestExecutionListener.resetRequestContextHolder' -> true, 'org.springframework.test.context.event.ApplicationEventsTestExecutionListener.recordApplicationEvents' -> false]]; transaction manager [org.springframework.orm.jpa.JpaTransactionManager@3ed4c822]; rollback [true]
2022-08-12 15:37:57.733 DEBUG 15172 --- [    Test worker] org.hibernate.SQL                        : 
    select
        animal0_.animal_idx as animal_i1_0_,
        animal0_.is_guessed as is_guess2_0_,
        animal0_.month as month3_0_,
        animal0_.year as year4_0_,
        animal0_.bark as bark5_0_,
        animal0_.bite as bite6_0_,
        animal0_.create_date as create_d7_0_,
        animal0_.gender as gender8_0_,
        animal0_.is_adopted as is_adopt9_0_,
        animal0_.main_img_url as main_im10_0_,
        animal0_.name as name11_0_,
        animal0_.separation as separat12_0_,
        animal0_.socialization as sociali13_0_,
        animal0_.species as species14_0_,
        animal0_.toilet as toilet15_0_,
        animal0_.upload_user_idx as upload_16_0_ 
    from
        animal animal0_
2022-08-12 15:37:57.788 DEBUG 15172 --- [    Test worker] org.hibernate.SQL                        : 
    select
        post0_.post_idx as post_idx1_3_,
        post0_.animal_idx as animal_i5_3_,
        post0_.content as content2_3_,
        post0_.create_date as create_d3_3_,
        post0_.img_url as img_url4_3_ 
    from
        post post0_
2022-08-12 15:37:57.810 DEBUG 15172 --- [    Test worker] org.hibernate.SQL                        : 
    select
        post0_.post_idx as post_idx1_3_0_,
        animal1_.animal_idx as animal_i1_0_1_,
        post0_.animal_idx as animal_i5_3_0_,
        post0_.content as content2_3_0_,
        post0_.create_date as create_d3_3_0_,
        post0_.img_url as img_url4_3_0_,
        animal1_.is_guessed as is_guess2_0_1_,
        animal1_.month as month3_0_1_,
        animal1_.year as year4_0_1_,
        animal1_.bark as bark5_0_1_,
        animal1_.bite as bite6_0_1_,
        animal1_.create_date as create_d7_0_1_,
        animal1_.gender as gender8_0_1_,
        animal1_.is_adopted as is_adopt9_0_1_,
        animal1_.main_img_url as main_im10_0_1_,
        animal1_.name as name11_0_1_,
        animal1_.separation as separat12_0_1_,
        animal1_.socialization as sociali13_0_1_,
        animal1_.species as species14_0_1_,
        animal1_.toilet as toilet15_0_1_,
        animal1_.upload_user_idx as upload_16_0_1_ 
    from
        post post0_ 
    left outer join
        animal animal1_ 
            on post0_.animal_idx=animal1_.animal_idx 
    where
        post0_.post_idx=?
2022-08-12 15:37:57.836  INFO 15172 --- [    Test worker] o.s.t.c.transaction.TransactionContext   : Rolled back transaction for test: [DefaultTestContext@56d189d0 testClass = PostControllerTest, testInstance = umc_sjs.smallestShelter.controller.PostControllerTest@30b91493, testMethod = 게시글조회@PostControllerTest, testException = [null], mergedContextConfiguration = [WebMergedContextConfiguration@7d776105 testClass = PostControllerTest, locations = '{}', classes = '{class umc_sjs.smallestShelter.SmallestShelterApplication}', contextInitializerClasses = '[]', activeProfiles = '{}', propertySourceLocations = '{}', propertySourceProperties = '{org.springframework.boot.test.context.SpringBootTestContextBootstrapper=true}', contextCustomizers = set[org.springframework.boot.test.autoconfigure.actuate.metrics.MetricsExportContextCustomizerFactory$DisableMetricExportContextCustomizer@201b6b6f, org.springframework.boot.test.autoconfigure.properties.PropertyMappingContextCustomizer@0, org.springframework.boot.test.autoconfigure.web.servlet.WebDriverContextCustomizerFactory$Customizer@18230356, org.springframework.boot.test.context.filter.ExcludeFilterContextCustomizer@60d1a32f, org.springframework.boot.test.json.DuplicateJsonObjectContextCustomizerFactory$DuplicateJsonObjectContextCustomizer@40c80397, org.springframework.boot.test.mock.mockito.MockitoContextCustomizer@0, org.springframework.boot.test.web.client.TestRestTemplateContextCustomizer@47db5fa5, org.springframework.boot.test.context.SpringBootTestArgs@1, org.springframework.boot.test.context.SpringBootTestWebEnvironment@1890516e], resourceBasePath = 'src/main/webapp', contextLoader = 'org.springframework.boot.test.context.SpringBootContextLoader', parent = [null]], attributes = map['org.springframework.test.context.web.ServletTestExecutionListener.activateListener' -> true, 'org.springframework.test.context.web.ServletTestExecutionListener.populatedRequestContextHolder' -> true, 'org.springframework.test.context.web.ServletTestExecutionListener.resetRequestContextHolder' -> true, 'org.springframework.test.context.event.ApplicationEventsTestExecutionListener.recordApplicationEvents' -> false]]
2022-08-12 15:37:57.840  INFO 15172 --- [    Test worker] o.s.t.c.transaction.TransactionContext   : Began transaction (1) for test context [DefaultTestContext@56d189d0 testClass = PostControllerTest, testInstance = umc_sjs.smallestShelter.controller.PostControllerTest@720cbb7d, testMethod = 게시물삭제@PostControllerTest, testException = [null], mergedContextConfiguration = [WebMergedContextConfiguration@7d776105 testClass = PostControllerTest, locations = '{}', classes = '{class umc_sjs.smallestShelter.SmallestShelterApplication}', contextInitializerClasses = '[]', activeProfiles = '{}', propertySourceLocations = '{}', propertySourceProperties = '{org.springframework.boot.test.context.SpringBootTestContextBootstrapper=true}', contextCustomizers = set[org.springframework.boot.test.autoconfigure.actuate.metrics.MetricsExportContextCustomizerFactory$DisableMetricExportContextCustomizer@201b6b6f, org.springframework.boot.test.autoconfigure.properties.PropertyMappingContextCustomizer@0, org.springframework.boot.test.autoconfigure.web.servlet.WebDriverContextCustomizerFactory$Customizer@18230356, org.springframework.boot.test.context.filter.ExcludeFilterContextCustomizer@60d1a32f, org.springframework.boot.test.json.DuplicateJsonObjectContextCustomizerFactory$DuplicateJsonObjectContextCustomizer@40c80397, org.springframework.boot.test.mock.mockito.MockitoContextCustomizer@0, org.springframework.boot.test.web.client.TestRestTemplateContextCustomizer@47db5fa5, org.springframework.boot.test.context.SpringBootTestArgs@1, org.springframework.boot.test.context.SpringBootTestWebEnvironment@1890516e], resourceBasePath = 'src/main/webapp', contextLoader = 'org.springframework.boot.test.context.SpringBootContextLoader', parent = [null]], attributes = map['org.springframework.test.context.web.ServletTestExecutionListener.activateListener' -> true, 'org.springframework.test.context.web.ServletTestExecutionListener.populatedRequestContextHolder' -> true, 'org.springframework.test.context.web.ServletTestExecutionListener.resetRequestContextHolder' -> true, 'org.springframework.test.context.event.ApplicationEventsTestExecutionListener.recordApplicationEvents' -> false]]; transaction manager [org.springframework.orm.jpa.JpaTransactionManager@3ed4c822]; rollback [true]
2022-08-12 15:37:57.851 DEBUG 15172 --- [    Test worker] org.hibernate.SQL                        : 
    select
        animal0_.animal_idx as animal_i1_0_,
        animal0_.is_guessed as is_guess2_0_,
        animal0_.month as month3_0_,
        animal0_.year as year4_0_,
        animal0_.bark as bark5_0_,
        animal0_.bite as bite6_0_,
        animal0_.create_date as create_d7_0_,
        animal0_.gender as gender8_0_,
        animal0_.is_adopted as is_adopt9_0_,
        animal0_.main_img_url as main_im10_0_,
        animal0_.name as name11_0_,
        animal0_.separation as separat12_0_,
        animal0_.socialization as sociali13_0_,
        animal0_.species as species14_0_,
        animal0_.toilet as toilet15_0_,
        animal0_.upload_user_idx as upload_16_0_ 
    from
        animal animal0_
2022-08-12 15:37:57.874 DEBUG 15172 --- [    Test worker] org.hibernate.SQL                        : 
    select
        post0_.post_idx as post_idx1_3_,
        post0_.animal_idx as animal_i5_3_,
        post0_.content as content2_3_,
        post0_.create_date as create_d3_3_,
        post0_.img_url as img_url4_3_ 
    from
        post post0_
2022-08-12 15:37:57.892 DEBUG 15172 --- [    Test worker] org.hibernate.SQL                        : 
    select
        animal0_.animal_idx as animal_i1_0_0_,
        illnesslis1_.illness_idx as illness_1_2_1_,
        animal0_.is_guessed as is_guess2_0_0_,
        animal0_.month as month3_0_0_,
        animal0_.year as year4_0_0_,
        animal0_.bark as bark5_0_0_,
        animal0_.bite as bite6_0_0_,
        animal0_.create_date as create_d7_0_0_,
        animal0_.gender as gender8_0_0_,
        animal0_.is_adopted as is_adopt9_0_0_,
        animal0_.main_img_url as main_im10_0_0_,
        animal0_.name as name11_0_0_,
        animal0_.separation as separat12_0_0_,
        animal0_.socialization as sociali13_0_0_,
        animal0_.species as species14_0_0_,
        animal0_.toilet as toilet15_0_0_,
        animal0_.upload_user_idx as upload_16_0_0_,
        illnesslis1_.animal_idx as animal_i3_2_1_,
        illnesslis1_.name as name2_2_1_,
        illnesslis1_.animal_idx as animal_i3_2_0__,
        illnesslis1_.illness_idx as illness_1_2_0__ 
    from
        animal animal0_ 
    left outer join
        illness illnesslis1_ 
            on animal0_.animal_idx=illnesslis1_.animal_idx 
    where
        animal0_.animal_idx=?
2022-08-12 15:37:57.901 DEBUG 15172 --- [    Test worker] org.hibernate.SQL                        : 
    insert 
    into
        post
        (animal_idx, content, create_date, img_url) 
    values
        (?, ?, ?, ?)
2022-08-12 15:37:57.933 DEBUG 15172 --- [    Test worker] org.hibernate.SQL                        : 
    select
        post0_.post_idx as post_idx1_3_0_,
        animal1_.animal_idx as animal_i1_0_1_,
        post0_.animal_idx as animal_i5_3_0_,
        post0_.content as content2_3_0_,
        post0_.create_date as create_d3_3_0_,
        post0_.img_url as img_url4_3_0_,
        animal1_.is_guessed as is_guess2_0_1_,
        animal1_.month as month3_0_1_,
        animal1_.year as year4_0_1_,
        animal1_.bark as bark5_0_1_,
        animal1_.bite as bite6_0_1_,
        animal1_.create_date as create_d7_0_1_,
        animal1_.gender as gender8_0_1_,
        animal1_.is_adopted as is_adopt9_0_1_,
        animal1_.main_img_url as main_im10_0_1_,
        animal1_.name as name11_0_1_,
        animal1_.separation as separat12_0_1_,
        animal1_.socialization as sociali13_0_1_,
        animal1_.species as species14_0_1_,
        animal1_.toilet as toilet15_0_1_,
        animal1_.upload_user_idx as upload_16_0_1_ 
    from
        post post0_ 
    left outer join
        animal animal1_ 
            on post0_.animal_idx=animal1_.animal_idx 
    where
        post0_.post_idx=?
요청에 성공하였습니다.
2022-08-12 15:37:57.964  INFO 15172 --- [    Test worker] o.s.t.c.transaction.TransactionContext   : Rolled back transaction for test: [DefaultTestContext@56d189d0 testClass = PostControllerTest, testInstance = umc_sjs.smallestShelter.controller.PostControllerTest@720cbb7d, testMethod = 게시물삭제@PostControllerTest, testException = [null], mergedContextConfiguration = [WebMergedContextConfiguration@7d776105 testClass = PostControllerTest, locations = '{}', classes = '{class umc_sjs.smallestShelter.SmallestShelterApplication}', contextInitializerClasses = '[]', activeProfiles = '{}', propertySourceLocations = '{}', propertySourceProperties = '{org.springframework.boot.test.context.SpringBootTestContextBootstrapper=true}', contextCustomizers = set[org.springframework.boot.test.autoconfigure.actuate.metrics.MetricsExportContextCustomizerFactory$DisableMetricExportContextCustomizer@201b6b6f, org.springframework.boot.test.autoconfigure.properties.PropertyMappingContextCustomizer@0, org.springframework.boot.test.autoconfigure.web.servlet.WebDriverContextCustomizerFactory$Customizer@18230356, org.springframework.boot.test.context.filter.ExcludeFilterContextCustomizer@60d1a32f, org.springframework.boot.test.json.DuplicateJsonObjectContextCustomizerFactory$DuplicateJsonObjectContextCustomizer@40c80397, org.springframework.boot.test.mock.mockito.MockitoContextCustomizer@0, org.springframework.boot.test.web.client.TestRestTemplateContextCustomizer@47db5fa5, org.springframework.boot.test.context.SpringBootTestArgs@1, org.springframework.boot.test.context.SpringBootTestWebEnvironment@1890516e], resourceBasePath = 'src/main/webapp', contextLoader = 'org.springframework.boot.test.context.SpringBootContextLoader', parent = [null]], attributes = map['org.springframework.test.context.web.ServletTestExecutionListener.activateListener' -> true, 'org.springframework.test.context.web.ServletTestExecutionListener.populatedRequestContextHolder' -> true, 'org.springframework.test.context.web.ServletTestExecutionListener.resetRequestContextHolder' -> true, 'org.springframework.test.context.event.ApplicationEventsTestExecutionListener.recordApplicationEvents' -> false]]
2022-08-12 15:37:57.979  INFO 15172 --- [    Test worker] o.s.t.c.transaction.TransactionContext   : Began transaction (1) for test context [DefaultTestContext@56d189d0 testClass = PostControllerTest, testInstance = umc_sjs.smallestShelter.controller.PostControllerTest@5a95090a, testMethod = 게시물수정@PostControllerTest, testException = [null], mergedContextConfiguration = [WebMergedContextConfiguration@7d776105 testClass = PostControllerTest, locations = '{}', classes = '{class umc_sjs.smallestShelter.SmallestShelterApplication}', contextInitializerClasses = '[]', activeProfiles = '{}', propertySourceLocations = '{}', propertySourceProperties = '{org.springframework.boot.test.context.SpringBootTestContextBootstrapper=true}', contextCustomizers = set[org.springframework.boot.test.autoconfigure.actuate.metrics.MetricsExportContextCustomizerFactory$DisableMetricExportContextCustomizer@201b6b6f, org.springframework.boot.test.autoconfigure.properties.PropertyMappingContextCustomizer@0, org.springframework.boot.test.autoconfigure.web.servlet.WebDriverContextCustomizerFactory$Customizer@18230356, org.springframework.boot.test.context.filter.ExcludeFilterContextCustomizer@60d1a32f, org.springframework.boot.test.json.DuplicateJsonObjectContextCustomizerFactory$DuplicateJsonObjectContextCustomizer@40c80397, org.springframework.boot.test.mock.mockito.MockitoContextCustomizer@0, org.springframework.boot.test.web.client.TestRestTemplateContextCustomizer@47db5fa5, org.springframework.boot.test.context.SpringBootTestArgs@1, org.springframework.boot.test.context.SpringBootTestWebEnvironment@1890516e], resourceBasePath = 'src/main/webapp', contextLoader = 'org.springframework.boot.test.context.SpringBootContextLoader', parent = [null]], attributes = map['org.springframework.test.context.web.ServletTestExecutionListener.activateListener' -> true, 'org.springframework.test.context.web.ServletTestExecutionListener.populatedRequestContextHolder' -> true, 'org.springframework.test.context.web.ServletTestExecutionListener.resetRequestContextHolder' -> true, 'org.springframework.test.context.event.ApplicationEventsTestExecutionListener.recordApplicationEvents' -> false]]; transaction manager [org.springframework.orm.jpa.JpaTransactionManager@3ed4c822]; rollback [true]
2022-08-12 15:37:57.985 DEBUG 15172 --- [    Test worker] org.hibernate.SQL                        : 
    select
        animal0_.animal_idx as animal_i1_0_,
        animal0_.is_guessed as is_guess2_0_,
        animal0_.month as month3_0_,
        animal0_.year as year4_0_,
        animal0_.bark as bark5_0_,
        animal0_.bite as bite6_0_,
        animal0_.create_date as create_d7_0_,
        animal0_.gender as gender8_0_,
        animal0_.is_adopted as is_adopt9_0_,
        animal0_.main_img_url as main_im10_0_,
        animal0_.name as name11_0_,
        animal0_.separation as separat12_0_,
        animal0_.socialization as sociali13_0_,
        animal0_.species as species14_0_,
        animal0_.toilet as toilet15_0_,
        animal0_.upload_user_idx as upload_16_0_ 
    from
        animal animal0_
2022-08-12 15:37:58.007 DEBUG 15172 --- [    Test worker] org.hibernate.SQL                        : 
    select
        post0_.post_idx as post_idx1_3_,
        post0_.animal_idx as animal_i5_3_,
        post0_.content as content2_3_,
        post0_.create_date as create_d3_3_,
        post0_.img_url as img_url4_3_ 
    from
        post post0_
2022-08-12 15:37:58.021 DEBUG 15172 --- [    Test worker] org.hibernate.SQL                        : 
    select
        post0_.post_idx as post_idx1_3_0_,
        animal1_.animal_idx as animal_i1_0_1_,
        post0_.animal_idx as animal_i5_3_0_,
        post0_.content as content2_3_0_,
        post0_.create_date as create_d3_3_0_,
        post0_.img_url as img_url4_3_0_,
        animal1_.is_guessed as is_guess2_0_1_,
        animal1_.month as month3_0_1_,
        animal1_.year as year4_0_1_,
        animal1_.bark as bark5_0_1_,
        animal1_.bite as bite6_0_1_,
        animal1_.create_date as create_d7_0_1_,
        animal1_.gender as gender8_0_1_,
        animal1_.is_adopted as is_adopt9_0_1_,
        animal1_.main_img_url as main_im10_0_1_,
        animal1_.name as name11_0_1_,
        animal1_.separation as separat12_0_1_,
        animal1_.socialization as sociali13_0_1_,
        animal1_.species as species14_0_1_,
        animal1_.toilet as toilet15_0_1_,
        animal1_.upload_user_idx as upload_16_0_1_ 
    from
        post post0_ 
    left outer join
        animal animal1_ 
            on post0_.animal_idx=animal1_.animal_idx 
    where
        post0_.post_idx=?
2022-08-12 15:37:58.045  INFO 15172 --- [    Test worker] o.s.t.c.transaction.TransactionContext   : Rolled back transaction for test: [DefaultTestContext@56d189d0 testClass = PostControllerTest, testInstance = umc_sjs.smallestShelter.controller.PostControllerTest@5a95090a, testMethod = 게시물수정@PostControllerTest, testException = [null], mergedContextConfiguration = [WebMergedContextConfiguration@7d776105 testClass = PostControllerTest, locations = '{}', classes = '{class umc_sjs.smallestShelter.SmallestShelterApplication}', contextInitializerClasses = '[]', activeProfiles = '{}', propertySourceLocations = '{}', propertySourceProperties = '{org.springframework.boot.test.context.SpringBootTestContextBootstrapper=true}', contextCustomizers = set[org.springframework.boot.test.autoconfigure.actuate.metrics.MetricsExportContextCustomizerFactory$DisableMetricExportContextCustomizer@201b6b6f, org.springframework.boot.test.autoconfigure.properties.PropertyMappingContextCustomizer@0, org.springframework.boot.test.autoconfigure.web.servlet.WebDriverContextCustomizerFactory$Customizer@18230356, org.springframework.boot.test.context.filter.ExcludeFilterContextCustomizer@60d1a32f, org.springframework.boot.test.json.DuplicateJsonObjectContextCustomizerFactory$DuplicateJsonObjectContextCustomizer@40c80397, org.springframework.boot.test.mock.mockito.MockitoContextCustomizer@0, org.springframework.boot.test.web.client.TestRestTemplateContextCustomizer@47db5fa5, org.springframework.boot.test.context.SpringBootTestArgs@1, org.springframework.boot.test.context.SpringBootTestWebEnvironment@1890516e], resourceBasePath = 'src/main/webapp', contextLoader = 'org.springframework.boot.test.context.SpringBootContextLoader', parent = [null]], attributes = map['org.springframework.test.context.web.ServletTestExecutionListener.activateListener' -> true, 'org.springframework.test.context.web.ServletTestExecutionListener.populatedRequestContextHolder' -> true, 'org.springframework.test.context.web.ServletTestExecutionListener.resetRequestContextHolder' -> true, 'org.springframework.test.context.event.ApplicationEventsTestExecutionListener.recordApplicationEvents' -> false]]
2022-08-12 15:37:58.064  INFO 15172 --- [    Test worker] o.s.t.c.transaction.TransactionContext   : Began transaction (1) for test context [DefaultTestContext@56d189d0 testClass = PostControllerTest, testInstance = umc_sjs.smallestShelter.controller.PostControllerTest@71a18feb, testMethod = 게시글조회_x_없는게시물조회@PostControllerTest, testException = [null], mergedContextConfiguration = [WebMergedContextConfiguration@7d776105 testClass = PostControllerTest, locations = '{}', classes = '{class umc_sjs.smallestShelter.SmallestShelterApplication}', contextInitializerClasses = '[]', activeProfiles = '{}', propertySourceLocations = '{}', propertySourceProperties = '{org.springframework.boot.test.context.SpringBootTestContextBootstrapper=true}', contextCustomizers = set[org.springframework.boot.test.autoconfigure.actuate.metrics.MetricsExportContextCustomizerFactory$DisableMetricExportContextCustomizer@201b6b6f, org.springframework.boot.test.autoconfigure.properties.PropertyMappingContextCustomizer@0, org.springframework.boot.test.autoconfigure.web.servlet.WebDriverContextCustomizerFactory$Customizer@18230356, org.springframework.boot.test.context.filter.ExcludeFilterContextCustomizer@60d1a32f, org.springframework.boot.test.json.DuplicateJsonObjectContextCustomizerFactory$DuplicateJsonObjectContextCustomizer@40c80397, org.springframework.boot.test.mock.mockito.MockitoContextCustomizer@0, org.springframework.boot.test.web.client.TestRestTemplateContextCustomizer@47db5fa5, org.springframework.boot.test.context.SpringBootTestArgs@1, org.springframework.boot.test.context.SpringBootTestWebEnvironment@1890516e], resourceBasePath = 'src/main/webapp', contextLoader = 'org.springframework.boot.test.context.SpringBootContextLoader', parent = [null]], attributes = map['org.springframework.test.context.web.ServletTestExecutionListener.activateListener' -> true, 'org.springframework.test.context.web.ServletTestExecutionListener.populatedRequestContextHolder' -> true, 'org.springframework.test.context.web.ServletTestExecutionListener.resetRequestContextHolder' -> true, 'org.springframework.test.context.event.ApplicationEventsTestExecutionListener.recordApplicationEvents' -> false]]; transaction manager [org.springframework.orm.jpa.JpaTransactionManager@3ed4c822]; rollback [true]
2022-08-12 15:37:58.069 DEBUG 15172 --- [    Test worker] org.hibernate.SQL                        : 
    select
        animal0_.animal_idx as animal_i1_0_,
        animal0_.is_guessed as is_guess2_0_,
        animal0_.month as month3_0_,
        animal0_.year as year4_0_,
        animal0_.bark as bark5_0_,
        animal0_.bite as bite6_0_,
        animal0_.create_date as create_d7_0_,
        animal0_.gender as gender8_0_,
        animal0_.is_adopted as is_adopt9_0_,
        animal0_.main_img_url as main_im10_0_,
        animal0_.name as name11_0_,
        animal0_.separation as separat12_0_,
        animal0_.socialization as sociali13_0_,
        animal0_.species as species14_0_,
        animal0_.toilet as toilet15_0_,
        animal0_.upload_user_idx as upload_16_0_ 
    from
        animal animal0_
2022-08-12 15:37:58.089 DEBUG 15172 --- [    Test worker] org.hibernate.SQL                        : 
    select
        post0_.post_idx as post_idx1_3_,
        post0_.animal_idx as animal_i5_3_,
        post0_.content as content2_3_,
        post0_.create_date as create_d3_3_,
        post0_.img_url as img_url4_3_ 
    from
        post post0_
2022-08-12 15:37:58.107 DEBUG 15172 --- [    Test worker] org.hibernate.SQL                        : 
    select
        post0_.post_idx as post_idx1_3_0_,
        animal1_.animal_idx as animal_i1_0_1_,
        post0_.animal_idx as animal_i5_3_0_,
        post0_.content as content2_3_0_,
        post0_.create_date as create_d3_3_0_,
        post0_.img_url as img_url4_3_0_,
        animal1_.is_guessed as is_guess2_0_1_,
        animal1_.month as month3_0_1_,
        animal1_.year as year4_0_1_,
        animal1_.bark as bark5_0_1_,
        animal1_.bite as bite6_0_1_,
        animal1_.create_date as create_d7_0_1_,
        animal1_.gender as gender8_0_1_,
        animal1_.is_adopted as is_adopt9_0_1_,
        animal1_.main_img_url as main_im10_0_1_,
        animal1_.name as name11_0_1_,
        animal1_.separation as separat12_0_1_,
        animal1_.socialization as sociali13_0_1_,
        animal1_.species as species14_0_1_,
        animal1_.toilet as toilet15_0_1_,
        animal1_.upload_user_idx as upload_16_0_1_ 
    from
        post post0_ 
    left outer join
        animal animal1_ 
            on post0_.animal_idx=animal1_.animal_idx 
    where
        post0_.post_idx=?
해당하는 게시물이 존재하지 않습니다
2022-08-12 15:37:58.137  INFO 15172 --- [    Test worker] o.s.t.c.transaction.TransactionContext   : Rolled back transaction for test: [DefaultTestContext@56d189d0 testClass = PostControllerTest, testInstance = umc_sjs.smallestShelter.controller.PostControllerTest@71a18feb, testMethod = 게시글조회_x_없는게시물조회@PostControllerTest, testException = [null], mergedContextConfiguration = [WebMergedContextConfiguration@7d776105 testClass = PostControllerTest, locations = '{}', classes = '{class umc_sjs.smallestShelter.SmallestShelterApplication}', contextInitializerClasses = '[]', activeProfiles = '{}', propertySourceLocations = '{}', propertySourceProperties = '{org.springframework.boot.test.context.SpringBootTestContextBootstrapper=true}', contextCustomizers = set[org.springframework.boot.test.autoconfigure.actuate.metrics.MetricsExportContextCustomizerFactory$DisableMetricExportContextCustomizer@201b6b6f, org.springframework.boot.test.autoconfigure.properties.PropertyMappingContextCustomizer@0, org.springframework.boot.test.autoconfigure.web.servlet.WebDriverContextCustomizerFactory$Customizer@18230356, org.springframework.boot.test.context.filter.ExcludeFilterContextCustomizer@60d1a32f, org.springframework.boot.test.json.DuplicateJsonObjectContextCustomizerFactory$DuplicateJsonObjectContextCustomizer@40c80397, org.springframework.boot.test.mock.mockito.MockitoContextCustomizer@0, org.springframework.boot.test.web.client.TestRestTemplateContextCustomizer@47db5fa5, org.springframework.boot.test.context.SpringBootTestArgs@1, org.springframework.boot.test.context.SpringBootTestWebEnvironment@1890516e], resourceBasePath = 'src/main/webapp', contextLoader = 'org.springframework.boot.test.context.SpringBootContextLoader', parent = [null]], attributes = map['org.springframework.test.context.web.ServletTestExecutionListener.activateListener' -> true, 'org.springframework.test.context.web.ServletTestExecutionListener.populatedRequestContextHolder' -> true, 'org.springframework.test.context.web.ServletTestExecutionListener.resetRequestContextHolder' -> true, 'org.springframework.test.context.event.ApplicationEventsTestExecutionListener.recordApplicationEvents' -> false]]
2022-08-12 15:37:58.145  INFO 15172 --- [    Test worker] o.s.t.c.transaction.TransactionContext   : Began transaction (1) for test context [DefaultTestContext@56d189d0 testClass = PostControllerTest, testInstance = umc_sjs.smallestShelter.controller.PostControllerTest@1ad28f2, testMethod = 게시물삭제_x_일치하지않는동물idx@PostControllerTest, testException = [null], mergedContextConfiguration = [WebMergedContextConfiguration@7d776105 testClass = PostControllerTest, locations = '{}', classes = '{class umc_sjs.smallestShelter.SmallestShelterApplication}', contextInitializerClasses = '[]', activeProfiles = '{}', propertySourceLocations = '{}', propertySourceProperties = '{org.springframework.boot.test.context.SpringBootTestContextBootstrapper=true}', contextCustomizers = set[org.springframework.boot.test.autoconfigure.actuate.metrics.MetricsExportContextCustomizerFactory$DisableMetricExportContextCustomizer@201b6b6f, org.springframework.boot.test.autoconfigure.properties.PropertyMappingContextCustomizer@0, org.springframework.boot.test.autoconfigure.web.servlet.WebDriverContextCustomizerFactory$Customizer@18230356, org.springframework.boot.test.context.filter.ExcludeFilterContextCustomizer@60d1a32f, org.springframework.boot.test.json.DuplicateJsonObjectContextCustomizerFactory$DuplicateJsonObjectContextCustomizer@40c80397, org.springframework.boot.test.mock.mockito.MockitoContextCustomizer@0, org.springframework.boot.test.web.client.TestRestTemplateContextCustomizer@47db5fa5, org.springframework.boot.test.context.SpringBootTestArgs@1, org.springframework.boot.test.context.SpringBootTestWebEnvironment@1890516e], resourceBasePath = 'src/main/webapp', contextLoader = 'org.springframework.boot.test.context.SpringBootContextLoader', parent = [null]], attributes = map['org.springframework.test.context.web.ServletTestExecutionListener.activateListener' -> true, 'org.springframework.test.context.web.ServletTestExecutionListener.populatedRequestContextHolder' -> true, 'org.springframework.test.context.web.ServletTestExecutionListener.resetRequestContextHolder' -> true, 'org.springframework.test.context.event.ApplicationEventsTestExecutionListener.recordApplicationEvents' -> false]]; transaction manager [org.springframework.orm.jpa.JpaTransactionManager@3ed4c822]; rollback [true]
2022-08-12 15:37:58.148 DEBUG 15172 --- [    Test worker] org.hibernate.SQL                        : 
    select
        animal0_.animal_idx as animal_i1_0_,
        animal0_.is_guessed as is_guess2_0_,
        animal0_.month as month3_0_,
        animal0_.year as year4_0_,
        animal0_.bark as bark5_0_,
        animal0_.bite as bite6_0_,
        animal0_.create_date as create_d7_0_,
        animal0_.gender as gender8_0_,
        animal0_.is_adopted as is_adopt9_0_,
        animal0_.main_img_url as main_im10_0_,
        animal0_.name as name11_0_,
        animal0_.separation as separat12_0_,
        animal0_.socialization as sociali13_0_,
        animal0_.species as species14_0_,
        animal0_.toilet as toilet15_0_,
        animal0_.upload_user_idx as upload_16_0_ 
    from
        animal animal0_
2022-08-12 15:37:58.171 DEBUG 15172 --- [    Test worker] org.hibernate.SQL                        : 
    select
        post0_.post_idx as post_idx1_3_,
        post0_.animal_idx as animal_i5_3_,
        post0_.content as content2_3_,
        post0_.create_date as create_d3_3_,
        post0_.img_url as img_url4_3_ 
    from
        post post0_
2022-08-12 15:37:58.185 DEBUG 15172 --- [    Test worker] org.hibernate.SQL                        : 
    select
        post0_.post_idx as post_idx1_3_0_,
        animal1_.animal_idx as animal_i1_0_1_,
        post0_.animal_idx as animal_i5_3_0_,
        post0_.content as content2_3_0_,
        post0_.create_date as create_d3_3_0_,
        post0_.img_url as img_url4_3_0_,
        animal1_.is_guessed as is_guess2_0_1_,
        animal1_.month as month3_0_1_,
        animal1_.year as year4_0_1_,
        animal1_.bark as bark5_0_1_,
        animal1_.bite as bite6_0_1_,
        animal1_.create_date as create_d7_0_1_,
        animal1_.gender as gender8_0_1_,
        animal1_.is_adopted as is_adopt9_0_1_,
        animal1_.main_img_url as main_im10_0_1_,
        animal1_.name as name11_0_1_,
        animal1_.separation as separat12_0_1_,
        animal1_.socialization as sociali13_0_1_,
        animal1_.species as species14_0_1_,
        animal1_.toilet as toilet15_0_1_,
        animal1_.upload_user_idx as upload_16_0_1_ 
    from
        post post0_ 
    left outer join
        animal animal1_ 
            on post0_.animal_idx=animal1_.animal_idx 
    where
        post0_.post_idx=?
해당 동물의 게시물의 아닙니다: idx 불일치
2022-08-12 15:37:58.216  INFO 15172 --- [    Test worker] o.s.t.c.transaction.TransactionContext   : Rolled back transaction for test: [DefaultTestContext@56d189d0 testClass = PostControllerTest, testInstance = umc_sjs.smallestShelter.controller.PostControllerTest@1ad28f2, testMethod = 게시물삭제_x_일치하지않는동물idx@PostControllerTest, testException = [null], mergedContextConfiguration = [WebMergedContextConfiguration@7d776105 testClass = PostControllerTest, locations = '{}', classes = '{class umc_sjs.smallestShelter.SmallestShelterApplication}', contextInitializerClasses = '[]', activeProfiles = '{}', propertySourceLocations = '{}', propertySourceProperties = '{org.springframework.boot.test.context.SpringBootTestContextBootstrapper=true}', contextCustomizers = set[org.springframework.boot.test.autoconfigure.actuate.metrics.MetricsExportContextCustomizerFactory$DisableMetricExportContextCustomizer@201b6b6f, org.springframework.boot.test.autoconfigure.properties.PropertyMappingContextCustomizer@0, org.springframework.boot.test.autoconfigure.web.servlet.WebDriverContextCustomizerFactory$Customizer@18230356, org.springframework.boot.test.context.filter.ExcludeFilterContextCustomizer@60d1a32f, org.springframework.boot.test.json.DuplicateJsonObjectContextCustomizerFactory$DuplicateJsonObjectContextCustomizer@40c80397, org.springframework.boot.test.mock.mockito.MockitoContextCustomizer@0, org.springframework.boot.test.web.client.TestRestTemplateContextCustomizer@47db5fa5, org.springframework.boot.test.context.SpringBootTestArgs@1, org.springframework.boot.test.context.SpringBootTestWebEnvironment@1890516e], resourceBasePath = 'src/main/webapp', contextLoader = 'org.springframework.boot.test.context.SpringBootContextLoader', parent = [null]], attributes = map['org.springframework.test.context.web.ServletTestExecutionListener.activateListener' -> true, 'org.springframework.test.context.web.ServletTestExecutionListener.populatedRequestContextHolder' -> true, 'org.springframework.test.context.web.ServletTestExecutionListener.resetRequestContextHolder' -> true, 'org.springframework.test.context.event.ApplicationEventsTestExecutionListener.recordApplicationEvents' -> false]]
2022-08-12 15:37:58.220  INFO 15172 --- [    Test worker] o.s.t.c.transaction.TransactionContext   : Began transaction (1) for test context [DefaultTestContext@56d189d0 testClass = PostControllerTest, testInstance = umc_sjs.smallestShelter.controller.PostControllerTest@56b4951a, testMethod = 게시글생성_X_이미지없음_null@PostControllerTest, testException = [null], mergedContextConfiguration = [WebMergedContextConfiguration@7d776105 testClass = PostControllerTest, locations = '{}', classes = '{class umc_sjs.smallestShelter.SmallestShelterApplication}', contextInitializerClasses = '[]', activeProfiles = '{}', propertySourceLocations = '{}', propertySourceProperties = '{org.springframework.boot.test.context.SpringBootTestContextBootstrapper=true}', contextCustomizers = set[org.springframework.boot.test.autoconfigure.actuate.metrics.MetricsExportContextCustomizerFactory$DisableMetricExportContextCustomizer@201b6b6f, org.springframework.boot.test.autoconfigure.properties.PropertyMappingContextCustomizer@0, org.springframework.boot.test.autoconfigure.web.servlet.WebDriverContextCustomizerFactory$Customizer@18230356, org.springframework.boot.test.context.filter.ExcludeFilterContextCustomizer@60d1a32f, org.springframework.boot.test.json.DuplicateJsonObjectContextCustomizerFactory$DuplicateJsonObjectContextCustomizer@40c80397, org.springframework.boot.test.mock.mockito.MockitoContextCustomizer@0, org.springframework.boot.test.web.client.TestRestTemplateContextCustomizer@47db5fa5, org.springframework.boot.test.context.SpringBootTestArgs@1, org.springframework.boot.test.context.SpringBootTestWebEnvironment@1890516e], resourceBasePath = 'src/main/webapp', contextLoader = 'org.springframework.boot.test.context.SpringBootContextLoader', parent = [null]], attributes = map['org.springframework.test.context.web.ServletTestExecutionListener.activateListener' -> true, 'org.springframework.test.context.web.ServletTestExecutionListener.populatedRequestContextHolder' -> true, 'org.springframework.test.context.web.ServletTestExecutionListener.resetRequestContextHolder' -> true, 'org.springframework.test.context.event.ApplicationEventsTestExecutionListener.recordApplicationEvents' -> false]]; transaction manager [org.springframework.orm.jpa.JpaTransactionManager@3ed4c822]; rollback [true]
2022-08-12 15:37:58.230 DEBUG 15172 --- [    Test worker] org.hibernate.SQL                        : 
    select
        animal0_.animal_idx as animal_i1_0_,
        animal0_.is_guessed as is_guess2_0_,
        animal0_.month as month3_0_,
        animal0_.year as year4_0_,
        animal0_.bark as bark5_0_,
        animal0_.bite as bite6_0_,
        animal0_.create_date as create_d7_0_,
        animal0_.gender as gender8_0_,
        animal0_.is_adopted as is_adopt9_0_,
        animal0_.main_img_url as main_im10_0_,
        animal0_.name as name11_0_,
        animal0_.separation as separat12_0_,
        animal0_.socialization as sociali13_0_,
        animal0_.species as species14_0_,
        animal0_.toilet as toilet15_0_,
        animal0_.upload_user_idx as upload_16_0_ 
    from
        animal animal0_
2022-08-12 15:37:58.255 DEBUG 15172 --- [    Test worker] org.hibernate.SQL                        : 
    select
        post0_.post_idx as post_idx1_3_,
        post0_.animal_idx as animal_i5_3_,
        post0_.content as content2_3_,
        post0_.create_date as create_d3_3_,
        post0_.img_url as img_url4_3_ 
    from
        post post0_
게시물에 이미지가 없습니다
2022-08-12 15:37:58.284  INFO 15172 --- [    Test worker] o.s.t.c.transaction.TransactionContext   : Rolled back transaction for test: [DefaultTestContext@56d189d0 testClass = PostControllerTest, testInstance = umc_sjs.smallestShelter.controller.PostControllerTest@56b4951a, testMethod = 게시글생성_X_이미지없음_null@PostControllerTest, testException = [null], mergedContextConfiguration = [WebMergedContextConfiguration@7d776105 testClass = PostControllerTest, locations = '{}', classes = '{class umc_sjs.smallestShelter.SmallestShelterApplication}', contextInitializerClasses = '[]', activeProfiles = '{}', propertySourceLocations = '{}', propertySourceProperties = '{org.springframework.boot.test.context.SpringBootTestContextBootstrapper=true}', contextCustomizers = set[org.springframework.boot.test.autoconfigure.actuate.metrics.MetricsExportContextCustomizerFactory$DisableMetricExportContextCustomizer@201b6b6f, org.springframework.boot.test.autoconfigure.properties.PropertyMappingContextCustomizer@0, org.springframework.boot.test.autoconfigure.web.servlet.WebDriverContextCustomizerFactory$Customizer@18230356, org.springframework.boot.test.context.filter.ExcludeFilterContextCustomizer@60d1a32f, org.springframework.boot.test.json.DuplicateJsonObjectContextCustomizerFactory$DuplicateJsonObjectContextCustomizer@40c80397, org.springframework.boot.test.mock.mockito.MockitoContextCustomizer@0, org.springframework.boot.test.web.client.TestRestTemplateContextCustomizer@47db5fa5, org.springframework.boot.test.context.SpringBootTestArgs@1, org.springframework.boot.test.context.SpringBootTestWebEnvironment@1890516e], resourceBasePath = 'src/main/webapp', contextLoader = 'org.springframework.boot.test.context.SpringBootContextLoader', parent = [null]], attributes = map['org.springframework.test.context.web.ServletTestExecutionListener.activateListener' -> true, 'org.springframework.test.context.web.ServletTestExecutionListener.populatedRequestContextHolder' -> true, 'org.springframework.test.context.web.ServletTestExecutionListener.resetRequestContextHolder' -> true, 'org.springframework.test.context.event.ApplicationEventsTestExecutionListener.recordApplicationEvents' -> false]]
2022-08-12 15:37:58.288  INFO 15172 --- [    Test worker] o.s.t.c.transaction.TransactionContext   : Began transaction (1) for test context [DefaultTestContext@56d189d0 testClass = PostControllerTest, testInstance = umc_sjs.smallestShelter.controller.PostControllerTest@405a296e, testMethod = 게시물수정_x_없는게시물@PostControllerTest, testException = [null], mergedContextConfiguration = [WebMergedContextConfiguration@7d776105 testClass = PostControllerTest, locations = '{}', classes = '{class umc_sjs.smallestShelter.SmallestShelterApplication}', contextInitializerClasses = '[]', activeProfiles = '{}', propertySourceLocations = '{}', propertySourceProperties = '{org.springframework.boot.test.context.SpringBootTestContextBootstrapper=true}', contextCustomizers = set[org.springframework.boot.test.autoconfigure.actuate.metrics.MetricsExportContextCustomizerFactory$DisableMetricExportContextCustomizer@201b6b6f, org.springframework.boot.test.autoconfigure.properties.PropertyMappingContextCustomizer@0, org.springframework.boot.test.autoconfigure.web.servlet.WebDriverContextCustomizerFactory$Customizer@18230356, org.springframework.boot.test.context.filter.ExcludeFilterContextCustomizer@60d1a32f, org.springframework.boot.test.json.DuplicateJsonObjectContextCustomizerFactory$DuplicateJsonObjectContextCustomizer@40c80397, org.springframework.boot.test.mock.mockito.MockitoContextCustomizer@0, org.springframework.boot.test.web.client.TestRestTemplateContextCustomizer@47db5fa5, org.springframework.boot.test.context.SpringBootTestArgs@1, org.springframework.boot.test.context.SpringBootTestWebEnvironment@1890516e], resourceBasePath = 'src/main/webapp', contextLoader = 'org.springframework.boot.test.context.SpringBootContextLoader', parent = [null]], attributes = map['org.springframework.test.context.web.ServletTestExecutionListener.activateListener' -> true, 'org.springframework.test.context.web.ServletTestExecutionListener.populatedRequestContextHolder' -> true, 'org.springframework.test.context.web.ServletTestExecutionListener.resetRequestContextHolder' -> true, 'org.springframework.test.context.event.ApplicationEventsTestExecutionListener.recordApplicationEvents' -> false]]; transaction manager [org.springframework.orm.jpa.JpaTransactionManager@3ed4c822]; rollback [true]
2022-08-12 15:37:58.300 DEBUG 15172 --- [    Test worker] org.hibernate.SQL                        : 
    select
        animal0_.animal_idx as animal_i1_0_,
        animal0_.is_guessed as is_guess2_0_,
        animal0_.month as month3_0_,
        animal0_.year as year4_0_,
        animal0_.bark as bark5_0_,
        animal0_.bite as bite6_0_,
        animal0_.create_date as create_d7_0_,
        animal0_.gender as gender8_0_,
        animal0_.is_adopted as is_adopt9_0_,
        animal0_.main_img_url as main_im10_0_,
        animal0_.name as name11_0_,
        animal0_.separation as separat12_0_,
        animal0_.socialization as sociali13_0_,
        animal0_.species as species14_0_,
        animal0_.toilet as toilet15_0_,
        animal0_.upload_user_idx as upload_16_0_ 
    from
        animal animal0_
2022-08-12 15:37:58.343 DEBUG 15172 --- [    Test worker] org.hibernate.SQL                        : 
    select
        post0_.post_idx as post_idx1_3_,
        post0_.animal_idx as animal_i5_3_,
        post0_.content as content2_3_,
        post0_.create_date as create_d3_3_,
        post0_.img_url as img_url4_3_ 
    from
        post post0_
2022-08-12 15:37:58.359 DEBUG 15172 --- [    Test worker] org.hibernate.SQL                        : 
    select
        post0_.post_idx as post_idx1_3_0_,
        animal1_.animal_idx as animal_i1_0_1_,
        post0_.animal_idx as animal_i5_3_0_,
        post0_.content as content2_3_0_,
        post0_.create_date as create_d3_3_0_,
        post0_.img_url as img_url4_3_0_,
        animal1_.is_guessed as is_guess2_0_1_,
        animal1_.month as month3_0_1_,
        animal1_.year as year4_0_1_,
        animal1_.bark as bark5_0_1_,
        animal1_.bite as bite6_0_1_,
        animal1_.create_date as create_d7_0_1_,
        animal1_.gender as gender8_0_1_,
        animal1_.is_adopted as is_adopt9_0_1_,
        animal1_.main_img_url as main_im10_0_1_,
        animal1_.name as name11_0_1_,
        animal1_.separation as separat12_0_1_,
        animal1_.socialization as sociali13_0_1_,
        animal1_.species as species14_0_1_,
        animal1_.toilet as toilet15_0_1_,
        animal1_.upload_user_idx as upload_16_0_1_ 
    from
        post post0_ 
    left outer join
        animal animal1_ 
            on post0_.animal_idx=animal1_.animal_idx 
    where
        post0_.post_idx=?
해당하는 게시물이 존재하지 않습니다
2022-08-12 15:37:58.376  INFO 15172 --- [    Test worker] o.s.t.c.transaction.TransactionContext   : Rolled back transaction for test: [DefaultTestContext@56d189d0 testClass = PostControllerTest, testInstance = umc_sjs.smallestShelter.controller.PostControllerTest@405a296e, testMethod = 게시물수정_x_없는게시물@PostControllerTest, testException = [null], mergedContextConfiguration = [WebMergedContextConfiguration@7d776105 testClass = PostControllerTest, locations = '{}', classes = '{class umc_sjs.smallestShelter.SmallestShelterApplication}', contextInitializerClasses = '[]', activeProfiles = '{}', propertySourceLocations = '{}', propertySourceProperties = '{org.springframework.boot.test.context.SpringBootTestContextBootstrapper=true}', contextCustomizers = set[org.springframework.boot.test.autoconfigure.actuate.metrics.MetricsExportContextCustomizerFactory$DisableMetricExportContextCustomizer@201b6b6f, org.springframework.boot.test.autoconfigure.properties.PropertyMappingContextCustomizer@0, org.springframework.boot.test.autoconfigure.web.servlet.WebDriverContextCustomizerFactory$Customizer@18230356, org.springframework.boot.test.context.filter.ExcludeFilterContextCustomizer@60d1a32f, org.springframework.boot.test.json.DuplicateJsonObjectContextCustomizerFactory$DuplicateJsonObjectContextCustomizer@40c80397, org.springframework.boot.test.mock.mockito.MockitoContextCustomizer@0, org.springframework.boot.test.web.client.TestRestTemplateContextCustomizer@47db5fa5, org.springframework.boot.test.context.SpringBootTestArgs@1, org.springframework.boot.test.context.SpringBootTestWebEnvironment@1890516e], resourceBasePath = 'src/main/webapp', contextLoader = 'org.springframework.boot.test.context.SpringBootContextLoader', parent = [null]], attributes = map['org.springframework.test.context.web.ServletTestExecutionListener.activateListener' -> true, 'org.springframework.test.context.web.ServletTestExecutionListener.populatedRequestContextHolder' -> true, 'org.springframework.test.context.web.ServletTestExecutionListener.resetRequestContextHolder' -> true, 'org.springframework.test.context.event.ApplicationEventsTestExecutionListener.recordApplicationEvents' -> false]]
2022-08-12 15:37:58.391  INFO 15172 --- [    Test worker] o.s.t.c.transaction.TransactionContext   : Began transaction (1) for test context [DefaultTestContext@56d189d0 testClass = PostControllerTest, testInstance = umc_sjs.smallestShelter.controller.PostControllerTest@18f7a872, testMethod = 게시물수정_x_이미지없음@PostControllerTest, testException = [null], mergedContextConfiguration = [WebMergedContextConfiguration@7d776105 testClass = PostControllerTest, locations = '{}', classes = '{class umc_sjs.smallestShelter.SmallestShelterApplication}', contextInitializerClasses = '[]', activeProfiles = '{}', propertySourceLocations = '{}', propertySourceProperties = '{org.springframework.boot.test.context.SpringBootTestContextBootstrapper=true}', contextCustomizers = set[org.springframework.boot.test.autoconfigure.actuate.metrics.MetricsExportContextCustomizerFactory$DisableMetricExportContextCustomizer@201b6b6f, org.springframework.boot.test.autoconfigure.properties.PropertyMappingContextCustomizer@0, org.springframework.boot.test.autoconfigure.web.servlet.WebDriverContextCustomizerFactory$Customizer@18230356, org.springframework.boot.test.context.filter.ExcludeFilterContextCustomizer@60d1a32f, org.springframework.boot.test.json.DuplicateJsonObjectContextCustomizerFactory$DuplicateJsonObjectContextCustomizer@40c80397, org.springframework.boot.test.mock.mockito.MockitoContextCustomizer@0, org.springframework.boot.test.web.client.TestRestTemplateContextCustomizer@47db5fa5, org.springframework.boot.test.context.SpringBootTestArgs@1, org.springframework.boot.test.context.SpringBootTestWebEnvironment@1890516e], resourceBasePath = 'src/main/webapp', contextLoader = 'org.springframework.boot.test.context.SpringBootContextLoader', parent = [null]], attributes = map['org.springframework.test.context.web.ServletTestExecutionListener.activateListener' -> true, 'org.springframework.test.context.web.ServletTestExecutionListener.populatedRequestContextHolder' -> true, 'org.springframework.test.context.web.ServletTestExecutionListener.resetRequestContextHolder' -> true, 'org.springframework.test.context.event.ApplicationEventsTestExecutionListener.recordApplicationEvents' -> false]]; transaction manager [org.springframework.orm.jpa.JpaTransactionManager@3ed4c822]; rollback [true]
2022-08-12 15:37:58.397 DEBUG 15172 --- [    Test worker] org.hibernate.SQL                        : 
    select
        animal0_.animal_idx as animal_i1_0_,
        animal0_.is_guessed as is_guess2_0_,
        animal0_.month as month3_0_,
        animal0_.year as year4_0_,
        animal0_.bark as bark5_0_,
        animal0_.bite as bite6_0_,
        animal0_.create_date as create_d7_0_,
        animal0_.gender as gender8_0_,
        animal0_.is_adopted as is_adopt9_0_,
        animal0_.main_img_url as main_im10_0_,
        animal0_.name as name11_0_,
        animal0_.separation as separat12_0_,
        animal0_.socialization as sociali13_0_,
        animal0_.species as species14_0_,
        animal0_.toilet as toilet15_0_,
        animal0_.upload_user_idx as upload_16_0_ 
    from
        animal animal0_
2022-08-12 15:37:58.420 DEBUG 15172 --- [    Test worker] org.hibernate.SQL                        : 
    select
        post0_.post_idx as post_idx1_3_,
        post0_.animal_idx as animal_i5_3_,
        post0_.content as content2_3_,
        post0_.create_date as create_d3_3_,
        post0_.img_url as img_url4_3_ 
    from
        post post0_
게시물에 이미지가 없습니다
2022-08-12 15:37:58.433  INFO 15172 --- [    Test worker] o.s.t.c.transaction.TransactionContext   : Rolled back transaction for test: [DefaultTestContext@56d189d0 testClass = PostControllerTest, testInstance = umc_sjs.smallestShelter.controller.PostControllerTest@18f7a872, testMethod = 게시물수정_x_이미지없음@PostControllerTest, testException = [null], mergedContextConfiguration = [WebMergedContextConfiguration@7d776105 testClass = PostControllerTest, locations = '{}', classes = '{class umc_sjs.smallestShelter.SmallestShelterApplication}', contextInitializerClasses = '[]', activeProfiles = '{}', propertySourceLocations = '{}', propertySourceProperties = '{org.springframework.boot.test.context.SpringBootTestContextBootstrapper=true}', contextCustomizers = set[org.springframework.boot.test.autoconfigure.actuate.metrics.MetricsExportContextCustomizerFactory$DisableMetricExportContextCustomizer@201b6b6f, org.springframework.boot.test.autoconfigure.properties.PropertyMappingContextCustomizer@0, org.springframework.boot.test.autoconfigure.web.servlet.WebDriverContextCustomizerFactory$Customizer@18230356, org.springframework.boot.test.context.filter.ExcludeFilterContextCustomizer@60d1a32f, org.springframework.boot.test.json.DuplicateJsonObjectContextCustomizerFactory$DuplicateJsonObjectContextCustomizer@40c80397, org.springframework.boot.test.mock.mockito.MockitoContextCustomizer@0, org.springframework.boot.test.web.client.TestRestTemplateContextCustomizer@47db5fa5, org.springframework.boot.test.context.SpringBootTestArgs@1, org.springframework.boot.test.context.SpringBootTestWebEnvironment@1890516e], resourceBasePath = 'src/main/webapp', contextLoader = 'org.springframework.boot.test.context.SpringBootContextLoader', parent = [null]], attributes = map['org.springframework.test.context.web.ServletTestExecutionListener.activateListener' -> true, 'org.springframework.test.context.web.ServletTestExecutionListener.populatedRequestContextHolder' -> true, 'org.springframework.test.context.web.ServletTestExecutionListener.resetRequestContextHolder' -> true, 'org.springframework.test.context.event.ApplicationEventsTestExecutionListener.recordApplicationEvents' -> false]]
2022-08-12 15:37:58.449  INFO 15172 --- [    Test worker] o.s.t.c.transaction.TransactionContext   : Began transaction (1) for test context [DefaultTestContext@56d189d0 testClass = PostControllerTest, testInstance = umc_sjs.smallestShelter.controller.PostControllerTest@75c2a35, testMethod = 게시물수정_x_이미지없음_null@PostControllerTest, testException = [null], mergedContextConfiguration = [WebMergedContextConfiguration@7d776105 testClass = PostControllerTest, locations = '{}', classes = '{class umc_sjs.smallestShelter.SmallestShelterApplication}', contextInitializerClasses = '[]', activeProfiles = '{}', propertySourceLocations = '{}', propertySourceProperties = '{org.springframework.boot.test.context.SpringBootTestContextBootstrapper=true}', contextCustomizers = set[org.springframework.boot.test.autoconfigure.actuate.metrics.MetricsExportContextCustomizerFactory$DisableMetricExportContextCustomizer@201b6b6f, org.springframework.boot.test.autoconfigure.properties.PropertyMappingContextCustomizer@0, org.springframework.boot.test.autoconfigure.web.servlet.WebDriverContextCustomizerFactory$Customizer@18230356, org.springframework.boot.test.context.filter.ExcludeFilterContextCustomizer@60d1a32f, org.springframework.boot.test.json.DuplicateJsonObjectContextCustomizerFactory$DuplicateJsonObjectContextCustomizer@40c80397, org.springframework.boot.test.mock.mockito.MockitoContextCustomizer@0, org.springframework.boot.test.web.client.TestRestTemplateContextCustomizer@47db5fa5, org.springframework.boot.test.context.SpringBootTestArgs@1, org.springframework.boot.test.context.SpringBootTestWebEnvironment@1890516e], resourceBasePath = 'src/main/webapp', contextLoader = 'org.springframework.boot.test.context.SpringBootContextLoader', parent = [null]], attributes = map['org.springframework.test.context.web.ServletTestExecutionListener.activateListener' -> true, 'org.springframework.test.context.web.ServletTestExecutionListener.populatedRequestContextHolder' -> true, 'org.springframework.test.context.web.ServletTestExecutionListener.resetRequestContextHolder' -> true, 'org.springframework.test.context.event.ApplicationEventsTestExecutionListener.recordApplicationEvents' -> false]]; transaction manager [org.springframework.orm.jpa.JpaTransactionManager@3ed4c822]; rollback [true]
2022-08-12 15:37:58.454 DEBUG 15172 --- [    Test worker] org.hibernate.SQL                        : 
    select
        animal0_.animal_idx as animal_i1_0_,
        animal0_.is_guessed as is_guess2_0_,
        animal0_.month as month3_0_,
        animal0_.year as year4_0_,
        animal0_.bark as bark5_0_,
        animal0_.bite as bite6_0_,
        animal0_.create_date as create_d7_0_,
        animal0_.gender as gender8_0_,
        animal0_.is_adopted as is_adopt9_0_,
        animal0_.main_img_url as main_im10_0_,
        animal0_.name as name11_0_,
        animal0_.separation as separat12_0_,
        animal0_.socialization as sociali13_0_,
        animal0_.species as species14_0_,
        animal0_.toilet as toilet15_0_,
        animal0_.upload_user_idx as upload_16_0_ 
    from
        animal animal0_
2022-08-12 15:37:58.470 DEBUG 15172 --- [    Test worker] org.hibernate.SQL                        : 
    select
        post0_.post_idx as post_idx1_3_,
        post0_.animal_idx as animal_i5_3_,
        post0_.content as content2_3_,
        post0_.create_date as create_d3_3_,
        post0_.img_url as img_url4_3_ 
    from
        post post0_
게시물에 이미지가 없습니다
2022-08-12 15:37:58.483  INFO 15172 --- [    Test worker] o.s.t.c.transaction.TransactionContext   : Rolled back transaction for test: [DefaultTestContext@56d189d0 testClass = PostControllerTest, testInstance = umc_sjs.smallestShelter.controller.PostControllerTest@75c2a35, testMethod = 게시물수정_x_이미지없음_null@PostControllerTest, testException = [null], mergedContextConfiguration = [WebMergedContextConfiguration@7d776105 testClass = PostControllerTest, locations = '{}', classes = '{class umc_sjs.smallestShelter.SmallestShelterApplication}', contextInitializerClasses = '[]', activeProfiles = '{}', propertySourceLocations = '{}', propertySourceProperties = '{org.springframework.boot.test.context.SpringBootTestContextBootstrapper=true}', contextCustomizers = set[org.springframework.boot.test.autoconfigure.actuate.metrics.MetricsExportContextCustomizerFactory$DisableMetricExportContextCustomizer@201b6b6f, org.springframework.boot.test.autoconfigure.properties.PropertyMappingContextCustomizer@0, org.springframework.boot.test.autoconfigure.web.servlet.WebDriverContextCustomizerFactory$Customizer@18230356, org.springframework.boot.test.context.filter.ExcludeFilterContextCustomizer@60d1a32f, org.springframework.boot.test.json.DuplicateJsonObjectContextCustomizerFactory$DuplicateJsonObjectContextCustomizer@40c80397, org.springframework.boot.test.mock.mockito.MockitoContextCustomizer@0, org.springframework.boot.test.web.client.TestRestTemplateContextCustomizer@47db5fa5, org.springframework.boot.test.context.SpringBootTestArgs@1, org.springframework.boot.test.context.SpringBootTestWebEnvironment@1890516e], resourceBasePath = 'src/main/webapp', contextLoader = 'org.springframework.boot.test.context.SpringBootContextLoader', parent = [null]], attributes = map['org.springframework.test.context.web.ServletTestExecutionListener.activateListener' -> true, 'org.springframework.test.context.web.ServletTestExecutionListener.populatedRequestContextHolder' -> true, 'org.springframework.test.context.web.ServletTestExecutionListener.resetRequestContextHolder' -> true, 'org.springframework.test.context.event.ApplicationEventsTestExecutionListener.recordApplicationEvents' -> false]]
2022-08-12 15:37:58.502  INFO 15172 --- [    Test worker] o.s.t.c.transaction.TransactionContext   : Began transaction (1) for test context [DefaultTestContext@56d189d0 testClass = PostControllerTest, testInstance = umc_sjs.smallestShelter.controller.PostControllerTest@2bf5f4, testMethod = 게시글삭제_x_없는게시물@PostControllerTest, testException = [null], mergedContextConfiguration = [WebMergedContextConfiguration@7d776105 testClass = PostControllerTest, locations = '{}', classes = '{class umc_sjs.smallestShelter.SmallestShelterApplication}', contextInitializerClasses = '[]', activeProfiles = '{}', propertySourceLocations = '{}', propertySourceProperties = '{org.springframework.boot.test.context.SpringBootTestContextBootstrapper=true}', contextCustomizers = set[org.springframework.boot.test.autoconfigure.actuate.metrics.MetricsExportContextCustomizerFactory$DisableMetricExportContextCustomizer@201b6b6f, org.springframework.boot.test.autoconfigure.properties.PropertyMappingContextCustomizer@0, org.springframework.boot.test.autoconfigure.web.servlet.WebDriverContextCustomizerFactory$Customizer@18230356, org.springframework.boot.test.context.filter.ExcludeFilterContextCustomizer@60d1a32f, org.springframework.boot.test.json.DuplicateJsonObjectContextCustomizerFactory$DuplicateJsonObjectContextCustomizer@40c80397, org.springframework.boot.test.mock.mockito.MockitoContextCustomizer@0, org.springframework.boot.test.web.client.TestRestTemplateContextCustomizer@47db5fa5, org.springframework.boot.test.context.SpringBootTestArgs@1, org.springframework.boot.test.context.SpringBootTestWebEnvironment@1890516e], resourceBasePath = 'src/main/webapp', contextLoader = 'org.springframework.boot.test.context.SpringBootContextLoader', parent = [null]], attributes = map['org.springframework.test.context.web.ServletTestExecutionListener.activateListener' -> true, 'org.springframework.test.context.web.ServletTestExecutionListener.populatedRequestContextHolder' -> true, 'org.springframework.test.context.web.ServletTestExecutionListener.resetRequestContextHolder' -> true, 'org.springframework.test.context.event.ApplicationEventsTestExecutionListener.recordApplicationEvents' -> false]]; transaction manager [org.springframework.orm.jpa.JpaTransactionManager@3ed4c822]; rollback [true]
2022-08-12 15:37:58.504 DEBUG 15172 --- [    Test worker] org.hibernate.SQL                        : 
    select
        animal0_.animal_idx as animal_i1_0_,
        animal0_.is_guessed as is_guess2_0_,
        animal0_.month as month3_0_,
        animal0_.year as year4_0_,
        animal0_.bark as bark5_0_,
        animal0_.bite as bite6_0_,
        animal0_.create_date as create_d7_0_,
        animal0_.gender as gender8_0_,
        animal0_.is_adopted as is_adopt9_0_,
        animal0_.main_img_url as main_im10_0_,
        animal0_.name as name11_0_,
        animal0_.separation as separat12_0_,
        animal0_.socialization as sociali13_0_,
        animal0_.species as species14_0_,
        animal0_.toilet as toilet15_0_,
        animal0_.upload_user_idx as upload_16_0_ 
    from
        animal animal0_
2022-08-12 15:37:58.524 DEBUG 15172 --- [    Test worker] org.hibernate.SQL                        : 
    select
        post0_.post_idx as post_idx1_3_,
        post0_.animal_idx as animal_i5_3_,
        post0_.content as content2_3_,
        post0_.create_date as create_d3_3_,
        post0_.img_url as img_url4_3_ 
    from
        post post0_
2022-08-12 15:37:58.536 DEBUG 15172 --- [    Test worker] org.hibernate.SQL                        : 
    select
        post0_.post_idx as post_idx1_3_0_,
        animal1_.animal_idx as animal_i1_0_1_,
        post0_.animal_idx as animal_i5_3_0_,
        post0_.content as content2_3_0_,
        post0_.create_date as create_d3_3_0_,
        post0_.img_url as img_url4_3_0_,
        animal1_.is_guessed as is_guess2_0_1_,
        animal1_.month as month3_0_1_,
        animal1_.year as year4_0_1_,
        animal1_.bark as bark5_0_1_,
        animal1_.bite as bite6_0_1_,
        animal1_.create_date as create_d7_0_1_,
        animal1_.gender as gender8_0_1_,
        animal1_.is_adopted as is_adopt9_0_1_,
        animal1_.main_img_url as main_im10_0_1_,
        animal1_.name as name11_0_1_,
        animal1_.separation as separat12_0_1_,
        animal1_.socialization as sociali13_0_1_,
        animal1_.species as species14_0_1_,
        animal1_.toilet as toilet15_0_1_,
        animal1_.upload_user_idx as upload_16_0_1_ 
    from
        post post0_ 
    left outer join
        animal animal1_ 
            on post0_.animal_idx=animal1_.animal_idx 
    where
        post0_.post_idx=?
해당하는 게시물이 존재하지 않습니다
2022-08-12 15:37:58.549  INFO 15172 --- [    Test worker] o.s.t.c.transaction.TransactionContext   : Rolled back transaction for test: [DefaultTestContext@56d189d0 testClass = PostControllerTest, testInstance = umc_sjs.smallestShelter.controller.PostControllerTest@2bf5f4, testMethod = 게시글삭제_x_없는게시물@PostControllerTest, testException = [null], mergedContextConfiguration = [WebMergedContextConfiguration@7d776105 testClass = PostControllerTest, locations = '{}', classes = '{class umc_sjs.smallestShelter.SmallestShelterApplication}', contextInitializerClasses = '[]', activeProfiles = '{}', propertySourceLocations = '{}', propertySourceProperties = '{org.springframework.boot.test.context.SpringBootTestContextBootstrapper=true}', contextCustomizers = set[org.springframework.boot.test.autoconfigure.actuate.metrics.MetricsExportContextCustomizerFactory$DisableMetricExportContextCustomizer@201b6b6f, org.springframework.boot.test.autoconfigure.properties.PropertyMappingContextCustomizer@0, org.springframework.boot.test.autoconfigure.web.servlet.WebDriverContextCustomizerFactory$Customizer@18230356, org.springframework.boot.test.context.filter.ExcludeFilterContextCustomizer@60d1a32f, org.springframework.boot.test.json.DuplicateJsonObjectContextCustomizerFactory$DuplicateJsonObjectContextCustomizer@40c80397, org.springframework.boot.test.mock.mockito.MockitoContextCustomizer@0, org.springframework.boot.test.web.client.TestRestTemplateContextCustomizer@47db5fa5, org.springframework.boot.test.context.SpringBootTestArgs@1, org.springframework.boot.test.context.SpringBootTestWebEnvironment@1890516e], resourceBasePath = 'src/main/webapp', contextLoader = 'org.springframework.boot.test.context.SpringBootContextLoader', parent = [null]], attributes = map['org.springframework.test.context.web.ServletTestExecutionListener.activateListener' -> true, 'org.springframework.test.context.web.ServletTestExecutionListener.populatedRequestContextHolder' -> true, 'org.springframework.test.context.web.ServletTestExecutionListener.resetRequestContextHolder' -> true, 'org.springframework.test.context.event.ApplicationEventsTestExecutionListener.recordApplicationEvents' -> false]]
2022-08-12 15:37:58.559  INFO 15172 --- [    Test worker] o.s.t.c.transaction.TransactionContext   : Began transaction (1) for test context [DefaultTestContext@56d189d0 testClass = PostControllerTest, testInstance = umc_sjs.smallestShelter.controller.PostControllerTest@3e51beda, testMethod = 게시글생성_X_없는동물@PostControllerTest, testException = [null], mergedContextConfiguration = [WebMergedContextConfiguration@7d776105 testClass = PostControllerTest, locations = '{}', classes = '{class umc_sjs.smallestShelter.SmallestShelterApplication}', contextInitializerClasses = '[]', activeProfiles = '{}', propertySourceLocations = '{}', propertySourceProperties = '{org.springframework.boot.test.context.SpringBootTestContextBootstrapper=true}', contextCustomizers = set[org.springframework.boot.test.autoconfigure.actuate.metrics.MetricsExportContextCustomizerFactory$DisableMetricExportContextCustomizer@201b6b6f, org.springframework.boot.test.autoconfigure.properties.PropertyMappingContextCustomizer@0, org.springframework.boot.test.autoconfigure.web.servlet.WebDriverContextCustomizerFactory$Customizer@18230356, org.springframework.boot.test.context.filter.ExcludeFilterContextCustomizer@60d1a32f, org.springframework.boot.test.json.DuplicateJsonObjectContextCustomizerFactory$DuplicateJsonObjectContextCustomizer@40c80397, org.springframework.boot.test.mock.mockito.MockitoContextCustomizer@0, org.springframework.boot.test.web.client.TestRestTemplateContextCustomizer@47db5fa5, org.springframework.boot.test.context.SpringBootTestArgs@1, org.springframework.boot.test.context.SpringBootTestWebEnvironment@1890516e], resourceBasePath = 'src/main/webapp', contextLoader = 'org.springframework.boot.test.context.SpringBootContextLoader', parent = [null]], attributes = map['org.springframework.test.context.web.ServletTestExecutionListener.activateListener' -> true, 'org.springframework.test.context.web.ServletTestExecutionListener.populatedRequestContextHolder' -> true, 'org.springframework.test.context.web.ServletTestExecutionListener.resetRequestContextHolder' -> true, 'org.springframework.test.context.event.ApplicationEventsTestExecutionListener.recordApplicationEvents' -> false]]; transaction manager [org.springframework.orm.jpa.JpaTransactionManager@3ed4c822]; rollback [true]
2022-08-12 15:37:58.566 DEBUG 15172 --- [    Test worker] org.hibernate.SQL                        : 
    select
        animal0_.animal_idx as animal_i1_0_,
        animal0_.is_guessed as is_guess2_0_,
        animal0_.month as month3_0_,
        animal0_.year as year4_0_,
        animal0_.bark as bark5_0_,
        animal0_.bite as bite6_0_,
        animal0_.create_date as create_d7_0_,
        animal0_.gender as gender8_0_,
        animal0_.is_adopted as is_adopt9_0_,
        animal0_.main_img_url as main_im10_0_,
        animal0_.name as name11_0_,
        animal0_.separation as separat12_0_,
        animal0_.socialization as sociali13_0_,
        animal0_.species as species14_0_,
        animal0_.toilet as toilet15_0_,
        animal0_.upload_user_idx as upload_16_0_ 
    from
        animal animal0_
2022-08-12 15:37:58.609 DEBUG 15172 --- [    Test worker] org.hibernate.SQL                        : 
    select
        post0_.post_idx as post_idx1_3_,
        post0_.animal_idx as animal_i5_3_,
        post0_.content as content2_3_,
        post0_.create_date as create_d3_3_,
        post0_.img_url as img_url4_3_ 
    from
        post post0_
2022-08-12 15:37:58.633 DEBUG 15172 --- [    Test worker] org.hibernate.SQL                        : 
    select
        animal0_.animal_idx as animal_i1_0_0_,
        illnesslis1_.illness_idx as illness_1_2_1_,
        animal0_.is_guessed as is_guess2_0_0_,
        animal0_.month as month3_0_0_,
        animal0_.year as year4_0_0_,
        animal0_.bark as bark5_0_0_,
        animal0_.bite as bite6_0_0_,
        animal0_.create_date as create_d7_0_0_,
        animal0_.gender as gender8_0_0_,
        animal0_.is_adopted as is_adopt9_0_0_,
        animal0_.main_img_url as main_im10_0_0_,
        animal0_.name as name11_0_0_,
        animal0_.separation as separat12_0_0_,
        animal0_.socialization as sociali13_0_0_,
        animal0_.species as species14_0_0_,
        animal0_.toilet as toilet15_0_0_,
        animal0_.upload_user_idx as upload_16_0_0_,
        illnesslis1_.animal_idx as animal_i3_2_1_,
        illnesslis1_.name as name2_2_1_,
        illnesslis1_.animal_idx as animal_i3_2_0__,
        illnesslis1_.illness_idx as illness_1_2_0__ 
    from
        animal animal0_ 
    left outer join
        illness illnesslis1_ 
            on animal0_.animal_idx=illnesslis1_.animal_idx 
    where
        animal0_.animal_idx=?
데이터베이스 연결에 실패하였습니다.
2022-08-12 15:37:58.653  INFO 15172 --- [    Test worker] o.s.t.c.transaction.TransactionContext   : Rolled back transaction for test: [DefaultTestContext@56d189d0 testClass = PostControllerTest, testInstance = umc_sjs.smallestShelter.controller.PostControllerTest@3e51beda, testMethod = 게시글생성_X_없는동물@PostControllerTest, testException = [null], mergedContextConfiguration = [WebMergedContextConfiguration@7d776105 testClass = PostControllerTest, locations = '{}', classes = '{class umc_sjs.smallestShelter.SmallestShelterApplication}', contextInitializerClasses = '[]', activeProfiles = '{}', propertySourceLocations = '{}', propertySourceProperties = '{org.springframework.boot.test.context.SpringBootTestContextBootstrapper=true}', contextCustomizers = set[org.springframework.boot.test.autoconfigure.actuate.metrics.MetricsExportContextCustomizerFactory$DisableMetricExportContextCustomizer@201b6b6f, org.springframework.boot.test.autoconfigure.properties.PropertyMappingContextCustomizer@0, org.springframework.boot.test.autoconfigure.web.servlet.WebDriverContextCustomizerFactory$Customizer@18230356, org.springframework.boot.test.context.filter.ExcludeFilterContextCustomizer@60d1a32f, org.springframework.boot.test.json.DuplicateJsonObjectContextCustomizerFactory$DuplicateJsonObjectContextCustomizer@40c80397, org.springframework.boot.test.mock.mockito.MockitoContextCustomizer@0, org.springframework.boot.test.web.client.TestRestTemplateContextCustomizer@47db5fa5, org.springframework.boot.test.context.SpringBootTestArgs@1, org.springframework.boot.test.context.SpringBootTestWebEnvironment@1890516e], resourceBasePath = 'src/main/webapp', contextLoader = 'org.springframework.boot.test.context.SpringBootContextLoader', parent = [null]], attributes = map['org.springframework.test.context.web.ServletTestExecutionListener.activateListener' -> true, 'org.springframework.test.context.web.ServletTestExecutionListener.populatedRequestContextHolder' -> true, 'org.springframework.test.context.web.ServletTestExecutionListener.resetRequestContextHolder' -> true, 'org.springframework.test.context.event.ApplicationEventsTestExecutionListener.recordApplicationEvents' -> false]]
2022-08-12 15:37:58.664  INFO 15172 --- [    Test worker] o.s.t.c.transaction.TransactionContext   : Began transaction (1) for test context [DefaultTestContext@56d189d0 testClass = PostControllerTest, testInstance = umc_sjs.smallestShelter.controller.PostControllerTest@61cf810c, testMethod = 게시물수정_x_일치하지않는동물idx@PostControllerTest, testException = [null], mergedContextConfiguration = [WebMergedContextConfiguration@7d776105 testClass = PostControllerTest, locations = '{}', classes = '{class umc_sjs.smallestShelter.SmallestShelterApplication}', contextInitializerClasses = '[]', activeProfiles = '{}', propertySourceLocations = '{}', propertySourceProperties = '{org.springframework.boot.test.context.SpringBootTestContextBootstrapper=true}', contextCustomizers = set[org.springframework.boot.test.autoconfigure.actuate.metrics.MetricsExportContextCustomizerFactory$DisableMetricExportContextCustomizer@201b6b6f, org.springframework.boot.test.autoconfigure.properties.PropertyMappingContextCustomizer@0, org.springframework.boot.test.autoconfigure.web.servlet.WebDriverContextCustomizerFactory$Customizer@18230356, org.springframework.boot.test.context.filter.ExcludeFilterContextCustomizer@60d1a32f, org.springframework.boot.test.json.DuplicateJsonObjectContextCustomizerFactory$DuplicateJsonObjectContextCustomizer@40c80397, org.springframework.boot.test.mock.mockito.MockitoContextCustomizer@0, org.springframework.boot.test.web.client.TestRestTemplateContextCustomizer@47db5fa5, org.springframework.boot.test.context.SpringBootTestArgs@1, org.springframework.boot.test.context.SpringBootTestWebEnvironment@1890516e], resourceBasePath = 'src/main/webapp', contextLoader = 'org.springframework.boot.test.context.SpringBootContextLoader', parent = [null]], attributes = map['org.springframework.test.context.web.ServletTestExecutionListener.activateListener' -> true, 'org.springframework.test.context.web.ServletTestExecutionListener.populatedRequestContextHolder' -> true, 'org.springframework.test.context.web.ServletTestExecutionListener.resetRequestContextHolder' -> true, 'org.springframework.test.context.event.ApplicationEventsTestExecutionListener.recordApplicationEvents' -> false]]; transaction manager [org.springframework.orm.jpa.JpaTransactionManager@3ed4c822]; rollback [true]
2022-08-12 15:37:58.666 DEBUG 15172 --- [    Test worker] org.hibernate.SQL                        : 
    select
        animal0_.animal_idx as animal_i1_0_,
        animal0_.is_guessed as is_guess2_0_,
        animal0_.month as month3_0_,
        animal0_.year as year4_0_,
        animal0_.bark as bark5_0_,
        animal0_.bite as bite6_0_,
        animal0_.create_date as create_d7_0_,
        animal0_.gender as gender8_0_,
        animal0_.is_adopted as is_adopt9_0_,
        animal0_.main_img_url as main_im10_0_,
        animal0_.name as name11_0_,
        animal0_.separation as separat12_0_,
        animal0_.socialization as sociali13_0_,
        animal0_.species as species14_0_,
        animal0_.toilet as toilet15_0_,
        animal0_.upload_user_idx as upload_16_0_ 
    from
        animal animal0_
2022-08-12 15:37:58.687 DEBUG 15172 --- [    Test worker] org.hibernate.SQL                        : 
    select
        post0_.post_idx as post_idx1_3_,
        post0_.animal_idx as animal_i5_3_,
        post0_.content as content2_3_,
        post0_.create_date as create_d3_3_,
        post0_.img_url as img_url4_3_ 
    from
        post post0_
2022-08-12 15:37:58.697 DEBUG 15172 --- [    Test worker] org.hibernate.SQL                        : 
    select
        post0_.post_idx as post_idx1_3_0_,
        animal1_.animal_idx as animal_i1_0_1_,
        post0_.animal_idx as animal_i5_3_0_,
        post0_.content as content2_3_0_,
        post0_.create_date as create_d3_3_0_,
        post0_.img_url as img_url4_3_0_,
        animal1_.is_guessed as is_guess2_0_1_,
        animal1_.month as month3_0_1_,
        animal1_.year as year4_0_1_,
        animal1_.bark as bark5_0_1_,
        animal1_.bite as bite6_0_1_,
        animal1_.create_date as create_d7_0_1_,
        animal1_.gender as gender8_0_1_,
        animal1_.is_adopted as is_adopt9_0_1_,
        animal1_.main_img_url as main_im10_0_1_,
        animal1_.name as name11_0_1_,
        animal1_.separation as separat12_0_1_,
        animal1_.socialization as sociali13_0_1_,
        animal1_.species as species14_0_1_,
        animal1_.toilet as toilet15_0_1_,
        animal1_.upload_user_idx as upload_16_0_1_ 
    from
        post post0_ 
    left outer join
        animal animal1_ 
            on post0_.animal_idx=animal1_.animal_idx 
    where
        post0_.post_idx=?
해당 동물의 게시물의 아닙니다: idx 불일치
2022-08-12 15:37:58.709  INFO 15172 --- [    Test worker] o.s.t.c.transaction.TransactionContext   : Rolled back transaction for test: [DefaultTestContext@56d189d0 testClass = PostControllerTest, testInstance = umc_sjs.smallestShelter.controller.PostControllerTest@61cf810c, testMethod = 게시물수정_x_일치하지않는동물idx@PostControllerTest, testException = [null], mergedContextConfiguration = [WebMergedContextConfiguration@7d776105 testClass = PostControllerTest, locations = '{}', classes = '{class umc_sjs.smallestShelter.SmallestShelterApplication}', contextInitializerClasses = '[]', activeProfiles = '{}', propertySourceLocations = '{}', propertySourceProperties = '{org.springframework.boot.test.context.SpringBootTestContextBootstrapper=true}', contextCustomizers = set[org.springframework.boot.test.autoconfigure.actuate.metrics.MetricsExportContextCustomizerFactory$DisableMetricExportContextCustomizer@201b6b6f, org.springframework.boot.test.autoconfigure.properties.PropertyMappingContextCustomizer@0, org.springframework.boot.test.autoconfigure.web.servlet.WebDriverContextCustomizerFactory$Customizer@18230356, org.springframework.boot.test.context.filter.ExcludeFilterContextCustomizer@60d1a32f, org.springframework.boot.test.json.DuplicateJsonObjectContextCustomizerFactory$DuplicateJsonObjectContextCustomizer@40c80397, org.springframework.boot.test.mock.mockito.MockitoContextCustomizer@0, org.springframework.boot.test.web.client.TestRestTemplateContextCustomizer@47db5fa5, org.springframework.boot.test.context.SpringBootTestArgs@1, org.springframework.boot.test.context.SpringBootTestWebEnvironment@1890516e], resourceBasePath = 'src/main/webapp', contextLoader = 'org.springframework.boot.test.context.SpringBootContextLoader', parent = [null]], attributes = map['org.springframework.test.context.web.ServletTestExecutionListener.activateListener' -> true, 'org.springframework.test.context.web.ServletTestExecutionListener.populatedRequestContextHolder' -> true, 'org.springframework.test.context.web.ServletTestExecutionListener.resetRequestContextHolder' -> true, 'org.springframework.test.context.event.ApplicationEventsTestExecutionListener.recordApplicationEvents' -> false]]
]]></system-out>
  <system-err><![CDATA[]]></system-err>
</testsuite>
